START SOLUTION
	Parameters used:
	instance = instances/MDG-c/MDG-c_14_n3000_m500.txt
	solution_Size = 500
	meta_Heuristic = mr-grasp

EXEC_PROGRESS 1/15
EXEC_PROGRESS 2/15
EXEC_PROGRESS 3/15
EXEC_PROGRESS 4/15
EXEC_PROGRESS 5/15
EXEC_PROGRESS 6/15
EXEC_PROGRESS 7/15
EXEC_PROGRESS 8/15
EXEC_PROGRESS 9/15
EXEC_PROGRESS 10/15
EXEC_PROGRESS 11/15
EXEC_PROGRESS 12/15
EXEC_PROGRESS 13/15
EXEC_PROGRESS 14/15
EXEC_PROGRESS 15/15

Execution Summary:
  Instance: instances/MDG-c/MDG-c_14_n3000_m500.txt
  Matrix Size (N): 3000
  Solution Size (M): 500
  Number of Executions: 15
  ------------------------------------
  Average Solution: 66917749.000000
  Best Solution Benefit: 66954445.000000
  Average Time per Execution: 600.000000 sec
  Best Solution Time: 600.000000 sec
  BKS: 67030190.000000
  Distance to BKS: 75745.000000
  Percentage Distance to BKS: 0.11%
  Average Percentage Distance to BKS: 0.17%
  Minerações por Execução: 1.93

  Details per Execution:
    Exec 1: Solution=66902917.000000, Time=600.000000 sec, Minerações=2, Dist BKS=0.19%
    Exec 2: Solution=66929111.000000, Time=600.000000 sec, Minerações=2, Dist BKS=0.15%
    Exec 3: Solution=66909967.000000, Time=600.000000 sec, Minerações=2, Dist BKS=0.18%
    Exec 4: Solution=66903874.000000, Time=600.000000 sec, Minerações=2, Dist BKS=0.19%
    Exec 5: Solution=66926040.000000, Time=600.000000 sec, Minerações=1, Dist BKS=0.16%
    Exec 6: Solution=66894585.000000, Time=600.000000 sec, Minerações=2, Dist BKS=0.20%
    Exec 7: Solution=66910864.000000, Time=600.000000 sec, Minerações=2, Dist BKS=0.18%
    Exec 8: Solution=66918658.000000, Time=600.000000 sec, Minerações=2, Dist BKS=0.17%
    Exec 9: Solution=66908347.000000, Time=600.000000 sec, Minerações=2, Dist BKS=0.18%
    Exec 10: Solution=66944193.000000, Time=600.000000 sec, Minerações=2, Dist BKS=0.13%
    Exec 11: Solution=66925060.000000, Time=600.000000 sec, Minerações=2, Dist BKS=0.16%
    Exec 12: Solution=66925811.000000, Time=600.000000 sec, Minerações=2, Dist BKS=0.16%
    Exec 13: Solution=66902155.000000, Time=600.000000 sec, Minerações=2, Dist BKS=0.19%
    Exec 14: Solution=66910208.000000, Time=600.000000 sec, Minerações=2, Dist BKS=0.18%
    Exec 15: Solution=66954445.000000, Time=600.000000 sec, Minerações=2, Dist BKS=0.11%
