START SOLUTION
	Parameters used:
	instance = instances/MDG-c/MDG-c_13_n3000_m500.txt
	solution_Size = 500
	meta_Heuristic = mr-grasp

EXEC_PROGRESS 1/15
EXEC_PROGRESS 2/15
EXEC_PROGRESS 3/15
EXEC_PROGRESS 4/15
EXEC_PROGRESS 5/15
EXEC_PROGRESS 6/15
EXEC_PROGRESS 7/15
EXEC_PROGRESS 8/15
EXEC_PROGRESS 9/15
EXEC_PROGRESS 10/15
EXEC_PROGRESS 11/15
EXEC_PROGRESS 12/15
EXEC_PROGRESS 13/15
EXEC_PROGRESS 14/15
EXEC_PROGRESS 15/15

Execution Summary:
  Instance: instances/MDG-c/MDG-c_13_n3000_m500.txt
  Matrix Size (N): 3000
  Solution Size (M): 500
  Number of Executions: 15
  ------------------------------------
  Average Solution: 66898357.400000
  Best Solution Benefit: 66925659.000000
  Average Time per Execution: 600.000000 sec
  Best Solution Time: 600.000000 sec
  BKS: 67024373.000000
  Distance to BKS: 98714.000000
  Percentage Distance to BKS: 0.15%
  Average Percentage Distance to BKS: 0.19%
  Minerações por Execução: 1.73

  Details per Execution:
    Exec 1: Solution=66887026.000000, Time=600.000000 sec, Minerações=1, Dist BKS=0.20%
    Exec 2: Solution=66903327.000000, Time=600.000000 sec, Minerações=1, Dist BKS=0.18%
    Exec 3: Solution=66881608.000000, Time=600.000000 sec, Minerações=2, Dist BKS=0.21%
    Exec 4: Solution=66904971.000000, Time=600.000000 sec, Minerações=2, Dist BKS=0.18%
    Exec 5: Solution=66891716.000000, Time=600.000000 sec, Minerações=1, Dist BKS=0.20%
    Exec 6: Solution=66878265.000000, Time=600.000000 sec, Minerações=2, Dist BKS=0.22%
    Exec 7: Solution=66890407.000000, Time=600.000000 sec, Minerações=2, Dist BKS=0.20%
    Exec 8: Solution=66884383.000000, Time=600.000000 sec, Minerações=2, Dist BKS=0.21%
    Exec 9: Solution=66913595.000000, Time=600.000000 sec, Minerações=2, Dist BKS=0.17%
    Exec 10: Solution=66891299.000000, Time=600.000000 sec, Minerações=2, Dist BKS=0.20%
    Exec 11: Solution=66904242.000000, Time=600.000000 sec, Minerações=2, Dist BKS=0.18%
    Exec 12: Solution=66905001.000000, Time=600.000000 sec, Minerações=2, Dist BKS=0.18%
    Exec 13: Solution=66908464.000000, Time=600.000000 sec, Minerações=2, Dist BKS=0.17%
    Exec 14: Solution=66905398.000000, Time=600.000000 sec, Minerações=2, Dist BKS=0.18%
    Exec 15: Solution=66925659.000000, Time=600.000000 sec, Minerações=1, Dist BKS=0.15%
