START SOLUTION
	Parameters used:
	instance = instances/MDG-c/MDG-c_6_n3000_m400.txt
	solution_Size = 400
	meta_Heuristic = mr-grasp

EXEC_PROGRESS 1/15
EXEC_PROGRESS 2/15
EXEC_PROGRESS 3/15
EXEC_PROGRESS 4/15
EXEC_PROGRESS 5/15
EXEC_PROGRESS 6/15
EXEC_PROGRESS 7/15
EXEC_PROGRESS 8/15
EXEC_PROGRESS 9/15
EXEC_PROGRESS 10/15
EXEC_PROGRESS 11/15
EXEC_PROGRESS 12/15
EXEC_PROGRESS 13/15
EXEC_PROGRESS 14/15
EXEC_PROGRESS 15/15

Execution Summary:
  Instance: instances/MDG-c/MDG-c_6_n3000_m400.txt
  Matrix Size (N): 3000
  Solution Size (M): 400
  Number of Executions: 15
  ------------------------------------
  Average Solution: 43358799.333333
  Best Solution Benefit: 43383504.000000
  Average Time per Execution: 600.000000 sec
  Best Solution Time: 600.000000 sec
  BKS: 43465087.000000
  Distance to BKS: 81583.000000
  Percentage Distance to BKS: 0.19%
  Average Percentage Distance to BKS: 0.24%
  Minerações por Execução: 2.40

  Details per Execution:
    Exec 1: Solution=43361915.000000, Time=600.000000 sec, Minerações=2, Dist BKS=0.24%
    Exec 2: Solution=43320248.000000, Time=600.000000 sec, Minerações=2, Dist BKS=0.33%
    Exec 3: Solution=43362247.000000, Time=600.000000 sec, Minerações=2, Dist BKS=0.24%
    Exec 4: Solution=43359913.000000, Time=600.000000 sec, Minerações=2, Dist BKS=0.24%
    Exec 5: Solution=43362708.000000, Time=600.000000 sec, Minerações=2, Dist BKS=0.24%
    Exec 6: Solution=43372220.000000, Time=600.000000 sec, Minerações=3, Dist BKS=0.21%
    Exec 7: Solution=43344809.000000, Time=600.000000 sec, Minerações=2, Dist BKS=0.28%
    Exec 8: Solution=43364242.000000, Time=600.000000 sec, Minerações=3, Dist BKS=0.23%
    Exec 9: Solution=43352582.000000, Time=600.000000 sec, Minerações=3, Dist BKS=0.26%
    Exec 10: Solution=43327084.000000, Time=600.000000 sec, Minerações=2, Dist BKS=0.32%
    Exec 11: Solution=43360198.000000, Time=600.000000 sec, Minerações=3, Dist BKS=0.24%
    Exec 12: Solution=43383504.000000, Time=600.000000 sec, Minerações=3, Dist BKS=0.19%
    Exec 13: Solution=43358725.000000, Time=600.000000 sec, Minerações=3, Dist BKS=0.24%
    Exec 14: Solution=43378089.000000, Time=600.000000 sec, Minerações=2, Dist BKS=0.20%
    Exec 15: Solution=43373506.000000, Time=600.000000 sec, Minerações=2, Dist BKS=0.21%
