START SOLUTION
	Parameters used:
	instance = instances/MDG-c/MDG-c_10_n3000_m400.txt
	solution_Size = 400
	meta_Heuristic = mr-grasp

EXEC_PROGRESS 1/15
EXEC_PROGRESS 2/15
EXEC_PROGRESS 3/15
EXEC_PROGRESS 4/15
EXEC_PROGRESS 5/15
EXEC_PROGRESS 6/15
EXEC_PROGRESS 7/15
EXEC_PROGRESS 8/15
EXEC_PROGRESS 9/15
EXEC_PROGRESS 10/15
EXEC_PROGRESS 11/15
EXEC_PROGRESS 12/15
EXEC_PROGRESS 13/15
EXEC_PROGRESS 14/15
EXEC_PROGRESS 15/15

Execution Summary:
  Instance: instances/MDG-c/MDG-c_10_n3000_m400.txt
  Matrix Size (N): 3000
  Solution Size (M): 400
  Number of Executions: 15
  ------------------------------------
  Average Solution: 43368077.066667
  Best Solution Benefit: 43411006.000000
  Average Time per Execution: 600.000000 sec
  Best Solution Time: 600.000000 sec
  BKS: 43476251.000000
  Distance to BKS: 65245.000000
  Percentage Distance to BKS: 0.15%
  Average Percentage Distance to BKS: 0.25%
  Minerações por Execução: 2.13

  Details per Execution:
    Exec 1: Solution=43366344.000000, Time=600.000000 sec, Minerações=2, Dist BKS=0.25%
    Exec 2: Solution=43354536.000000, Time=600.000000 sec, Minerações=2, Dist BKS=0.28%
    Exec 3: Solution=43357125.000000, Time=600.000000 sec, Minerações=2, Dist BKS=0.27%
    Exec 4: Solution=43378589.000000, Time=600.000000 sec, Minerações=2, Dist BKS=0.22%
    Exec 5: Solution=43347192.000000, Time=600.000000 sec, Minerações=2, Dist BKS=0.30%
    Exec 6: Solution=43397087.000000, Time=600.000000 sec, Minerações=2, Dist BKS=0.18%
    Exec 7: Solution=43359345.000000, Time=600.000000 sec, Minerações=1, Dist BKS=0.27%
    Exec 8: Solution=43371082.000000, Time=600.000000 sec, Minerações=2, Dist BKS=0.24%
    Exec 9: Solution=43322827.000000, Time=600.000000 sec, Minerações=2, Dist BKS=0.35%
    Exec 10: Solution=43354918.000000, Time=600.000000 sec, Minerações=2, Dist BKS=0.28%
    Exec 11: Solution=43370445.000000, Time=600.000000 sec, Minerações=3, Dist BKS=0.24%
    Exec 12: Solution=43401321.000000, Time=600.000000 sec, Minerações=3, Dist BKS=0.17%
    Exec 13: Solution=43411006.000000, Time=600.000000 sec, Minerações=2, Dist BKS=0.15%
    Exec 14: Solution=43381938.000000, Time=600.000000 sec, Minerações=2, Dist BKS=0.22%
    Exec 15: Solution=43347401.000000, Time=600.000000 sec, Minerações=3, Dist BKS=0.30%
