START SOLUTION
	Parameters used:
	instance = instances/MDG-c/MDG-c_3_n3000_m300.txt
	solution_Size = 300
	meta_Heuristic = mr-grasp

EXEC_PROGRESS 1/15
EXEC_PROGRESS 2/15
EXEC_PROGRESS 3/15
EXEC_PROGRESS 4/15
EXEC_PROGRESS 5/15
EXEC_PROGRESS 6/15
EXEC_PROGRESS 7/15
EXEC_PROGRESS 8/15
EXEC_PROGRESS 9/15
EXEC_PROGRESS 10/15
EXEC_PROGRESS 11/15
EXEC_PROGRESS 12/15
EXEC_PROGRESS 13/15
EXEC_PROGRESS 14/15
EXEC_PROGRESS 15/15

Execution Summary:
  Instance: instances/MDG-c/MDG-c_3_n3000_m300.txt
  Matrix Size (N): 3000
  Solution Size (M): 300
  Number of Executions: 15
  ------------------------------------
  Average Solution: 24838006.733333
  Best Solution Benefit: 24854983.000000
  Average Time per Execution: 600.000000 sec
  Best Solution Time: 600.000000 sec
  BKS: 24905218.000000
  Distance to BKS: 50235.000000
  Percentage Distance to BKS: 0.20%
  Average Percentage Distance to BKS: 0.27%
  Minerações por Execução: 2.93

  Details per Execution:
    Exec 1: Solution=24824431.000000, Time=600.000000 sec, Minerações=2, Dist BKS=0.32%
    Exec 2: Solution=24849363.000000, Time=600.000000 sec, Minerações=3, Dist BKS=0.22%
    Exec 3: Solution=24832499.000000, Time=600.000000 sec, Minerações=2, Dist BKS=0.29%
    Exec 4: Solution=24845360.000000, Time=600.000000 sec, Minerações=3, Dist BKS=0.24%
    Exec 5: Solution=24831298.000000, Time=600.000000 sec, Minerações=3, Dist BKS=0.30%
    Exec 6: Solution=24852229.000000, Time=600.000000 sec, Minerações=4, Dist BKS=0.21%
    Exec 7: Solution=24839621.000000, Time=600.000000 sec, Minerações=4, Dist BKS=0.26%
    Exec 8: Solution=24827063.000000, Time=600.000000 sec, Minerações=3, Dist BKS=0.31%
    Exec 9: Solution=24853379.000000, Time=600.000000 sec, Minerações=4, Dist BKS=0.21%
    Exec 10: Solution=24830959.000000, Time=600.000000 sec, Minerações=2, Dist BKS=0.30%
    Exec 11: Solution=24828979.000000, Time=600.000000 sec, Minerações=3, Dist BKS=0.31%
    Exec 12: Solution=24838706.000000, Time=600.000000 sec, Minerações=3, Dist BKS=0.27%
    Exec 13: Solution=24854983.000000, Time=600.000000 sec, Minerações=2, Dist BKS=0.20%
    Exec 14: Solution=24826009.000000, Time=600.000000 sec, Minerações=3, Dist BKS=0.32%
    Exec 15: Solution=24835222.000000, Time=600.000000 sec, Minerações=3, Dist BKS=0.28%
