START SOLUTION
	Parameters used:
	instance = instances/MDG-c/MDG-c_12_n3000_m500.txt
	solution_Size = 500
	meta_Heuristic = mr-grasp

EXEC_PROGRESS 1/15
EXEC_PROGRESS 2/15
EXEC_PROGRESS 3/15
EXEC_PROGRESS 4/15
EXEC_PROGRESS 5/15
EXEC_PROGRESS 6/15
EXEC_PROGRESS 7/15
EXEC_PROGRESS 8/15
EXEC_PROGRESS 9/15
EXEC_PROGRESS 10/15
EXEC_PROGRESS 11/15
EXEC_PROGRESS 12/15
EXEC_PROGRESS 13/15
EXEC_PROGRESS 14/15
EXEC_PROGRESS 15/15

Execution Summary:
  Instance: instances/MDG-c/MDG-c_12_n3000_m500.txt
  Matrix Size (N): 3000
  Solution Size (M): 500
  Number of Executions: 15
  ------------------------------------
  Average Solution: 66902787.866667
  Best Solution Benefit: 66915499.000000
  Average Time per Execution: 600.000000 sec
  Best Solution Time: 600.000000 sec
  BKS: 67021888.000000
  Distance to BKS: 106389.000000
  Percentage Distance to BKS: 0.16%
  Average Percentage Distance to BKS: 0.18%
  Minerações por Execução: 2.00

  Details per Execution:
    Exec 1: Solution=66911789.000000, Time=600.000000 sec, Minerações=2, Dist BKS=0.16%
    Exec 2: Solution=66899043.000000, Time=600.000000 sec, Minerações=2, Dist BKS=0.18%
    Exec 3: Solution=66901236.000000, Time=600.000000 sec, Minerações=2, Dist BKS=0.18%
    Exec 4: Solution=66894816.000000, Time=600.000000 sec, Minerações=2, Dist BKS=0.19%
    Exec 5: Solution=66911285.000000, Time=600.000000 sec, Minerações=2, Dist BKS=0.17%
    Exec 6: Solution=66898773.000000, Time=600.000000 sec, Minerações=2, Dist BKS=0.18%
    Exec 7: Solution=66900810.000000, Time=600.000000 sec, Minerações=2, Dist BKS=0.18%
    Exec 8: Solution=66895930.000000, Time=600.000000 sec, Minerações=2, Dist BKS=0.19%
    Exec 9: Solution=66907121.000000, Time=600.000000 sec, Minerações=2, Dist BKS=0.17%
    Exec 10: Solution=66915499.000000, Time=600.000000 sec, Minerações=2, Dist BKS=0.16%
    Exec 11: Solution=66904657.000000, Time=600.000000 sec, Minerações=2, Dist BKS=0.17%
    Exec 12: Solution=66906690.000000, Time=600.000000 sec, Minerações=2, Dist BKS=0.17%
    Exec 13: Solution=66906076.000000, Time=600.000000 sec, Minerações=2, Dist BKS=0.17%
    Exec 14: Solution=66889194.000000, Time=600.000000 sec, Minerações=2, Dist BKS=0.20%
    Exec 15: Solution=66898899.000000, Time=600.000000 sec, Minerações=2, Dist BKS=0.18%
