START SOLUTION
	Parameters used:
	instance = instances/MDG-c/MDG-c_17_n3000_m600.txt
	solution_Size = 600
	meta_Heuristic = mr-grasp

EXEC_PROGRESS 1/15
EXEC_PROGRESS 2/15
EXEC_PROGRESS 3/15
EXEC_PROGRESS 4/15
EXEC_PROGRESS 5/15
EXEC_PROGRESS 6/15
EXEC_PROGRESS 7/15
EXEC_PROGRESS 8/15
EXEC_PROGRESS 9/15
EXEC_PROGRESS 10/15
EXEC_PROGRESS 11/15
EXEC_PROGRESS 12/15
EXEC_PROGRESS 13/15
EXEC_PROGRESS 14/15
EXEC_PROGRESS 15/15

Execution Summary:
  Instance: instances/MDG-c/MDG-c_17_n3000_m600.txt
  Matrix Size (N): 3000
  Solution Size (M): 600
  Number of Executions: 15
  ------------------------------------
  Average Solution: 95382251.333333
  Best Solution Benefit: 95430648.000000
  Average Time per Execution: 600.000000 sec
  Best Solution Time: 600.000000 sec
  BKS: 95645826.000000
  Distance to BKS: 215178.000000
  Percentage Distance to BKS: 0.22%
  Average Percentage Distance to BKS: 0.28%
  Minerações por Execução: 1.00

  Details per Execution:
    Exec 1: Solution=95361590.000000, Time=600.000000 sec, Minerações=1, Dist BKS=0.30%
    Exec 2: Solution=95360820.000000, Time=600.000000 sec, Minerações=1, Dist BKS=0.30%
    Exec 3: Solution=95364653.000000, Time=600.000000 sec, Minerações=1, Dist BKS=0.29%
    Exec 4: Solution=95370523.000000, Time=600.000000 sec, Minerações=1, Dist BKS=0.29%
    Exec 5: Solution=95356574.000000, Time=600.000000 sec, Minerações=1, Dist BKS=0.30%
    Exec 6: Solution=95373361.000000, Time=600.000000 sec, Minerações=1, Dist BKS=0.28%
    Exec 7: Solution=95395557.000000, Time=600.000000 sec, Minerações=1, Dist BKS=0.26%
    Exec 8: Solution=95430648.000000, Time=600.000000 sec, Minerações=1, Dist BKS=0.22%
    Exec 9: Solution=95377132.000000, Time=600.000000 sec, Minerações=1, Dist BKS=0.28%
    Exec 10: Solution=95374103.000000, Time=600.000000 sec, Minerações=1, Dist BKS=0.28%
    Exec 11: Solution=95412970.000000, Time=600.000000 sec, Minerações=1, Dist BKS=0.24%
    Exec 12: Solution=95385209.000000, Time=600.000000 sec, Minerações=1, Dist BKS=0.27%
    Exec 13: Solution=95398818.000000, Time=600.000000 sec, Minerações=1, Dist BKS=0.26%
    Exec 14: Solution=95391427.000000, Time=600.000000 sec, Minerações=1, Dist BKS=0.27%
    Exec 15: Solution=95380385.000000, Time=600.000000 sec, Minerações=1, Dist BKS=0.28%
