START SOLUTION
	Parameters used:
	instance = instances/MDG-c/MDG-c_2_n3000_m300.txt
	solution_Size = 300
	meta_Heuristic = mr-grasp

EXEC_PROGRESS 1/15
EXEC_PROGRESS 2/15
EXEC_PROGRESS 3/15
EXEC_PROGRESS 4/15
EXEC_PROGRESS 5/15
EXEC_PROGRESS 6/15
EXEC_PROGRESS 7/15
EXEC_PROGRESS 8/15
EXEC_PROGRESS 9/15
EXEC_PROGRESS 10/15
EXEC_PROGRESS 11/15
EXEC_PROGRESS 12/15
EXEC_PROGRESS 13/15
EXEC_PROGRESS 14/15
EXEC_PROGRESS 15/15

Execution Summary:
  Instance: instances/MDG-c/MDG-c_2_n3000_m300.txt
  Matrix Size (N): 3000
  Solution Size (M): 300
  Number of Executions: 15
  ------------------------------------
  Average Solution: 24851506.933333
  Best Solution Benefit: 24872083.000000
  Average Time per Execution: 600.000000 sec
  Best Solution Time: 600.000000 sec
  BKS: 24912546.000000
  Distance to BKS: 40463.000000
  Percentage Distance to BKS: 0.16%
  Average Percentage Distance to BKS: 0.25%
  Minerações por Execução: 3.13

  Details per Execution:
    Exec 1: Solution=24829344.000000, Time=600.000000 sec, Minerações=3, Dist BKS=0.33%
    Exec 2: Solution=24862456.000000, Time=600.000000 sec, Minerações=4, Dist BKS=0.20%
    Exec 3: Solution=24872083.000000, Time=600.000000 sec, Minerações=3, Dist BKS=0.16%
    Exec 4: Solution=24854796.000000, Time=600.000000 sec, Minerações=3, Dist BKS=0.23%
    Exec 5: Solution=24867483.000000, Time=600.000000 sec, Minerações=4, Dist BKS=0.18%
    Exec 6: Solution=24838350.000000, Time=600.000000 sec, Minerações=3, Dist BKS=0.30%
    Exec 7: Solution=24844491.000000, Time=600.000000 sec, Minerações=3, Dist BKS=0.27%
    Exec 8: Solution=24832811.000000, Time=600.000000 sec, Minerações=4, Dist BKS=0.32%
    Exec 9: Solution=24854169.000000, Time=600.000000 sec, Minerações=4, Dist BKS=0.23%
    Exec 10: Solution=24844049.000000, Time=600.000000 sec, Minerações=2, Dist BKS=0.27%
    Exec 11: Solution=24834408.000000, Time=600.000000 sec, Minerações=2, Dist BKS=0.31%
    Exec 12: Solution=24854442.000000, Time=600.000000 sec, Minerações=3, Dist BKS=0.23%
    Exec 13: Solution=24865865.000000, Time=600.000000 sec, Minerações=3, Dist BKS=0.19%
    Exec 14: Solution=24851765.000000, Time=600.000000 sec, Minerações=3, Dist BKS=0.24%
    Exec 15: Solution=24866092.000000, Time=600.000000 sec, Minerações=3, Dist BKS=0.19%
