START SOLUTION
	Parameters used:
	instance = instances/MDG-c/MDG-c_1_n3000_m300.txt
	solution_Size = 300
	meta_Heuristic = mr-grasp

EXEC_PROGRESS 1/15
EXEC_PROGRESS 2/15
EXEC_PROGRESS 3/15
EXEC_PROGRESS 4/15
EXEC_PROGRESS 5/15
EXEC_PROGRESS 6/15
EXEC_PROGRESS 7/15
EXEC_PROGRESS 8/15
EXEC_PROGRESS 9/15
EXEC_PROGRESS 10/15
EXEC_PROGRESS 11/15
EXEC_PROGRESS 12/15
EXEC_PROGRESS 13/15
EXEC_PROGRESS 14/15
EXEC_PROGRESS 15/15

Execution Summary:
  Instance: instances/MDG-c/MDG-c_1_n3000_m300.txt
  Matrix Size (N): 3000
  Solution Size (M): 300
  Number of Executions: 15
  ------------------------------------
  Average Solution: 24877344.066667
  Best Solution Benefit: 24893296.000000
  Average Time per Execution: 600.000000 sec
  Best Solution Time: 600.000000 sec
  BKS: 24926344.000000
  Distance to BKS: 33048.000000
  Percentage Distance to BKS: 0.13%
  Average Percentage Distance to BKS: 0.20%
  Minerações por Execução: 2.87

  Details per Execution:
    Exec 1: Solution=24883491.000000, Time=600.000000 sec, Minerações=4, Dist BKS=0.17%
    Exec 2: Solution=24881032.000000, Time=600.000000 sec, Minerações=3, Dist BKS=0.18%
    Exec 3: Solution=24882489.000000, Time=600.000000 sec, Minerações=3, Dist BKS=0.18%
    Exec 4: Solution=24882315.000000, Time=600.000000 sec, Minerações=2, Dist BKS=0.18%
    Exec 5: Solution=24891144.000000, Time=600.000000 sec, Minerações=4, Dist BKS=0.14%
    Exec 6: Solution=24880668.000000, Time=600.000000 sec, Minerações=3, Dist BKS=0.18%
    Exec 7: Solution=24873394.000000, Time=600.000000 sec, Minerações=2, Dist BKS=0.21%
    Exec 8: Solution=24867469.000000, Time=600.000000 sec, Minerações=3, Dist BKS=0.24%
    Exec 9: Solution=24871200.000000, Time=600.000000 sec, Minerações=3, Dist BKS=0.22%
    Exec 10: Solution=24869261.000000, Time=600.000000 sec, Minerações=2, Dist BKS=0.23%
    Exec 11: Solution=24875939.000000, Time=600.000000 sec, Minerações=3, Dist BKS=0.20%
    Exec 12: Solution=24863240.000000, Time=600.000000 sec, Minerações=3, Dist BKS=0.25%
    Exec 13: Solution=24868991.000000, Time=600.000000 sec, Minerações=2, Dist BKS=0.23%
    Exec 14: Solution=24876232.000000, Time=600.000000 sec, Minerações=3, Dist BKS=0.20%
    Exec 15: Solution=24893296.000000, Time=600.000000 sec, Minerações=3, Dist BKS=0.13%
