START SOLUTION
	Parameters used:
	instance = instances/MDG-c/MDG-c_19_n3000_m600.txt
	solution_Size = 600
	meta_Heuristic = mr-grasp

EXEC_PROGRESS 1/15
EXEC_PROGRESS 2/15
EXEC_PROGRESS 3/15
EXEC_PROGRESS 4/15
EXEC_PROGRESS 5/15
EXEC_PROGRESS 6/15
EXEC_PROGRESS 7/15
EXEC_PROGRESS 8/15
EXEC_PROGRESS 9/15
EXEC_PROGRESS 10/15
EXEC_PROGRESS 11/15
EXEC_PROGRESS 12/15
EXEC_PROGRESS 13/15
EXEC_PROGRESS 14/15
EXEC_PROGRESS 15/15

Execution Summary:
  Instance: instances/MDG-c/MDG-c_19_n3000_m600.txt
  Matrix Size (N): 3000
  Solution Size (M): 600
  Number of Executions: 15
  ------------------------------------
  Average Solution: 95420732.133333
  Best Solution Benefit: 95460963.000000
  Average Time per Execution: 600.000000 sec
  Best Solution Time: 600.000000 sec
  BKS: 95633549.000000
  Distance to BKS: 172586.000000
  Percentage Distance to BKS: 0.18%
  Average Percentage Distance to BKS: 0.22%
  Minerações por Execução: 1.00

  Details per Execution:
    Exec 1: Solution=95418385.000000, Time=600.000000 sec, Minerações=1, Dist BKS=0.22%
    Exec 2: Solution=95430741.000000, Time=600.000000 sec, Minerações=1, Dist BKS=0.21%
    Exec 3: Solution=95409279.000000, Time=600.000000 sec, Minerações=1, Dist BKS=0.23%
    Exec 4: Solution=95407241.000000, Time=600.000000 sec, Minerações=1, Dist BKS=0.24%
    Exec 5: Solution=95422023.000000, Time=600.000000 sec, Minerações=1, Dist BKS=0.22%
    Exec 6: Solution=95425126.000000, Time=600.000000 sec, Minerações=1, Dist BKS=0.22%
    Exec 7: Solution=95426531.000000, Time=600.000000 sec, Minerações=1, Dist BKS=0.22%
    Exec 8: Solution=95436619.000000, Time=600.000000 sec, Minerações=1, Dist BKS=0.21%
    Exec 9: Solution=95383627.000000, Time=600.000000 sec, Minerações=1, Dist BKS=0.26%
    Exec 10: Solution=95460963.000000, Time=600.000000 sec, Minerações=1, Dist BKS=0.18%
    Exec 11: Solution=95419694.000000, Time=600.000000 sec, Minerações=1, Dist BKS=0.22%
    Exec 12: Solution=95432301.000000, Time=600.000000 sec, Minerações=1, Dist BKS=0.21%
    Exec 13: Solution=95418507.000000, Time=600.000000 sec, Minerações=1, Dist BKS=0.22%
    Exec 14: Solution=95383724.000000, Time=600.000000 sec, Minerações=1, Dist BKS=0.26%
    Exec 15: Solution=95436221.000000, Time=600.000000 sec, Minerações=1, Dist BKS=0.21%
