START SOLUTION
	Parameters used:
	instance = instances/MDG-c/MDG-c_20_n3000_m600.txt
	solution_Size = 600
	meta_Heuristic = mr-grasp

EXEC_PROGRESS 1/15
EXEC_PROGRESS 2/15
EXEC_PROGRESS 3/15
EXEC_PROGRESS 4/15
EXEC_PROGRESS 5/15
EXEC_PROGRESS 6/15
EXEC_PROGRESS 7/15
EXEC_PROGRESS 8/15
EXEC_PROGRESS 9/15
EXEC_PROGRESS 10/15
EXEC_PROGRESS 11/15
EXEC_PROGRESS 12/15
EXEC_PROGRESS 13/15
EXEC_PROGRESS 14/15
EXEC_PROGRESS 15/15

Execution Summary:
  Instance: instances/MDG-c/MDG-c_20_n3000_m600.txt
  Matrix Size (N): 3000
  Solution Size (M): 600
  Number of Executions: 15
  ------------------------------------
  Average Solution: 95402575.333333
  Best Solution Benefit: 95443020.000000
  Average Time per Execution: 600.000000 sec
  Best Solution Time: 600.000000 sec
  BKS: 95643586.000000
  Distance to BKS: 200566.000000
  Percentage Distance to BKS: 0.21%
  Average Percentage Distance to BKS: 0.25%
  Minerações por Execução: 1.00

  Details per Execution:
    Exec 1: Solution=95443020.000000, Time=600.000000 sec, Minerações=1, Dist BKS=0.21%
    Exec 2: Solution=95387961.000000, Time=600.000000 sec, Minerações=1, Dist BKS=0.27%
    Exec 3: Solution=95395798.000000, Time=600.000000 sec, Minerações=1, Dist BKS=0.26%
    Exec 4: Solution=95403145.000000, Time=600.000000 sec, Minerações=1, Dist BKS=0.25%
    Exec 5: Solution=95402973.000000, Time=600.000000 sec, Minerações=1, Dist BKS=0.25%
    Exec 6: Solution=95386062.000000, Time=600.000000 sec, Minerações=1, Dist BKS=0.27%
    Exec 7: Solution=95379896.000000, Time=600.000000 sec, Minerações=1, Dist BKS=0.28%
    Exec 8: Solution=95416233.000000, Time=600.000000 sec, Minerações=1, Dist BKS=0.24%
    Exec 9: Solution=95425814.000000, Time=600.000000 sec, Minerações=1, Dist BKS=0.23%
    Exec 10: Solution=95405293.000000, Time=600.000000 sec, Minerações=1, Dist BKS=0.25%
    Exec 11: Solution=95432435.000000, Time=600.000000 sec, Minerações=1, Dist BKS=0.22%
    Exec 12: Solution=95407957.000000, Time=600.000000 sec, Minerações=1, Dist BKS=0.25%
    Exec 13: Solution=95394050.000000, Time=600.000000 sec, Minerações=1, Dist BKS=0.26%
    Exec 14: Solution=95386907.000000, Time=600.000000 sec, Minerações=1, Dist BKS=0.27%
    Exec 15: Solution=95371086.000000, Time=600.000000 sec, Minerações=1, Dist BKS=0.28%
