START SOLUTION
	Parameters used:
	instance = instances/MDG-a/MDG-a_26_n2000_m200.txt
	solution_Size = 200
	meta_Heuristic = mr-grasp

EXEC_PROGRESS 1/30
EXEC_PROGRESS 2/30
EXEC_PROGRESS 3/30
EXEC_PROGRESS 4/30
EXEC_PROGRESS 5/30
EXEC_PROGRESS 6/30
EXEC_PROGRESS 7/30
EXEC_PROGRESS 8/30
EXEC_PROGRESS 9/30
EXEC_PROGRESS 10/30
EXEC_PROGRESS 11/30
EXEC_PROGRESS 12/30
EXEC_PROGRESS 13/30
EXEC_PROGRESS 14/30
EXEC_PROGRESS 15/30
EXEC_PROGRESS 16/30
EXEC_PROGRESS 17/30
EXEC_PROGRESS 18/30
EXEC_PROGRESS 19/30
EXEC_PROGRESS 20/30
EXEC_PROGRESS 21/30
EXEC_PROGRESS 22/30
EXEC_PROGRESS 23/30
EXEC_PROGRESS 24/30
EXEC_PROGRESS 25/30
EXEC_PROGRESS 26/30
EXEC_PROGRESS 27/30
EXEC_PROGRESS 28/30
EXEC_PROGRESS 29/30
EXEC_PROGRESS 30/30

Execution Summary:
  Instance: instances/MDG-a/MDG-a_26_n2000_m200.txt
  Matrix Size (N): 2000
  Solution Size (M): 200
  Number of Executions: 30
  ------------------------------------
  Average Solution: 113635.400000
  Best Solution Benefit: 113855.000000
  Average Time per Execution: 20.000000 sec
  Best Solution Time: 20.000000 sec
  BKS: 114265.000000
  Distance to BKS: 410.000000
  Percentage Distance to BKS: 0.36%
  Average Percentage Distance to BKS: 0.55%
  Minerações por Execução: 1.63

  Details per Execution:
    Exec 1: Solution=113664.000000, Time=20.000000 sec, Minerações=1, Dist BKS=0.53%
    Exec 2: Solution=113631.000000, Time=20.000000 sec, Minerações=1, Dist BKS=0.55%
    Exec 3: Solution=113755.000000, Time=20.000000 sec, Minerações=2, Dist BKS=0.45%
    Exec 4: Solution=113571.000000, Time=20.000000 sec, Minerações=1, Dist BKS=0.61%
    Exec 5: Solution=113678.000000, Time=20.000000 sec, Minerações=3, Dist BKS=0.51%
    Exec 6: Solution=113684.000000, Time=20.000000 sec, Minerações=1, Dist BKS=0.51%
    Exec 7: Solution=113409.000000, Time=20.000000 sec, Minerações=2, Dist BKS=0.75%
    Exec 8: Solution=113568.000000, Time=20.000000 sec, Minerações=1, Dist BKS=0.61%
    Exec 9: Solution=113586.000000, Time=20.000000 sec, Minerações=2, Dist BKS=0.59%
    Exec 10: Solution=113788.000000, Time=20.000000 sec, Minerações=1, Dist BKS=0.42%
    Exec 11: Solution=113677.000000, Time=20.000000 sec, Minerações=1, Dist BKS=0.51%
    Exec 12: Solution=113601.000000, Time=20.000000 sec, Minerações=2, Dist BKS=0.58%
    Exec 13: Solution=113598.000000, Time=20.000000 sec, Minerações=2, Dist BKS=0.58%
    Exec 14: Solution=113714.000000, Time=20.000000 sec, Minerações=3, Dist BKS=0.48%
    Exec 15: Solution=113735.000000, Time=20.000000 sec, Minerações=2, Dist BKS=0.46%
    Exec 16: Solution=113601.000000, Time=20.000000 sec, Minerações=3, Dist BKS=0.58%
    Exec 17: Solution=113612.000000, Time=20.000000 sec, Minerações=2, Dist BKS=0.57%
    Exec 18: Solution=113582.000000, Time=20.000000 sec, Minerações=1, Dist BKS=0.60%
    Exec 19: Solution=113608.000000, Time=20.000000 sec, Minerações=3, Dist BKS=0.57%
    Exec 20: Solution=113537.000000, Time=20.000000 sec, Minerações=1, Dist BKS=0.64%
    Exec 21: Solution=113603.000000, Time=20.000000 sec, Minerações=1, Dist BKS=0.58%
    Exec 22: Solution=113572.000000, Time=20.000000 sec, Minerações=1, Dist BKS=0.61%
    Exec 23: Solution=113709.000000, Time=20.000000 sec, Minerações=1, Dist BKS=0.49%
    Exec 24: Solution=113673.000000, Time=20.000000 sec, Minerações=1, Dist BKS=0.52%
    Exec 25: Solution=113673.000000, Time=20.000000 sec, Minerações=3, Dist BKS=0.52%
    Exec 26: Solution=113577.000000, Time=20.000000 sec, Minerações=2, Dist BKS=0.60%
    Exec 27: Solution=113725.000000, Time=20.000000 sec, Minerações=1, Dist BKS=0.47%
    Exec 28: Solution=113557.000000, Time=20.000000 sec, Minerações=1, Dist BKS=0.62%
    Exec 29: Solution=113855.000000, Time=20.000000 sec, Minerações=2, Dist BKS=0.36%
    Exec 30: Solution=113519.000000, Time=20.000000 sec, Minerações=1, Dist BKS=0.65%
