START SOLUTION
	Parameters used:
	instance = instances/MDG-a/MDG-a_24_n2000_m200.txt
	solution_Size = 200
	meta_Heuristic = mr-grasp

EXEC_PROGRESS 1/30
EXEC_PROGRESS 2/30
EXEC_PROGRESS 3/30
EXEC_PROGRESS 4/30
EXEC_PROGRESS 5/30
EXEC_PROGRESS 6/30
EXEC_PROGRESS 7/30
EXEC_PROGRESS 8/30
EXEC_PROGRESS 9/30
EXEC_PROGRESS 10/30
EXEC_PROGRESS 11/30
EXEC_PROGRESS 12/30
EXEC_PROGRESS 13/30
EXEC_PROGRESS 14/30
EXEC_PROGRESS 15/30
EXEC_PROGRESS 16/30
EXEC_PROGRESS 17/30
EXEC_PROGRESS 18/30
EXEC_PROGRESS 19/30
EXEC_PROGRESS 20/30
EXEC_PROGRESS 21/30
EXEC_PROGRESS 22/30
EXEC_PROGRESS 23/30
EXEC_PROGRESS 24/30
EXEC_PROGRESS 25/30
EXEC_PROGRESS 26/30
EXEC_PROGRESS 27/30
EXEC_PROGRESS 28/30
EXEC_PROGRESS 29/30
EXEC_PROGRESS 30/30

Execution Summary:
  Instance: instances/MDG-a/MDG-a_24_n2000_m200.txt
  Matrix Size (N): 2000
  Solution Size (M): 200
  Number of Executions: 30
  ------------------------------------
  Average Solution: 113411.466667
  Best Solution Benefit: 113622.000000
  Average Time per Execution: 20.000000 sec
  Best Solution Time: 20.000000 sec
  BKS: 114093.000000
  Distance to BKS: 471.000000
  Percentage Distance to BKS: 0.41%
  Average Percentage Distance to BKS: 0.60%
  Minerações por Execução: 1.70

  Details per Execution:
    Exec 1: Solution=113541.000000, Time=20.000000 sec, Minerações=1, Dist BKS=0.48%
    Exec 2: Solution=113482.000000, Time=20.000000 sec, Minerações=2, Dist BKS=0.54%
    Exec 3: Solution=113265.000000, Time=20.000000 sec, Minerações=1, Dist BKS=0.73%
    Exec 4: Solution=113611.000000, Time=20.000000 sec, Minerações=2, Dist BKS=0.42%
    Exec 5: Solution=113278.000000, Time=20.000000 sec, Minerações=1, Dist BKS=0.71%
    Exec 6: Solution=113475.000000, Time=20.000000 sec, Minerações=2, Dist BKS=0.54%
    Exec 7: Solution=113319.000000, Time=20.000000 sec, Minerações=3, Dist BKS=0.68%
    Exec 8: Solution=113447.000000, Time=20.000000 sec, Minerações=1, Dist BKS=0.57%
    Exec 9: Solution=113264.000000, Time=20.000000 sec, Minerações=1, Dist BKS=0.73%
    Exec 10: Solution=113480.000000, Time=20.000000 sec, Minerações=1, Dist BKS=0.54%
    Exec 11: Solution=113345.000000, Time=20.000000 sec, Minerações=2, Dist BKS=0.66%
    Exec 12: Solution=113224.000000, Time=20.000000 sec, Minerações=1, Dist BKS=0.76%
    Exec 13: Solution=113451.000000, Time=20.000000 sec, Minerações=2, Dist BKS=0.56%
    Exec 14: Solution=113380.000000, Time=20.000000 sec, Minerações=2, Dist BKS=0.62%
    Exec 15: Solution=113451.000000, Time=20.000000 sec, Minerações=2, Dist BKS=0.56%
    Exec 16: Solution=113214.000000, Time=20.000000 sec, Minerações=2, Dist BKS=0.77%
    Exec 17: Solution=113474.000000, Time=20.000000 sec, Minerações=2, Dist BKS=0.54%
    Exec 18: Solution=113369.000000, Time=20.000000 sec, Minerações=2, Dist BKS=0.63%
    Exec 19: Solution=113441.000000, Time=20.000000 sec, Minerações=2, Dist BKS=0.57%
    Exec 20: Solution=113400.000000, Time=20.000000 sec, Minerações=1, Dist BKS=0.61%
    Exec 21: Solution=113418.000000, Time=20.000000 sec, Minerações=1, Dist BKS=0.59%
    Exec 22: Solution=113337.000000, Time=20.000000 sec, Minerações=2, Dist BKS=0.66%
    Exec 23: Solution=113587.000000, Time=20.000000 sec, Minerações=0, Dist BKS=0.44%
    Exec 24: Solution=113352.000000, Time=20.000000 sec, Minerações=2, Dist BKS=0.65%
    Exec 25: Solution=113480.000000, Time=20.000000 sec, Minerações=2, Dist BKS=0.54%
    Exec 26: Solution=113622.000000, Time=20.000000 sec, Minerações=2, Dist BKS=0.41%
    Exec 27: Solution=113545.000000, Time=20.000000 sec, Minerações=2, Dist BKS=0.48%
    Exec 28: Solution=113237.000000, Time=20.000000 sec, Minerações=2, Dist BKS=0.75%
    Exec 29: Solution=113429.000000, Time=20.000000 sec, Minerações=3, Dist BKS=0.58%
    Exec 30: Solution=113426.000000, Time=20.000000 sec, Minerações=2, Dist BKS=0.58%
