START SOLUTION
	Parameters used:
	instance = instances/MDG-a/MDG-a_22_n2000_m200.txt
	solution_Size = 200
	meta_Heuristic = mr-grasp

EXEC_PROGRESS 1/30
EXEC_PROGRESS 2/30
EXEC_PROGRESS 3/30
EXEC_PROGRESS 4/30
EXEC_PROGRESS 5/30
EXEC_PROGRESS 6/30
EXEC_PROGRESS 7/30
EXEC_PROGRESS 8/30
EXEC_PROGRESS 9/30
EXEC_PROGRESS 10/30
EXEC_PROGRESS 11/30
EXEC_PROGRESS 12/30
EXEC_PROGRESS 13/30
EXEC_PROGRESS 14/30
EXEC_PROGRESS 15/30
EXEC_PROGRESS 16/30
EXEC_PROGRESS 17/30
EXEC_PROGRESS 18/30
EXEC_PROGRESS 19/30
EXEC_PROGRESS 20/30
EXEC_PROGRESS 21/30
EXEC_PROGRESS 22/30
EXEC_PROGRESS 23/30
EXEC_PROGRESS 24/30
EXEC_PROGRESS 25/30
EXEC_PROGRESS 26/30
EXEC_PROGRESS 27/30
EXEC_PROGRESS 28/30
EXEC_PROGRESS 29/30
EXEC_PROGRESS 30/30

Execution Summary:
  Instance: instances/MDG-a/MDG-a_22_n2000_m200.txt
  Matrix Size (N): 2000
  Solution Size (M): 200
  Number of Executions: 30
  ------------------------------------
  Average Solution: 113677.800000
  Best Solution Benefit: 113973.000000
  Average Time per Execution: 20.000000 sec
  Best Solution Time: 20.000000 sec
  BKS: 114327.000000
  Distance to BKS: 354.000000
  Percentage Distance to BKS: 0.31%
  Average Percentage Distance to BKS: 0.57%
  Minerações por Execução: 1.87

  Details per Execution:
    Exec 1: Solution=113748.000000, Time=20.000000 sec, Minerações=2, Dist BKS=0.51%
    Exec 2: Solution=113647.000000, Time=20.000000 sec, Minerações=2, Dist BKS=0.59%
    Exec 3: Solution=113761.000000, Time=20.000000 sec, Minerações=2, Dist BKS=0.50%
    Exec 4: Solution=113755.000000, Time=20.000000 sec, Minerações=2, Dist BKS=0.50%
    Exec 5: Solution=113722.000000, Time=20.000000 sec, Minerações=3, Dist BKS=0.53%
    Exec 6: Solution=113660.000000, Time=20.000000 sec, Minerações=2, Dist BKS=0.58%
    Exec 7: Solution=113806.000000, Time=20.000000 sec, Minerações=1, Dist BKS=0.46%
    Exec 8: Solution=113740.000000, Time=20.000000 sec, Minerações=2, Dist BKS=0.51%
    Exec 9: Solution=113633.000000, Time=20.000000 sec, Minerações=2, Dist BKS=0.61%
    Exec 10: Solution=113813.000000, Time=20.000000 sec, Minerações=2, Dist BKS=0.45%
    Exec 11: Solution=113587.000000, Time=20.000000 sec, Minerações=2, Dist BKS=0.65%
    Exec 12: Solution=113716.000000, Time=20.000000 sec, Minerações=2, Dist BKS=0.53%
    Exec 13: Solution=113782.000000, Time=20.000000 sec, Minerações=3, Dist BKS=0.48%
    Exec 14: Solution=113626.000000, Time=20.000000 sec, Minerações=3, Dist BKS=0.61%
    Exec 15: Solution=113628.000000, Time=20.000000 sec, Minerações=1, Dist BKS=0.61%
    Exec 16: Solution=113641.000000, Time=20.000000 sec, Minerações=1, Dist BKS=0.60%
    Exec 17: Solution=113640.000000, Time=20.000000 sec, Minerações=2, Dist BKS=0.60%
    Exec 18: Solution=113777.000000, Time=20.000000 sec, Minerações=2, Dist BKS=0.48%
    Exec 19: Solution=113711.000000, Time=20.000000 sec, Minerações=3, Dist BKS=0.54%
    Exec 20: Solution=113463.000000, Time=20.000000 sec, Minerações=1, Dist BKS=0.76%
    Exec 21: Solution=113603.000000, Time=20.000000 sec, Minerações=2, Dist BKS=0.63%
    Exec 22: Solution=113749.000000, Time=20.000000 sec, Minerações=2, Dist BKS=0.51%
    Exec 23: Solution=113508.000000, Time=20.000000 sec, Minerações=1, Dist BKS=0.72%
    Exec 24: Solution=113476.000000, Time=20.000000 sec, Minerações=2, Dist BKS=0.74%
    Exec 25: Solution=113670.000000, Time=20.000000 sec, Minerações=2, Dist BKS=0.57%
    Exec 26: Solution=113973.000000, Time=20.000000 sec, Minerações=2, Dist BKS=0.31%
    Exec 27: Solution=113433.000000, Time=20.000000 sec, Minerações=1, Dist BKS=0.78%
    Exec 28: Solution=113609.000000, Time=20.000000 sec, Minerações=2, Dist BKS=0.63%
    Exec 29: Solution=113674.000000, Time=20.000000 sec, Minerações=1, Dist BKS=0.57%
    Exec 30: Solution=113783.000000, Time=20.000000 sec, Minerações=1, Dist BKS=0.48%
