START SOLUTION
	Parameters used:
	instance = instances/MDG-a/MDG-a_31_n2000_m200.txt
	solution_Size = 200
	meta_Heuristic = mr-grasp

EXEC_PROGRESS 1/30
EXEC_PROGRESS 2/30
EXEC_PROGRESS 3/30
EXEC_PROGRESS 4/30
EXEC_PROGRESS 5/30
EXEC_PROGRESS 6/30
EXEC_PROGRESS 7/30
EXEC_PROGRESS 8/30
EXEC_PROGRESS 9/30
EXEC_PROGRESS 10/30
EXEC_PROGRESS 11/30
EXEC_PROGRESS 12/30
EXEC_PROGRESS 13/30
EXEC_PROGRESS 14/30
EXEC_PROGRESS 15/30
EXEC_PROGRESS 16/30
EXEC_PROGRESS 17/30
EXEC_PROGRESS 18/30
EXEC_PROGRESS 19/30
EXEC_PROGRESS 20/30
EXEC_PROGRESS 21/30
EXEC_PROGRESS 22/30
EXEC_PROGRESS 23/30
EXEC_PROGRESS 24/30
EXEC_PROGRESS 25/30
EXEC_PROGRESS 26/30
EXEC_PROGRESS 27/30
EXEC_PROGRESS 28/30
EXEC_PROGRESS 29/30
EXEC_PROGRESS 30/30

Execution Summary:
  Instance: instances/MDG-a/MDG-a_31_n2000_m200.txt
  Matrix Size (N): 2000
  Solution Size (M): 200
  Number of Executions: 30
  ------------------------------------
  Average Solution: 113560.766667
  Best Solution Benefit: 113804.000000
  Average Time per Execution: 20.000000 sec
  Best Solution Time: 20.000000 sec
  BKS: 114214.000000
  Distance to BKS: 410.000000
  Percentage Distance to BKS: 0.36%
  Average Percentage Distance to BKS: 0.57%
  Minerações por Execução: 2.03

  Details per Execution:
    Exec 1: Solution=113607.000000, Time=20.000000 sec, Minerações=1, Dist BKS=0.53%
    Exec 2: Solution=113545.000000, Time=20.000000 sec, Minerações=2, Dist BKS=0.59%
    Exec 3: Solution=113399.000000, Time=20.000000 sec, Minerações=3, Dist BKS=0.71%
    Exec 4: Solution=113634.000000, Time=20.000000 sec, Minerações=3, Dist BKS=0.51%
    Exec 5: Solution=113589.000000, Time=20.000000 sec, Minerações=3, Dist BKS=0.55%
    Exec 6: Solution=113574.000000, Time=20.000000 sec, Minerações=3, Dist BKS=0.56%
    Exec 7: Solution=113362.000000, Time=20.000000 sec, Minerações=1, Dist BKS=0.75%
    Exec 8: Solution=113638.000000, Time=20.000000 sec, Minerações=1, Dist BKS=0.50%
    Exec 9: Solution=113554.000000, Time=20.000000 sec, Minerações=2, Dist BKS=0.58%
    Exec 10: Solution=113586.000000, Time=20.000000 sec, Minerações=3, Dist BKS=0.55%
    Exec 11: Solution=113804.000000, Time=20.000000 sec, Minerações=1, Dist BKS=0.36%
    Exec 12: Solution=113651.000000, Time=20.000000 sec, Minerações=2, Dist BKS=0.49%
    Exec 13: Solution=113571.000000, Time=20.000000 sec, Minerações=2, Dist BKS=0.56%
    Exec 14: Solution=113550.000000, Time=20.000000 sec, Minerações=2, Dist BKS=0.58%
    Exec 15: Solution=113644.000000, Time=20.000000 sec, Minerações=3, Dist BKS=0.50%
    Exec 16: Solution=113570.000000, Time=20.000000 sec, Minerações=3, Dist BKS=0.56%
    Exec 17: Solution=113614.000000, Time=20.000000 sec, Minerações=3, Dist BKS=0.53%
    Exec 18: Solution=113395.000000, Time=20.000000 sec, Minerações=2, Dist BKS=0.72%
    Exec 19: Solution=113772.000000, Time=20.000000 sec, Minerações=1, Dist BKS=0.39%
    Exec 20: Solution=113607.000000, Time=20.000000 sec, Minerações=4, Dist BKS=0.53%
    Exec 21: Solution=113484.000000, Time=20.000000 sec, Minerações=2, Dist BKS=0.64%
    Exec 22: Solution=113454.000000, Time=20.000000 sec, Minerações=1, Dist BKS=0.67%
    Exec 23: Solution=113434.000000, Time=20.000000 sec, Minerações=1, Dist BKS=0.68%
    Exec 24: Solution=113660.000000, Time=20.000000 sec, Minerações=2, Dist BKS=0.49%
    Exec 25: Solution=113536.000000, Time=20.000000 sec, Minerações=1, Dist BKS=0.59%
    Exec 26: Solution=113609.000000, Time=20.000000 sec, Minerações=3, Dist BKS=0.53%
    Exec 27: Solution=113437.000000, Time=20.000000 sec, Minerações=1, Dist BKS=0.68%
    Exec 28: Solution=113558.000000, Time=20.000000 sec, Minerações=1, Dist BKS=0.57%
    Exec 29: Solution=113592.000000, Time=20.000000 sec, Minerações=2, Dist BKS=0.54%
    Exec 30: Solution=113393.000000, Time=20.000000 sec, Minerações=2, Dist BKS=0.72%
