START SOLUTION
	Parameters used:
	instance = instances/MDG-a/MDG-a_33_n2000_m200.txt
	solution_Size = 200
	meta_Heuristic = mr-grasp

EXEC_PROGRESS 1/30
EXEC_PROGRESS 2/30
EXEC_PROGRESS 3/30
EXEC_PROGRESS 4/30
EXEC_PROGRESS 5/30
EXEC_PROGRESS 6/30
EXEC_PROGRESS 7/30
EXEC_PROGRESS 8/30
EXEC_PROGRESS 9/30
EXEC_PROGRESS 10/30
EXEC_PROGRESS 11/30
EXEC_PROGRESS 12/30
EXEC_PROGRESS 13/30
EXEC_PROGRESS 14/30
EXEC_PROGRESS 15/30
EXEC_PROGRESS 16/30
EXEC_PROGRESS 17/30
EXEC_PROGRESS 18/30
EXEC_PROGRESS 19/30
EXEC_PROGRESS 20/30
EXEC_PROGRESS 21/30
EXEC_PROGRESS 22/30
EXEC_PROGRESS 23/30
EXEC_PROGRESS 24/30
EXEC_PROGRESS 25/30
EXEC_PROGRESS 26/30
EXEC_PROGRESS 27/30
EXEC_PROGRESS 28/30
EXEC_PROGRESS 29/30
EXEC_PROGRESS 30/30

Execution Summary:
  Instance: instances/MDG-a/MDG-a_33_n2000_m200.txt
  Matrix Size (N): 2000
  Solution Size (M): 200
  Number of Executions: 30
  ------------------------------------
  Average Solution: 113607.733333
  Best Solution Benefit: 113904.000000
  Average Time per Execution: 20.000000 sec
  Best Solution Time: 20.000000 sec
  BKS: 114233.000000
  Distance to BKS: 329.000000
  Percentage Distance to BKS: 0.29%
  Average Percentage Distance to BKS: 0.55%
  Minerações por Execução: 2.27

  Details per Execution:
    Exec 1: Solution=113610.000000, Time=20.000000 sec, Minerações=3, Dist BKS=0.55%
    Exec 2: Solution=113654.000000, Time=20.000000 sec, Minerações=3, Dist BKS=0.51%
    Exec 3: Solution=113606.000000, Time=20.000000 sec, Minerações=3, Dist BKS=0.55%
    Exec 4: Solution=113544.000000, Time=20.000000 sec, Minerações=2, Dist BKS=0.60%
    Exec 5: Solution=113693.000000, Time=20.000000 sec, Minerações=2, Dist BKS=0.47%
    Exec 6: Solution=113510.000000, Time=20.000000 sec, Minerações=2, Dist BKS=0.63%
    Exec 7: Solution=113606.000000, Time=20.000000 sec, Minerações=1, Dist BKS=0.55%
    Exec 8: Solution=113438.000000, Time=20.000000 sec, Minerações=3, Dist BKS=0.70%
    Exec 9: Solution=113690.000000, Time=20.000000 sec, Minerações=2, Dist BKS=0.48%
    Exec 10: Solution=113518.000000, Time=20.000000 sec, Minerações=4, Dist BKS=0.63%
    Exec 11: Solution=113648.000000, Time=20.000000 sec, Minerações=2, Dist BKS=0.51%
    Exec 12: Solution=113627.000000, Time=20.000000 sec, Minerações=1, Dist BKS=0.53%
    Exec 13: Solution=113780.000000, Time=20.000000 sec, Minerações=2, Dist BKS=0.40%
    Exec 14: Solution=113523.000000, Time=20.000000 sec, Minerações=1, Dist BKS=0.62%
    Exec 15: Solution=113639.000000, Time=20.000000 sec, Minerações=3, Dist BKS=0.52%
    Exec 16: Solution=113567.000000, Time=20.000000 sec, Minerações=1, Dist BKS=0.58%
    Exec 17: Solution=113520.000000, Time=20.000000 sec, Minerações=2, Dist BKS=0.62%
    Exec 18: Solution=113471.000000, Time=20.000000 sec, Minerações=1, Dist BKS=0.67%
    Exec 19: Solution=113700.000000, Time=20.000000 sec, Minerações=3, Dist BKS=0.47%
    Exec 20: Solution=113485.000000, Time=20.000000 sec, Minerações=2, Dist BKS=0.65%
    Exec 21: Solution=113665.000000, Time=20.000000 sec, Minerações=2, Dist BKS=0.50%
    Exec 22: Solution=113522.000000, Time=20.000000 sec, Minerações=2, Dist BKS=0.62%
    Exec 23: Solution=113853.000000, Time=20.000000 sec, Minerações=3, Dist BKS=0.33%
    Exec 24: Solution=113630.000000, Time=20.000000 sec, Minerações=2, Dist BKS=0.53%
    Exec 25: Solution=113620.000000, Time=20.000000 sec, Minerações=2, Dist BKS=0.54%
    Exec 26: Solution=113516.000000, Time=20.000000 sec, Minerações=3, Dist BKS=0.63%
    Exec 27: Solution=113587.000000, Time=20.000000 sec, Minerações=3, Dist BKS=0.57%
    Exec 28: Solution=113565.000000, Time=20.000000 sec, Minerações=2, Dist BKS=0.58%
    Exec 29: Solution=113904.000000, Time=20.000000 sec, Minerações=3, Dist BKS=0.29%
    Exec 30: Solution=113541.000000, Time=20.000000 sec, Minerações=3, Dist BKS=0.61%
