START SOLUTION
	Parameters used:
	instance = instances/MDG-a/MDG-a_29_n2000_m200.txt
	solution_Size = 200
	meta_Heuristic = mr-grasp

EXEC_PROGRESS 1/30
EXEC_PROGRESS 2/30
EXEC_PROGRESS 3/30
EXEC_PROGRESS 4/30
EXEC_PROGRESS 5/30
EXEC_PROGRESS 6/30
EXEC_PROGRESS 7/30
EXEC_PROGRESS 8/30
EXEC_PROGRESS 9/30
EXEC_PROGRESS 10/30
EXEC_PROGRESS 11/30
EXEC_PROGRESS 12/30
EXEC_PROGRESS 13/30
EXEC_PROGRESS 14/30
EXEC_PROGRESS 15/30
EXEC_PROGRESS 16/30
EXEC_PROGRESS 17/30
EXEC_PROGRESS 18/30
EXEC_PROGRESS 19/30
EXEC_PROGRESS 20/30
EXEC_PROGRESS 21/30
EXEC_PROGRESS 22/30
EXEC_PROGRESS 23/30
EXEC_PROGRESS 24/30
EXEC_PROGRESS 25/30
EXEC_PROGRESS 26/30
EXEC_PROGRESS 27/30
EXEC_PROGRESS 28/30
EXEC_PROGRESS 29/30
EXEC_PROGRESS 30/30

Execution Summary:
  Instance: instances/MDG-a/MDG-a_29_n2000_m200.txt
  Matrix Size (N): 2000
  Solution Size (M): 200
  Number of Executions: 30
  ------------------------------------
  Average Solution: 113580.566667
  Best Solution Benefit: 113823.000000
  Average Time per Execution: 20.000000 sec
  Best Solution Time: 20.000000 sec
  BKS: 114199.000000
  Distance to BKS: 376.000000
  Percentage Distance to BKS: 0.33%
  Average Percentage Distance to BKS: 0.54%
  Minerações por Execução: 2.03

  Details per Execution:
    Exec 1: Solution=113542.000000, Time=20.000000 sec, Minerações=2, Dist BKS=0.58%
    Exec 2: Solution=113785.000000, Time=20.000000 sec, Minerações=1, Dist BKS=0.36%
    Exec 3: Solution=113332.000000, Time=20.000000 sec, Minerações=2, Dist BKS=0.76%
    Exec 4: Solution=113479.000000, Time=20.000000 sec, Minerações=3, Dist BKS=0.63%
    Exec 5: Solution=113678.000000, Time=20.000000 sec, Minerações=2, Dist BKS=0.46%
    Exec 6: Solution=113515.000000, Time=20.000000 sec, Minerações=2, Dist BKS=0.60%
    Exec 7: Solution=113474.000000, Time=20.000000 sec, Minerações=2, Dist BKS=0.63%
    Exec 8: Solution=113625.000000, Time=20.000000 sec, Minerações=3, Dist BKS=0.50%
    Exec 9: Solution=113491.000000, Time=20.000000 sec, Minerações=3, Dist BKS=0.62%
    Exec 10: Solution=113597.000000, Time=20.000000 sec, Minerações=1, Dist BKS=0.53%
    Exec 11: Solution=113715.000000, Time=20.000000 sec, Minerações=2, Dist BKS=0.42%
    Exec 12: Solution=113823.000000, Time=20.000000 sec, Minerações=2, Dist BKS=0.33%
    Exec 13: Solution=113620.000000, Time=20.000000 sec, Minerações=2, Dist BKS=0.51%
    Exec 14: Solution=113422.000000, Time=20.000000 sec, Minerações=2, Dist BKS=0.68%
    Exec 15: Solution=113511.000000, Time=20.000000 sec, Minerações=2, Dist BKS=0.60%
    Exec 16: Solution=113568.000000, Time=20.000000 sec, Minerações=1, Dist BKS=0.55%
    Exec 17: Solution=113569.000000, Time=20.000000 sec, Minerações=3, Dist BKS=0.55%
    Exec 18: Solution=113537.000000, Time=20.000000 sec, Minerações=2, Dist BKS=0.58%
    Exec 19: Solution=113706.000000, Time=20.000000 sec, Minerações=2, Dist BKS=0.43%
    Exec 20: Solution=113493.000000, Time=20.000000 sec, Minerações=2, Dist BKS=0.62%
    Exec 21: Solution=113736.000000, Time=20.000000 sec, Minerações=2, Dist BKS=0.41%
    Exec 22: Solution=113639.000000, Time=20.000000 sec, Minerações=3, Dist BKS=0.49%
    Exec 23: Solution=113468.000000, Time=20.000000 sec, Minerações=1, Dist BKS=0.64%
    Exec 24: Solution=113625.000000, Time=20.000000 sec, Minerações=2, Dist BKS=0.50%
    Exec 25: Solution=113582.000000, Time=20.000000 sec, Minerações=2, Dist BKS=0.54%
    Exec 26: Solution=113621.000000, Time=20.000000 sec, Minerações=2, Dist BKS=0.51%
    Exec 27: Solution=113506.000000, Time=20.000000 sec, Minerações=1, Dist BKS=0.61%
    Exec 28: Solution=113517.000000, Time=20.000000 sec, Minerações=2, Dist BKS=0.60%
    Exec 29: Solution=113746.000000, Time=20.000000 sec, Minerações=2, Dist BKS=0.40%
    Exec 30: Solution=113495.000000, Time=20.000000 sec, Minerações=3, Dist BKS=0.62%
