START SOLUTION
	Parameters used:
	instance = instances/MDG-a/MDG-a_27_n2000_m200.txt
	solution_Size = 200
	meta_Heuristic = mr-grasp

EXEC_PROGRESS 1/30
EXEC_PROGRESS 2/30
EXEC_PROGRESS 3/30
EXEC_PROGRESS 4/30
EXEC_PROGRESS 5/30
EXEC_PROGRESS 6/30
EXEC_PROGRESS 7/30
EXEC_PROGRESS 8/30
EXEC_PROGRESS 9/30
EXEC_PROGRESS 10/30
EXEC_PROGRESS 11/30
EXEC_PROGRESS 12/30
EXEC_PROGRESS 13/30
EXEC_PROGRESS 14/30
EXEC_PROGRESS 15/30
EXEC_PROGRESS 16/30
EXEC_PROGRESS 17/30
EXEC_PROGRESS 18/30
EXEC_PROGRESS 19/30
EXEC_PROGRESS 20/30
EXEC_PROGRESS 21/30
EXEC_PROGRESS 22/30
EXEC_PROGRESS 23/30
EXEC_PROGRESS 24/30
EXEC_PROGRESS 25/30
EXEC_PROGRESS 26/30
EXEC_PROGRESS 27/30
EXEC_PROGRESS 28/30
EXEC_PROGRESS 29/30
EXEC_PROGRESS 30/30

Execution Summary:
  Instance: instances/MDG-a/MDG-a_27_n2000_m200.txt
  Matrix Size (N): 2000
  Solution Size (M): 200
  Number of Executions: 30
  ------------------------------------
  Average Solution: 113796.000000
  Best Solution Benefit: 114089.000000
  Average Time per Execution: 20.000000 sec
  Best Solution Time: 20.000000 sec
  BKS: 114361.000000
  Distance to BKS: 272.000000
  Percentage Distance to BKS: 0.24%
  Average Percentage Distance to BKS: 0.49%
  Minerações por Execução: 1.73

  Details per Execution:
    Exec 1: Solution=113776.000000, Time=20.000000 sec, Minerações=2, Dist BKS=0.51%
    Exec 2: Solution=113941.000000, Time=20.000000 sec, Minerações=2, Dist BKS=0.37%
    Exec 3: Solution=113624.000000, Time=20.000000 sec, Minerações=2, Dist BKS=0.64%
    Exec 4: Solution=113769.000000, Time=20.000000 sec, Minerações=2, Dist BKS=0.52%
    Exec 5: Solution=113981.000000, Time=20.000000 sec, Minerações=2, Dist BKS=0.33%
    Exec 6: Solution=113909.000000, Time=20.000000 sec, Minerações=1, Dist BKS=0.40%
    Exec 7: Solution=113759.000000, Time=20.000000 sec, Minerações=2, Dist BKS=0.53%
    Exec 8: Solution=113638.000000, Time=20.000000 sec, Minerações=2, Dist BKS=0.63%
    Exec 9: Solution=114061.000000, Time=20.000000 sec, Minerações=2, Dist BKS=0.26%
    Exec 10: Solution=113819.000000, Time=20.000000 sec, Minerações=2, Dist BKS=0.47%
    Exec 11: Solution=113884.000000, Time=20.000000 sec, Minerações=2, Dist BKS=0.42%
    Exec 12: Solution=113738.000000, Time=20.000000 sec, Minerações=2, Dist BKS=0.54%
    Exec 13: Solution=113731.000000, Time=20.000000 sec, Minerações=2, Dist BKS=0.55%
    Exec 14: Solution=113777.000000, Time=20.000000 sec, Minerações=2, Dist BKS=0.51%
    Exec 15: Solution=113711.000000, Time=20.000000 sec, Minerações=2, Dist BKS=0.57%
    Exec 16: Solution=113719.000000, Time=20.000000 sec, Minerações=1, Dist BKS=0.56%
    Exec 17: Solution=113645.000000, Time=20.000000 sec, Minerações=2, Dist BKS=0.63%
    Exec 18: Solution=113824.000000, Time=20.000000 sec, Minerações=2, Dist BKS=0.47%
    Exec 19: Solution=113741.000000, Time=20.000000 sec, Minerações=1, Dist BKS=0.54%
    Exec 20: Solution=113788.000000, Time=20.000000 sec, Minerações=2, Dist BKS=0.50%
    Exec 21: Solution=113570.000000, Time=20.000000 sec, Minerações=1, Dist BKS=0.69%
    Exec 22: Solution=113663.000000, Time=20.000000 sec, Minerações=1, Dist BKS=0.61%
    Exec 23: Solution=113768.000000, Time=20.000000 sec, Minerações=1, Dist BKS=0.52%
    Exec 24: Solution=113592.000000, Time=20.000000 sec, Minerações=2, Dist BKS=0.67%
    Exec 25: Solution=114089.000000, Time=20.000000 sec, Minerações=2, Dist BKS=0.24%
    Exec 26: Solution=113981.000000, Time=20.000000 sec, Minerações=2, Dist BKS=0.33%
    Exec 27: Solution=113939.000000, Time=20.000000 sec, Minerações=2, Dist BKS=0.37%
    Exec 28: Solution=113811.000000, Time=20.000000 sec, Minerações=1, Dist BKS=0.48%
    Exec 29: Solution=113751.000000, Time=20.000000 sec, Minerações=1, Dist BKS=0.53%
    Exec 30: Solution=113881.000000, Time=20.000000 sec, Minerações=2, Dist BKS=0.42%
