START SOLUTION
	Parameters used:
	instance = instances/MDG-a/MDG-a_25_n2000_m200.txt
	solution_Size = 200
	meta_Heuristic = mr-grasp

EXEC_PROGRESS 1/30
EXEC_PROGRESS 2/30
EXEC_PROGRESS 3/30
EXEC_PROGRESS 4/30
EXEC_PROGRESS 5/30
EXEC_PROGRESS 6/30
EXEC_PROGRESS 7/30
EXEC_PROGRESS 8/30
EXEC_PROGRESS 9/30
EXEC_PROGRESS 10/30
EXEC_PROGRESS 11/30
EXEC_PROGRESS 12/30
EXEC_PROGRESS 13/30
EXEC_PROGRESS 14/30
EXEC_PROGRESS 15/30
EXEC_PROGRESS 16/30
EXEC_PROGRESS 17/30
EXEC_PROGRESS 18/30
EXEC_PROGRESS 19/30
EXEC_PROGRESS 20/30
EXEC_PROGRESS 21/30
EXEC_PROGRESS 22/30
EXEC_PROGRESS 23/30
EXEC_PROGRESS 24/30
EXEC_PROGRESS 25/30
EXEC_PROGRESS 26/30
EXEC_PROGRESS 27/30
EXEC_PROGRESS 28/30
EXEC_PROGRESS 29/30
EXEC_PROGRESS 30/30

Execution Summary:
  Instance: instances/MDG-a/MDG-a_25_n2000_m200.txt
  Matrix Size (N): 2000
  Solution Size (M): 200
  Number of Executions: 30
  ------------------------------------
  Average Solution: 113475.066667
  Best Solution Benefit: 113831.000000
  Average Time per Execution: 20.000000 sec
  Best Solution Time: 20.000000 sec
  BKS: 114196.000000
  Distance to BKS: 365.000000
  Percentage Distance to BKS: 0.32%
  Average Percentage Distance to BKS: 0.63%
  Minerações por Execução: 1.77

  Details per Execution:
    Exec 1: Solution=113440.000000, Time=20.000000 sec, Minerações=2, Dist BKS=0.66%
    Exec 2: Solution=113418.000000, Time=20.000000 sec, Minerações=2, Dist BKS=0.68%
    Exec 3: Solution=113536.000000, Time=20.000000 sec, Minerações=2, Dist BKS=0.58%
    Exec 4: Solution=113410.000000, Time=20.000000 sec, Minerações=1, Dist BKS=0.69%
    Exec 5: Solution=113438.000000, Time=20.000000 sec, Minerações=3, Dist BKS=0.66%
    Exec 6: Solution=113547.000000, Time=20.000000 sec, Minerações=1, Dist BKS=0.57%
    Exec 7: Solution=113558.000000, Time=20.000000 sec, Minerações=1, Dist BKS=0.56%
    Exec 8: Solution=113526.000000, Time=20.000000 sec, Minerações=2, Dist BKS=0.59%
    Exec 9: Solution=113386.000000, Time=20.000000 sec, Minerações=1, Dist BKS=0.71%
    Exec 10: Solution=113447.000000, Time=20.000000 sec, Minerações=2, Dist BKS=0.66%
    Exec 11: Solution=113414.000000, Time=20.000000 sec, Minerações=1, Dist BKS=0.68%
    Exec 12: Solution=113379.000000, Time=20.000000 sec, Minerações=1, Dist BKS=0.72%
    Exec 13: Solution=113513.000000, Time=20.000000 sec, Minerações=2, Dist BKS=0.60%
    Exec 14: Solution=113353.000000, Time=20.000000 sec, Minerações=2, Dist BKS=0.74%
    Exec 15: Solution=113610.000000, Time=20.000000 sec, Minerações=2, Dist BKS=0.51%
    Exec 16: Solution=113547.000000, Time=20.000000 sec, Minerações=1, Dist BKS=0.57%
    Exec 17: Solution=113831.000000, Time=20.000000 sec, Minerações=3, Dist BKS=0.32%
    Exec 18: Solution=113433.000000, Time=20.000000 sec, Minerações=2, Dist BKS=0.67%
    Exec 19: Solution=113558.000000, Time=20.000000 sec, Minerações=2, Dist BKS=0.56%
    Exec 20: Solution=113459.000000, Time=20.000000 sec, Minerações=3, Dist BKS=0.65%
    Exec 21: Solution=113215.000000, Time=20.000000 sec, Minerações=1, Dist BKS=0.86%
    Exec 22: Solution=113411.000000, Time=20.000000 sec, Minerações=2, Dist BKS=0.69%
    Exec 23: Solution=113321.000000, Time=20.000000 sec, Minerações=1, Dist BKS=0.77%
    Exec 24: Solution=113524.000000, Time=20.000000 sec, Minerações=2, Dist BKS=0.59%
    Exec 25: Solution=113371.000000, Time=20.000000 sec, Minerações=1, Dist BKS=0.72%
    Exec 26: Solution=113693.000000, Time=20.000000 sec, Minerações=1, Dist BKS=0.44%
    Exec 27: Solution=113535.000000, Time=20.000000 sec, Minerações=3, Dist BKS=0.58%
    Exec 28: Solution=113413.000000, Time=20.000000 sec, Minerações=2, Dist BKS=0.69%
    Exec 29: Solution=113551.000000, Time=20.000000 sec, Minerações=1, Dist BKS=0.56%
    Exec 30: Solution=113415.000000, Time=20.000000 sec, Minerações=3, Dist BKS=0.68%
