START SOLUTION
	Parameters used:
	instance = instances/MDG-a/MDG-a_28_n2000_m200.txt
	solution_Size = 200
	meta_Heuristic = mr-grasp

EXEC_PROGRESS 1/30
EXEC_PROGRESS 2/30
EXEC_PROGRESS 3/30
EXEC_PROGRESS 4/30
EXEC_PROGRESS 5/30
EXEC_PROGRESS 6/30
EXEC_PROGRESS 7/30
EXEC_PROGRESS 8/30
EXEC_PROGRESS 9/30
EXEC_PROGRESS 10/30
EXEC_PROGRESS 11/30
EXEC_PROGRESS 12/30
EXEC_PROGRESS 13/30
EXEC_PROGRESS 14/30
EXEC_PROGRESS 15/30
EXEC_PROGRESS 16/30
EXEC_PROGRESS 17/30
EXEC_PROGRESS 18/30
EXEC_PROGRESS 19/30
EXEC_PROGRESS 20/30
EXEC_PROGRESS 21/30
EXEC_PROGRESS 22/30
EXEC_PROGRESS 23/30
EXEC_PROGRESS 24/30
EXEC_PROGRESS 25/30
EXEC_PROGRESS 26/30
EXEC_PROGRESS 27/30
EXEC_PROGRESS 28/30
EXEC_PROGRESS 29/30
EXEC_PROGRESS 30/30

Execution Summary:
  Instance: instances/MDG-a/MDG-a_28_n2000_m200.txt
  Matrix Size (N): 2000
  Solution Size (M): 200
  Number of Executions: 30
  ------------------------------------
  Average Solution: 113598.900000
  Best Solution Benefit: 113839.000000
  Average Time per Execution: 20.000000 sec
  Best Solution Time: 20.000000 sec
  BKS: 114327.000000
  Distance to BKS: 488.000000
  Percentage Distance to BKS: 0.43%
  Average Percentage Distance to BKS: 0.64%
  Minerações por Execução: 2.10

  Details per Execution:
    Exec 1: Solution=113526.000000, Time=20.000000 sec, Minerações=1, Dist BKS=0.70%
    Exec 2: Solution=113551.000000, Time=20.000000 sec, Minerações=2, Dist BKS=0.68%
    Exec 3: Solution=113527.000000, Time=20.000000 sec, Minerações=2, Dist BKS=0.70%
    Exec 4: Solution=113679.000000, Time=20.000000 sec, Minerações=2, Dist BKS=0.57%
    Exec 5: Solution=113511.000000, Time=20.000000 sec, Minerações=1, Dist BKS=0.71%
    Exec 6: Solution=113606.000000, Time=20.000000 sec, Minerações=2, Dist BKS=0.63%
    Exec 7: Solution=113517.000000, Time=20.000000 sec, Minerações=2, Dist BKS=0.71%
    Exec 8: Solution=113783.000000, Time=20.000000 sec, Minerações=3, Dist BKS=0.48%
    Exec 9: Solution=113552.000000, Time=20.000000 sec, Minerações=4, Dist BKS=0.68%
    Exec 10: Solution=113538.000000, Time=20.000000 sec, Minerações=2, Dist BKS=0.69%
    Exec 11: Solution=113470.000000, Time=20.000000 sec, Minerações=2, Dist BKS=0.75%
    Exec 12: Solution=113525.000000, Time=20.000000 sec, Minerações=2, Dist BKS=0.70%
    Exec 13: Solution=113663.000000, Time=20.000000 sec, Minerações=2, Dist BKS=0.58%
    Exec 14: Solution=113560.000000, Time=20.000000 sec, Minerações=2, Dist BKS=0.67%
    Exec 15: Solution=113808.000000, Time=20.000000 sec, Minerações=2, Dist BKS=0.45%
    Exec 16: Solution=113406.000000, Time=20.000000 sec, Minerações=2, Dist BKS=0.81%
    Exec 17: Solution=113536.000000, Time=20.000000 sec, Minerações=2, Dist BKS=0.69%
    Exec 18: Solution=113544.000000, Time=20.000000 sec, Minerações=3, Dist BKS=0.68%
    Exec 19: Solution=113681.000000, Time=20.000000 sec, Minerações=2, Dist BKS=0.57%
    Exec 20: Solution=113637.000000, Time=20.000000 sec, Minerações=2, Dist BKS=0.60%
    Exec 21: Solution=113758.000000, Time=20.000000 sec, Minerações=2, Dist BKS=0.50%
    Exec 22: Solution=113496.000000, Time=20.000000 sec, Minerações=1, Dist BKS=0.73%
    Exec 23: Solution=113698.000000, Time=20.000000 sec, Minerações=2, Dist BKS=0.55%
    Exec 24: Solution=113675.000000, Time=20.000000 sec, Minerações=2, Dist BKS=0.57%
    Exec 25: Solution=113627.000000, Time=20.000000 sec, Minerações=3, Dist BKS=0.61%
    Exec 26: Solution=113485.000000, Time=20.000000 sec, Minerações=1, Dist BKS=0.74%
    Exec 27: Solution=113571.000000, Time=20.000000 sec, Minerações=2, Dist BKS=0.66%
    Exec 28: Solution=113770.000000, Time=20.000000 sec, Minerações=3, Dist BKS=0.49%
    Exec 29: Solution=113428.000000, Time=20.000000 sec, Minerações=1, Dist BKS=0.79%
    Exec 30: Solution=113839.000000, Time=20.000000 sec, Minerações=4, Dist BKS=0.43%
