START SOLUTION
	Parameters used:
	instance = instances/MDG-a/MDG-a_37_n2000_m200.txt
	solution_Size = 200
	meta_Heuristic = mr-grasp

EXEC_PROGRESS 1/30
EXEC_PROGRESS 2/30
EXEC_PROGRESS 3/30
EXEC_PROGRESS 4/30
EXEC_PROGRESS 5/30
EXEC_PROGRESS 6/30
EXEC_PROGRESS 7/30
EXEC_PROGRESS 8/30
EXEC_PROGRESS 9/30
EXEC_PROGRESS 10/30
EXEC_PROGRESS 11/30
EXEC_PROGRESS 12/30
EXEC_PROGRESS 13/30
EXEC_PROGRESS 14/30
EXEC_PROGRESS 15/30
EXEC_PROGRESS 16/30
EXEC_PROGRESS 17/30
EXEC_PROGRESS 18/30
EXEC_PROGRESS 19/30
EXEC_PROGRESS 20/30
EXEC_PROGRESS 21/30
EXEC_PROGRESS 22/30
EXEC_PROGRESS 23/30
EXEC_PROGRESS 24/30
EXEC_PROGRESS 25/30
EXEC_PROGRESS 26/30
EXEC_PROGRESS 27/30
EXEC_PROGRESS 28/30
EXEC_PROGRESS 29/30
EXEC_PROGRESS 30/30

Execution Summary:
  Instance: instances/MDG-a/MDG-a_37_n2000_m200.txt
  Matrix Size (N): 2000
  Solution Size (M): 200
  Number of Executions: 30
  ------------------------------------
  Average Solution: 113688.733333
  Best Solution Benefit: 113893.000000
  Average Time per Execution: 20.000000 sec
  Best Solution Time: 20.000000 sec
  BKS: 114255.000000
  Distance to BKS: 362.000000
  Percentage Distance to BKS: 0.32%
  Average Percentage Distance to BKS: 0.50%
  Minerações por Execução: 1.90

  Details per Execution:
    Exec 1: Solution=113699.000000, Time=20.000000 sec, Minerações=1, Dist BKS=0.49%
    Exec 2: Solution=113657.000000, Time=20.000000 sec, Minerações=2, Dist BKS=0.52%
    Exec 3: Solution=113502.000000, Time=20.000000 sec, Minerações=1, Dist BKS=0.66%
    Exec 4: Solution=113504.000000, Time=20.000000 sec, Minerações=1, Dist BKS=0.66%
    Exec 5: Solution=113849.000000, Time=20.000000 sec, Minerações=2, Dist BKS=0.36%
    Exec 6: Solution=113831.000000, Time=20.000000 sec, Minerações=2, Dist BKS=0.37%
    Exec 7: Solution=113790.000000, Time=20.000000 sec, Minerações=2, Dist BKS=0.41%
    Exec 8: Solution=113585.000000, Time=20.000000 sec, Minerações=2, Dist BKS=0.59%
    Exec 9: Solution=113602.000000, Time=20.000000 sec, Minerações=1, Dist BKS=0.57%
    Exec 10: Solution=113633.000000, Time=20.000000 sec, Minerações=2, Dist BKS=0.54%
    Exec 11: Solution=113631.000000, Time=20.000000 sec, Minerações=2, Dist BKS=0.55%
    Exec 12: Solution=113554.000000, Time=20.000000 sec, Minerações=2, Dist BKS=0.61%
    Exec 13: Solution=113700.000000, Time=20.000000 sec, Minerações=2, Dist BKS=0.49%
    Exec 14: Solution=113623.000000, Time=20.000000 sec, Minerações=1, Dist BKS=0.55%
    Exec 15: Solution=113663.000000, Time=20.000000 sec, Minerações=2, Dist BKS=0.52%
    Exec 16: Solution=113569.000000, Time=20.000000 sec, Minerações=2, Dist BKS=0.60%
    Exec 17: Solution=113705.000000, Time=20.000000 sec, Minerações=2, Dist BKS=0.48%
    Exec 18: Solution=113634.000000, Time=20.000000 sec, Minerações=2, Dist BKS=0.54%
    Exec 19: Solution=113728.000000, Time=20.000000 sec, Minerações=3, Dist BKS=0.46%
    Exec 20: Solution=113795.000000, Time=20.000000 sec, Minerações=3, Dist BKS=0.40%
    Exec 21: Solution=113645.000000, Time=20.000000 sec, Minerações=2, Dist BKS=0.53%
    Exec 22: Solution=113767.000000, Time=20.000000 sec, Minerações=2, Dist BKS=0.43%
    Exec 23: Solution=113822.000000, Time=20.000000 sec, Minerações=2, Dist BKS=0.38%
    Exec 24: Solution=113647.000000, Time=20.000000 sec, Minerações=2, Dist BKS=0.53%
    Exec 25: Solution=113842.000000, Time=20.000000 sec, Minerações=2, Dist BKS=0.36%
    Exec 26: Solution=113692.000000, Time=20.000000 sec, Minerações=2, Dist BKS=0.49%
    Exec 27: Solution=113619.000000, Time=20.000000 sec, Minerações=2, Dist BKS=0.56%
    Exec 28: Solution=113893.000000, Time=20.000000 sec, Minerações=2, Dist BKS=0.32%
    Exec 29: Solution=113755.000000, Time=20.000000 sec, Minerações=2, Dist BKS=0.44%
    Exec 30: Solution=113726.000000, Time=20.000000 sec, Minerações=2, Dist BKS=0.46%
