START SOLUTION
	Parameters used:
	instance = instances/MDG-a/MDG-a_26_n2000_m200.txt
	solution_Size = 200
	meta_Heuristic = grasp

EXEC_PROGRESS 1/30

Quantidade de iterações: 38
Quantidade de minerações: 0
EXEC_PROGRESS 2/30

Quantidade de iterações: 37
Quantidade de minerações: 0
EXEC_PROGRESS 3/30

Quantidade de iterações: 37
Quantidade de minerações: 0
EXEC_PROGRESS 4/30

Quantidade de iterações: 40
Quantidade de minerações: 0
EXEC_PROGRESS 5/30

Quantidade de iterações: 39
Quantidade de minerações: 0
EXEC_PROGRESS 6/30

Quantidade de iterações: 40
Quantidade de minerações: 0
EXEC_PROGRESS 7/30

Quantidade de iterações: 42
Quantidade de minerações: 0
EXEC_PROGRESS 8/30

Quantidade de iterações: 41
Quantidade de minerações: 0
EXEC_PROGRESS 9/30

Quantidade de iterações: 39
Quantidade de minerações: 0
EXEC_PROGRESS 10/30

Quantidade de iterações: 41
Quantidade de minerações: 0
EXEC_PROGRESS 11/30

Quantidade de iterações: 40
Quantidade de minerações: 0
EXEC_PROGRESS 12/30

Quantidade de iterações: 35
Quantidade de minerações: 0
EXEC_PROGRESS 13/30

Quantidade de iterações: 34
Quantidade de minerações: 0
EXEC_PROGRESS 14/30

Quantidade de iterações: 34
Quantidade de minerações: 0
EXEC_PROGRESS 15/30

Quantidade de iterações: 42
Quantidade de minerações: 0
EXEC_PROGRESS 16/30

Quantidade de iterações: 42
Quantidade de minerações: 0
EXEC_PROGRESS 17/30

Quantidade de iterações: 38
Quantidade de minerações: 0
EXEC_PROGRESS 18/30

Quantidade de iterações: 39
Quantidade de minerações: 0
EXEC_PROGRESS 19/30

Quantidade de iterações: 35
Quantidade de minerações: 0
EXEC_PROGRESS 20/30

Quantidade de iterações: 34
Quantidade de minerações: 0
EXEC_PROGRESS 21/30

Quantidade de iterações: 36
Quantidade de minerações: 0
EXEC_PROGRESS 22/30

Quantidade de iterações: 40
Quantidade de minerações: 0
EXEC_PROGRESS 23/30

Quantidade de iterações: 38
Quantidade de minerações: 0
EXEC_PROGRESS 24/30

Quantidade de iterações: 38
Quantidade de minerações: 0
EXEC_PROGRESS 25/30

Quantidade de iterações: 37
Quantidade de minerações: 0
EXEC_PROGRESS 26/30

Quantidade de iterações: 38
Quantidade de minerações: 0
EXEC_PROGRESS 27/30

Quantidade de iterações: 37
Quantidade de minerações: 0
EXEC_PROGRESS 28/30

Quantidade de iterações: 39
Quantidade de minerações: 0
EXEC_PROGRESS 29/30

Quantidade de iterações: 38
Quantidade de minerações: 0
EXEC_PROGRESS 30/30

Quantidade de iterações: 38
Quantidade de minerações: 0

Execution Summary:
  Instance: instances/MDG-a/MDG-a_26_n2000_m200.txt
  Matrix Size (N): 2000
  Solution Size (M): 200
  Number of Executions: 30
  ------------------------------------
  Average Solution: 113520.200000
  Best Solution Benefit: 113673.000000
  Average Time per Execution: 20.000000 sec
  Best Solution Time: 20.000000 sec
  BKS: 114265.000000
  Distance to BKS: 592.000000
  Percentage Distance to BKS: 0.52%
  Average Percentage Distance to BKS: 0.65%

  Details per Execution:
    Exec 1: Solution=113660.000000, Time=20.000000 sec, Dist BKS=0.53%
    Exec 2: Solution=113631.000000, Time=20.000000 sec, Dist BKS=0.55%
    Exec 3: Solution=113634.000000, Time=20.000000 sec, Dist BKS=0.55%
    Exec 4: Solution=113568.000000, Time=20.000000 sec, Dist BKS=0.61%
    Exec 5: Solution=113642.000000, Time=20.000000 sec, Dist BKS=0.55%
    Exec 6: Solution=113493.000000, Time=20.000000 sec, Dist BKS=0.68%
    Exec 7: Solution=113425.000000, Time=20.000000 sec, Dist BKS=0.74%
    Exec 8: Solution=113445.000000, Time=20.000000 sec, Dist BKS=0.72%
    Exec 9: Solution=113438.000000, Time=20.000000 sec, Dist BKS=0.72%
    Exec 10: Solution=113468.000000, Time=20.000000 sec, Dist BKS=0.70%
    Exec 11: Solution=113532.000000, Time=20.000000 sec, Dist BKS=0.64%
    Exec 12: Solution=113381.000000, Time=20.000000 sec, Dist BKS=0.77%
    Exec 13: Solution=113521.000000, Time=20.000000 sec, Dist BKS=0.65%
    Exec 14: Solution=113513.000000, Time=20.000000 sec, Dist BKS=0.66%
    Exec 15: Solution=113491.000000, Time=20.000000 sec, Dist BKS=0.68%
    Exec 16: Solution=113431.000000, Time=20.000000 sec, Dist BKS=0.73%
    Exec 17: Solution=113457.000000, Time=20.000000 sec, Dist BKS=0.71%
    Exec 18: Solution=113552.000000, Time=20.000000 sec, Dist BKS=0.62%
    Exec 19: Solution=113634.000000, Time=20.000000 sec, Dist BKS=0.55%
    Exec 20: Solution=113371.000000, Time=20.000000 sec, Dist BKS=0.78%
    Exec 21: Solution=113423.000000, Time=20.000000 sec, Dist BKS=0.74%
    Exec 22: Solution=113620.000000, Time=20.000000 sec, Dist BKS=0.56%
    Exec 23: Solution=113566.000000, Time=20.000000 sec, Dist BKS=0.61%
    Exec 24: Solution=113673.000000, Time=20.000000 sec, Dist BKS=0.52%
    Exec 25: Solution=113645.000000, Time=20.000000 sec, Dist BKS=0.54%
    Exec 26: Solution=113503.000000, Time=20.000000 sec, Dist BKS=0.67%
    Exec 27: Solution=113473.000000, Time=20.000000 sec, Dist BKS=0.69%
    Exec 28: Solution=113312.000000, Time=20.000000 sec, Dist BKS=0.83%
    Exec 29: Solution=113621.000000, Time=20.000000 sec, Dist BKS=0.56%
    Exec 30: Solution=113483.000000, Time=20.000000 sec, Dist BKS=0.68%
