START SOLUTION
	Parameters used:
	instance = instances/MDG-a/MDG-a_21_n2000_m200.txt
	solution_Size = 200
	meta_Heuristic = grasp

EXEC_PROGRESS 1/30

Quantidade de iterações: 46
Quantidade de minerações: 0
EXEC_PROGRESS 2/30

Quantidade de iterações: 45
Quantidade de minerações: 0
EXEC_PROGRESS 3/30

Quantidade de iterações: 37
Quantidade de minerações: 0
EXEC_PROGRESS 4/30

Quantidade de iterações: 41
Quantidade de minerações: 0
EXEC_PROGRESS 5/30

Quantidade de iterações: 42
Quantidade de minerações: 0
EXEC_PROGRESS 6/30

Quantidade de iterações: 52
Quantidade de minerações: 0
EXEC_PROGRESS 7/30

Quantidade de iterações: 37
Quantidade de minerações: 0
EXEC_PROGRESS 8/30

Quantidade de iterações: 45
Quantidade de minerações: 0
EXEC_PROGRESS 9/30

Quantidade de iterações: 53
Quantidade de minerações: 0
EXEC_PROGRESS 10/30

Quantidade de iterações: 47
Quantidade de minerações: 0
EXEC_PROGRESS 11/30

Quantidade de iterações: 50
Quantidade de minerações: 0
EXEC_PROGRESS 12/30

Quantidade de iterações: 53
Quantidade de minerações: 0
EXEC_PROGRESS 13/30

Quantidade de iterações: 55
Quantidade de minerações: 0
EXEC_PROGRESS 14/30

Quantidade de iterações: 53
Quantidade de minerações: 0
EXEC_PROGRESS 15/30

Quantidade de iterações: 47
Quantidade de minerações: 0
EXEC_PROGRESS 16/30

Quantidade de iterações: 54
Quantidade de minerações: 0
EXEC_PROGRESS 17/30

Quantidade de iterações: 40
Quantidade de minerações: 0
EXEC_PROGRESS 18/30

Quantidade de iterações: 48
Quantidade de minerações: 0
EXEC_PROGRESS 19/30

Quantidade de iterações: 45
Quantidade de minerações: 0
EXEC_PROGRESS 20/30

Quantidade de iterações: 43
Quantidade de minerações: 0
EXEC_PROGRESS 21/30

Quantidade de iterações: 43
Quantidade de minerações: 0
EXEC_PROGRESS 22/30

Quantidade de iterações: 37
Quantidade de minerações: 0
EXEC_PROGRESS 23/30

Quantidade de iterações: 50
Quantidade de minerações: 0
EXEC_PROGRESS 24/30

Quantidade de iterações: 46
Quantidade de minerações: 0
EXEC_PROGRESS 25/30

Quantidade de iterações: 45
Quantidade de minerações: 0
EXEC_PROGRESS 26/30

Quantidade de iterações: 33
Quantidade de minerações: 0
EXEC_PROGRESS 27/30

Quantidade de iterações: 36
Quantidade de minerações: 0
EXEC_PROGRESS 28/30

Quantidade de iterações: 36
Quantidade de minerações: 0
EXEC_PROGRESS 29/30

Quantidade de iterações: 35
Quantidade de minerações: 0
EXEC_PROGRESS 30/30

Quantidade de iterações: 37
Quantidade de minerações: 0

Execution Summary:
  Instance: instances/MDG-a/MDG-a_21_n2000_m200.txt
  Matrix Size (N): 2000
  Solution Size (M): 200
  Number of Executions: 30
  ------------------------------------
  Average Solution: 113505.700000
  Best Solution Benefit: 113712.000000
  Average Time per Execution: 20.000000 sec
  Best Solution Time: 20.000000 sec
  BKS: 114271.000000
  Distance to BKS: 559.000000
  Percentage Distance to BKS: 0.49%
  Average Percentage Distance to BKS: 0.67%

  Details per Execution:
    Exec 1: Solution=113458.000000, Time=20.000000 sec, Dist BKS=0.71%
    Exec 2: Solution=113531.000000, Time=20.000000 sec, Dist BKS=0.65%
    Exec 3: Solution=113381.000000, Time=20.000000 sec, Dist BKS=0.78%
    Exec 4: Solution=113513.000000, Time=20.000000 sec, Dist BKS=0.66%
    Exec 5: Solution=113577.000000, Time=20.000000 sec, Dist BKS=0.61%
    Exec 6: Solution=113441.000000, Time=20.000000 sec, Dist BKS=0.73%
    Exec 7: Solution=113598.000000, Time=20.000000 sec, Dist BKS=0.59%
    Exec 8: Solution=113380.000000, Time=20.000000 sec, Dist BKS=0.78%
    Exec 9: Solution=113428.000000, Time=20.000000 sec, Dist BKS=0.74%
    Exec 10: Solution=113712.000000, Time=20.000000 sec, Dist BKS=0.49%
    Exec 11: Solution=113386.000000, Time=20.000000 sec, Dist BKS=0.77%
    Exec 12: Solution=113393.000000, Time=20.000000 sec, Dist BKS=0.77%
    Exec 13: Solution=113420.000000, Time=20.000000 sec, Dist BKS=0.74%
    Exec 14: Solution=113622.000000, Time=20.000000 sec, Dist BKS=0.57%
    Exec 15: Solution=113431.000000, Time=20.000000 sec, Dist BKS=0.74%
    Exec 16: Solution=113703.000000, Time=20.000000 sec, Dist BKS=0.50%
    Exec 17: Solution=113566.000000, Time=20.000000 sec, Dist BKS=0.62%
    Exec 18: Solution=113488.000000, Time=20.000000 sec, Dist BKS=0.69%
    Exec 19: Solution=113525.000000, Time=20.000000 sec, Dist BKS=0.65%
    Exec 20: Solution=113584.000000, Time=20.000000 sec, Dist BKS=0.60%
    Exec 21: Solution=113483.000000, Time=20.000000 sec, Dist BKS=0.69%
    Exec 22: Solution=113341.000000, Time=20.000000 sec, Dist BKS=0.81%
    Exec 23: Solution=113438.000000, Time=20.000000 sec, Dist BKS=0.73%
    Exec 24: Solution=113600.000000, Time=20.000000 sec, Dist BKS=0.59%
    Exec 25: Solution=113628.000000, Time=20.000000 sec, Dist BKS=0.56%
    Exec 26: Solution=113369.000000, Time=20.000000 sec, Dist BKS=0.79%
    Exec 27: Solution=113404.000000, Time=20.000000 sec, Dist BKS=0.76%
    Exec 28: Solution=113698.000000, Time=20.000000 sec, Dist BKS=0.50%
    Exec 29: Solution=113525.000000, Time=20.000000 sec, Dist BKS=0.65%
    Exec 30: Solution=113548.000000, Time=20.000000 sec, Dist BKS=0.63%
