START SOLUTION
	Parameters used:
	instance = instances/MDG-a/MDG-a_36_n2000_m200.txt
	solution_Size = 200
	meta_Heuristic = grasp

EXEC_PROGRESS 1/30

Quantidade de iterações: 47
Quantidade de minerações: 0
EXEC_PROGRESS 2/30

Quantidade de iterações: 46
Quantidade de minerações: 0
EXEC_PROGRESS 3/30

Quantidade de iterações: 46
Quantidade de minerações: 0
EXEC_PROGRESS 4/30

Quantidade de iterações: 42
Quantidade de minerações: 0
EXEC_PROGRESS 5/30

Quantidade de iterações: 37
Quantidade de minerações: 0
EXEC_PROGRESS 6/30

Quantidade de iterações: 43
Quantidade de minerações: 0
EXEC_PROGRESS 7/30

Quantidade de iterações: 46
Quantidade de minerações: 0
EXEC_PROGRESS 8/30

Quantidade de iterações: 47
Quantidade de minerações: 0
EXEC_PROGRESS 9/30

Quantidade de iterações: 50
Quantidade de minerações: 0
EXEC_PROGRESS 10/30

Quantidade de iterações: 49
Quantidade de minerações: 0
EXEC_PROGRESS 11/30

Quantidade de iterações: 53
Quantidade de minerações: 0
EXEC_PROGRESS 12/30

Quantidade de iterações: 47
Quantidade de minerações: 0
EXEC_PROGRESS 13/30

Quantidade de iterações: 46
Quantidade de minerações: 0
EXEC_PROGRESS 14/30

Quantidade de iterações: 39
Quantidade de minerações: 0
EXEC_PROGRESS 15/30

Quantidade de iterações: 47
Quantidade de minerações: 0
EXEC_PROGRESS 16/30

Quantidade de iterações: 50
Quantidade de minerações: 0
EXEC_PROGRESS 17/30

Quantidade de iterações: 46
Quantidade de minerações: 0
EXEC_PROGRESS 18/30

Quantidade de iterações: 47
Quantidade de minerações: 0
EXEC_PROGRESS 19/30

Quantidade de iterações: 47
Quantidade de minerações: 0
EXEC_PROGRESS 20/30

Quantidade de iterações: 50
Quantidade de minerações: 0
EXEC_PROGRESS 21/30

Quantidade de iterações: 47
Quantidade de minerações: 0
EXEC_PROGRESS 22/30

Quantidade de iterações: 47
Quantidade de minerações: 0
EXEC_PROGRESS 23/30

Quantidade de iterações: 45
Quantidade de minerações: 0
EXEC_PROGRESS 24/30

Quantidade de iterações: 51
Quantidade de minerações: 0
EXEC_PROGRESS 25/30

Quantidade de iterações: 52
Quantidade de minerações: 0
EXEC_PROGRESS 26/30

Quantidade de iterações: 49
Quantidade de minerações: 0
EXEC_PROGRESS 27/30

Quantidade de iterações: 52
Quantidade de minerações: 0
EXEC_PROGRESS 28/30

Quantidade de iterações: 50
Quantidade de minerações: 0
EXEC_PROGRESS 29/30

Quantidade de iterações: 49
Quantidade de minerações: 0
EXEC_PROGRESS 30/30

Quantidade de iterações: 49
Quantidade de minerações: 0

Execution Summary:
  Instance: instances/MDG-a/MDG-a_36_n2000_m200.txt
  Matrix Size (N): 2000
  Solution Size (M): 200
  Number of Executions: 30
  ------------------------------------
  Average Solution: 113528.800000
  Best Solution Benefit: 113713.000000
  Average Time per Execution: 20.000000 sec
  Best Solution Time: 20.000000 sec
  BKS: 114335.000000
  Distance to BKS: 622.000000
  Percentage Distance to BKS: 0.54%
  Average Percentage Distance to BKS: 0.71%

  Details per Execution:
    Exec 1: Solution=113462.000000, Time=20.000000 sec, Dist BKS=0.76%
    Exec 2: Solution=113599.000000, Time=20.000000 sec, Dist BKS=0.64%
    Exec 3: Solution=113611.000000, Time=20.000000 sec, Dist BKS=0.63%
    Exec 4: Solution=113514.000000, Time=20.000000 sec, Dist BKS=0.72%
    Exec 5: Solution=113426.000000, Time=20.000000 sec, Dist BKS=0.80%
    Exec 6: Solution=113582.000000, Time=20.000000 sec, Dist BKS=0.66%
    Exec 7: Solution=113525.000000, Time=20.000000 sec, Dist BKS=0.71%
    Exec 8: Solution=113570.000000, Time=20.000000 sec, Dist BKS=0.67%
    Exec 9: Solution=113447.000000, Time=20.000000 sec, Dist BKS=0.78%
    Exec 10: Solution=113620.000000, Time=20.000000 sec, Dist BKS=0.63%
    Exec 11: Solution=113440.000000, Time=20.000000 sec, Dist BKS=0.78%
    Exec 12: Solution=113548.000000, Time=20.000000 sec, Dist BKS=0.69%
    Exec 13: Solution=113707.000000, Time=20.000000 sec, Dist BKS=0.55%
    Exec 14: Solution=113542.000000, Time=20.000000 sec, Dist BKS=0.69%
    Exec 15: Solution=113549.000000, Time=20.000000 sec, Dist BKS=0.69%
    Exec 16: Solution=113397.000000, Time=20.000000 sec, Dist BKS=0.82%
    Exec 17: Solution=113552.000000, Time=20.000000 sec, Dist BKS=0.68%
    Exec 18: Solution=113465.000000, Time=20.000000 sec, Dist BKS=0.76%
    Exec 19: Solution=113552.000000, Time=20.000000 sec, Dist BKS=0.68%
    Exec 20: Solution=113541.000000, Time=20.000000 sec, Dist BKS=0.69%
    Exec 21: Solution=113532.000000, Time=20.000000 sec, Dist BKS=0.70%
    Exec 22: Solution=113491.000000, Time=20.000000 sec, Dist BKS=0.74%
    Exec 23: Solution=113416.000000, Time=20.000000 sec, Dist BKS=0.80%
    Exec 24: Solution=113713.000000, Time=20.000000 sec, Dist BKS=0.54%
    Exec 25: Solution=113480.000000, Time=20.000000 sec, Dist BKS=0.75%
    Exec 26: Solution=113417.000000, Time=20.000000 sec, Dist BKS=0.80%
    Exec 27: Solution=113477.000000, Time=20.000000 sec, Dist BKS=0.75%
    Exec 28: Solution=113435.000000, Time=20.000000 sec, Dist BKS=0.79%
    Exec 29: Solution=113657.000000, Time=20.000000 sec, Dist BKS=0.59%
    Exec 30: Solution=113597.000000, Time=20.000000 sec, Dist BKS=0.65%
