START SOLUTION
	Parameters used:
	instance = instances/MDG-a/MDG-a_32_n2000_m200.txt
	solution_Size = 200
	meta_Heuristic = grasp

EXEC_PROGRESS 1/30

Quantidade de iterações: 36
Quantidade de minerações: 0
EXEC_PROGRESS 2/30

Quantidade de iterações: 44
Quantidade de minerações: 0
EXEC_PROGRESS 3/30

Quantidade de iterações: 47
Quantidade de minerações: 0
EXEC_PROGRESS 4/30

Quantidade de iterações: 48
Quantidade de minerações: 0
EXEC_PROGRESS 5/30

Quantidade de iterações: 45
Quantidade de minerações: 0
EXEC_PROGRESS 6/30

Quantidade de iterações: 47
Quantidade de minerações: 0
EXEC_PROGRESS 7/30

Quantidade de iterações: 47
Quantidade de minerações: 0
EXEC_PROGRESS 8/30

Quantidade de iterações: 48
Quantidade de minerações: 0
EXEC_PROGRESS 9/30

Quantidade de iterações: 43
Quantidade de minerações: 0
EXEC_PROGRESS 10/30

Quantidade de iterações: 40
Quantidade de minerações: 0
EXEC_PROGRESS 11/30

Quantidade de iterações: 40
Quantidade de minerações: 0
EXEC_PROGRESS 12/30

Quantidade de iterações: 44
Quantidade de minerações: 0
EXEC_PROGRESS 13/30

Quantidade de iterações: 47
Quantidade de minerações: 0
EXEC_PROGRESS 14/30

Quantidade de iterações: 48
Quantidade de minerações: 0
EXEC_PROGRESS 15/30

Quantidade de iterações: 45
Quantidade de minerações: 0
EXEC_PROGRESS 16/30

Quantidade de iterações: 44
Quantidade de minerações: 0
EXEC_PROGRESS 17/30

Quantidade de iterações: 43
Quantidade de minerações: 0
EXEC_PROGRESS 18/30

Quantidade de iterações: 41
Quantidade de minerações: 0
EXEC_PROGRESS 19/30

Quantidade de iterações: 43
Quantidade de minerações: 0
EXEC_PROGRESS 20/30

Quantidade de iterações: 43
Quantidade de minerações: 0
EXEC_PROGRESS 21/30

Quantidade de iterações: 37
Quantidade de minerações: 0
EXEC_PROGRESS 22/30

Quantidade de iterações: 34
Quantidade de minerações: 0
EXEC_PROGRESS 23/30

Quantidade de iterações: 53
Quantidade de minerações: 0
EXEC_PROGRESS 24/30

Quantidade de iterações: 52
Quantidade de minerações: 0
EXEC_PROGRESS 25/30

Quantidade de iterações: 53
Quantidade de minerações: 0
EXEC_PROGRESS 26/30

Quantidade de iterações: 52
Quantidade de minerações: 0
EXEC_PROGRESS 27/30

Quantidade de iterações: 46
Quantidade de minerações: 0
EXEC_PROGRESS 28/30

Quantidade de iterações: 41
Quantidade de minerações: 0
EXEC_PROGRESS 29/30

Quantidade de iterações: 46
Quantidade de minerações: 0
EXEC_PROGRESS 30/30

Quantidade de iterações: 50
Quantidade de minerações: 0

Execution Summary:
  Instance: instances/MDG-a/MDG-a_32_n2000_m200.txt
  Matrix Size (N): 2000
  Solution Size (M): 200
  Number of Executions: 30
  ------------------------------------
  Average Solution: 113436.366667
  Best Solution Benefit: 113725.000000
  Average Time per Execution: 20.000000 sec
  Best Solution Time: 20.000000 sec
  BKS: 114214.000000
  Distance to BKS: 489.000000
  Percentage Distance to BKS: 0.43%
  Average Percentage Distance to BKS: 0.68%

  Details per Execution:
    Exec 1: Solution=113276.000000, Time=20.000000 sec, Dist BKS=0.82%
    Exec 2: Solution=113491.000000, Time=20.000000 sec, Dist BKS=0.63%
    Exec 3: Solution=113464.000000, Time=20.000000 sec, Dist BKS=0.66%
    Exec 4: Solution=113363.000000, Time=20.000000 sec, Dist BKS=0.75%
    Exec 5: Solution=113706.000000, Time=20.000000 sec, Dist BKS=0.44%
    Exec 6: Solution=113520.000000, Time=20.000000 sec, Dist BKS=0.61%
    Exec 7: Solution=113239.000000, Time=20.000000 sec, Dist BKS=0.85%
    Exec 8: Solution=113427.000000, Time=20.000000 sec, Dist BKS=0.69%
    Exec 9: Solution=113337.000000, Time=20.000000 sec, Dist BKS=0.77%
    Exec 10: Solution=113514.000000, Time=20.000000 sec, Dist BKS=0.61%
    Exec 11: Solution=113340.000000, Time=20.000000 sec, Dist BKS=0.77%
    Exec 12: Solution=113339.000000, Time=20.000000 sec, Dist BKS=0.77%
    Exec 13: Solution=113386.000000, Time=20.000000 sec, Dist BKS=0.72%
    Exec 14: Solution=113725.000000, Time=20.000000 sec, Dist BKS=0.43%
    Exec 15: Solution=113353.000000, Time=20.000000 sec, Dist BKS=0.75%
    Exec 16: Solution=113562.000000, Time=20.000000 sec, Dist BKS=0.57%
    Exec 17: Solution=113523.000000, Time=20.000000 sec, Dist BKS=0.61%
    Exec 18: Solution=113320.000000, Time=20.000000 sec, Dist BKS=0.78%
    Exec 19: Solution=113367.000000, Time=20.000000 sec, Dist BKS=0.74%
    Exec 20: Solution=113588.000000, Time=20.000000 sec, Dist BKS=0.55%
    Exec 21: Solution=113331.000000, Time=20.000000 sec, Dist BKS=0.77%
    Exec 22: Solution=113408.000000, Time=20.000000 sec, Dist BKS=0.71%
    Exec 23: Solution=113476.000000, Time=20.000000 sec, Dist BKS=0.65%
    Exec 24: Solution=113444.000000, Time=20.000000 sec, Dist BKS=0.67%
    Exec 25: Solution=113576.000000, Time=20.000000 sec, Dist BKS=0.56%
    Exec 26: Solution=113561.000000, Time=20.000000 sec, Dist BKS=0.57%
    Exec 27: Solution=113325.000000, Time=20.000000 sec, Dist BKS=0.78%
    Exec 28: Solution=113278.000000, Time=20.000000 sec, Dist BKS=0.82%
    Exec 29: Solution=113536.000000, Time=20.000000 sec, Dist BKS=0.59%
    Exec 30: Solution=113316.000000, Time=20.000000 sec, Dist BKS=0.79%
