START SOLUTION
	Parameters used:
	instance = instances/MDG-a/MDG-a_34_n2000_m200.txt
	solution_Size = 200
	meta_Heuristic = grasp

EXEC_PROGRESS 1/30

Quantidade de iterações: 49
Quantidade de minerações: 0
EXEC_PROGRESS 2/30

Quantidade de iterações: 44
Quantidade de minerações: 0
EXEC_PROGRESS 3/30

Quantidade de iterações: 39
Quantidade de minerações: 0
EXEC_PROGRESS 4/30

Quantidade de iterações: 48
Quantidade de minerações: 0
EXEC_PROGRESS 5/30

Quantidade de iterações: 49
Quantidade de minerações: 0
EXEC_PROGRESS 6/30

Quantidade de iterações: 50
Quantidade de minerações: 0
EXEC_PROGRESS 7/30

Quantidade de iterações: 53
Quantidade de minerações: 0
EXEC_PROGRESS 8/30

Quantidade de iterações: 53
Quantidade de minerações: 0
EXEC_PROGRESS 9/30

Quantidade de iterações: 50
Quantidade de minerações: 0
EXEC_PROGRESS 10/30

Quantidade de iterações: 46
Quantidade de minerações: 0
EXEC_PROGRESS 11/30

Quantidade de iterações: 52
Quantidade de minerações: 0
EXEC_PROGRESS 12/30

Quantidade de iterações: 49
Quantidade de minerações: 0
EXEC_PROGRESS 13/30

Quantidade de iterações: 50
Quantidade de minerações: 0
EXEC_PROGRESS 14/30

Quantidade de iterações: 50
Quantidade de minerações: 0
EXEC_PROGRESS 15/30

Quantidade de iterações: 44
Quantidade de minerações: 0
EXEC_PROGRESS 16/30

Quantidade de iterações: 43
Quantidade de minerações: 0
EXEC_PROGRESS 17/30

Quantidade de iterações: 52
Quantidade de minerações: 0
EXEC_PROGRESS 18/30

Quantidade de iterações: 45
Quantidade de minerações: 0
EXEC_PROGRESS 19/30

Quantidade de iterações: 42
Quantidade de minerações: 0
EXEC_PROGRESS 20/30

Quantidade de iterações: 45
Quantidade de minerações: 0
EXEC_PROGRESS 21/30

Quantidade de iterações: 42
Quantidade de minerações: 0
EXEC_PROGRESS 22/30

Quantidade de iterações: 39
Quantidade de minerações: 0
EXEC_PROGRESS 23/30

Quantidade de iterações: 47
Quantidade de minerações: 0
EXEC_PROGRESS 24/30

Quantidade de iterações: 49
Quantidade de minerações: 0
EXEC_PROGRESS 25/30

Quantidade de iterações: 47
Quantidade de minerações: 0
EXEC_PROGRESS 26/30

Quantidade de iterações: 46
Quantidade de minerações: 0
EXEC_PROGRESS 27/30

Quantidade de iterações: 47
Quantidade de minerações: 0
EXEC_PROGRESS 28/30

Quantidade de iterações: 48
Quantidade de minerações: 0
EXEC_PROGRESS 29/30

Quantidade de iterações: 51
Quantidade de minerações: 0
EXEC_PROGRESS 30/30

Quantidade de iterações: 48
Quantidade de minerações: 0

Execution Summary:
  Instance: instances/MDG-a/MDG-a_34_n2000_m200.txt
  Matrix Size (N): 2000
  Solution Size (M): 200
  Number of Executions: 30
  ------------------------------------
  Average Solution: 113375.966667
  Best Solution Benefit: 113638.000000
  Average Time per Execution: 20.000000 sec
  Best Solution Time: 20.000000 sec
  BKS: 114216.000000
  Distance to BKS: 578.000000
  Percentage Distance to BKS: 0.51%
  Average Percentage Distance to BKS: 0.74%

  Details per Execution:
    Exec 1: Solution=113387.000000, Time=20.000000 sec, Dist BKS=0.73%
    Exec 2: Solution=113282.000000, Time=20.000000 sec, Dist BKS=0.82%
    Exec 3: Solution=113505.000000, Time=20.000000 sec, Dist BKS=0.62%
    Exec 4: Solution=113362.000000, Time=20.000000 sec, Dist BKS=0.75%
    Exec 5: Solution=113354.000000, Time=20.000000 sec, Dist BKS=0.75%
    Exec 6: Solution=113383.000000, Time=20.000000 sec, Dist BKS=0.73%
    Exec 7: Solution=113264.000000, Time=20.000000 sec, Dist BKS=0.83%
    Exec 8: Solution=113490.000000, Time=20.000000 sec, Dist BKS=0.64%
    Exec 9: Solution=113454.000000, Time=20.000000 sec, Dist BKS=0.67%
    Exec 10: Solution=113310.000000, Time=20.000000 sec, Dist BKS=0.79%
    Exec 11: Solution=113412.000000, Time=20.000000 sec, Dist BKS=0.70%
    Exec 12: Solution=113391.000000, Time=20.000000 sec, Dist BKS=0.72%
    Exec 13: Solution=113372.000000, Time=20.000000 sec, Dist BKS=0.74%
    Exec 14: Solution=113286.000000, Time=20.000000 sec, Dist BKS=0.81%
    Exec 15: Solution=113356.000000, Time=20.000000 sec, Dist BKS=0.75%
    Exec 16: Solution=113512.000000, Time=20.000000 sec, Dist BKS=0.62%
    Exec 17: Solution=113242.000000, Time=20.000000 sec, Dist BKS=0.85%
    Exec 18: Solution=113423.000000, Time=20.000000 sec, Dist BKS=0.69%
    Exec 19: Solution=113396.000000, Time=20.000000 sec, Dist BKS=0.72%
    Exec 20: Solution=113371.000000, Time=20.000000 sec, Dist BKS=0.74%
    Exec 21: Solution=113159.000000, Time=20.000000 sec, Dist BKS=0.93%
    Exec 22: Solution=113171.000000, Time=20.000000 sec, Dist BKS=0.91%
    Exec 23: Solution=113432.000000, Time=20.000000 sec, Dist BKS=0.69%
    Exec 24: Solution=113512.000000, Time=20.000000 sec, Dist BKS=0.62%
    Exec 25: Solution=113341.000000, Time=20.000000 sec, Dist BKS=0.77%
    Exec 26: Solution=113240.000000, Time=20.000000 sec, Dist BKS=0.85%
    Exec 27: Solution=113487.000000, Time=20.000000 sec, Dist BKS=0.64%
    Exec 28: Solution=113433.000000, Time=20.000000 sec, Dist BKS=0.69%
    Exec 29: Solution=113314.000000, Time=20.000000 sec, Dist BKS=0.79%
    Exec 30: Solution=113638.000000, Time=20.000000 sec, Dist BKS=0.51%
