START SOLUTION
	Parameters used:
	instance = instances/MDG-a/MDG-a_35_n2000_m200.txt
	solution_Size = 200
	meta_Heuristic = grasp

EXEC_PROGRESS 1/30

Quantidade de iterações: 49
Quantidade de minerações: 0
EXEC_PROGRESS 2/30

Quantidade de iterações: 50
Quantidade de minerações: 0
EXEC_PROGRESS 3/30

Quantidade de iterações: 50
Quantidade de minerações: 0
EXEC_PROGRESS 4/30

Quantidade de iterações: 41
Quantidade de minerações: 0
EXEC_PROGRESS 5/30

Quantidade de iterações: 44
Quantidade de minerações: 0
EXEC_PROGRESS 6/30

Quantidade de iterações: 39
Quantidade de minerações: 0
EXEC_PROGRESS 7/30

Quantidade de iterações: 37
Quantidade de minerações: 0
EXEC_PROGRESS 8/30

Quantidade de iterações: 47
Quantidade de minerações: 0
EXEC_PROGRESS 9/30

Quantidade de iterações: 47
Quantidade de minerações: 0
EXEC_PROGRESS 10/30

Quantidade de iterações: 52
Quantidade de minerações: 0
EXEC_PROGRESS 11/30

Quantidade de iterações: 50
Quantidade de minerações: 0
EXEC_PROGRESS 12/30

Quantidade de iterações: 54
Quantidade de minerações: 0
EXEC_PROGRESS 13/30

Quantidade de iterações: 49
Quantidade de minerações: 0
EXEC_PROGRESS 14/30

Quantidade de iterações: 49
Quantidade de minerações: 0
EXEC_PROGRESS 15/30

Quantidade de iterações: 43
Quantidade de minerações: 0
EXEC_PROGRESS 16/30

Quantidade de iterações: 41
Quantidade de minerações: 0
EXEC_PROGRESS 17/30

Quantidade de iterações: 49
Quantidade de minerações: 0
EXEC_PROGRESS 18/30

Quantidade de iterações: 48
Quantidade de minerações: 0
EXEC_PROGRESS 19/30

Quantidade de iterações: 48
Quantidade de minerações: 0
EXEC_PROGRESS 20/30

Quantidade de iterações: 45
Quantidade de minerações: 0
EXEC_PROGRESS 21/30

Quantidade de iterações: 50
Quantidade de minerações: 0
EXEC_PROGRESS 22/30

Quantidade de iterações: 47
Quantidade de minerações: 0
EXEC_PROGRESS 23/30

Quantidade de iterações: 48
Quantidade de minerações: 0
EXEC_PROGRESS 24/30

Quantidade de iterações: 45
Quantidade de minerações: 0
EXEC_PROGRESS 25/30

Quantidade de iterações: 49
Quantidade de minerações: 0
EXEC_PROGRESS 26/30

Quantidade de iterações: 56
Quantidade de minerações: 0
EXEC_PROGRESS 27/30

Quantidade de iterações: 49
Quantidade de minerações: 0
EXEC_PROGRESS 28/30

Quantidade de iterações: 50
Quantidade de minerações: 0
EXEC_PROGRESS 29/30

Quantidade de iterações: 53
Quantidade de minerações: 0
EXEC_PROGRESS 30/30

Quantidade de iterações: 52
Quantidade de minerações: 0

Execution Summary:
  Instance: instances/MDG-a/MDG-a_35_n2000_m200.txt
  Matrix Size (N): 2000
  Solution Size (M): 200
  Number of Executions: 30
  ------------------------------------
  Average Solution: 113482.000000
  Best Solution Benefit: 113707.000000
  Average Time per Execution: 20.000000 sec
  Best Solution Time: 20.000000 sec
  BKS: 114240.000000
  Distance to BKS: 533.000000
  Percentage Distance to BKS: 0.47%
  Average Percentage Distance to BKS: 0.66%

  Details per Execution:
    Exec 1: Solution=113621.000000, Time=20.000000 sec, Dist BKS=0.54%
    Exec 2: Solution=113557.000000, Time=20.000000 sec, Dist BKS=0.60%
    Exec 3: Solution=113301.000000, Time=20.000000 sec, Dist BKS=0.82%
    Exec 4: Solution=113427.000000, Time=20.000000 sec, Dist BKS=0.71%
    Exec 5: Solution=113410.000000, Time=20.000000 sec, Dist BKS=0.73%
    Exec 6: Solution=113460.000000, Time=20.000000 sec, Dist BKS=0.68%
    Exec 7: Solution=113570.000000, Time=20.000000 sec, Dist BKS=0.59%
    Exec 8: Solution=113534.000000, Time=20.000000 sec, Dist BKS=0.62%
    Exec 9: Solution=113442.000000, Time=20.000000 sec, Dist BKS=0.70%
    Exec 10: Solution=113537.000000, Time=20.000000 sec, Dist BKS=0.62%
    Exec 11: Solution=113489.000000, Time=20.000000 sec, Dist BKS=0.66%
    Exec 12: Solution=113596.000000, Time=20.000000 sec, Dist BKS=0.56%
    Exec 13: Solution=113492.000000, Time=20.000000 sec, Dist BKS=0.65%
    Exec 14: Solution=113310.000000, Time=20.000000 sec, Dist BKS=0.81%
    Exec 15: Solution=113593.000000, Time=20.000000 sec, Dist BKS=0.57%
    Exec 16: Solution=113410.000000, Time=20.000000 sec, Dist BKS=0.73%
    Exec 17: Solution=113357.000000, Time=20.000000 sec, Dist BKS=0.77%
    Exec 18: Solution=113707.000000, Time=20.000000 sec, Dist BKS=0.47%
    Exec 19: Solution=113484.000000, Time=20.000000 sec, Dist BKS=0.66%
    Exec 20: Solution=113364.000000, Time=20.000000 sec, Dist BKS=0.77%
    Exec 21: Solution=113375.000000, Time=20.000000 sec, Dist BKS=0.76%
    Exec 22: Solution=113562.000000, Time=20.000000 sec, Dist BKS=0.59%
    Exec 23: Solution=113528.000000, Time=20.000000 sec, Dist BKS=0.62%
    Exec 24: Solution=113567.000000, Time=20.000000 sec, Dist BKS=0.59%
    Exec 25: Solution=113504.000000, Time=20.000000 sec, Dist BKS=0.64%
    Exec 26: Solution=113512.000000, Time=20.000000 sec, Dist BKS=0.64%
    Exec 27: Solution=113485.000000, Time=20.000000 sec, Dist BKS=0.66%
    Exec 28: Solution=113372.000000, Time=20.000000 sec, Dist BKS=0.76%
    Exec 29: Solution=113425.000000, Time=20.000000 sec, Dist BKS=0.71%
    Exec 30: Solution=113469.000000, Time=20.000000 sec, Dist BKS=0.67%
