START SOLUTION
	Parameters used:
	instance = instances/MDG-a/MDG-a_33_n2000_m200.txt
	solution_Size = 200
	meta_Heuristic = grasp

EXEC_PROGRESS 1/30

Quantidade de iterações: 52
Quantidade de minerações: 0
EXEC_PROGRESS 2/30

Quantidade de iterações: 51
Quantidade de minerações: 0
EXEC_PROGRESS 3/30

Quantidade de iterações: 45
Quantidade de minerações: 0
EXEC_PROGRESS 4/30

Quantidade de iterações: 41
Quantidade de minerações: 0
EXEC_PROGRESS 5/30

Quantidade de iterações: 49
Quantidade de minerações: 0
EXEC_PROGRESS 6/30

Quantidade de iterações: 48
Quantidade de minerações: 0
EXEC_PROGRESS 7/30

Quantidade de iterações: 48
Quantidade de minerações: 0
EXEC_PROGRESS 8/30

Quantidade de iterações: 53
Quantidade de minerações: 0
EXEC_PROGRESS 9/30

Quantidade de iterações: 52
Quantidade de minerações: 0
EXEC_PROGRESS 10/30

Quantidade de iterações: 51
Quantidade de minerações: 0
EXEC_PROGRESS 11/30

Quantidade de iterações: 50
Quantidade de minerações: 0
EXEC_PROGRESS 12/30

Quantidade de iterações: 54
Quantidade de minerações: 0
EXEC_PROGRESS 13/30

Quantidade de iterações: 50
Quantidade de minerações: 0
EXEC_PROGRESS 14/30

Quantidade de iterações: 50
Quantidade de minerações: 0
EXEC_PROGRESS 15/30

Quantidade de iterações: 49
Quantidade de minerações: 0
EXEC_PROGRESS 16/30

Quantidade de iterações: 48
Quantidade de minerações: 0
EXEC_PROGRESS 17/30

Quantidade de iterações: 42
Quantidade de minerações: 0
EXEC_PROGRESS 18/30

Quantidade de iterações: 52
Quantidade de minerações: 0
EXEC_PROGRESS 19/30

Quantidade de iterações: 44
Quantidade de minerações: 0
EXEC_PROGRESS 20/30

Quantidade de iterações: 43
Quantidade de minerações: 0
EXEC_PROGRESS 21/30

Quantidade de iterações: 48
Quantidade de minerações: 0
EXEC_PROGRESS 22/30

Quantidade de iterações: 44
Quantidade de minerações: 0
EXEC_PROGRESS 23/30

Quantidade de iterações: 38
Quantidade de minerações: 0
EXEC_PROGRESS 24/30

Quantidade de iterações: 50
Quantidade de minerações: 0
EXEC_PROGRESS 25/30

Quantidade de iterações: 47
Quantidade de minerações: 0
EXEC_PROGRESS 26/30

Quantidade de iterações: 45
Quantidade de minerações: 0
EXEC_PROGRESS 27/30

Quantidade de iterações: 47
Quantidade de minerações: 0
EXEC_PROGRESS 28/30

Quantidade de iterações: 48
Quantidade de minerações: 0
EXEC_PROGRESS 29/30

Quantidade de iterações: 49
Quantidade de minerações: 0
EXEC_PROGRESS 30/30

Quantidade de iterações: 51
Quantidade de minerações: 0

Execution Summary:
  Instance: instances/MDG-a/MDG-a_33_n2000_m200.txt
  Matrix Size (N): 2000
  Solution Size (M): 200
  Number of Executions: 30
  ------------------------------------
  Average Solution: 113452.800000
  Best Solution Benefit: 113822.000000
  Average Time per Execution: 20.000000 sec
  Best Solution Time: 20.000000 sec
  BKS: 114233.000000
  Distance to BKS: 411.000000
  Percentage Distance to BKS: 0.36%
  Average Percentage Distance to BKS: 0.68%

  Details per Execution:
    Exec 1: Solution=113372.000000, Time=20.000000 sec, Dist BKS=0.75%
    Exec 2: Solution=113363.000000, Time=20.000000 sec, Dist BKS=0.76%
    Exec 3: Solution=113317.000000, Time=20.000000 sec, Dist BKS=0.80%
    Exec 4: Solution=113416.000000, Time=20.000000 sec, Dist BKS=0.72%
    Exec 5: Solution=113372.000000, Time=20.000000 sec, Dist BKS=0.75%
    Exec 6: Solution=113510.000000, Time=20.000000 sec, Dist BKS=0.63%
    Exec 7: Solution=113539.000000, Time=20.000000 sec, Dist BKS=0.61%
    Exec 8: Solution=113395.000000, Time=20.000000 sec, Dist BKS=0.73%
    Exec 9: Solution=113446.000000, Time=20.000000 sec, Dist BKS=0.69%
    Exec 10: Solution=113660.000000, Time=20.000000 sec, Dist BKS=0.50%
    Exec 11: Solution=113428.000000, Time=20.000000 sec, Dist BKS=0.70%
    Exec 12: Solution=113403.000000, Time=20.000000 sec, Dist BKS=0.73%
    Exec 13: Solution=113592.000000, Time=20.000000 sec, Dist BKS=0.56%
    Exec 14: Solution=113389.000000, Time=20.000000 sec, Dist BKS=0.74%
    Exec 15: Solution=113373.000000, Time=20.000000 sec, Dist BKS=0.75%
    Exec 16: Solution=113548.000000, Time=20.000000 sec, Dist BKS=0.60%
    Exec 17: Solution=113454.000000, Time=20.000000 sec, Dist BKS=0.68%
    Exec 18: Solution=113822.000000, Time=20.000000 sec, Dist BKS=0.36%
    Exec 19: Solution=113398.000000, Time=20.000000 sec, Dist BKS=0.73%
    Exec 20: Solution=113362.000000, Time=20.000000 sec, Dist BKS=0.76%
    Exec 21: Solution=113471.000000, Time=20.000000 sec, Dist BKS=0.67%
    Exec 22: Solution=113522.000000, Time=20.000000 sec, Dist BKS=0.62%
    Exec 23: Solution=113379.000000, Time=20.000000 sec, Dist BKS=0.75%
    Exec 24: Solution=113448.000000, Time=20.000000 sec, Dist BKS=0.69%
    Exec 25: Solution=113496.000000, Time=20.000000 sec, Dist BKS=0.65%
    Exec 26: Solution=113332.000000, Time=20.000000 sec, Dist BKS=0.79%
    Exec 27: Solution=113441.000000, Time=20.000000 sec, Dist BKS=0.69%
    Exec 28: Solution=113342.000000, Time=20.000000 sec, Dist BKS=0.78%
    Exec 29: Solution=113458.000000, Time=20.000000 sec, Dist BKS=0.68%
    Exec 30: Solution=113536.000000, Time=20.000000 sec, Dist BKS=0.61%
