START SOLUTION
	Parameters used:
	instance = instances/MDG-a/MDG-a_22_n2000_m200.txt
	solution_Size = 200
	meta_Heuristic = grasp

Execution Summary:
  Instance: instances/MDG-a/MDG-a_22_n2000_m200.txt
  Matrix Size (N): 2000
  Solution Size (M): 200
  Number of Executions: 10
  ------------------------------------
  Average Solution: 113710.80
  Best Solution Benefit: 113871.00
  BKS: 114327.00

  Details per Execution:
    Exec 1: Solution=113631
    Exec 2: Solution=113636
    Exec 3: Solution=113655
    Exec 4: Solution=113667
    Exec 5: Solution=113689
    Exec 6: Solution=113712
    Exec 7: Solution=113871
    Exec 8: Solution=113735
    Exec 9: Solution=113750
    Exec 10: Solution=113762
