START SOLUTION
	Parameters used:
	instance = instances/MDG-a/MDG-a_40_n2000_m200.txt
	solution_Size = 200
	meta_Heuristic = grasp

EXEC_PROGRESS 1/30

Quantidade de iterações: 46
Quantidade de minerações: 0
EXEC_PROGRESS 2/30

Quantidade de iterações: 47
Quantidade de minerações: 0
EXEC_PROGRESS 3/30

Quantidade de iterações: 51
Quantidade de minerações: 0
EXEC_PROGRESS 4/30

Quantidade de iterações: 48
Quantidade de minerações: 0
EXEC_PROGRESS 5/30

Quantidade de iterações: 42
Quantidade de minerações: 0
EXEC_PROGRESS 6/30

Quantidade de iterações: 51
Quantidade de minerações: 0
EXEC_PROGRESS 7/30

Quantidade de iterações: 45
Quantidade de minerações: 0
EXEC_PROGRESS 8/30

Quantidade de iterações: 39
Quantidade de minerações: 0
EXEC_PROGRESS 9/30

Quantidade de iterações: 47
Quantidade de minerações: 0
EXEC_PROGRESS 10/30

Quantidade de iterações: 49
Quantidade de minerações: 0
EXEC_PROGRESS 11/30

Quantidade de iterações: 55
Quantidade de minerações: 0
EXEC_PROGRESS 12/30

Quantidade de iterações: 55
Quantidade de minerações: 0
EXEC_PROGRESS 13/30

Quantidade de iterações: 51
Quantidade de minerações: 0
EXEC_PROGRESS 14/30

Quantidade de iterações: 46
Quantidade de minerações: 0
EXEC_PROGRESS 15/30

Quantidade de iterações: 51
Quantidade de minerações: 0
EXEC_PROGRESS 16/30

Quantidade de iterações: 51
Quantidade de minerações: 0
EXEC_PROGRESS 17/30

Quantidade de iterações: 50
Quantidade de minerações: 0
EXEC_PROGRESS 18/30

Quantidade de iterações: 53
Quantidade de minerações: 0
EXEC_PROGRESS 19/30

Quantidade de iterações: 58
Quantidade de minerações: 0
EXEC_PROGRESS 20/30

Quantidade de iterações: 47
Quantidade de minerações: 0
EXEC_PROGRESS 21/30

Quantidade de iterações: 46
Quantidade de minerações: 0
EXEC_PROGRESS 22/30

Quantidade de iterações: 53
Quantidade de minerações: 0
EXEC_PROGRESS 23/30

Quantidade de iterações: 49
Quantidade de minerações: 0
EXEC_PROGRESS 24/30

Quantidade de iterações: 46
Quantidade de minerações: 0
EXEC_PROGRESS 25/30

Quantidade de iterações: 48
Quantidade de minerações: 0
EXEC_PROGRESS 26/30

Quantidade de iterações: 53
Quantidade de minerações: 0
EXEC_PROGRESS 27/30

Quantidade de iterações: 64
Quantidade de minerações: 0
EXEC_PROGRESS 28/30

Quantidade de iterações: 61
Quantidade de minerações: 0
EXEC_PROGRESS 29/30

Quantidade de iterações: 67
Quantidade de minerações: 0
EXEC_PROGRESS 30/30

Quantidade de iterações: 64
Quantidade de minerações: 0

Execution Summary:
  Instance: instances/MDG-a/MDG-a_40_n2000_m200.txt
  Matrix Size (N): 2000
  Solution Size (M): 200
  Number of Executions: 30
  ------------------------------------
  Average Solution: 113520.100000
  Best Solution Benefit: 113726.000000
  Average Time per Execution: 20.000000 sec
  Best Solution Time: 20.000000 sec
  BKS: 114349.000000
  Distance to BKS: 623.000000
  Percentage Distance to BKS: 0.54%
  Average Percentage Distance to BKS: 0.72%

  Details per Execution:
    Exec 1: Solution=113383.000000, Time=20.000000 sec, Dist BKS=0.84%
    Exec 2: Solution=113503.000000, Time=20.000000 sec, Dist BKS=0.74%
    Exec 3: Solution=113552.000000, Time=20.000000 sec, Dist BKS=0.70%
    Exec 4: Solution=113613.000000, Time=20.000000 sec, Dist BKS=0.64%
    Exec 5: Solution=113610.000000, Time=20.000000 sec, Dist BKS=0.65%
    Exec 6: Solution=113548.000000, Time=20.000000 sec, Dist BKS=0.70%
    Exec 7: Solution=113554.000000, Time=20.000000 sec, Dist BKS=0.70%
    Exec 8: Solution=113408.000000, Time=20.000000 sec, Dist BKS=0.82%
    Exec 9: Solution=113368.000000, Time=20.000000 sec, Dist BKS=0.86%
    Exec 10: Solution=113490.000000, Time=20.000000 sec, Dist BKS=0.75%
    Exec 11: Solution=113443.000000, Time=20.000000 sec, Dist BKS=0.79%
    Exec 12: Solution=113459.000000, Time=20.000000 sec, Dist BKS=0.78%
    Exec 13: Solution=113569.000000, Time=20.000000 sec, Dist BKS=0.68%
    Exec 14: Solution=113578.000000, Time=20.000000 sec, Dist BKS=0.67%
    Exec 15: Solution=113473.000000, Time=20.000000 sec, Dist BKS=0.77%
    Exec 16: Solution=113697.000000, Time=20.000000 sec, Dist BKS=0.57%
    Exec 17: Solution=113511.000000, Time=20.000000 sec, Dist BKS=0.73%
    Exec 18: Solution=113499.000000, Time=20.000000 sec, Dist BKS=0.74%
    Exec 19: Solution=113454.000000, Time=20.000000 sec, Dist BKS=0.78%
    Exec 20: Solution=113640.000000, Time=20.000000 sec, Dist BKS=0.62%
    Exec 21: Solution=113468.000000, Time=20.000000 sec, Dist BKS=0.77%
    Exec 22: Solution=113543.000000, Time=20.000000 sec, Dist BKS=0.70%
    Exec 23: Solution=113497.000000, Time=20.000000 sec, Dist BKS=0.75%
    Exec 24: Solution=113426.000000, Time=20.000000 sec, Dist BKS=0.81%
    Exec 25: Solution=113726.000000, Time=20.000000 sec, Dist BKS=0.54%
    Exec 26: Solution=113530.000000, Time=20.000000 sec, Dist BKS=0.72%
    Exec 27: Solution=113508.000000, Time=20.000000 sec, Dist BKS=0.74%
    Exec 28: Solution=113557.000000, Time=20.000000 sec, Dist BKS=0.69%
    Exec 29: Solution=113468.000000, Time=20.000000 sec, Dist BKS=0.77%
    Exec 30: Solution=113528.000000, Time=20.000000 sec, Dist BKS=0.72%
