START SOLUTION
	Parameters used:
	instance = instances/MDG-a/MDG-a_27_n2000_m200.txt
	solution_Size = 200
	meta_Heuristic = grasp

EXEC_PROGRESS 1/30

Quantidade de iterações: 37
Quantidade de minerações: 0
EXEC_PROGRESS 2/30

Quantidade de iterações: 39
Quantidade de minerações: 0
EXEC_PROGRESS 3/30

Quantidade de iterações: 38
Quantidade de minerações: 0
EXEC_PROGRESS 4/30

Quantidade de iterações: 40
Quantidade de minerações: 0
EXEC_PROGRESS 5/30

Quantidade de iterações: 42
Quantidade de minerações: 0
EXEC_PROGRESS 6/30

Quantidade de iterações: 35
Quantidade de minerações: 0
EXEC_PROGRESS 7/30

Quantidade de iterações: 36
Quantidade de minerações: 0
EXEC_PROGRESS 8/30

Quantidade de iterações: 39
Quantidade de minerações: 0
EXEC_PROGRESS 9/30

Quantidade de iterações: 42
Quantidade de minerações: 0
EXEC_PROGRESS 10/30

Quantidade de iterações: 43
Quantidade de minerações: 0
EXEC_PROGRESS 11/30

Quantidade de iterações: 46
Quantidade de minerações: 0
EXEC_PROGRESS 12/30

Quantidade de iterações: 32
Quantidade de minerações: 0
EXEC_PROGRESS 13/30

Quantidade de iterações: 40
Quantidade de minerações: 0
EXEC_PROGRESS 14/30

Quantidade de iterações: 43
Quantidade de minerações: 0
EXEC_PROGRESS 15/30

Quantidade de iterações: 46
Quantidade de minerações: 0
EXEC_PROGRESS 16/30

Quantidade de iterações: 44
Quantidade de minerações: 0
EXEC_PROGRESS 17/30

Quantidade de iterações: 39
Quantidade de minerações: 0
EXEC_PROGRESS 18/30

Quantidade de iterações: 44
Quantidade de minerações: 0
EXEC_PROGRESS 19/30

Quantidade de iterações: 43
Quantidade de minerações: 0
EXEC_PROGRESS 20/30

Quantidade de iterações: 41
Quantidade de minerações: 0
EXEC_PROGRESS 21/30

Quantidade de iterações: 51
Quantidade de minerações: 0
EXEC_PROGRESS 22/30

Quantidade de iterações: 44
Quantidade de minerações: 0
EXEC_PROGRESS 23/30

Quantidade de iterações: 48
Quantidade de minerações: 0
EXEC_PROGRESS 24/30

Quantidade de iterações: 49
Quantidade de minerações: 0
EXEC_PROGRESS 25/30

Quantidade de iterações: 47
Quantidade de minerações: 0
EXEC_PROGRESS 26/30

Quantidade de iterações: 50
Quantidade de minerações: 0
EXEC_PROGRESS 27/30

Quantidade de iterações: 46
Quantidade de minerações: 0
EXEC_PROGRESS 28/30

Quantidade de iterações: 48
Quantidade de minerações: 0
EXEC_PROGRESS 29/30

Quantidade de iterações: 48
Quantidade de minerações: 0
EXEC_PROGRESS 30/30

Quantidade de iterações: 48
Quantidade de minerações: 0

Execution Summary:
  Instance: instances/MDG-a/MDG-a_27_n2000_m200.txt
  Matrix Size (N): 2000
  Solution Size (M): 200
  Number of Executions: 30
  ------------------------------------
  Average Solution: 113514.366667
  Best Solution Benefit: 113739.000000
  Average Time per Execution: 20.000000 sec
  Best Solution Time: 20.000000 sec
  BKS: 114361.000000
  Distance to BKS: 622.000000
  Percentage Distance to BKS: 0.54%
  Average Percentage Distance to BKS: 0.74%

  Details per Execution:
    Exec 1: Solution=113454.000000, Time=20.000000 sec, Dist BKS=0.79%
    Exec 2: Solution=113547.000000, Time=20.000000 sec, Dist BKS=0.71%
    Exec 3: Solution=113561.000000, Time=20.000000 sec, Dist BKS=0.70%
    Exec 4: Solution=113739.000000, Time=20.000000 sec, Dist BKS=0.54%
    Exec 5: Solution=113700.000000, Time=20.000000 sec, Dist BKS=0.58%
    Exec 6: Solution=113494.000000, Time=20.000000 sec, Dist BKS=0.76%
    Exec 7: Solution=113380.000000, Time=20.000000 sec, Dist BKS=0.86%
    Exec 8: Solution=113419.000000, Time=20.000000 sec, Dist BKS=0.82%
    Exec 9: Solution=113372.000000, Time=20.000000 sec, Dist BKS=0.86%
    Exec 10: Solution=113482.000000, Time=20.000000 sec, Dist BKS=0.77%
    Exec 11: Solution=113649.000000, Time=20.000000 sec, Dist BKS=0.62%
    Exec 12: Solution=113543.000000, Time=20.000000 sec, Dist BKS=0.72%
    Exec 13: Solution=113554.000000, Time=20.000000 sec, Dist BKS=0.71%
    Exec 14: Solution=113679.000000, Time=20.000000 sec, Dist BKS=0.60%
    Exec 15: Solution=113545.000000, Time=20.000000 sec, Dist BKS=0.71%
    Exec 16: Solution=113524.000000, Time=20.000000 sec, Dist BKS=0.73%
    Exec 17: Solution=113534.000000, Time=20.000000 sec, Dist BKS=0.72%
    Exec 18: Solution=113516.000000, Time=20.000000 sec, Dist BKS=0.74%
    Exec 19: Solution=113414.000000, Time=20.000000 sec, Dist BKS=0.83%
    Exec 20: Solution=113452.000000, Time=20.000000 sec, Dist BKS=0.79%
    Exec 21: Solution=113413.000000, Time=20.000000 sec, Dist BKS=0.83%
    Exec 22: Solution=113399.000000, Time=20.000000 sec, Dist BKS=0.84%
    Exec 23: Solution=113303.000000, Time=20.000000 sec, Dist BKS=0.93%
    Exec 24: Solution=113378.000000, Time=20.000000 sec, Dist BKS=0.86%
    Exec 25: Solution=113513.000000, Time=20.000000 sec, Dist BKS=0.74%
    Exec 26: Solution=113562.000000, Time=20.000000 sec, Dist BKS=0.70%
    Exec 27: Solution=113525.000000, Time=20.000000 sec, Dist BKS=0.73%
    Exec 28: Solution=113415.000000, Time=20.000000 sec, Dist BKS=0.83%
    Exec 29: Solution=113703.000000, Time=20.000000 sec, Dist BKS=0.58%
    Exec 30: Solution=113662.000000, Time=20.000000 sec, Dist BKS=0.61%
