START SOLUTION
	Parameters used:
	instance = instances/MDG-a/MDG-a_24_n2000_m200.txt
	solution_Size = 200
	meta_Heuristic = grasp

EXEC_PROGRESS 1/30

Quantidade de iterações: 44
Quantidade de minerações: 0
EXEC_PROGRESS 2/30

Quantidade de iterações: 37
Quantidade de minerações: 0
EXEC_PROGRESS 3/30

Quantidade de iterações: 53
Quantidade de minerações: 0
EXEC_PROGRESS 4/30

Quantidade de iterações: 49
Quantidade de minerações: 0
EXEC_PROGRESS 5/30

Quantidade de iterações: 52
Quantidade de minerações: 0
EXEC_PROGRESS 6/30

Quantidade de iterações: 46
Quantidade de minerações: 0
EXEC_PROGRESS 7/30

Quantidade de iterações: 55
Quantidade de minerações: 0
EXEC_PROGRESS 8/30

Quantidade de iterações: 55
Quantidade de minerações: 0
EXEC_PROGRESS 9/30

Quantidade de iterações: 48
Quantidade de minerações: 0
EXEC_PROGRESS 10/30

Quantidade de iterações: 50
Quantidade de minerações: 0
EXEC_PROGRESS 11/30

Quantidade de iterações: 47
Quantidade de minerações: 0
EXEC_PROGRESS 12/30

Quantidade de iterações: 48
Quantidade de minerações: 0
EXEC_PROGRESS 13/30

Quantidade de iterações: 48
Quantidade de minerações: 0
EXEC_PROGRESS 14/30

Quantidade de iterações: 45
Quantidade de minerações: 0
EXEC_PROGRESS 15/30

Quantidade de iterações: 39
Quantidade de minerações: 0
EXEC_PROGRESS 16/30

Quantidade de iterações: 40
Quantidade de minerações: 0
EXEC_PROGRESS 17/30

Quantidade de iterações: 41
Quantidade de minerações: 0
EXEC_PROGRESS 18/30

Quantidade de iterações: 46
Quantidade de minerações: 0
EXEC_PROGRESS 19/30

Quantidade de iterações: 46
Quantidade de minerações: 0
EXEC_PROGRESS 20/30

Quantidade de iterações: 35
Quantidade de minerações: 0
EXEC_PROGRESS 21/30

Quantidade de iterações: 36
Quantidade de minerações: 0
EXEC_PROGRESS 22/30

Quantidade de iterações: 36
Quantidade de minerações: 0
EXEC_PROGRESS 23/30

Quantidade de iterações: 37
Quantidade de minerações: 0
EXEC_PROGRESS 24/30

Quantidade de iterações: 38
Quantidade de minerações: 0
EXEC_PROGRESS 25/30

Quantidade de iterações: 36
Quantidade de minerações: 0
EXEC_PROGRESS 26/30

Quantidade de iterações: 34
Quantidade de minerações: 0
EXEC_PROGRESS 27/30

Quantidade de iterações: 39
Quantidade de minerações: 0
EXEC_PROGRESS 28/30

Quantidade de iterações: 39
Quantidade de minerações: 0
EXEC_PROGRESS 29/30

Quantidade de iterações: 39
Quantidade de minerações: 0
EXEC_PROGRESS 30/30

Quantidade de iterações: 39
Quantidade de minerações: 0

Execution Summary:
  Instance: instances/MDG-a/MDG-a_24_n2000_m200.txt
  Matrix Size (N): 2000
  Solution Size (M): 200
  Number of Executions: 30
  ------------------------------------
  Average Solution: 113321.266667
  Best Solution Benefit: 113545.000000
  Average Time per Execution: 20.000000 sec
  Best Solution Time: 20.000000 sec
  BKS: 114093.000000
  Distance to BKS: 548.000000
  Percentage Distance to BKS: 0.48%
  Average Percentage Distance to BKS: 0.68%

  Details per Execution:
    Exec 1: Solution=113345.000000, Time=20.000000 sec, Dist BKS=0.66%
    Exec 2: Solution=113482.000000, Time=20.000000 sec, Dist BKS=0.54%
    Exec 3: Solution=113214.000000, Time=20.000000 sec, Dist BKS=0.77%
    Exec 4: Solution=113333.000000, Time=20.000000 sec, Dist BKS=0.67%
    Exec 5: Solution=113328.000000, Time=20.000000 sec, Dist BKS=0.67%
    Exec 6: Solution=113250.000000, Time=20.000000 sec, Dist BKS=0.74%
    Exec 7: Solution=113202.000000, Time=20.000000 sec, Dist BKS=0.78%
    Exec 8: Solution=113527.000000, Time=20.000000 sec, Dist BKS=0.50%
    Exec 9: Solution=113258.000000, Time=20.000000 sec, Dist BKS=0.73%
    Exec 10: Solution=113222.000000, Time=20.000000 sec, Dist BKS=0.76%
    Exec 11: Solution=113226.000000, Time=20.000000 sec, Dist BKS=0.76%
    Exec 12: Solution=113246.000000, Time=20.000000 sec, Dist BKS=0.74%
    Exec 13: Solution=113451.000000, Time=20.000000 sec, Dist BKS=0.56%
    Exec 14: Solution=113493.000000, Time=20.000000 sec, Dist BKS=0.53%
    Exec 15: Solution=113352.000000, Time=20.000000 sec, Dist BKS=0.65%
    Exec 16: Solution=113189.000000, Time=20.000000 sec, Dist BKS=0.79%
    Exec 17: Solution=113241.000000, Time=20.000000 sec, Dist BKS=0.75%
    Exec 18: Solution=113403.000000, Time=20.000000 sec, Dist BKS=0.60%
    Exec 19: Solution=113224.000000, Time=20.000000 sec, Dist BKS=0.76%
    Exec 20: Solution=113391.000000, Time=20.000000 sec, Dist BKS=0.62%
    Exec 21: Solution=113304.000000, Time=20.000000 sec, Dist BKS=0.69%
    Exec 22: Solution=113319.000000, Time=20.000000 sec, Dist BKS=0.68%
    Exec 23: Solution=113425.000000, Time=20.000000 sec, Dist BKS=0.59%
    Exec 24: Solution=113123.000000, Time=20.000000 sec, Dist BKS=0.85%
    Exec 25: Solution=113209.000000, Time=20.000000 sec, Dist BKS=0.77%
    Exec 26: Solution=113392.000000, Time=20.000000 sec, Dist BKS=0.61%
    Exec 27: Solution=113545.000000, Time=20.000000 sec, Dist BKS=0.48%
    Exec 28: Solution=113325.000000, Time=20.000000 sec, Dist BKS=0.67%
    Exec 29: Solution=113291.000000, Time=20.000000 sec, Dist BKS=0.70%
    Exec 30: Solution=113328.000000, Time=20.000000 sec, Dist BKS=0.67%
