START SOLUTION
	Parameters used:
	instance = instances/MDG-a/MDG-a_30_n2000_m200.txt
	solution_Size = 200
	meta_Heuristic = grasp

EXEC_PROGRESS 1/30

Quantidade de iterações: 48
Quantidade de minerações: 0
EXEC_PROGRESS 2/30

Quantidade de iterações: 38
Quantidade de minerações: 0
EXEC_PROGRESS 3/30

Quantidade de iterações: 39
Quantidade de minerações: 0
EXEC_PROGRESS 4/30

Quantidade de iterações: 46
Quantidade de minerações: 0
EXEC_PROGRESS 5/30

Quantidade de iterações: 49
Quantidade de minerações: 0
EXEC_PROGRESS 6/30

Quantidade de iterações: 41
Quantidade de minerações: 0
EXEC_PROGRESS 7/30

Quantidade de iterações: 39
Quantidade de minerações: 0
EXEC_PROGRESS 8/30

Quantidade de iterações: 40
Quantidade de minerações: 0
EXEC_PROGRESS 9/30

Quantidade de iterações: 45
Quantidade de minerações: 0
EXEC_PROGRESS 10/30

Quantidade de iterações: 49
Quantidade de minerações: 0
EXEC_PROGRESS 11/30

Quantidade de iterações: 47
Quantidade de minerações: 0
EXEC_PROGRESS 12/30

Quantidade de iterações: 47
Quantidade de minerações: 0
EXEC_PROGRESS 13/30

Quantidade de iterações: 44
Quantidade de minerações: 0
EXEC_PROGRESS 14/30

Quantidade de iterações: 47
Quantidade de minerações: 0
EXEC_PROGRESS 15/30

Quantidade de iterações: 46
Quantidade de minerações: 0
EXEC_PROGRESS 16/30

Quantidade de iterações: 42
Quantidade de minerações: 0
EXEC_PROGRESS 17/30

Quantidade de iterações: 43
Quantidade de minerações: 0
EXEC_PROGRESS 18/30

Quantidade de iterações: 42
Quantidade de minerações: 0
EXEC_PROGRESS 19/30

Quantidade de iterações: 43
Quantidade de minerações: 0
EXEC_PROGRESS 20/30

Quantidade de iterações: 51
Quantidade de minerações: 0
EXEC_PROGRESS 21/30

Quantidade de iterações: 47
Quantidade de minerações: 0
EXEC_PROGRESS 22/30

Quantidade de iterações: 46
Quantidade de minerações: 0
EXEC_PROGRESS 23/30

Quantidade de iterações: 44
Quantidade de minerações: 0
EXEC_PROGRESS 24/30

Quantidade de iterações: 39
Quantidade de minerações: 0
EXEC_PROGRESS 25/30

Quantidade de iterações: 45
Quantidade de minerações: 0
EXEC_PROGRESS 26/30

Quantidade de iterações: 42
Quantidade de minerações: 0
EXEC_PROGRESS 27/30

Quantidade de iterações: 43
Quantidade de minerações: 0
EXEC_PROGRESS 28/30

Quantidade de iterações: 31
Quantidade de minerações: 0
EXEC_PROGRESS 29/30

Quantidade de iterações: 48
Quantidade de minerações: 0
EXEC_PROGRESS 30/30

Quantidade de iterações: 53
Quantidade de minerações: 0

Execution Summary:
  Instance: instances/MDG-a/MDG-a_30_n2000_m200.txt
  Matrix Size (N): 2000
  Solution Size (M): 200
  Number of Executions: 30
  ------------------------------------
  Average Solution: 113488.166667
  Best Solution Benefit: 113696.000000
  Average Time per Execution: 20.000000 sec
  Best Solution Time: 20.000000 sec
  BKS: 114229.000000
  Distance to BKS: 533.000000
  Percentage Distance to BKS: 0.47%
  Average Percentage Distance to BKS: 0.65%

  Details per Execution:
    Exec 1: Solution=113459.000000, Time=20.000000 sec, Dist BKS=0.67%
    Exec 2: Solution=113637.000000, Time=20.000000 sec, Dist BKS=0.52%
    Exec 3: Solution=113407.000000, Time=20.000000 sec, Dist BKS=0.72%
    Exec 4: Solution=113411.000000, Time=20.000000 sec, Dist BKS=0.72%
    Exec 5: Solution=113310.000000, Time=20.000000 sec, Dist BKS=0.80%
    Exec 6: Solution=113368.000000, Time=20.000000 sec, Dist BKS=0.75%
    Exec 7: Solution=113396.000000, Time=20.000000 sec, Dist BKS=0.73%
    Exec 8: Solution=113683.000000, Time=20.000000 sec, Dist BKS=0.48%
    Exec 9: Solution=113384.000000, Time=20.000000 sec, Dist BKS=0.74%
    Exec 10: Solution=113406.000000, Time=20.000000 sec, Dist BKS=0.72%
    Exec 11: Solution=113671.000000, Time=20.000000 sec, Dist BKS=0.49%
    Exec 12: Solution=113610.000000, Time=20.000000 sec, Dist BKS=0.54%
    Exec 13: Solution=113434.000000, Time=20.000000 sec, Dist BKS=0.70%
    Exec 14: Solution=113497.000000, Time=20.000000 sec, Dist BKS=0.64%
    Exec 15: Solution=113683.000000, Time=20.000000 sec, Dist BKS=0.48%
    Exec 16: Solution=113688.000000, Time=20.000000 sec, Dist BKS=0.47%
    Exec 17: Solution=113407.000000, Time=20.000000 sec, Dist BKS=0.72%
    Exec 18: Solution=113547.000000, Time=20.000000 sec, Dist BKS=0.60%
    Exec 19: Solution=113416.000000, Time=20.000000 sec, Dist BKS=0.71%
    Exec 20: Solution=113435.000000, Time=20.000000 sec, Dist BKS=0.70%
    Exec 21: Solution=113468.000000, Time=20.000000 sec, Dist BKS=0.67%
    Exec 22: Solution=113337.000000, Time=20.000000 sec, Dist BKS=0.78%
    Exec 23: Solution=113446.000000, Time=20.000000 sec, Dist BKS=0.69%
    Exec 24: Solution=113323.000000, Time=20.000000 sec, Dist BKS=0.79%
    Exec 25: Solution=113696.000000, Time=20.000000 sec, Dist BKS=0.47%
    Exec 26: Solution=113530.000000, Time=20.000000 sec, Dist BKS=0.61%
    Exec 27: Solution=113354.000000, Time=20.000000 sec, Dist BKS=0.77%
    Exec 28: Solution=113578.000000, Time=20.000000 sec, Dist BKS=0.57%
    Exec 29: Solution=113529.000000, Time=20.000000 sec, Dist BKS=0.61%
    Exec 30: Solution=113535.000000, Time=20.000000 sec, Dist BKS=0.61%
