START SOLUTION
	Parameters used:
	instance = instances/MDG-a/MDG-a_23_n2000_m200.txt
	solution_Size = 200
	meta_Heuristic = grasp

Execution Summary:
  Instance: instances/MDG-a/MDG-a_23_n2000_m200.txt
  Matrix Size (N): 2000
  Solution Size (M): 200
  Number of Executions: 10
  ------------------------------------
  Average Solution: 113630.80
  Best Solution Benefit: 113692.00
  BKS: 114195.00

  Details per Execution:
    Exec 1: Solution=113689
    Exec 2: Solution=113555
    Exec 3: Solution=113561
    Exec 4: Solution=113685
    Exec 5: Solution=113622
    Exec 6: Solution=113692
    Exec 7: Solution=113575
    Exec 8: Solution=113687
    Exec 9: Solution=113551
    Exec 10: Solution=113691
