START SOLUTION
	Parameters used:
	instance = instances/MDG-a/MDG-a_39_n2000_m200.txt
	solution_Size = 200
	meta_Heuristic = grasp

EXEC_PROGRESS 1/30

Quantidade de iterações: 49
Quantidade de minerações: 0
EXEC_PROGRESS 2/30

Quantidade de iterações: 44
Quantidade de minerações: 0
EXEC_PROGRESS 3/30

Quantidade de iterações: 47
Quantidade de minerações: 0
EXEC_PROGRESS 4/30

Quantidade de iterações: 50
Quantidade de minerações: 0
EXEC_PROGRESS 5/30

Quantidade de iterações: 53
Quantidade de minerações: 0
EXEC_PROGRESS 6/30

Quantidade de iterações: 45
Quantidade de minerações: 0
EXEC_PROGRESS 7/30

Quantidade de iterações: 46
Quantidade de minerações: 0
EXEC_PROGRESS 8/30

Quantidade de iterações: 45
Quantidade de minerações: 0
EXEC_PROGRESS 9/30

Quantidade de iterações: 50
Quantidade de minerações: 0
EXEC_PROGRESS 10/30

Quantidade de iterações: 46
Quantidade de minerações: 0
EXEC_PROGRESS 11/30

Quantidade de iterações: 49
Quantidade de minerações: 0
EXEC_PROGRESS 12/30

Quantidade de iterações: 48
Quantidade de minerações: 0
EXEC_PROGRESS 13/30

Quantidade de iterações: 41
Quantidade de minerações: 0
EXEC_PROGRESS 14/30

Quantidade de iterações: 39
Quantidade de minerações: 0
EXEC_PROGRESS 15/30

Quantidade de iterações: 48
Quantidade de minerações: 0
EXEC_PROGRESS 16/30

Quantidade de iterações: 53
Quantidade de minerações: 0
EXEC_PROGRESS 17/30

Quantidade de iterações: 56
Quantidade de minerações: 0
EXEC_PROGRESS 18/30

Quantidade de iterações: 53
Quantidade de minerações: 0
EXEC_PROGRESS 19/30

Quantidade de iterações: 43
Quantidade de minerações: 0
EXEC_PROGRESS 20/30

Quantidade de iterações: 50
Quantidade de minerações: 0
EXEC_PROGRESS 21/30

Quantidade de iterações: 49
Quantidade de minerações: 0
EXEC_PROGRESS 22/30

Quantidade de iterações: 52
Quantidade de minerações: 0
EXEC_PROGRESS 23/30

Quantidade de iterações: 52
Quantidade de minerações: 0
EXEC_PROGRESS 24/30

Quantidade de iterações: 53
Quantidade de minerações: 0
EXEC_PROGRESS 25/30

Quantidade de iterações: 56
Quantidade de minerações: 0
EXEC_PROGRESS 26/30

Quantidade de iterações: 44
Quantidade de minerações: 0
EXEC_PROGRESS 27/30

Quantidade de iterações: 49
Quantidade de minerações: 0
EXEC_PROGRESS 28/30

Quantidade de iterações: 52
Quantidade de minerações: 0
EXEC_PROGRESS 29/30

Quantidade de iterações: 50
Quantidade de minerações: 0
EXEC_PROGRESS 30/30

Quantidade de iterações: 50
Quantidade de minerações: 0

Execution Summary:
  Instance: instances/MDG-a/MDG-a_39_n2000_m200.txt
  Matrix Size (N): 2000
  Solution Size (M): 200
  Number of Executions: 30
  ------------------------------------
  Average Solution: 113368.400000
  Best Solution Benefit: 113670.000000
  Average Time per Execution: 20.000000 sec
  Best Solution Time: 20.000000 sec
  BKS: 114201.000000
  Distance to BKS: 531.000000
  Percentage Distance to BKS: 0.46%
  Average Percentage Distance to BKS: 0.73%

  Details per Execution:
    Exec 1: Solution=113533.000000, Time=20.000000 sec, Dist BKS=0.58%
    Exec 2: Solution=113343.000000, Time=20.000000 sec, Dist BKS=0.75%
    Exec 3: Solution=113382.000000, Time=20.000000 sec, Dist BKS=0.72%
    Exec 4: Solution=113334.000000, Time=20.000000 sec, Dist BKS=0.76%
    Exec 5: Solution=113430.000000, Time=20.000000 sec, Dist BKS=0.68%
    Exec 6: Solution=113313.000000, Time=20.000000 sec, Dist BKS=0.78%
    Exec 7: Solution=113352.000000, Time=20.000000 sec, Dist BKS=0.74%
    Exec 8: Solution=113301.000000, Time=20.000000 sec, Dist BKS=0.79%
    Exec 9: Solution=113597.000000, Time=20.000000 sec, Dist BKS=0.53%
    Exec 10: Solution=113296.000000, Time=20.000000 sec, Dist BKS=0.79%
    Exec 11: Solution=113353.000000, Time=20.000000 sec, Dist BKS=0.74%
    Exec 12: Solution=113670.000000, Time=20.000000 sec, Dist BKS=0.46%
    Exec 13: Solution=113373.000000, Time=20.000000 sec, Dist BKS=0.73%
    Exec 14: Solution=113258.000000, Time=20.000000 sec, Dist BKS=0.83%
    Exec 15: Solution=113227.000000, Time=20.000000 sec, Dist BKS=0.85%
    Exec 16: Solution=113394.000000, Time=20.000000 sec, Dist BKS=0.71%
    Exec 17: Solution=113310.000000, Time=20.000000 sec, Dist BKS=0.78%
    Exec 18: Solution=113330.000000, Time=20.000000 sec, Dist BKS=0.76%
    Exec 19: Solution=113421.000000, Time=20.000000 sec, Dist BKS=0.68%
    Exec 20: Solution=113450.000000, Time=20.000000 sec, Dist BKS=0.66%
    Exec 21: Solution=113332.000000, Time=20.000000 sec, Dist BKS=0.76%
    Exec 22: Solution=113613.000000, Time=20.000000 sec, Dist BKS=0.51%
    Exec 23: Solution=113317.000000, Time=20.000000 sec, Dist BKS=0.77%
    Exec 24: Solution=113378.000000, Time=20.000000 sec, Dist BKS=0.72%
    Exec 25: Solution=113326.000000, Time=20.000000 sec, Dist BKS=0.77%
    Exec 26: Solution=113321.000000, Time=20.000000 sec, Dist BKS=0.77%
    Exec 27: Solution=113288.000000, Time=20.000000 sec, Dist BKS=0.80%
    Exec 28: Solution=113311.000000, Time=20.000000 sec, Dist BKS=0.78%
    Exec 29: Solution=113178.000000, Time=20.000000 sec, Dist BKS=0.90%
    Exec 30: Solution=113321.000000, Time=20.000000 sec, Dist BKS=0.77%
