START SOLUTION
	Parameters used:
	instance = instances/MDG-a/MDG-a_28_n2000_m200.txt
	solution_Size = 200
	meta_Heuristic = grasp

EXEC_PROGRESS 1/30

Quantidade de iterações: 34
Quantidade de minerações: 0
EXEC_PROGRESS 2/30

Quantidade de iterações: 37
Quantidade de minerações: 0
EXEC_PROGRESS 3/30

Quantidade de iterações: 40
Quantidade de minerações: 0
EXEC_PROGRESS 4/30

Quantidade de iterações: 42
Quantidade de minerações: 0
EXEC_PROGRESS 5/30

Quantidade de iterações: 37
Quantidade de minerações: 0
EXEC_PROGRESS 6/30

Quantidade de iterações: 39
Quantidade de minerações: 0
EXEC_PROGRESS 7/30

Quantidade de iterações: 38
Quantidade de minerações: 0
EXEC_PROGRESS 8/30

Quantidade de iterações: 43
Quantidade de minerações: 0
EXEC_PROGRESS 9/30

Quantidade de iterações: 39
Quantidade de minerações: 0
EXEC_PROGRESS 10/30

Quantidade de iterações: 47
Quantidade de minerações: 0
EXEC_PROGRESS 11/30

Quantidade de iterações: 31
Quantidade de minerações: 0
EXEC_PROGRESS 12/30

Quantidade de iterações: 39
Quantidade de minerações: 0
EXEC_PROGRESS 13/30

Quantidade de iterações: 43
Quantidade de minerações: 0
EXEC_PROGRESS 14/30

Quantidade de iterações: 45
Quantidade de minerações: 0
EXEC_PROGRESS 15/30

Quantidade de iterações: 45
Quantidade de minerações: 0
EXEC_PROGRESS 16/30

Quantidade de iterações: 42
Quantidade de minerações: 0
EXEC_PROGRESS 17/30

Quantidade de iterações: 39
Quantidade de minerações: 0
EXEC_PROGRESS 18/30

Quantidade de iterações: 43
Quantidade de minerações: 0
EXEC_PROGRESS 19/30

Quantidade de iterações: 41
Quantidade de minerações: 0
EXEC_PROGRESS 20/30

Quantidade de iterações: 48
Quantidade de minerações: 0
EXEC_PROGRESS 21/30

Quantidade de iterações: 45
Quantidade de minerações: 0
EXEC_PROGRESS 22/30

Quantidade de iterações: 47
Quantidade de minerações: 0
EXEC_PROGRESS 23/30

Quantidade de iterações: 48
Quantidade de minerações: 0
EXEC_PROGRESS 24/30

Quantidade de iterações: 45
Quantidade de minerações: 0
EXEC_PROGRESS 25/30

Quantidade de iterações: 49
Quantidade de minerações: 0
EXEC_PROGRESS 26/30

Quantidade de iterações: 46
Quantidade de minerações: 0
EXEC_PROGRESS 27/30

Quantidade de iterações: 48
Quantidade de minerações: 0
EXEC_PROGRESS 28/30

Quantidade de iterações: 48
Quantidade de minerações: 0
EXEC_PROGRESS 29/30

Quantidade de iterações: 48
Quantidade de minerações: 0
EXEC_PROGRESS 30/30

Quantidade de iterações: 46
Quantidade de minerações: 0

Execution Summary:
  Instance: instances/MDG-a/MDG-a_28_n2000_m200.txt
  Matrix Size (N): 2000
  Solution Size (M): 200
  Number of Executions: 30
  ------------------------------------
  Average Solution: 113417.633333
  Best Solution Benefit: 113684.000000
  Average Time per Execution: 20.000000 sec
  Best Solution Time: 20.000000 sec
  BKS: 114327.000000
  Distance to BKS: 643.000000
  Percentage Distance to BKS: 0.56%
  Average Percentage Distance to BKS: 0.80%

  Details per Execution:
    Exec 1: Solution=113440.000000, Time=20.000000 sec, Dist BKS=0.78%
    Exec 2: Solution=113421.000000, Time=20.000000 sec, Dist BKS=0.79%
    Exec 3: Solution=113347.000000, Time=20.000000 sec, Dist BKS=0.86%
    Exec 4: Solution=113603.000000, Time=20.000000 sec, Dist BKS=0.63%
    Exec 5: Solution=113607.000000, Time=20.000000 sec, Dist BKS=0.63%
    Exec 6: Solution=113459.000000, Time=20.000000 sec, Dist BKS=0.76%
    Exec 7: Solution=113416.000000, Time=20.000000 sec, Dist BKS=0.80%
    Exec 8: Solution=113333.000000, Time=20.000000 sec, Dist BKS=0.87%
    Exec 9: Solution=113343.000000, Time=20.000000 sec, Dist BKS=0.86%
    Exec 10: Solution=113333.000000, Time=20.000000 sec, Dist BKS=0.87%
    Exec 11: Solution=113311.000000, Time=20.000000 sec, Dist BKS=0.89%
    Exec 12: Solution=113519.000000, Time=20.000000 sec, Dist BKS=0.71%
    Exec 13: Solution=113461.000000, Time=20.000000 sec, Dist BKS=0.76%
    Exec 14: Solution=113312.000000, Time=20.000000 sec, Dist BKS=0.89%
    Exec 15: Solution=113557.000000, Time=20.000000 sec, Dist BKS=0.67%
    Exec 16: Solution=113401.000000, Time=20.000000 sec, Dist BKS=0.81%
    Exec 17: Solution=113477.000000, Time=20.000000 sec, Dist BKS=0.74%
    Exec 18: Solution=113269.000000, Time=20.000000 sec, Dist BKS=0.93%
    Exec 19: Solution=113415.000000, Time=20.000000 sec, Dist BKS=0.80%
    Exec 20: Solution=113354.000000, Time=20.000000 sec, Dist BKS=0.85%
    Exec 21: Solution=113323.000000, Time=20.000000 sec, Dist BKS=0.88%
    Exec 22: Solution=113339.000000, Time=20.000000 sec, Dist BKS=0.86%
    Exec 23: Solution=113684.000000, Time=20.000000 sec, Dist BKS=0.56%
    Exec 24: Solution=113402.000000, Time=20.000000 sec, Dist BKS=0.81%
    Exec 25: Solution=113375.000000, Time=20.000000 sec, Dist BKS=0.83%
    Exec 26: Solution=113406.000000, Time=20.000000 sec, Dist BKS=0.81%
    Exec 27: Solution=113323.000000, Time=20.000000 sec, Dist BKS=0.88%
    Exec 28: Solution=113488.000000, Time=20.000000 sec, Dist BKS=0.73%
    Exec 29: Solution=113428.000000, Time=20.000000 sec, Dist BKS=0.79%
    Exec 30: Solution=113383.000000, Time=20.000000 sec, Dist BKS=0.83%
