SOLUTION START
	Parameters used:
	instance = instances/MDG-b/MDG-b_40_n2000_m200.txt
	solution_size = 200
	meta_heuristic = grasp


Quantidade de iterações: 1670
Quantidade de minerações: 0

Quantidade de iterações: 1680
Quantidade de minerações: 0

Quantidade de iterações: 1728
Quantidade de minerações: 0

Quantidade de iterações: 1728
Quantidade de minerações: 0

Quantidade de iterações: 1721
Quantidade de minerações: 0

Quantidade de iterações: 1730
Quantidade de minerações: 0

Quantidade de iterações: 1707
Quantidade de minerações: 0

Quantidade de iterações: 1714
Quantidade de minerações: 0

Quantidade de iterações: 1540
Quantidade de minerações: 0

Quantidade de iterações: 1354
Quantidade de minerações: 0

Quantidade de iterações: 1357
Quantidade de minerações: 0

Quantidade de iterações: 974
Quantidade de minerações: 0

Quantidade de iterações: 1064
Quantidade de minerações: 0

Quantidade de iterações: 1002
Quantidade de minerações: 0

Quantidade de iterações: 968
Quantidade de minerações: 0

Execution Summary:
  Instance: instances/MDG-b/MDG-b_40_n2000_m200.txt
  Matrix Size (N): 2000
  Solution Size (M): 200
  Number of Executions: 15
  ------------------------------------
  Average Solution: 11257418.773017
  Best Solution Value: 11267877.770194
  Average Time per Execution: 600.000000 sec
  Best Solution Time: 600.000000 sec
  BKS: 11309163.000000
  Distance to BKS: 41285.229806
  Percentage Distance to BKS: 0.37%
  Average Percentage Distance to BKS: 0.46%

  Details per Execution:
    Exec 1: Solution=11257176.101804, Time=600.000000 sec, Dist BKS=0.44%
    Exec 2: Solution=11251771.893113, Time=600.000000 sec, Dist BKS=0.49%
    Exec 3: Solution=11258185.368138, Time=600.000000 sec, Dist BKS=0.43%
    Exec 4: Solution=11252472.060965, Time=600.000000 sec, Dist BKS=0.48%
    Exec 5: Solution=11267229.227681, Time=600.000000 sec, Dist BKS=0.35%
    Exec 6: Solution=11251289.156264, Time=600.000000 sec, Dist BKS=0.49%
    Exec 7: Solution=11261695.060228, Time=600.000000 sec, Dist BKS=0.40%
    Exec 8: Solution=11258612.685993, Time=600.000000 sec, Dist BKS=0.43%
    Exec 9: Solution=11254753.065887, Time=600.000000 sec, Dist BKS=0.46%
    Exec 10: Solution=11248685.723354, Time=600.000000 sec, Dist BKS=0.52%
    Exec 11: Solution=11256987.972587, Time=600.000000 sec, Dist BKS=0.44%
    Exec 12: Solution=11259335.585130, Time=600.000000 sec, Dist BKS=0.42%
    Exec 13: Solution=11252805.784050, Time=600.000000 sec, Dist BKS=0.48%
    Exec 14: Solution=11262404.139871, Time=600.000000 sec, Dist BKS=0.40%
    Exec 15: Solution=11267877.770194, Time=600.000000 sec, Dist BKS=0.35%
