SOLUTION START
	Parameters used:
	instance = instances/MDG-b/MDG-b_31_n2000_m200.txt
	solution_size = 200
	meta_heuristic = grasp


Quantidade de iterações: 1427
Quantidade de minerações: 0

Quantidade de iterações: 1316
Quantidade de minerações: 0

Quantidade de iterações: 1389
Quantidade de minerações: 0

Quantidade de iterações: 1271
Quantidade de minerações: 0

Quantidade de iterações: 1639
Quantidade de minerações: 0

Quantidade de iterações: 1729
Quantidade de minerações: 0

Quantidade de iterações: 1729
Quantidade de minerações: 0

Quantidade de iterações: 1300
Quantidade de minerações: 0

Quantidade de iterações: 1036
Quantidade de minerações: 0

Quantidade de iterações: 613
Quantidade de minerações: 0

Quantidade de iterações: 776
Quantidade de minerações: 0

Quantidade de iterações: 648
Quantidade de minerações: 0

Quantidade de iterações: 1350
Quantidade de minerações: 0

Quantidade de iterações: 1758
Quantidade de minerações: 0

Quantidade de iterações: 1747
Quantidade de minerações: 0

Execution Summary:
  Instance: instances/MDG-b/MDG-b_31_n2000_m200.txt
  Matrix Size (N): 2000
  Solution Size (M): 200
  Number of Executions: 15
  ------------------------------------
  Average Solution: 11234807.600833
  Best Solution Value: 11241048.752431
  Average Time per Execution: 600.000000 sec
  Best Solution Time: 600.000000 sec
  BKS: 11288901.000000
  Distance to BKS: 47852.247569
  Percentage Distance to BKS: 0.42%
  Average Percentage Distance to BKS: 0.48%

  Details per Execution:
    Exec 1: Solution=11236819.698570, Time=600.000000 sec, Dist BKS=0.46%
    Exec 2: Solution=11239652.970709, Time=600.000000 sec, Dist BKS=0.44%
    Exec 3: Solution=11239362.054104, Time=600.000000 sec, Dist BKS=0.44%
    Exec 4: Solution=11231145.776859, Time=600.000000 sec, Dist BKS=0.51%
    Exec 5: Solution=11235757.156286, Time=600.000000 sec, Dist BKS=0.47%
    Exec 6: Solution=11240232.306917, Time=600.000000 sec, Dist BKS=0.43%
    Exec 7: Solution=11231956.608536, Time=600.000000 sec, Dist BKS=0.50%
    Exec 8: Solution=11235215.850114, Time=600.000000 sec, Dist BKS=0.48%
    Exec 9: Solution=11227305.294902, Time=600.000000 sec, Dist BKS=0.55%
    Exec 10: Solution=11232153.754515, Time=600.000000 sec, Dist BKS=0.50%
    Exec 11: Solution=11236865.031625, Time=600.000000 sec, Dist BKS=0.46%
    Exec 12: Solution=11235409.557074, Time=600.000000 sec, Dist BKS=0.47%
    Exec 13: Solution=11228626.167488, Time=600.000000 sec, Dist BKS=0.53%
    Exec 14: Solution=11241048.752431, Time=600.000000 sec, Dist BKS=0.42%
    Exec 15: Solution=11230563.032373, Time=600.000000 sec, Dist BKS=0.52%
