SOLUTION START
	Parameters used:
	instance = instances/MDG-b/MDG-b_26_n2000_m200.txt
	solution_size = 200
	meta_heuristic = grasp


Quantidade de iterações: 1316
Quantidade de minerações: 0

Quantidade de iterações: 1634
Quantidade de minerações: 0

Quantidade de iterações: 1696
Quantidade de minerações: 0

Quantidade de iterações: 1565
Quantidade de minerações: 0

Quantidade de iterações: 1311
Quantidade de minerações: 0

Quantidade de iterações: 1484
Quantidade de minerações: 0

Quantidade de iterações: 1485
Quantidade de minerações: 0

Quantidade de iterações: 1494
Quantidade de minerações: 0

Quantidade de iterações: 1508
Quantidade de minerações: 0

Quantidade de iterações: 1501
Quantidade de minerações: 0

Quantidade de iterações: 1492
Quantidade de minerações: 0

Quantidade de iterações: 1275
Quantidade de minerações: 0

Quantidade de iterações: 1295
Quantidade de minerações: 0

Quantidade de iterações: 1316
Quantidade de minerações: 0

Quantidade de iterações: 1451
Quantidade de minerações: 0

Execution Summary:
  Instance: instances/MDG-b/MDG-b_26_n2000_m200.txt
  Matrix Size (N): 2000
  Solution Size (M): 200
  Number of Executions: 15
  ------------------------------------
  Average Solution: 11250386.402239
  Best Solution Value: 11268255.755292
  Average Time per Execution: 600.000000 sec
  Best Solution Time: 600.000000 sec
  BKS: 11298430.000000
  Distance to BKS: 30174.244708
  Percentage Distance to BKS: 0.27%
  Average Percentage Distance to BKS: 0.43%

  Details per Execution:
    Exec 1: Solution=11249815.120473, Time=600.000000 sec, Dist BKS=0.38%
    Exec 2: Solution=11259408.812436, Time=600.000000 sec, Dist BKS=0.29%
    Exec 3: Solution=11257445.900421, Time=600.000000 sec, Dist BKS=0.31%
    Exec 4: Solution=11246832.750259, Time=600.000000 sec, Dist BKS=0.40%
    Exec 5: Solution=11268255.755292, Time=600.000000 sec, Dist BKS=0.21%
    Exec 6: Solution=11242640.676178, Time=600.000000 sec, Dist BKS=0.44%
    Exec 7: Solution=11259371.805766, Time=600.000000 sec, Dist BKS=0.29%
    Exec 8: Solution=11242099.007495, Time=600.000000 sec, Dist BKS=0.44%
    Exec 9: Solution=11246043.677869, Time=600.000000 sec, Dist BKS=0.41%
    Exec 10: Solution=11253004.346622, Time=600.000000 sec, Dist BKS=0.35%
    Exec 11: Solution=11244624.672648, Time=600.000000 sec, Dist BKS=0.42%
    Exec 12: Solution=11244940.242414, Time=600.000000 sec, Dist BKS=0.42%
    Exec 13: Solution=11243013.429197, Time=600.000000 sec, Dist BKS=0.44%
    Exec 14: Solution=11252648.873907, Time=600.000000 sec, Dist BKS=0.35%
    Exec 15: Solution=11245650.962612, Time=600.000000 sec, Dist BKS=0.41%
