SOLUTION START
	Parameters used:
	instance = instances/MDG-b/MDG-b_35_n2000_m200.txt
	solution_size = 200
	meta_heuristic = grasp


Quantidade de iterações: 1428
Quantidade de minerações: 0

Quantidade de iterações: 1317
Quantidade de minerações: 0

Quantidade de iterações: 1378
Quantidade de minerações: 0

Quantidade de iterações: 1261
Quantidade de minerações: 0

Quantidade de iterações: 1632
Quantidade de minerações: 0

Quantidade de iterações: 1710
Quantidade de minerações: 0

Quantidade de iterações: 1709
Quantidade de minerações: 0

Quantidade de iterações: 1292
Quantidade de minerações: 0

Quantidade de iterações: 1016
Quantidade de minerações: 0

Quantidade de iterações: 608
Quantidade de minerações: 0

Quantidade de iterações: 768
Quantidade de minerações: 0

Quantidade de iterações: 650
Quantidade de minerações: 0

Quantidade de iterações: 1343
Quantidade de minerações: 0

Quantidade de iterações: 1737
Quantidade de minerações: 0

Quantidade de iterações: 1745
Quantidade de minerações: 0

Execution Summary:
  Instance: instances/MDG-b/MDG-b_35_n2000_m200.txt
  Matrix Size (N): 2000
  Solution Size (M): 200
  Number of Executions: 15
  ------------------------------------
  Average Solution: 11247445.404220
  Best Solution Value: 11253433.454610
  Average Time per Execution: 600.000000 sec
  Best Solution Time: 600.000000 sec
  BKS: 11307424.000000
  Distance to BKS: 53990.545390
  Percentage Distance to BKS: 0.48%
  Average Percentage Distance to BKS: 0.53%

  Details per Execution:
    Exec 1: Solution=11249631.799991, Time=600.000000 sec, Dist BKS=0.51%
    Exec 2: Solution=11249380.638377, Time=600.000000 sec, Dist BKS=0.51%
    Exec 3: Solution=11245653.956722, Time=600.000000 sec, Dist BKS=0.55%
    Exec 4: Solution=11247871.732850, Time=600.000000 sec, Dist BKS=0.53%
    Exec 5: Solution=11246965.295751, Time=600.000000 sec, Dist BKS=0.53%
    Exec 6: Solution=11253433.454610, Time=600.000000 sec, Dist BKS=0.48%
    Exec 7: Solution=11247737.687866, Time=600.000000 sec, Dist BKS=0.53%
    Exec 8: Solution=11247411.492689, Time=600.000000 sec, Dist BKS=0.53%
    Exec 9: Solution=11248637.475039, Time=600.000000 sec, Dist BKS=0.52%
    Exec 10: Solution=11239818.458278, Time=600.000000 sec, Dist BKS=0.60%
    Exec 11: Solution=11244606.479588, Time=600.000000 sec, Dist BKS=0.56%
    Exec 12: Solution=11237927.192896, Time=600.000000 sec, Dist BKS=0.61%
    Exec 13: Solution=11251471.352643, Time=600.000000 sec, Dist BKS=0.49%
    Exec 14: Solution=11250909.433782, Time=600.000000 sec, Dist BKS=0.50%
    Exec 15: Solution=11250224.612219, Time=600.000000 sec, Dist BKS=0.51%
