SOLUTION START
	Parameters used:
	instance = instances/MDG-b/MDG-b_23_n2000_m200.txt
	solution_size = 200
	meta_heuristic = grasp


Quantidade de iterações: 1426
Quantidade de minerações: 0

Quantidade de iterações: 1529
Quantidade de minerações: 0

Quantidade de iterações: 1640
Quantidade de minerações: 0

Quantidade de iterações: 1284
Quantidade de minerações: 0

Quantidade de iterações: 1252
Quantidade de minerações: 0

Quantidade de iterações: 1326
Quantidade de minerações: 0

Quantidade de iterações: 1275
Quantidade de minerações: 0

Quantidade de iterações: 1047
Quantidade de minerações: 0

Quantidade de iterações: 991
Quantidade de minerações: 0

Quantidade de iterações: 1095
Quantidade de minerações: 0

Quantidade de iterações: 1542
Quantidade de minerações: 0

Quantidade de iterações: 1519
Quantidade de minerações: 0

Quantidade de iterações: 1221
Quantidade de minerações: 0

Quantidade de iterações: 1206
Quantidade de minerações: 0

Quantidade de iterações: 653
Quantidade de minerações: 0

Execution Summary:
  Instance: instances/MDG-b/MDG-b_23_n2000_m200.txt
  Matrix Size (N): 2000
  Solution Size (M): 200
  Number of Executions: 15
  ------------------------------------
  Average Solution: 11254512.221643
  Best Solution Value: 11269235.793152
  Average Time per Execution: 600.000000 sec
  Best Solution Time: 600.000000 sec
  BKS: 11299941.000000
  Distance to BKS: 30705.206848
  Percentage Distance to BKS: 0.27%
  Average Percentage Distance to BKS: 0.40%

  Details per Execution:
    Exec 1: Solution=11250442.712257, Time=600.000000 sec, Dist BKS=0.44%
    Exec 2: Solution=11258536.095890, Time=600.000000 sec, Dist BKS=0.37%
    Exec 3: Solution=11269235.793152, Time=600.000000 sec, Dist BKS=0.27%
    Exec 4: Solution=11245665.556915, Time=600.000000 sec, Dist BKS=0.48%
    Exec 5: Solution=11256761.147294, Time=600.000000 sec, Dist BKS=0.38%
    Exec 6: Solution=11256955.842972, Time=600.000000 sec, Dist BKS=0.38%
    Exec 7: Solution=11250856.450919, Time=600.000000 sec, Dist BKS=0.43%
    Exec 8: Solution=11256601.410214, Time=600.000000 sec, Dist BKS=0.38%
    Exec 9: Solution=11252027.780841, Time=600.000000 sec, Dist BKS=0.42%
    Exec 10: Solution=11250849.151662, Time=600.000000 sec, Dist BKS=0.43%
    Exec 11: Solution=11251607.487046, Time=600.000000 sec, Dist BKS=0.43%
    Exec 12: Solution=11257785.598366, Time=600.000000 sec, Dist BKS=0.37%
    Exec 13: Solution=11254888.134536, Time=600.000000 sec, Dist BKS=0.40%
    Exec 14: Solution=11246683.170867, Time=600.000000 sec, Dist BKS=0.47%
    Exec 15: Solution=11258786.991707, Time=600.000000 sec, Dist BKS=0.36%
