SOLUTION START
	Parameters used:
	instance = instances/MDG-b/MDG-b_30_n2000_m200.txt
	solution_size = 200
	meta_heuristic = mr-grasp


Execution Summary:
  Instance: instances/MDG-b/MDG-b_30_n2000_m200.txt
  Matrix Size (N): 2000
  Solution Size (M): 200
  Number of Executions: 15
  ------------------------------------
  Average Solution: 11291626.245318
  Best Solution Value: 11297122.749404
  Average Time per Execution: 600.000000 sec
  Best Solution Time: 600.000000 sec
  BKS: 11298065.000000
  Distance to BKS: -707.749404
  Percentage Distance to BKS: -0.01%
  Average Percentage Distance to BKS: 0.06%
  Minerações por Execução: 8.53

  Details per Execution:
    Exec 1: Solution=11288898.993995, Time=600.000000 sec, Minerações=6, Dist BKS=0.08%
    Exec 2: Solution=11293049.405650, Time=600.000000 sec, Minerações=8, Dist BKS=0.04%
    Exec 3: Solution=11297122.749404, Time=600.000000 sec, Minerações=10, Dist BKS=-0.01%
    Exec 4: Solution=11290559.371562, Time=600.000000 sec, Minerações=10, Dist BKS=0.07%
    Exec 5: Solution=11288571.552257, Time=600.000000 sec, Minerações=11, Dist BKS=0.08%
    Exec 6: Solution=11293029.545237, Time=600.000000 sec, Minerações=8, Dist BKS=0.04%
    Exec 7: Solution=11295330.674990, Time=600.000000 sec, Minerações=9, Dist BKS=0.02%
    Exec 8: Solution=11292228.371622, Time=600.000000 sec, Minerações=7, Dist BKS=0.05%
    Exec 9: Solution=11294619.548781, Time=600.000000 sec, Minerações=7, Dist BKS=0.03%
    Exec 10: Solution=11293017.317838, Time=600.000000 sec, Minerações=9, Dist BKS=0.04%
    Exec 11: Solution=11290776.378186, Time=600.000000 sec, Minerações=10, Dist BKS=0.06%
    Exec 12: Solution=11295159.182850, Time=600.000000 sec, Minerações=7, Dist BKS=0.03%
    Exec 13: Solution=11286317.047658, Time=600.000000 sec, Minerações=8, Dist BKS=0.10%
    Exec 14: Solution=11289617.446820, Time=600.000000 sec, Minerações=10, Dist BKS=0.07%
    Exec 15: Solution=11286096.092927, Time=600.000000 sec, Minerações=8, Dist BKS=0.11%
