SOLUTION START
	Parameters used:
	instance = instances/MDG-b/MDG-b_32_n2000_m200.txt
	solution_size = 200
	meta_heuristic = mr-grasp


Execution Summary:
  Instance: instances/MDG-b/MDG-b_32_n2000_m200.txt
  Matrix Size (N): 2000
  Solution Size (M): 200
  Number of Executions: 15
  ------------------------------------
  Average Solution: 11277422.001990
  Best Solution Value: 11283476.856587
  Average Time per Execution: 600.000000 sec
  Best Solution Time: 600.000000 sec
  BKS: 11283539.000000
  Distance to BKS: -3656.856587
  Percentage Distance to BKS: -0.03%
  Average Percentage Distance to BKS: 0.05%
  Minerações por Execução: 8.53

  Details per Execution:
    Exec 1: Solution=11279551.710783, Time=600.000000 sec, Minerações=8, Dist BKS=0.04%
    Exec 2: Solution=11270394.250775, Time=600.000000 sec, Minerações=8, Dist BKS=0.12%
    Exec 3: Solution=11278709.231093, Time=600.000000 sec, Minerações=10, Dist BKS=0.04%
    Exec 4: Solution=11267471.721037, Time=600.000000 sec, Minerações=9, Dist BKS=0.14%
    Exec 5: Solution=11280497.557910, Time=600.000000 sec, Minerações=7, Dist BKS=-0.01%
    Exec 6: Solution=11279896.907903, Time=600.000000 sec, Minerações=9, Dist BKS=-0.00%
    Exec 7: Solution=11280140.003558, Time=600.000000 sec, Minerações=7, Dist BKS=-0.00%
    Exec 8: Solution=11279300.513126, Time=600.000000 sec, Minerações=9, Dist BKS=0.04%
    Exec 9: Solution=11274193.048433, Time=600.000000 sec, Minerações=11, Dist BKS=0.08%
    Exec 10: Solution=11281900.603124, Time=600.000000 sec, Minerações=7, Dist BKS=-0.02%
    Exec 11: Solution=11270766.083977, Time=600.000000 sec, Minerações=9, Dist BKS=0.11%
    Exec 12: Solution=11279881.684256, Time=600.000000 sec, Minerações=6, Dist BKS=-0.00%
    Exec 13: Solution=11283476.856587, Time=600.000000 sec, Minerações=7, Dist BKS=-0.03%
    Exec 14: Solution=11279150.254292, Time=600.000000 sec, Minerações=14, Dist BKS=0.04%
    Exec 15: Solution=11275999.602999, Time=600.000000 sec, Minerações=7, Dist BKS=0.07%
