SOLUTION START
	Parameters used:
	instance = instances/MDG-b/MDG-b_22_n2000_m200.txt
	solution_size = 200
	meta_heuristic = mr-grasp


Execution Summary:
  Instance: instances/MDG-b/MDG-b_22_n2000_m200.txt
  Matrix Size (N): 2000
  Solution Size (M): 200
  Number of Executions: 15
  ------------------------------------
  Average Solution: 11280034.722799
  Best Solution Value: 11285295.394615
  Average Time per Execution: 600.000000 sec
  Best Solution Time: 600.000000 sec
  BKS: 11292398.000000
  Distance to BKS: 7102.605385
  Percentage Distance to BKS: 0.06%
  Average Percentage Distance to BKS: 0.11%
  Minerações por Execução: 8.80

  Details per Execution:
    Exec 1: Solution=11284606.507834, Time=600.000000 sec, Minerações=11, Dist BKS=0.07%
    Exec 2: Solution=11282247.086915, Time=600.000000 sec, Minerações=9, Dist BKS=0.09%
    Exec 3: Solution=11285295.394615, Time=600.000000 sec, Minerações=8, Dist BKS=0.06%
    Exec 4: Solution=11280991.976283, Time=600.000000 sec, Minerações=6, Dist BKS=0.10%
    Exec 5: Solution=11276990.998865, Time=600.000000 sec, Minerações=7, Dist BKS=0.14%
    Exec 6: Solution=11279078.856783, Time=600.000000 sec, Minerações=13, Dist BKS=0.12%
    Exec 7: Solution=11279545.089600, Time=600.000000 sec, Minerações=9, Dist BKS=0.11%
    Exec 8: Solution=11279592.415459, Time=600.000000 sec, Minerações=10, Dist BKS=0.11%
    Exec 9: Solution=11269671.111183, Time=600.000000 sec, Minerações=8, Dist BKS=0.20%
    Exec 10: Solution=11283189.363344, Time=600.000000 sec, Minerações=8, Dist BKS=0.08%
    Exec 11: Solution=11284761.164205, Time=600.000000 sec, Minerações=7, Dist BKS=0.07%
    Exec 12: Solution=11281016.788933, Time=600.000000 sec, Minerações=10, Dist BKS=0.10%
    Exec 13: Solution=11277060.095033, Time=600.000000 sec, Minerações=6, Dist BKS=0.14%
    Exec 14: Solution=11274490.716760, Time=600.000000 sec, Minerações=8, Dist BKS=0.16%
    Exec 15: Solution=11281983.276181, Time=600.000000 sec, Minerações=12, Dist BKS=0.09%
