START SOLUTION
	Parameters used:
	instance = instances/MDG-a/MDG-a_40_n2000_m200.txt
	solution_Size = 200
	meta_Heuristic = mdm-grasp

EXEC_PROGRESS 1/30
ITER 28 DATA_MINING TOOK 0.017014
ITER 50 DATA_MINING TOOK 0.025859

Total iterations: 50
Mining operations: 2
EXEC_PROGRESS 2/30
ITER 19 DATA_MINING TOOK 0.009231
ITER 37 DATA_MINING TOOK 0.047900

Total iterations: 53
Mining operations: 2
EXEC_PROGRESS 3/30
ITER 22 DATA_MINING TOOK 0.022028
ITER 53 DATA_MINING TOOK 0.049697

Total iterations: 59
Mining operations: 2
EXEC_PROGRESS 4/30
ITER 39 DATA_MINING TOOK 0.037208
ITER 51 DATA_MINING TOOK 0.037506
ITER 59 DATA_MINING TOOK 0.071220

Total iterations: 67
Mining operations: 3
EXEC_PROGRESS 5/30
ITER 20 DATA_MINING TOOK 0.011110
ITER 47 DATA_MINING TOOK 0.097850

Total iterations: 67
Mining operations: 2
EXEC_PROGRESS 6/30
ITER 31 DATA_MINING TOOK 0.000000
ITER 53 DATA_MINING TOOK 0.050117
ITER 61 DATA_MINING TOOK 0.088036

Total iterations: 71
Mining operations: 3
EXEC_PROGRESS 7/30
ITER 32 DATA_MINING TOOK 0.025128
ITER 63 DATA_MINING TOOK 0.045983

Total iterations: 67
Mining operations: 2
EXEC_PROGRESS 8/30
ITER 33 DATA_MINING TOOK 0.031263
ITER 52 DATA_MINING TOOK 0.046461
ITER 79 DATA_MINING TOOK 0.092611

Total iterations: 80
Mining operations: 3
EXEC_PROGRESS 9/30
ITER 26 DATA_MINING TOOK 0.008966
ITER 40 DATA_MINING TOOK 0.028301
ITER 78 DATA_MINING TOOK 0.153921

Total iterations: 79
Mining operations: 3
EXEC_PROGRESS 10/30
ITER 28 DATA_MINING TOOK 0.024576
ITER 40 DATA_MINING TOOK 0.057217
ITER 44 DATA_MINING TOOK 0.057288
ITER 62 DATA_MINING TOOK 0.097697

Total iterations: 64
Mining operations: 4
EXEC_PROGRESS 11/30
ITER 26 DATA_MINING TOOK 0.019539
ITER 39 DATA_MINING TOOK 0.055902
ITER 44 DATA_MINING TOOK 0.048458

Total iterations: 62
Mining operations: 3
EXEC_PROGRESS 12/30
ITER 23 DATA_MINING TOOK 0.014221
ITER 32 DATA_MINING TOOK 0.030249
ITER 44 DATA_MINING TOOK 0.028655
ITER 57 DATA_MINING TOOK 0.085805

Total iterations: 75
Mining operations: 4
EXEC_PROGRESS 13/30
ITER 28 DATA_MINING TOOK 0.016587
ITER 39 DATA_MINING TOOK 0.035199
ITER 58 DATA_MINING TOOK 0.061257

Total iterations: 70
Mining operations: 3
EXEC_PROGRESS 14/30
ITER 30 DATA_MINING TOOK 0.018517
ITER 61 DATA_MINING TOOK 0.081248
ITER 70 DATA_MINING TOOK 0.203949

Total iterations: 82
Mining operations: 3
EXEC_PROGRESS 15/30
ITER 37 DATA_MINING TOOK 0.009174
ITER 51 DATA_MINING TOOK 0.030831
ITER 77 DATA_MINING TOOK 0.084802

Total iterations: 79
Mining operations: 3
EXEC_PROGRESS 16/30
ITER 23 DATA_MINING TOOK 0.020955
ITER 71 DATA_MINING TOOK 0.074337

Total iterations: 84
Mining operations: 2
EXEC_PROGRESS 17/30
ITER 19 DATA_MINING TOOK 0.009947
ITER 46 DATA_MINING TOOK 0.045119
ITER 59 DATA_MINING TOOK 0.093339
ITER 76 DATA_MINING TOOK 0.151156

Total iterations: 80
Mining operations: 4
EXEC_PROGRESS 18/30
ITER 24 DATA_MINING TOOK 0.014509
ITER 42 DATA_MINING TOOK 0.047217
ITER 63 DATA_MINING TOOK 0.214175

Total iterations: 70
Mining operations: 3
EXEC_PROGRESS 19/30
ITER 32 DATA_MINING TOOK 0.013169
ITER 40 DATA_MINING TOOK 0.030471
ITER 45 DATA_MINING TOOK 0.053093
ITER 48 DATA_MINING TOOK 0.058647
ITER 55 DATA_MINING TOOK 0.088252

Total iterations: 59
Mining operations: 5
EXEC_PROGRESS 20/30
ITER 37 DATA_MINING TOOK 0.013082
ITER 59 DATA_MINING TOOK 0.051305

Total iterations: 71
Mining operations: 2
EXEC_PROGRESS 21/30
ITER 44 DATA_MINING TOOK 0.019641

Total iterations: 72
Mining operations: 1
EXEC_PROGRESS 22/30
ITER 50 DATA_MINING TOOK 0.010650
ITER 63 DATA_MINING TOOK 0.018786

Total iterations: 71
Mining operations: 2
EXEC_PROGRESS 23/30
ITER 41 DATA_MINING TOOK 0.016379

Total iterations: 62
Mining operations: 1
EXEC_PROGRESS 24/30
ITER 25 DATA_MINING TOOK 0.028388
ITER 47 DATA_MINING TOOK 0.068496
ITER 53 DATA_MINING TOOK 0.054649
ITER 76 DATA_MINING TOOK 0.085392

Total iterations: 80
Mining operations: 4
EXEC_PROGRESS 25/30
ITER 21 DATA_MINING TOOK 0.012368
ITER 39 DATA_MINING TOOK 0.028791
ITER 55 DATA_MINING TOOK 0.043135
ITER 69 DATA_MINING TOOK 0.104905

Total iterations: 78
Mining operations: 4
EXEC_PROGRESS 26/30
ITER 21 DATA_MINING TOOK 0.059609
ITER 58 DATA_MINING TOOK 0.224166
ITER 80 DATA_MINING TOOK 0.191226

Total iterations: 82
Mining operations: 3
EXEC_PROGRESS 27/30
ITER 45 DATA_MINING TOOK 0.016335
ITER 65 DATA_MINING TOOK 0.060221

Total iterations: 84
Mining operations: 2
EXEC_PROGRESS 28/30
ITER 33 DATA_MINING TOOK 0.013262
ITER 64 DATA_MINING TOOK 0.047419
ITER 73 DATA_MINING TOOK 0.071831

Total iterations: 82
Mining operations: 3
EXEC_PROGRESS 29/30
ITER 37 DATA_MINING TOOK 0.011248
ITER 52 DATA_MINING TOOK 0.013924
ITER 64 DATA_MINING TOOK 0.033381

Total iterations: 81
Mining operations: 3
EXEC_PROGRESS 30/30
ITER 18 DATA_MINING TOOK 0.013014
ITER 61 DATA_MINING TOOK 0.062238
ITER 76 DATA_MINING TOOK 0.080273
ITER 83 DATA_MINING TOOK 0.091211

Total iterations: 84
Mining operations: 4

Execution Summary:
  Instance: instances/MDG-a/MDG-a_40_n2000_m200.txt
  Matrix Size (N): 2000
  Solution Size (M): 200
  Number of Executions: 30
  ------------------------------------
  Average Solution: 113690.000000
  Best Solution Benefit: 113935.000000
  Average Time per Execution: 20.000000 sec
  Best Solution Time: 20.000000 sec
  BKS: 114349.000000
  Distance to BKS: 414.000000
  Percentage Distance to BKS: 0.36%
  Average Percentage Distance to BKS: 0.58%

  Details per Execution:
    Exec 1: Solution=113763.000000, Time=20.000000 sec, Dist BKS=0.51%
    Exec 2: Solution=113532.000000, Time=20.000000 sec, Dist BKS=0.71%
    Exec 3: Solution=113661.000000, Time=20.000000 sec, Dist BKS=0.60%
    Exec 4: Solution=113613.000000, Time=20.000000 sec, Dist BKS=0.64%
    Exec 5: Solution=113647.000000, Time=20.000000 sec, Dist BKS=0.61%
    Exec 6: Solution=113630.000000, Time=20.000000 sec, Dist BKS=0.63%
    Exec 7: Solution=113721.000000, Time=20.000000 sec, Dist BKS=0.55%
    Exec 8: Solution=113780.000000, Time=20.000000 sec, Dist BKS=0.50%
    Exec 9: Solution=113857.000000, Time=20.000000 sec, Dist BKS=0.43%
    Exec 10: Solution=113516.000000, Time=20.000000 sec, Dist BKS=0.73%
    Exec 11: Solution=113592.000000, Time=20.000000 sec, Dist BKS=0.66%
    Exec 12: Solution=113842.000000, Time=20.000000 sec, Dist BKS=0.44%
    Exec 13: Solution=113683.000000, Time=20.000000 sec, Dist BKS=0.58%
    Exec 14: Solution=113935.000000, Time=20.000000 sec, Dist BKS=0.36%
    Exec 15: Solution=113670.000000, Time=20.000000 sec, Dist BKS=0.59%
    Exec 16: Solution=113831.000000, Time=20.000000 sec, Dist BKS=0.45%
    Exec 17: Solution=113786.000000, Time=20.000000 sec, Dist BKS=0.49%
    Exec 18: Solution=113788.000000, Time=20.000000 sec, Dist BKS=0.49%
    Exec 19: Solution=113662.000000, Time=20.000000 sec, Dist BKS=0.60%
    Exec 20: Solution=113677.000000, Time=20.000000 sec, Dist BKS=0.59%
    Exec 21: Solution=113599.000000, Time=20.000000 sec, Dist BKS=0.66%
    Exec 22: Solution=113543.000000, Time=20.000000 sec, Dist BKS=0.70%
    Exec 23: Solution=113460.000000, Time=20.000000 sec, Dist BKS=0.78%
    Exec 24: Solution=113670.000000, Time=20.000000 sec, Dist BKS=0.59%
    Exec 25: Solution=113735.000000, Time=20.000000 sec, Dist BKS=0.54%
    Exec 26: Solution=113822.000000, Time=20.000000 sec, Dist BKS=0.46%
    Exec 27: Solution=113672.000000, Time=20.000000 sec, Dist BKS=0.59%
    Exec 28: Solution=113648.000000, Time=20.000000 sec, Dist BKS=0.61%
    Exec 29: Solution=113721.000000, Time=20.000000 sec, Dist BKS=0.55%
    Exec 30: Solution=113644.000000, Time=20.000000 sec, Dist BKS=0.62%
