START SOLUTION
	Parameters used:
	instance = instances/MDG-a/MDG-a_36_n2000_m200.txt
	solution_Size = 200
	meta_Heuristic = mdm-grasp

EXEC_PROGRESS 1/30
ITER 29 DATA_MINING TOOK 0.015843
ITER 44 DATA_MINING TOOK 0.055319
ITER 49 DATA_MINING TOOK 0.062952

Total iterations: 51
Mining operations: 3
EXEC_PROGRESS 2/30
ITER 16 DATA_MINING TOOK 0.009729
ITER 26 DATA_MINING TOOK 0.064948

Total iterations: 38
Mining operations: 2
EXEC_PROGRESS 3/30
ITER 17 DATA_MINING TOOK 0.022768
ITER 32 DATA_MINING TOOK 0.116224
ITER 37 DATA_MINING TOOK 0.303206

Total iterations: 46
Mining operations: 3
EXEC_PROGRESS 4/30
ITER 16 DATA_MINING TOOK 0.022764
ITER 22 DATA_MINING TOOK 0.073576
ITER 29 DATA_MINING TOOK 0.139083

Total iterations: 42
Mining operations: 3
EXEC_PROGRESS 5/30
ITER 25 DATA_MINING TOOK 0.012959
ITER 30 DATA_MINING TOOK 0.039244

Total iterations: 37
Mining operations: 2
EXEC_PROGRESS 6/30
ITER 23 DATA_MINING TOOK 0.018651
ITER 34 DATA_MINING TOOK 0.099629

Total iterations: 50
Mining operations: 2
EXEC_PROGRESS 7/30
ITER 25 DATA_MINING TOOK 0.021189
ITER 36 DATA_MINING TOOK 0.051930

Total iterations: 48
Mining operations: 2
EXEC_PROGRESS 8/30
ITER 16 DATA_MINING TOOK 0.016628
ITER 26 DATA_MINING TOOK 0.042364
ITER 33 DATA_MINING TOOK 0.088758
ITER 57 DATA_MINING TOOK 0.456785

Total iterations: 57
Mining operations: 4
EXEC_PROGRESS 9/30
ITER 28 DATA_MINING TOOK 0.018046
ITER 39 DATA_MINING TOOK 0.032367

Total iterations: 53
Mining operations: 2
EXEC_PROGRESS 10/30
ITER 21 DATA_MINING TOOK 0.019621
ITER 44 DATA_MINING TOOK 0.110591

Total iterations: 54
Mining operations: 2
EXEC_PROGRESS 11/30
ITER 18 DATA_MINING TOOK 0.015228
ITER 36 DATA_MINING TOOK 0.041972
ITER 46 DATA_MINING TOOK 0.044686

Total iterations: 51
Mining operations: 3
EXEC_PROGRESS 12/30
ITER 31 DATA_MINING TOOK 0.046521
ITER 39 DATA_MINING TOOK 0.136588

Total iterations: 48
Mining operations: 2
EXEC_PROGRESS 13/30
ITER 22 DATA_MINING TOOK 0.053093
ITER 32 DATA_MINING TOOK 0.146373
ITER 40 DATA_MINING TOOK 0.456686
ITER 45 DATA_MINING TOOK 0.466766

Total iterations: 46
Mining operations: 4
EXEC_PROGRESS 14/30
ITER 28 DATA_MINING TOOK 0.024500

Total iterations: 42
Mining operations: 1
EXEC_PROGRESS 15/30
ITER 17 DATA_MINING TOOK 0.039938
ITER 35 DATA_MINING TOOK 0.093240
ITER 50 DATA_MINING TOOK 0.102044

Total iterations: 52
Mining operations: 3
EXEC_PROGRESS 16/30
ITER 26 DATA_MINING TOOK 0.029165
ITER 42 DATA_MINING TOOK 0.086563

Total iterations: 50
Mining operations: 2
EXEC_PROGRESS 17/30
ITER 20 DATA_MINING TOOK 0.020136
ITER 38 DATA_MINING TOOK 0.121019

Total iterations: 50
Mining operations: 2
EXEC_PROGRESS 18/30
ITER 29 DATA_MINING TOOK 0.024030
ITER 33 DATA_MINING TOOK 0.026587
ITER 38 DATA_MINING TOOK 0.075356

Total iterations: 44
Mining operations: 3
EXEC_PROGRESS 19/30
ITER 30 DATA_MINING TOOK 0.015658
ITER 44 DATA_MINING TOOK 0.052872

Total iterations: 52
Mining operations: 2
EXEC_PROGRESS 20/30
ITER 27 DATA_MINING TOOK 0.030838
ITER 36 DATA_MINING TOOK 0.039836
ITER 41 DATA_MINING TOOK 0.069613
ITER 51 DATA_MINING TOOK 0.076441

Total iterations: 52
Mining operations: 4
EXEC_PROGRESS 21/30
ITER 21 DATA_MINING TOOK 0.026905
ITER 42 DATA_MINING TOOK 0.105916

Total iterations: 50
Mining operations: 2
EXEC_PROGRESS 22/30
ITER 20 DATA_MINING TOOK 0.021381
ITER 40 DATA_MINING TOOK 0.307476

Total iterations: 46
Mining operations: 2
EXEC_PROGRESS 23/30
ITER 25 DATA_MINING TOOK 0.031648

Total iterations: 52
Mining operations: 1
EXEC_PROGRESS 24/30
ITER 28 DATA_MINING TOOK 0.018405
ITER 48 DATA_MINING TOOK 0.146779
ITER 53 DATA_MINING TOOK 0.193882

Total iterations: 55
Mining operations: 3
EXEC_PROGRESS 25/30
ITER 30 DATA_MINING TOOK 0.023510
ITER 36 DATA_MINING TOOK 0.041089
ITER 47 DATA_MINING TOOK 0.137165

Total iterations: 50
Mining operations: 3
EXEC_PROGRESS 26/30
ITER 26 DATA_MINING TOOK 0.015427
ITER 43 DATA_MINING TOOK 0.067399

Total iterations: 52
Mining operations: 2
EXEC_PROGRESS 27/30
ITER 28 DATA_MINING TOOK 0.021194
ITER 53 DATA_MINING TOOK 0.065604

Total iterations: 55
Mining operations: 2
EXEC_PROGRESS 28/30
ITER 34 DATA_MINING TOOK 0.034296
ITER 44 DATA_MINING TOOK 0.093184

Total iterations: 51
Mining operations: 2
EXEC_PROGRESS 29/30
ITER 16 DATA_MINING TOOK 0.026759
ITER 41 DATA_MINING TOOK 0.119344

Total iterations: 52
Mining operations: 2
EXEC_PROGRESS 30/30
ITER 20 DATA_MINING TOOK 0.024061
ITER 43 DATA_MINING TOOK 0.093584

Total iterations: 51
Mining operations: 2

Execution Summary:
  Instance: instances/MDG-a/MDG-a_36_n2000_m200.txt
  Matrix Size (N): 2000
  Solution Size (M): 200
  Number of Executions: 30
  ------------------------------------
  Average Solution: 113702.066667
  Best Solution Benefit: 113930.000000
  Average Time per Execution: 20.000000 sec
  Best Solution Time: 20.000000 sec
  BKS: 114335.000000
  Distance to BKS: 405.000000
  Percentage Distance to BKS: 0.35%
  Average Percentage Distance to BKS: 0.55%

  Details per Execution:
    Exec 1: Solution=113741.000000, Time=20.000000 sec, Dist BKS=0.52%
    Exec 2: Solution=113702.000000, Time=20.000000 sec, Dist BKS=0.55%
    Exec 3: Solution=113930.000000, Time=20.000000 sec, Dist BKS=0.35%
    Exec 4: Solution=113661.000000, Time=20.000000 sec, Dist BKS=0.59%
    Exec 5: Solution=113530.000000, Time=20.000000 sec, Dist BKS=0.70%
    Exec 6: Solution=113653.000000, Time=20.000000 sec, Dist BKS=0.60%
    Exec 7: Solution=113664.000000, Time=20.000000 sec, Dist BKS=0.59%
    Exec 8: Solution=113849.000000, Time=20.000000 sec, Dist BKS=0.43%
    Exec 9: Solution=113657.000000, Time=20.000000 sec, Dist BKS=0.59%
    Exec 10: Solution=113644.000000, Time=20.000000 sec, Dist BKS=0.60%
    Exec 11: Solution=113597.000000, Time=20.000000 sec, Dist BKS=0.65%
    Exec 12: Solution=113790.000000, Time=20.000000 sec, Dist BKS=0.48%
    Exec 13: Solution=113624.000000, Time=20.000000 sec, Dist BKS=0.62%
    Exec 14: Solution=113730.000000, Time=20.000000 sec, Dist BKS=0.53%
    Exec 15: Solution=113907.000000, Time=20.000000 sec, Dist BKS=0.37%
    Exec 16: Solution=113559.000000, Time=20.000000 sec, Dist BKS=0.68%
    Exec 17: Solution=113685.000000, Time=20.000000 sec, Dist BKS=0.57%
    Exec 18: Solution=113728.000000, Time=20.000000 sec, Dist BKS=0.53%
    Exec 19: Solution=113632.000000, Time=20.000000 sec, Dist BKS=0.61%
    Exec 20: Solution=113702.000000, Time=20.000000 sec, Dist BKS=0.55%
    Exec 21: Solution=113688.000000, Time=20.000000 sec, Dist BKS=0.57%
    Exec 22: Solution=113650.000000, Time=20.000000 sec, Dist BKS=0.60%
    Exec 23: Solution=113790.000000, Time=20.000000 sec, Dist BKS=0.48%
    Exec 24: Solution=113748.000000, Time=20.000000 sec, Dist BKS=0.51%
    Exec 25: Solution=113837.000000, Time=20.000000 sec, Dist BKS=0.44%
    Exec 26: Solution=113654.000000, Time=20.000000 sec, Dist BKS=0.60%
    Exec 27: Solution=113644.000000, Time=20.000000 sec, Dist BKS=0.60%
    Exec 28: Solution=113786.000000, Time=20.000000 sec, Dist BKS=0.48%
    Exec 29: Solution=113669.000000, Time=20.000000 sec, Dist BKS=0.58%
    Exec 30: Solution=113611.000000, Time=20.000000 sec, Dist BKS=0.63%
