START SOLUTION
	Parameters used:
	instance = instances/MDG-a/MDG-a_33_n2000_m200.txt
	solution_Size = 200
	meta_Heuristic = mdm-grasp

EXEC_PROGRESS 1/30
ITER 29 DATA_MINING TOOK 0.019651
ITER 45 DATA_MINING TOOK 0.065891

Total iterations: 55
Mining operations: 2
EXEC_PROGRESS 2/30
ITER 37 DATA_MINING TOOK 0.011113
ITER 41 DATA_MINING TOOK 0.012702
ITER 45 DATA_MINING TOOK 0.012632

Total iterations: 52
Mining operations: 3
EXEC_PROGRESS 3/30
ITER 16 DATA_MINING TOOK 0.014005
ITER 32 DATA_MINING TOOK 0.022742
ITER 39 DATA_MINING TOOK 0.052928
ITER 45 DATA_MINING TOOK 0.100792

Total iterations: 45
Mining operations: 4
EXEC_PROGRESS 4/30
ITER 23 DATA_MINING TOOK 0.017971
ITER 32 DATA_MINING TOOK 0.043081

Total iterations: 41
Mining operations: 2
EXEC_PROGRESS 5/30
ITER 27 DATA_MINING TOOK 0.018844
ITER 41 DATA_MINING TOOK 0.031655
ITER 51 DATA_MINING TOOK 0.041024

Total iterations: 52
Mining operations: 3
EXEC_PROGRESS 6/30
ITER 32 DATA_MINING TOOK 0.029402
ITER 39 DATA_MINING TOOK 0.049497
ITER 43 DATA_MINING TOOK 0.070693

Total iterations: 50
Mining operations: 3
EXEC_PROGRESS 7/30
ITER 38 DATA_MINING TOOK 0.031136
ITER 49 DATA_MINING TOOK 0.041202

Total iterations: 51
Mining operations: 2
EXEC_PROGRESS 8/30
ITER 24 DATA_MINING TOOK 0.015643
ITER 32 DATA_MINING TOOK 0.038057
ITER 46 DATA_MINING TOOK 0.072779
ITER 56 DATA_MINING TOOK 0.107400

Total iterations: 57
Mining operations: 4
EXEC_PROGRESS 9/30
ITER 25 DATA_MINING TOOK 0.017287
ITER 39 DATA_MINING TOOK 0.036395
ITER 46 DATA_MINING TOOK 0.046898
ITER 53 DATA_MINING TOOK 0.053471

Total iterations: 54
Mining operations: 4
EXEC_PROGRESS 10/30
ITER 19 DATA_MINING TOOK 0.017175
ITER 33 DATA_MINING TOOK 0.051898
ITER 45 DATA_MINING TOOK 0.072738
ITER 53 DATA_MINING TOOK 0.254113

Total iterations: 54
Mining operations: 4
EXEC_PROGRESS 11/30
ITER 24 DATA_MINING TOOK 0.009107
ITER 35 DATA_MINING TOOK 0.045192
ITER 43 DATA_MINING TOOK 0.075658

Total iterations: 52
Mining operations: 3
EXEC_PROGRESS 12/30
ITER 35 DATA_MINING TOOK 0.022972
ITER 51 DATA_MINING TOOK 0.073795

Total iterations: 54
Mining operations: 2
EXEC_PROGRESS 13/30
ITER 20 DATA_MINING TOOK 0.019988
ITER 40 DATA_MINING TOOK 0.076592
ITER 49 DATA_MINING TOOK 0.460816

Total iterations: 51
Mining operations: 3
EXEC_PROGRESS 14/30
ITER 21 DATA_MINING TOOK 0.030247
ITER 37 DATA_MINING TOOK 0.376572

Total iterations: 54
Mining operations: 2
EXEC_PROGRESS 15/30
ITER 29 DATA_MINING TOOK 0.010686
ITER 34 DATA_MINING TOOK 0.027387

Total iterations: 52
Mining operations: 2
EXEC_PROGRESS 16/30
ITER 26 DATA_MINING TOOK 0.015460
ITER 36 DATA_MINING TOOK 0.171975

Total iterations: 50
Mining operations: 2
EXEC_PROGRESS 17/30
ITER 20 DATA_MINING TOOK 0.017398
ITER 28 DATA_MINING TOOK 0.065588
ITER 36 DATA_MINING TOOK 0.113724

Total iterations: 46
Mining operations: 3
EXEC_PROGRESS 18/30
ITER 44 DATA_MINING TOOK 0.019573
ITER 53 DATA_MINING TOOK 0.039005

Total iterations: 54
Mining operations: 2
EXEC_PROGRESS 19/30
ITER 18 DATA_MINING TOOK 0.012570
ITER 26 DATA_MINING TOOK 0.075154
ITER 29 DATA_MINING TOOK 0.033738

Total iterations: 47
Mining operations: 3
EXEC_PROGRESS 20/30
ITER 32 DATA_MINING TOOK 0.033520

Total iterations: 45
Mining operations: 1
EXEC_PROGRESS 21/30
ITER 19 DATA_MINING TOOK 0.027404
ITER 33 DATA_MINING TOOK 0.064456
ITER 50 DATA_MINING TOOK 0.361118

Total iterations: 50
Mining operations: 3
EXEC_PROGRESS 22/30
ITER 24 DATA_MINING TOOK 0.031596
ITER 43 DATA_MINING TOOK 0.238500

Total iterations: 44
Mining operations: 2
EXEC_PROGRESS 23/30
ITER 13 DATA_MINING TOOK 0.013406
ITER 27 DATA_MINING TOOK 0.074394
ITER 35 DATA_MINING TOOK 0.326852
ITER 41 DATA_MINING TOOK 0.812836

Total iterations: 42
Mining operations: 4
EXEC_PROGRESS 24/30
ITER 16 DATA_MINING TOOK 0.011677
ITER 36 DATA_MINING TOOK 0.043746
ITER 46 DATA_MINING TOOK 0.118398
ITER 50 DATA_MINING TOOK 0.226997

Total iterations: 51
Mining operations: 4
EXEC_PROGRESS 25/30
ITER 31 DATA_MINING TOOK 0.036783
ITER 47 DATA_MINING TOOK 0.191937

Total iterations: 51
Mining operations: 2
EXEC_PROGRESS 26/30
ITER 27 DATA_MINING TOOK 0.013465
ITER 34 DATA_MINING TOOK 0.059597
ITER 39 DATA_MINING TOOK 0.091266

Total iterations: 51
Mining operations: 3
EXEC_PROGRESS 27/30
ITER 18 DATA_MINING TOOK 0.016911
ITER 35 DATA_MINING TOOK 0.063200

Total iterations: 53
Mining operations: 2
EXEC_PROGRESS 28/30
ITER 18 DATA_MINING TOOK 0.012947
ITER 31 DATA_MINING TOOK 0.053130
ITER 35 DATA_MINING TOOK 0.104265
ITER 49 DATA_MINING TOOK 0.432423

Total iterations: 50
Mining operations: 4
EXEC_PROGRESS 29/30
ITER 20 DATA_MINING TOOK 0.020686
ITER 31 DATA_MINING TOOK 0.093463
ITER 42 DATA_MINING TOOK 0.125125

Total iterations: 52
Mining operations: 3
EXEC_PROGRESS 30/30
ITER 16 DATA_MINING TOOK 0.022805
ITER 26 DATA_MINING TOOK 0.054330
ITER 40 DATA_MINING TOOK 0.135775

Total iterations: 56
Mining operations: 3

Execution Summary:
  Instance: instances/MDG-a/MDG-a_33_n2000_m200.txt
  Matrix Size (N): 2000
  Solution Size (M): 200
  Number of Executions: 30
  ------------------------------------
  Average Solution: 113609.433333
  Best Solution Benefit: 113822.000000
  Average Time per Execution: 20.000000 sec
  Best Solution Time: 20.000000 sec
  BKS: 114233.000000
  Distance to BKS: 411.000000
  Percentage Distance to BKS: 0.36%
  Average Percentage Distance to BKS: 0.55%

  Details per Execution:
    Exec 1: Solution=113632.000000, Time=20.000000 sec, Dist BKS=0.53%
    Exec 2: Solution=113363.000000, Time=20.000000 sec, Dist BKS=0.76%
    Exec 3: Solution=113569.000000, Time=20.000000 sec, Dist BKS=0.58%
    Exec 4: Solution=113629.000000, Time=20.000000 sec, Dist BKS=0.53%
    Exec 5: Solution=113372.000000, Time=20.000000 sec, Dist BKS=0.75%
    Exec 6: Solution=113510.000000, Time=20.000000 sec, Dist BKS=0.63%
    Exec 7: Solution=113511.000000, Time=20.000000 sec, Dist BKS=0.63%
    Exec 8: Solution=113415.000000, Time=20.000000 sec, Dist BKS=0.72%
    Exec 9: Solution=113580.000000, Time=20.000000 sec, Dist BKS=0.57%
    Exec 10: Solution=113514.000000, Time=20.000000 sec, Dist BKS=0.63%
    Exec 11: Solution=113731.000000, Time=20.000000 sec, Dist BKS=0.44%
    Exec 12: Solution=113778.000000, Time=20.000000 sec, Dist BKS=0.40%
    Exec 13: Solution=113817.000000, Time=20.000000 sec, Dist BKS=0.36%
    Exec 14: Solution=113781.000000, Time=20.000000 sec, Dist BKS=0.40%
    Exec 15: Solution=113597.000000, Time=20.000000 sec, Dist BKS=0.56%
    Exec 16: Solution=113642.000000, Time=20.000000 sec, Dist BKS=0.52%
    Exec 17: Solution=113592.000000, Time=20.000000 sec, Dist BKS=0.56%
    Exec 18: Solution=113822.000000, Time=20.000000 sec, Dist BKS=0.36%
    Exec 19: Solution=113686.000000, Time=20.000000 sec, Dist BKS=0.48%
    Exec 20: Solution=113485.000000, Time=20.000000 sec, Dist BKS=0.65%
    Exec 21: Solution=113718.000000, Time=20.000000 sec, Dist BKS=0.45%
    Exec 22: Solution=113522.000000, Time=20.000000 sec, Dist BKS=0.62%
    Exec 23: Solution=113639.000000, Time=20.000000 sec, Dist BKS=0.52%
    Exec 24: Solution=113544.000000, Time=20.000000 sec, Dist BKS=0.60%
    Exec 25: Solution=113566.000000, Time=20.000000 sec, Dist BKS=0.58%
    Exec 26: Solution=113449.000000, Time=20.000000 sec, Dist BKS=0.69%
    Exec 27: Solution=113757.000000, Time=20.000000 sec, Dist BKS=0.42%
    Exec 28: Solution=113659.000000, Time=20.000000 sec, Dist BKS=0.50%
    Exec 29: Solution=113729.000000, Time=20.000000 sec, Dist BKS=0.44%
    Exec 30: Solution=113674.000000, Time=20.000000 sec, Dist BKS=0.49%
