START SOLUTION
	Parameters used:
	instance = instances/MDG-a/MDG-a_25_n2000_m200.txt
	solution_Size = 200
	meta_Heuristic = mdm-grasp

EXEC_PROGRESS 1/30
ITER 19 DATA_MINING TOOK 0.016839
ITER 24 DATA_MINING TOOK 0.021139
ITER 35 DATA_MINING TOOK 0.079615

Total iterations: 36
Mining operations: 3
EXEC_PROGRESS 2/30
ITER 25 DATA_MINING TOOK 0.016708
ITER 37 DATA_MINING TOOK 0.046917

Total iterations: 38
Mining operations: 2
EXEC_PROGRESS 3/30
ITER 17 DATA_MINING TOOK 0.023450
ITER 33 DATA_MINING TOOK 0.079587

Total iterations: 40
Mining operations: 2
EXEC_PROGRESS 4/30
ITER 28 DATA_MINING TOOK 0.021466
ITER 33 DATA_MINING TOOK 0.020778

Total iterations: 39
Mining operations: 2
EXEC_PROGRESS 5/30
ITER 25 DATA_MINING TOOK 0.026282
ITER 34 DATA_MINING TOOK 0.045697
ITER 40 DATA_MINING TOOK 0.079393

Total iterations: 41
Mining operations: 3
EXEC_PROGRESS 6/30
ITER 28 DATA_MINING TOOK 0.018863

Total iterations: 39
Mining operations: 1
EXEC_PROGRESS 7/30
ITER 17 DATA_MINING TOOK 0.001421
ITER 31 DATA_MINING TOOK 0.027148
ITER 37 DATA_MINING TOOK 0.072409

Total iterations: 41
Mining operations: 3
EXEC_PROGRESS 8/30
ITER 27 DATA_MINING TOOK 0.021545
ITER 32 DATA_MINING TOOK 0.025055
ITER 40 DATA_MINING TOOK 0.074651

Total iterations: 42
Mining operations: 3
EXEC_PROGRESS 9/30
ITER 14 DATA_MINING TOOK 0.026024
ITER 33 DATA_MINING TOOK 0.039043
ITER 36 DATA_MINING TOOK 0.062988

Total iterations: 43
Mining operations: 3
EXEC_PROGRESS 10/30
ITER 17 DATA_MINING TOOK 0.016041
ITER 40 DATA_MINING TOOK 0.057211

Total iterations: 40
Mining operations: 2
EXEC_PROGRESS 11/30
ITER 17 DATA_MINING TOOK 0.014290
ITER 19 DATA_MINING TOOK 0.026459
ITER 33 DATA_MINING TOOK 0.033942

Total iterations: 43
Mining operations: 3
EXEC_PROGRESS 12/30
ITER 18 DATA_MINING TOOK 0.013364
ITER 22 DATA_MINING TOOK 0.017954
ITER 30 DATA_MINING TOOK 0.023642
ITER 34 DATA_MINING TOOK 0.029749

Total iterations: 43
Mining operations: 4
EXEC_PROGRESS 13/30
ITER 23 DATA_MINING TOOK 0.021260
ITER 30 DATA_MINING TOOK 0.048466

Total iterations: 36
Mining operations: 2
EXEC_PROGRESS 14/30
ITER 18 DATA_MINING TOOK 0.014577
ITER 28 DATA_MINING TOOK 0.021611
ITER 32 DATA_MINING TOOK 0.023433
ITER 35 DATA_MINING TOOK 0.025819

Total iterations: 35
Mining operations: 4
EXEC_PROGRESS 15/30
ITER 33 DATA_MINING TOOK 0.016609

Total iterations: 34
Mining operations: 1
EXEC_PROGRESS 16/30
ITER 24 DATA_MINING TOOK 0.025864

Total iterations: 42
Mining operations: 1
EXEC_PROGRESS 17/30
ITER 18 DATA_MINING TOOK 0.017190
ITER 24 DATA_MINING TOOK 0.026422
ITER 44 DATA_MINING TOOK 0.051884

Total iterations: 44
Mining operations: 3
EXEC_PROGRESS 18/30
ITER 30 DATA_MINING TOOK 0.017780
ITER 37 DATA_MINING TOOK 0.022182

Total iterations: 40
Mining operations: 2
EXEC_PROGRESS 19/30
ITER 14 DATA_MINING TOOK 0.015866
ITER 28 DATA_MINING TOOK 0.041375
ITER 35 DATA_MINING TOOK 0.057800
ITER 41 DATA_MINING TOOK 0.075099

Total iterations: 41
Mining operations: 4
EXEC_PROGRESS 20/30
ITER 11 DATA_MINING TOOK 0.018250
ITER 25 DATA_MINING TOOK 0.056311
ITER 32 DATA_MINING TOOK 0.051090
ITER 38 DATA_MINING TOOK 0.100913

Total iterations: 39
Mining operations: 4
EXEC_PROGRESS 21/30
ITER 26 DATA_MINING TOOK 0.017270
ITER 30 DATA_MINING TOOK 0.027547

Total iterations: 34
Mining operations: 2
EXEC_PROGRESS 22/30
ITER 26 DATA_MINING TOOK 0.033978
ITER 32 DATA_MINING TOOK 0.040431

Total iterations: 39
Mining operations: 2
EXEC_PROGRESS 23/30
ITER 38 DATA_MINING TOOK 0.017748

Total iterations: 41
Mining operations: 1
EXEC_PROGRESS 24/30
ITER 25 DATA_MINING TOOK 0.019287
ITER 30 DATA_MINING TOOK 0.021181
ITER 38 DATA_MINING TOOK 0.112826

Total iterations: 40
Mining operations: 3
EXEC_PROGRESS 25/30
ITER 28 DATA_MINING TOOK 0.010257
ITER 34 DATA_MINING TOOK 0.023329
ITER 39 DATA_MINING TOOK 0.015957

Total iterations: 39
Mining operations: 3
EXEC_PROGRESS 26/30
ITER 19 DATA_MINING TOOK 0.013745
ITER 35 DATA_MINING TOOK 0.030842
ITER 39 DATA_MINING TOOK 0.069130

Total iterations: 40
Mining operations: 3
EXEC_PROGRESS 27/30
ITER 14 DATA_MINING TOOK 0.020229
ITER 29 DATA_MINING TOOK 0.035419
ITER 34 DATA_MINING TOOK 0.037442
ITER 40 DATA_MINING TOOK 0.017585

Total iterations: 41
Mining operations: 4
EXEC_PROGRESS 28/30
ITER 19 DATA_MINING TOOK 0.023339
ITER 25 DATA_MINING TOOK 0.025914
ITER 30 DATA_MINING TOOK 0.036422
ITER 35 DATA_MINING TOOK 0.060607

Total iterations: 39
Mining operations: 4
EXEC_PROGRESS 29/30
ITER 19 DATA_MINING TOOK 0.018500
ITER 38 DATA_MINING TOOK 0.043213

Total iterations: 41
Mining operations: 2
EXEC_PROGRESS 30/30
ITER 26 DATA_MINING TOOK 0.017731
ITER 35 DATA_MINING TOOK 0.031543
ITER 38 DATA_MINING TOOK 0.030032

Total iterations: 39
Mining operations: 3

Execution Summary:
  Instance: instances/MDG-a/MDG-a_25_n2000_m200.txt
  Matrix Size (N): 2000
  Solution Size (M): 200
  Number of Executions: 30
  ------------------------------------
  Average Solution: 113415.200000
  Best Solution Benefit: 113600.000000
  Average Time per Execution: 20.000000 sec
  Best Solution Time: 20.000000 sec
  BKS: 114196.000000
  Distance to BKS: 596.000000
  Percentage Distance to BKS: 0.52%
  Average Percentage Distance to BKS: 0.68%

  Details per Execution:
    Exec 1: Solution=113534.000000, Time=20.000000 sec, Dist BKS=0.58%
    Exec 2: Solution=113418.000000, Time=20.000000 sec, Dist BKS=0.68%
    Exec 3: Solution=113454.000000, Time=20.000000 sec, Dist BKS=0.65%
    Exec 4: Solution=113564.000000, Time=20.000000 sec, Dist BKS=0.55%
    Exec 5: Solution=113497.000000, Time=20.000000 sec, Dist BKS=0.61%
    Exec 6: Solution=113303.000000, Time=20.000000 sec, Dist BKS=0.78%
    Exec 7: Solution=113519.000000, Time=20.000000 sec, Dist BKS=0.59%
    Exec 8: Solution=113249.000000, Time=20.000000 sec, Dist BKS=0.83%
    Exec 9: Solution=113422.000000, Time=20.000000 sec, Dist BKS=0.68%
    Exec 10: Solution=113457.000000, Time=20.000000 sec, Dist BKS=0.65%
    Exec 11: Solution=113298.000000, Time=20.000000 sec, Dist BKS=0.79%
    Exec 12: Solution=113565.000000, Time=20.000000 sec, Dist BKS=0.55%
    Exec 13: Solution=113397.000000, Time=20.000000 sec, Dist BKS=0.70%
    Exec 14: Solution=113343.000000, Time=20.000000 sec, Dist BKS=0.75%
    Exec 15: Solution=113266.000000, Time=20.000000 sec, Dist BKS=0.81%
    Exec 16: Solution=113373.000000, Time=20.000000 sec, Dist BKS=0.72%
    Exec 17: Solution=113460.000000, Time=20.000000 sec, Dist BKS=0.64%
    Exec 18: Solution=113388.000000, Time=20.000000 sec, Dist BKS=0.71%
    Exec 19: Solution=113240.000000, Time=20.000000 sec, Dist BKS=0.84%
    Exec 20: Solution=113448.000000, Time=20.000000 sec, Dist BKS=0.66%
    Exec 21: Solution=113430.000000, Time=20.000000 sec, Dist BKS=0.67%
    Exec 22: Solution=113376.000000, Time=20.000000 sec, Dist BKS=0.72%
    Exec 23: Solution=113321.000000, Time=20.000000 sec, Dist BKS=0.77%
    Exec 24: Solution=113600.000000, Time=20.000000 sec, Dist BKS=0.52%
    Exec 25: Solution=113456.000000, Time=20.000000 sec, Dist BKS=0.65%
    Exec 26: Solution=113576.000000, Time=20.000000 sec, Dist BKS=0.54%
    Exec 27: Solution=113314.000000, Time=20.000000 sec, Dist BKS=0.77%
    Exec 28: Solution=113362.000000, Time=20.000000 sec, Dist BKS=0.73%
    Exec 29: Solution=113455.000000, Time=20.000000 sec, Dist BKS=0.65%
    Exec 30: Solution=113371.000000, Time=20.000000 sec, Dist BKS=0.72%
