START SOLUTION
	Parameters used:
	instance = instances/MDG-a/MDG-a_29_n2000_m200.txt
	solution_Size = 200
	meta_Heuristic = mdm-grasp

EXEC_PROGRESS 1/30
ITER 22 DATA_MINING TOOK 0.031609

Total iterations: 35
Mining operations: 1
EXEC_PROGRESS 2/30
ITER 19 DATA_MINING TOOK 0.019889
ITER 32 DATA_MINING TOOK 0.101173
ITER 40 DATA_MINING TOOK 0.179657

Total iterations: 45
Mining operations: 3
EXEC_PROGRESS 3/30
ITER 17 DATA_MINING TOOK 0.030490
ITER 27 DATA_MINING TOOK 0.085742
ITER 41 DATA_MINING TOOK 0.244044

Total iterations: 44
Mining operations: 3
EXEC_PROGRESS 4/30
ITER 33 DATA_MINING TOOK 0.017118

Total iterations: 45
Mining operations: 1
EXEC_PROGRESS 5/30
ITER 26 DATA_MINING TOOK 0.036009
ITER 35 DATA_MINING TOOK 0.137489

Total iterations: 39
Mining operations: 2
EXEC_PROGRESS 6/30
ITER 23 DATA_MINING TOOK 0.036649
ITER 35 DATA_MINING TOOK 0.173766

Total iterations: 36
Mining operations: 2
EXEC_PROGRESS 7/30
ITER 28 DATA_MINING TOOK 0.033433
ITER 41 DATA_MINING TOOK 0.064073

Total iterations: 42
Mining operations: 2
EXEC_PROGRESS 8/30
ITER 30 DATA_MINING TOOK 0.023445
ITER 42 DATA_MINING TOOK 0.034621
ITER 45 DATA_MINING TOOK 0.047254

Total iterations: 45
Mining operations: 3
EXEC_PROGRESS 9/30
ITER 21 DATA_MINING TOOK 0.031531
ITER 33 DATA_MINING TOOK 0.083407
ITER 41 DATA_MINING TOOK 0.183294

Total iterations: 48
Mining operations: 3
EXEC_PROGRESS 10/30
ITER 31 DATA_MINING TOOK 0.033407
ITER 39 DATA_MINING TOOK 0.044764
ITER 45 DATA_MINING TOOK 0.059938

Total iterations: 45
Mining operations: 3
EXEC_PROGRESS 11/30
ITER 12 DATA_MINING TOOK 0.046347
ITER 30 DATA_MINING TOOK 0.092961

Total iterations: 37
Mining operations: 2
EXEC_PROGRESS 12/30
ITER 20 DATA_MINING TOOK 0.014527
ITER 37 DATA_MINING TOOK 0.159722

Total iterations: 46
Mining operations: 2
EXEC_PROGRESS 13/30
ITER 27 DATA_MINING TOOK 0.028983
ITER 32 DATA_MINING TOOK 0.028759
ITER 36 DATA_MINING TOOK 0.048178
ITER 40 DATA_MINING TOOK 0.055918

Total iterations: 46
Mining operations: 4
EXEC_PROGRESS 14/30
ITER 27 DATA_MINING TOOK 0.016175
ITER 37 DATA_MINING TOOK 0.034718

Total iterations: 46
Mining operations: 2
EXEC_PROGRESS 15/30
ITER 16 DATA_MINING TOOK 0.026749
ITER 33 DATA_MINING TOOK 0.090081
ITER 39 DATA_MINING TOOK 0.088957
ITER 43 DATA_MINING TOOK 0.122689

Total iterations: 48
Mining operations: 4
EXEC_PROGRESS 16/30
ITER 26 DATA_MINING TOOK 0.034204
ITER 39 DATA_MINING TOOK 0.121532
ITER 43 DATA_MINING TOOK 0.108601

Total iterations: 44
Mining operations: 3
EXEC_PROGRESS 17/30
ITER 18 DATA_MINING TOOK 0.017654
ITER 28 DATA_MINING TOOK 0.027769
ITER 41 DATA_MINING TOOK 0.037481

Total iterations: 50
Mining operations: 3
EXEC_PROGRESS 18/30
ITER 20 DATA_MINING TOOK 0.026585
ITER 35 DATA_MINING TOOK 0.126505
ITER 44 DATA_MINING TOOK 0.405694

Total iterations: 50
Mining operations: 3
EXEC_PROGRESS 19/30
ITER 28 DATA_MINING TOOK 0.012844
ITER 44 DATA_MINING TOOK 0.022587

Total iterations: 48
Mining operations: 2
EXEC_PROGRESS 20/30
ITER 33 DATA_MINING TOOK 0.025619
ITER 47 DATA_MINING TOOK 0.055853

Total iterations: 48
Mining operations: 2
EXEC_PROGRESS 21/30
ITER 16 DATA_MINING TOOK 0.021271
ITER 33 DATA_MINING TOOK 0.148974
ITER 51 DATA_MINING TOOK 0.645685

Total iterations: 51
Mining operations: 3
EXEC_PROGRESS 22/30
ITER 21 DATA_MINING TOOK 0.022958
ITER 36 DATA_MINING TOOK 0.050272
ITER 42 DATA_MINING TOOK 0.076729
ITER 49 DATA_MINING TOOK 0.081490

Total iterations: 50
Mining operations: 4
EXEC_PROGRESS 23/30
ITER 23 DATA_MINING TOOK 0.019872
ITER 29 DATA_MINING TOOK 0.021698
ITER 40 DATA_MINING TOOK 0.066938
ITER 43 DATA_MINING TOOK 0.049228

Total iterations: 49
Mining operations: 4
EXEC_PROGRESS 24/30
ITER 20 DATA_MINING TOOK 0.016681
ITER 34 DATA_MINING TOOK 0.144365
ITER 42 DATA_MINING TOOK 0.283051

Total iterations: 49
Mining operations: 3
EXEC_PROGRESS 25/30
ITER 21 DATA_MINING TOOK 0.015627
ITER 32 DATA_MINING TOOK 0.060443
ITER 40 DATA_MINING TOOK 0.135471
ITER 44 DATA_MINING TOOK 0.151903

Total iterations: 45
Mining operations: 4
EXEC_PROGRESS 26/30
ITER 26 DATA_MINING TOOK 0.027771
ITER 34 DATA_MINING TOOK 0.028568

Total iterations: 40
Mining operations: 2
EXEC_PROGRESS 27/30
ITER 26 DATA_MINING TOOK 0.029694
ITER 41 DATA_MINING TOOK 0.084247

Total iterations: 43
Mining operations: 2
EXEC_PROGRESS 28/30
ITER 23 DATA_MINING TOOK 0.018254
ITER 31 DATA_MINING TOOK 0.040901
ITER 39 DATA_MINING TOOK 0.082803

Total iterations: 50
Mining operations: 3
EXEC_PROGRESS 29/30
ITER 18 DATA_MINING TOOK 0.024870
ITER 32 DATA_MINING TOOK 0.117603
ITER 45 DATA_MINING TOOK 0.217673

Total iterations: 46
Mining operations: 3
EXEC_PROGRESS 30/30
ITER 16 DATA_MINING TOOK 0.021643
ITER 26 DATA_MINING TOOK 0.052159
ITER 38 DATA_MINING TOOK 0.071069

Total iterations: 39
Mining operations: 3

Execution Summary:
  Instance: instances/MDG-a/MDG-a_29_n2000_m200.txt
  Matrix Size (N): 2000
  Solution Size (M): 200
  Number of Executions: 30
  ------------------------------------
  Average Solution: 113563.133333
  Best Solution Benefit: 113812.000000
  Average Time per Execution: 20.000000 sec
  Best Solution Time: 20.000000 sec
  BKS: 114199.000000
  Distance to BKS: 387.000000
  Percentage Distance to BKS: 0.34%
  Average Percentage Distance to BKS: 0.56%

  Details per Execution:
    Exec 1: Solution=113480.000000, Time=20.000000 sec, Dist BKS=0.63%
    Exec 2: Solution=113443.000000, Time=20.000000 sec, Dist BKS=0.66%
    Exec 3: Solution=113564.000000, Time=20.000000 sec, Dist BKS=0.56%
    Exec 4: Solution=113432.000000, Time=20.000000 sec, Dist BKS=0.67%
    Exec 5: Solution=113651.000000, Time=20.000000 sec, Dist BKS=0.48%
    Exec 6: Solution=113541.000000, Time=20.000000 sec, Dist BKS=0.58%
    Exec 7: Solution=113583.000000, Time=20.000000 sec, Dist BKS=0.54%
    Exec 8: Solution=113687.000000, Time=20.000000 sec, Dist BKS=0.45%
    Exec 9: Solution=113615.000000, Time=20.000000 sec, Dist BKS=0.51%
    Exec 10: Solution=113632.000000, Time=20.000000 sec, Dist BKS=0.50%
    Exec 11: Solution=113616.000000, Time=20.000000 sec, Dist BKS=0.51%
    Exec 12: Solution=113534.000000, Time=20.000000 sec, Dist BKS=0.58%
    Exec 13: Solution=113560.000000, Time=20.000000 sec, Dist BKS=0.56%
    Exec 14: Solution=113448.000000, Time=20.000000 sec, Dist BKS=0.66%
    Exec 15: Solution=113669.000000, Time=20.000000 sec, Dist BKS=0.46%
    Exec 16: Solution=113515.000000, Time=20.000000 sec, Dist BKS=0.60%
    Exec 17: Solution=113462.000000, Time=20.000000 sec, Dist BKS=0.65%
    Exec 18: Solution=113812.000000, Time=20.000000 sec, Dist BKS=0.34%
    Exec 19: Solution=113261.000000, Time=20.000000 sec, Dist BKS=0.82%
    Exec 20: Solution=113516.000000, Time=20.000000 sec, Dist BKS=0.60%
    Exec 21: Solution=113684.000000, Time=20.000000 sec, Dist BKS=0.45%
    Exec 22: Solution=113474.000000, Time=20.000000 sec, Dist BKS=0.63%
    Exec 23: Solution=113649.000000, Time=20.000000 sec, Dist BKS=0.48%
    Exec 24: Solution=113788.000000, Time=20.000000 sec, Dist BKS=0.36%
    Exec 25: Solution=113566.000000, Time=20.000000 sec, Dist BKS=0.55%
    Exec 26: Solution=113298.000000, Time=20.000000 sec, Dist BKS=0.79%
    Exec 27: Solution=113545.000000, Time=20.000000 sec, Dist BKS=0.57%
    Exec 28: Solution=113567.000000, Time=20.000000 sec, Dist BKS=0.55%
    Exec 29: Solution=113746.000000, Time=20.000000 sec, Dist BKS=0.40%
    Exec 30: Solution=113556.000000, Time=20.000000 sec, Dist BKS=0.56%
