START SOLUTION
	Parameters used:
	instance = instances/MDG-a/MDG-a_39_n2000_m200.txt
	solution_Size = 200
	meta_Heuristic = mdm-grasp

EXEC_PROGRESS 1/30
ITER 15 DATA_MINING TOOK 0.018918
ITER 26 DATA_MINING TOOK 0.054405
ITER 39 DATA_MINING TOOK 0.070775

Total iterations: 44
Mining operations: 3
EXEC_PROGRESS 2/30
ITER 31 DATA_MINING TOOK 0.025880
ITER 41 DATA_MINING TOOK 0.044414

Total iterations: 49
Mining operations: 2
EXEC_PROGRESS 3/30
ITER 34 DATA_MINING TOOK 0.016293
ITER 45 DATA_MINING TOOK 0.021195

Total iterations: 54
Mining operations: 2
EXEC_PROGRESS 4/30
ITER 19 DATA_MINING TOOK 0.012949
ITER 41 DATA_MINING TOOK 0.021812
ITER 53 DATA_MINING TOOK 0.071625

Total iterations: 57
Mining operations: 3
EXEC_PROGRESS 5/30
ITER 14 DATA_MINING TOOK 0.018967
ITER 32 DATA_MINING TOOK 0.059912
ITER 37 DATA_MINING TOOK 0.134889
ITER 44 DATA_MINING TOOK 0.137313

Total iterations: 46
Mining operations: 4
EXEC_PROGRESS 6/30
ITER 30 DATA_MINING TOOK 0.030470
ITER 42 DATA_MINING TOOK 0.048924

Total iterations: 48
Mining operations: 2
EXEC_PROGRESS 7/30
ITER 14 DATA_MINING TOOK 0.026244
ITER 23 DATA_MINING TOOK 0.036396
ITER 29 DATA_MINING TOOK 0.060876

Total iterations: 50
Mining operations: 3
EXEC_PROGRESS 8/30
ITER 23 DATA_MINING TOOK 0.015908
ITER 34 DATA_MINING TOOK 0.022803
ITER 41 DATA_MINING TOOK 0.052036

Total iterations: 53
Mining operations: 3
EXEC_PROGRESS 9/30
ITER 37 DATA_MINING TOOK 0.019701

Total iterations: 44
Mining operations: 1
EXEC_PROGRESS 10/30
ITER 23 DATA_MINING TOOK 0.008838
ITER 31 DATA_MINING TOOK 0.021321
ITER 40 DATA_MINING TOOK 0.084297
ITER 50 DATA_MINING TOOK 0.102541

Total iterations: 52
Mining operations: 4
EXEC_PROGRESS 11/30
ITER 16 DATA_MINING TOOK 0.020954
ITER 41 DATA_MINING TOOK 0.044831
ITER 46 DATA_MINING TOOK 0.059519

Total iterations: 50
Mining operations: 3
EXEC_PROGRESS 12/30
ITER 33 DATA_MINING TOOK 0.009688

Total iterations: 40
Mining operations: 1
EXEC_PROGRESS 13/30
ITER 23 DATA_MINING TOOK 0.014736
ITER 38 DATA_MINING TOOK 0.051900

Total iterations: 40
Mining operations: 2
EXEC_PROGRESS 14/30
ITER 29 DATA_MINING TOOK 0.018048
ITER 33 DATA_MINING TOOK 0.028130
ITER 42 DATA_MINING TOOK 0.077453

Total iterations: 51
Mining operations: 3
EXEC_PROGRESS 15/30
ITER 22 DATA_MINING TOOK 0.013050
ITER 37 DATA_MINING TOOK 0.036775

Total iterations: 56
Mining operations: 2
EXEC_PROGRESS 16/30
ITER 21 DATA_MINING TOOK 0.010952
ITER 55 DATA_MINING TOOK 0.059714

Total iterations: 57
Mining operations: 2
EXEC_PROGRESS 17/30
ITER 19 DATA_MINING TOOK 0.019325
ITER 34 DATA_MINING TOOK 0.086885
ITER 55 DATA_MINING TOOK 0.609906

Total iterations: 58
Mining operations: 3
EXEC_PROGRESS 18/30
ITER 29 DATA_MINING TOOK 0.017755
ITER 38 DATA_MINING TOOK 0.100625
ITER 44 DATA_MINING TOOK 0.128172

Total iterations: 46
Mining operations: 3
EXEC_PROGRESS 19/30
ITER 22 DATA_MINING TOOK 0.010413
ITER 29 DATA_MINING TOOK 0.018932
ITER 49 DATA_MINING TOOK 0.078514

Total iterations: 54
Mining operations: 3
EXEC_PROGRESS 20/30
ITER 18 DATA_MINING TOOK 0.012698
ITER 38 DATA_MINING TOOK 0.037343
ITER 47 DATA_MINING TOOK 0.085728
ITER 53 DATA_MINING TOOK 0.123140

Total iterations: 56
Mining operations: 4
EXEC_PROGRESS 21/30
ITER 17 DATA_MINING TOOK 0.024229
ITER 35 DATA_MINING TOOK 0.044980
ITER 40 DATA_MINING TOOK 0.042251

Total iterations: 55
Mining operations: 3
EXEC_PROGRESS 22/30
ITER 20 DATA_MINING TOOK 0.031741
ITER 34 DATA_MINING TOOK 0.038547

Total iterations: 53
Mining operations: 2
EXEC_PROGRESS 23/30
ITER 17 DATA_MINING TOOK 0.010328
ITER 55 DATA_MINING TOOK 0.029429

Total iterations: 55
Mining operations: 2
EXEC_PROGRESS 24/30
ITER 29 DATA_MINING TOOK 0.011575
ITER 37 DATA_MINING TOOK 0.052755

Total iterations: 59
Mining operations: 2
EXEC_PROGRESS 25/30
ITER 29 DATA_MINING TOOK 0.015922
ITER 35 DATA_MINING TOOK 0.030718
ITER 39 DATA_MINING TOOK 0.033245
ITER 43 DATA_MINING TOOK 0.064337

Total iterations: 43
Mining operations: 4
EXEC_PROGRESS 26/30
ITER 22 DATA_MINING TOOK 0.016011

Total iterations: 51
Mining operations: 1
EXEC_PROGRESS 27/30
ITER 21 DATA_MINING TOOK 0.014082
ITER 31 DATA_MINING TOOK 0.035900
ITER 37 DATA_MINING TOOK 0.035240
ITER 42 DATA_MINING TOOK 0.057233
ITER 54 DATA_MINING TOOK 0.129352

Total iterations: 55
Mining operations: 5
EXEC_PROGRESS 28/30
ITER 26 DATA_MINING TOOK 0.025287
ITER 43 DATA_MINING TOOK 0.032760

Total iterations: 50
Mining operations: 2
EXEC_PROGRESS 29/30
ITER 24 DATA_MINING TOOK 0.012113
ITER 37 DATA_MINING TOOK 0.032237
ITER 43 DATA_MINING TOOK 0.030564

Total iterations: 51
Mining operations: 3
EXEC_PROGRESS 30/30
ITER 24 DATA_MINING TOOK 0.006986
ITER 38 DATA_MINING TOOK 0.066912
ITER 47 DATA_MINING TOOK 0.281738

Total iterations: 55
Mining operations: 3

Execution Summary:
  Instance: instances/MDG-a/MDG-a_39_n2000_m200.txt
  Matrix Size (N): 2000
  Solution Size (M): 200
  Number of Executions: 30
  ------------------------------------
  Average Solution: 113506.200000
  Best Solution Benefit: 113802.000000
  Average Time per Execution: 20.000000 sec
  Best Solution Time: 20.000000 sec
  BKS: 114201.000000
  Distance to BKS: 399.000000
  Percentage Distance to BKS: 0.35%
  Average Percentage Distance to BKS: 0.61%

  Details per Execution:
    Exec 1: Solution=113509.000000, Time=20.000000 sec, Dist BKS=0.61%
    Exec 2: Solution=113416.000000, Time=20.000000 sec, Dist BKS=0.69%
    Exec 3: Solution=113299.000000, Time=20.000000 sec, Dist BKS=0.79%
    Exec 4: Solution=113569.000000, Time=20.000000 sec, Dist BKS=0.55%
    Exec 5: Solution=113573.000000, Time=20.000000 sec, Dist BKS=0.55%
    Exec 6: Solution=113405.000000, Time=20.000000 sec, Dist BKS=0.70%
    Exec 7: Solution=113513.000000, Time=20.000000 sec, Dist BKS=0.60%
    Exec 8: Solution=113296.000000, Time=20.000000 sec, Dist BKS=0.79%
    Exec 9: Solution=113597.000000, Time=20.000000 sec, Dist BKS=0.53%
    Exec 10: Solution=113565.000000, Time=20.000000 sec, Dist BKS=0.56%
    Exec 11: Solution=113629.000000, Time=20.000000 sec, Dist BKS=0.50%
    Exec 12: Solution=113323.000000, Time=20.000000 sec, Dist BKS=0.77%
    Exec 13: Solution=113261.000000, Time=20.000000 sec, Dist BKS=0.82%
    Exec 14: Solution=113566.000000, Time=20.000000 sec, Dist BKS=0.56%
    Exec 15: Solution=113449.000000, Time=20.000000 sec, Dist BKS=0.66%
    Exec 16: Solution=113610.000000, Time=20.000000 sec, Dist BKS=0.52%
    Exec 17: Solution=113802.000000, Time=20.000000 sec, Dist BKS=0.35%
    Exec 18: Solution=113578.000000, Time=20.000000 sec, Dist BKS=0.55%
    Exec 19: Solution=113641.000000, Time=20.000000 sec, Dist BKS=0.49%
    Exec 20: Solution=113604.000000, Time=20.000000 sec, Dist BKS=0.52%
    Exec 21: Solution=113452.000000, Time=20.000000 sec, Dist BKS=0.66%
    Exec 22: Solution=113551.000000, Time=20.000000 sec, Dist BKS=0.57%
    Exec 23: Solution=113387.000000, Time=20.000000 sec, Dist BKS=0.71%
    Exec 24: Solution=113568.000000, Time=20.000000 sec, Dist BKS=0.55%
    Exec 25: Solution=113571.000000, Time=20.000000 sec, Dist BKS=0.55%
    Exec 26: Solution=113575.000000, Time=20.000000 sec, Dist BKS=0.55%
    Exec 27: Solution=113425.000000, Time=20.000000 sec, Dist BKS=0.68%
    Exec 28: Solution=113541.000000, Time=20.000000 sec, Dist BKS=0.58%
    Exec 29: Solution=113282.000000, Time=20.000000 sec, Dist BKS=0.80%
    Exec 30: Solution=113629.000000, Time=20.000000 sec, Dist BKS=0.50%
