START SOLUTION
	Parameters used:
	instance = instances/MDG-a/MDG-a_37_n2000_m200.txt
	solution_Size = 200
	meta_Heuristic = mdm-grasp

EXEC_PROGRESS 1/30
ITER 28 DATA_MINING TOOK 0.035960
ITER 32 DATA_MINING TOOK 0.139087

Total iterations: 48
Mining operations: 2
EXEC_PROGRESS 2/30
ITER 13 DATA_MINING TOOK 0.024389
ITER 35 DATA_MINING TOOK 0.059499

Total iterations: 53
Mining operations: 2
EXEC_PROGRESS 3/30
ITER 31 DATA_MINING TOOK 0.018945
ITER 42 DATA_MINING TOOK 0.035522

Total iterations: 56
Mining operations: 2
EXEC_PROGRESS 4/30
ITER 37 DATA_MINING TOOK 0.020669

Total iterations: 53
Mining operations: 1
EXEC_PROGRESS 5/30
ITER 18 DATA_MINING TOOK 0.008503
ITER 37 DATA_MINING TOOK 0.019245
ITER 46 DATA_MINING TOOK 0.059070
ITER 56 DATA_MINING TOOK 0.214460

Total iterations: 56
Mining operations: 4
EXEC_PROGRESS 6/30
ITER 17 DATA_MINING TOOK 0.019230
ITER 39 DATA_MINING TOOK 0.201594

Total iterations: 49
Mining operations: 2
EXEC_PROGRESS 7/30
ITER 17 DATA_MINING TOOK 0.018568
ITER 34 DATA_MINING TOOK 0.079519
ITER 44 DATA_MINING TOOK 0.249208

Total iterations: 51
Mining operations: 3
EXEC_PROGRESS 8/30
ITER 19 DATA_MINING TOOK 0.015590
ITER 31 DATA_MINING TOOK 0.052012
ITER 34 DATA_MINING TOOK 0.082593

Total iterations: 40
Mining operations: 3
EXEC_PROGRESS 9/30
ITER 26 DATA_MINING TOOK 0.025301
ITER 33 DATA_MINING TOOK 0.051661
ITER 44 DATA_MINING TOOK 0.464863
ITER 50 DATA_MINING TOOK 0.378538

Total iterations: 51
Mining operations: 4
EXEC_PROGRESS 10/30
ITER 32 DATA_MINING TOOK 0.024007
ITER 44 DATA_MINING TOOK 0.040930

Total iterations: 51
Mining operations: 2
EXEC_PROGRESS 11/30
ITER 39 DATA_MINING TOOK 0.030642

Total iterations: 46
Mining operations: 1
EXEC_PROGRESS 12/30
ITER 27 DATA_MINING TOOK 0.013898
ITER 33 DATA_MINING TOOK 0.020352
ITER 40 DATA_MINING TOOK 0.077937

Total iterations: 48
Mining operations: 3
EXEC_PROGRESS 13/30
ITER 28 DATA_MINING TOOK 0.017492
ITER 46 DATA_MINING TOOK 0.046444

Total iterations: 50
Mining operations: 2
EXEC_PROGRESS 14/30
ITER 19 DATA_MINING TOOK 0.022397
ITER 23 DATA_MINING TOOK 0.026109
ITER 39 DATA_MINING TOOK 0.094449
ITER 54 DATA_MINING TOOK 0.246150

Total iterations: 55
Mining operations: 4
EXEC_PROGRESS 15/30
ITER 18 DATA_MINING TOOK 0.013755

Total iterations: 51
Mining operations: 1
EXEC_PROGRESS 16/30
ITER 23 DATA_MINING TOOK 0.016707
ITER 31 DATA_MINING TOOK 0.031930

Total iterations: 48
Mining operations: 2
EXEC_PROGRESS 17/30
ITER 29 DATA_MINING TOOK 0.029042
ITER 35 DATA_MINING TOOK 0.032725
ITER 43 DATA_MINING TOOK 0.056156

Total iterations: 44
Mining operations: 3
EXEC_PROGRESS 18/30
ITER 18 DATA_MINING TOOK 0.009970
ITER 49 DATA_MINING TOOK 0.045236

Total iterations: 54
Mining operations: 2
EXEC_PROGRESS 19/30
ITER 24 DATA_MINING TOOK 0.006340
ITER 31 DATA_MINING TOOK 0.020499
ITER 44 DATA_MINING TOOK 0.034259
ITER 55 DATA_MINING TOOK 0.056889

Total iterations: 59
Mining operations: 4
EXEC_PROGRESS 20/30
ITER 23 DATA_MINING TOOK 0.014215
ITER 31 DATA_MINING TOOK 0.022643
ITER 37 DATA_MINING TOOK 0.053861
ITER 50 DATA_MINING TOOK 0.155237

Total iterations: 51
Mining operations: 4
EXEC_PROGRESS 21/30
ITER 40 DATA_MINING TOOK 0.023584
ITER 51 DATA_MINING TOOK 0.042101

Total iterations: 55
Mining operations: 2
EXEC_PROGRESS 22/30
ITER 19 DATA_MINING TOOK 0.022602
ITER 40 DATA_MINING TOOK 0.172182
ITER 48 DATA_MINING TOOK 0.163460

Total iterations: 56
Mining operations: 3
EXEC_PROGRESS 23/30
ITER 18 DATA_MINING TOOK 0.019999
ITER 32 DATA_MINING TOOK 0.038888
ITER 47 DATA_MINING TOOK 0.087758

Total iterations: 52
Mining operations: 3
EXEC_PROGRESS 24/30
ITER 27 DATA_MINING TOOK 0.016214
ITER 36 DATA_MINING TOOK 0.051918
ITER 45 DATA_MINING TOOK 0.060147
ITER 50 DATA_MINING TOOK 0.069412

Total iterations: 50
Mining operations: 4
EXEC_PROGRESS 25/30
ITER 25 DATA_MINING TOOK 0.019179
ITER 42 DATA_MINING TOOK 0.158677

Total iterations: 53
Mining operations: 2
EXEC_PROGRESS 26/30
ITER 18 DATA_MINING TOOK 0.030740
ITER 26 DATA_MINING TOOK 0.053364
ITER 40 DATA_MINING TOOK 0.072561
ITER 47 DATA_MINING TOOK 0.070852

Total iterations: 51
Mining operations: 4
EXEC_PROGRESS 27/30
ITER 28 DATA_MINING TOOK 0.049884
ITER 32 DATA_MINING TOOK 0.047262

Total iterations: 41
Mining operations: 2
EXEC_PROGRESS 28/30
ITER 16 DATA_MINING TOOK 0.026980
ITER 36 DATA_MINING TOOK 0.187227
ITER 44 DATA_MINING TOOK 0.389633

Total iterations: 51
Mining operations: 3
EXEC_PROGRESS 29/30
ITER 16 DATA_MINING TOOK 0.027120
ITER 26 DATA_MINING TOOK 0.110395
ITER 49 DATA_MINING TOOK 0.651899

Total iterations: 57
Mining operations: 3
EXEC_PROGRESS 30/30
ITER 24 DATA_MINING TOOK 0.023794
ITER 49 DATA_MINING TOOK 0.182868

Total iterations: 53
Mining operations: 2

Execution Summary:
  Instance: instances/MDG-a/MDG-a_37_n2000_m200.txt
  Matrix Size (N): 2000
  Solution Size (M): 200
  Number of Executions: 30
  ------------------------------------
  Average Solution: 113609.500000
  Best Solution Benefit: 113874.000000
  Average Time per Execution: 20.000000 sec
  Best Solution Time: 20.000000 sec
  BKS: 114255.000000
  Distance to BKS: 381.000000
  Percentage Distance to BKS: 0.33%
  Average Percentage Distance to BKS: 0.56%

  Details per Execution:
    Exec 1: Solution=113683.000000, Time=20.000000 sec, Dist BKS=0.50%
    Exec 2: Solution=113667.000000, Time=20.000000 sec, Dist BKS=0.51%
    Exec 3: Solution=113616.000000, Time=20.000000 sec, Dist BKS=0.56%
    Exec 4: Solution=113448.000000, Time=20.000000 sec, Dist BKS=0.71%
    Exec 5: Solution=113447.000000, Time=20.000000 sec, Dist BKS=0.71%
    Exec 6: Solution=113661.000000, Time=20.000000 sec, Dist BKS=0.52%
    Exec 7: Solution=113613.000000, Time=20.000000 sec, Dist BKS=0.56%
    Exec 8: Solution=113449.000000, Time=20.000000 sec, Dist BKS=0.71%
    Exec 9: Solution=113619.000000, Time=20.000000 sec, Dist BKS=0.56%
    Exec 10: Solution=113525.000000, Time=20.000000 sec, Dist BKS=0.64%
    Exec 11: Solution=113401.000000, Time=20.000000 sec, Dist BKS=0.75%
    Exec 12: Solution=113622.000000, Time=20.000000 sec, Dist BKS=0.55%
    Exec 13: Solution=113541.000000, Time=20.000000 sec, Dist BKS=0.62%
    Exec 14: Solution=113624.000000, Time=20.000000 sec, Dist BKS=0.55%
    Exec 15: Solution=113623.000000, Time=20.000000 sec, Dist BKS=0.55%
    Exec 16: Solution=113561.000000, Time=20.000000 sec, Dist BKS=0.61%
    Exec 17: Solution=113540.000000, Time=20.000000 sec, Dist BKS=0.63%
    Exec 18: Solution=113676.000000, Time=20.000000 sec, Dist BKS=0.51%
    Exec 19: Solution=113588.000000, Time=20.000000 sec, Dist BKS=0.58%
    Exec 20: Solution=113560.000000, Time=20.000000 sec, Dist BKS=0.61%
    Exec 21: Solution=113569.000000, Time=20.000000 sec, Dist BKS=0.60%
    Exec 22: Solution=113737.000000, Time=20.000000 sec, Dist BKS=0.45%
    Exec 23: Solution=113562.000000, Time=20.000000 sec, Dist BKS=0.61%
    Exec 24: Solution=113464.000000, Time=20.000000 sec, Dist BKS=0.69%
    Exec 25: Solution=113678.000000, Time=20.000000 sec, Dist BKS=0.51%
    Exec 26: Solution=113791.000000, Time=20.000000 sec, Dist BKS=0.41%
    Exec 27: Solution=113649.000000, Time=20.000000 sec, Dist BKS=0.53%
    Exec 28: Solution=113849.000000, Time=20.000000 sec, Dist BKS=0.36%
    Exec 29: Solution=113874.000000, Time=20.000000 sec, Dist BKS=0.33%
    Exec 30: Solution=113648.000000, Time=20.000000 sec, Dist BKS=0.53%
