START SOLUTION
	Parameters used:
	instance = instances/MDG-a/MDG-a_31_n2000_m200.txt
	solution_Size = 200
	meta_Heuristic = mdm-grasp

EXEC_PROGRESS 1/30
ITER 12 DATA_MINING TOOK 0.016825
ITER 35 DATA_MINING TOOK 0.054049

Total iterations: 41
Mining operations: 2
EXEC_PROGRESS 2/30
ITER 17 DATA_MINING TOOK 0.013213
ITER 38 DATA_MINING TOOK 0.041958

Total iterations: 48
Mining operations: 2
EXEC_PROGRESS 3/30
ITER 16 DATA_MINING TOOK 0.017055
ITER 36 DATA_MINING TOOK 0.072485
ITER 40 DATA_MINING TOOK 0.121049
ITER 44 DATA_MINING TOOK 0.120458

Total iterations: 50
Mining operations: 4
EXEC_PROGRESS 4/30
ITER 16 DATA_MINING TOOK 0.020305
ITER 39 DATA_MINING TOOK 0.068692
ITER 44 DATA_MINING TOOK 0.115576

Total iterations: 45
Mining operations: 3
EXEC_PROGRESS 5/30
ITER 21 DATA_MINING TOOK 0.014209
ITER 28 DATA_MINING TOOK 0.062398
ITER 34 DATA_MINING TOOK 0.049370

Total iterations: 41
Mining operations: 3
EXEC_PROGRESS 6/30
ITER 18 DATA_MINING TOOK 0.070477
ITER 34 DATA_MINING TOOK 0.133288

Total iterations: 36
Mining operations: 2
EXEC_PROGRESS 7/30
ITER 35 DATA_MINING TOOK 0.013227
ITER 46 DATA_MINING TOOK 0.028964

Total iterations: 47
Mining operations: 2
EXEC_PROGRESS 8/30
ITER 20 DATA_MINING TOOK 0.046666
ITER 34 DATA_MINING TOOK 0.206574
ITER 45 DATA_MINING TOOK 0.236929

Total iterations: 51
Mining operations: 3
EXEC_PROGRESS 9/30
ITER 23 DATA_MINING TOOK 0.012645
ITER 28 DATA_MINING TOOK 0.029713
ITER 41 DATA_MINING TOOK 0.018242
ITER 48 DATA_MINING TOOK 0.034287

Total iterations: 50
Mining operations: 4
EXEC_PROGRESS 10/30
ITER 20 DATA_MINING TOOK 0.017426
ITER 31 DATA_MINING TOOK 0.032716
ITER 36 DATA_MINING TOOK 0.050952
ITER 47 DATA_MINING TOOK 0.148388

Total iterations: 48
Mining operations: 4
EXEC_PROGRESS 11/30

Total iterations: 45
Mining operations: 0
EXEC_PROGRESS 12/30
ITER 20 DATA_MINING TOOK 0.022607
ITER 39 DATA_MINING TOOK 0.038550

Total iterations: 51
Mining operations: 2
EXEC_PROGRESS 13/30
ITER 17 DATA_MINING TOOK 0.006880
ITER 34 DATA_MINING TOOK 0.059729
ITER 43 DATA_MINING TOOK 0.035148

Total iterations: 49
Mining operations: 3
EXEC_PROGRESS 14/30
ITER 25 DATA_MINING TOOK 0.029023
ITER 30 DATA_MINING TOOK 0.023338
ITER 43 DATA_MINING TOOK 0.051655
ITER 46 DATA_MINING TOOK 0.197490

Total iterations: 46
Mining operations: 4
EXEC_PROGRESS 15/30
ITER 24 DATA_MINING TOOK 0.010941
ITER 35 DATA_MINING TOOK 0.043619
ITER 42 DATA_MINING TOOK 0.030515

Total iterations: 43
Mining operations: 3
EXEC_PROGRESS 16/30
ITER 24 DATA_MINING TOOK 0.034103
ITER 31 DATA_MINING TOOK 0.024164
ITER 39 DATA_MINING TOOK 0.039391

Total iterations: 43
Mining operations: 3
EXEC_PROGRESS 17/30
ITER 27 DATA_MINING TOOK 0.010370
ITER 37 DATA_MINING TOOK 0.138972

Total iterations: 45
Mining operations: 2
EXEC_PROGRESS 18/30
ITER 35 DATA_MINING TOOK 0.013994

Total iterations: 52
Mining operations: 1
EXEC_PROGRESS 19/30
ITER 30 DATA_MINING TOOK 0.043503
ITER 40 DATA_MINING TOOK 0.104208

Total iterations: 48
Mining operations: 2
EXEC_PROGRESS 20/30
ITER 18 DATA_MINING TOOK 0.039040
ITER 45 DATA_MINING TOOK 0.090789

Total iterations: 47
Mining operations: 2
EXEC_PROGRESS 21/30
ITER 15 DATA_MINING TOOK 0.022893
ITER 28 DATA_MINING TOOK 0.063156
ITER 41 DATA_MINING TOOK 0.233523

Total iterations: 49
Mining operations: 3
EXEC_PROGRESS 22/30
ITER 19 DATA_MINING TOOK 0.007730

Total iterations: 40
Mining operations: 1
EXEC_PROGRESS 23/30
ITER 25 DATA_MINING TOOK 0.025293
ITER 39 DATA_MINING TOOK 0.108605

Total iterations: 46
Mining operations: 2
EXEC_PROGRESS 24/30
ITER 15 DATA_MINING TOOK 0.027769
ITER 41 DATA_MINING TOOK 0.059295
ITER 47 DATA_MINING TOOK 0.100023

Total iterations: 47
Mining operations: 3
EXEC_PROGRESS 25/30
ITER 30 DATA_MINING TOOK 0.021787
ITER 39 DATA_MINING TOOK 0.057032
ITER 44 DATA_MINING TOOK 0.109534

Total iterations: 45
Mining operations: 3
EXEC_PROGRESS 26/30
ITER 19 DATA_MINING TOOK 0.025799
ITER 27 DATA_MINING TOOK 0.037028
ITER 30 DATA_MINING TOOK 0.041904

Total iterations: 30
Mining operations: 3
EXEC_PROGRESS 27/30
ITER 23 DATA_MINING TOOK 0.015341

Total iterations: 46
Mining operations: 1
EXEC_PROGRESS 28/30
ITER 23 DATA_MINING TOOK 0.014297
ITER 33 DATA_MINING TOOK 0.014196
ITER 56 DATA_MINING TOOK 0.036862

Total iterations: 58
Mining operations: 3
EXEC_PROGRESS 29/30
ITER 27 DATA_MINING TOOK 0.019725
ITER 39 DATA_MINING TOOK 0.038280

Total iterations: 57
Mining operations: 2
EXEC_PROGRESS 30/30
ITER 35 DATA_MINING TOOK 0.028774

Total iterations: 51
Mining operations: 1

Execution Summary:
  Instance: instances/MDG-a/MDG-a_31_n2000_m200.txt
  Matrix Size (N): 2000
  Solution Size (M): 200
  Number of Executions: 30
  ------------------------------------
  Average Solution: 113512.033333
  Best Solution Benefit: 113804.000000
  Average Time per Execution: 20.000000 sec
  Best Solution Time: 20.000000 sec
  BKS: 114214.000000
  Distance to BKS: 410.000000
  Percentage Distance to BKS: 0.36%
  Average Percentage Distance to BKS: 0.61%

  Details per Execution:
    Exec 1: Solution=113385.000000, Time=20.000000 sec, Dist BKS=0.73%
    Exec 2: Solution=113401.000000, Time=20.000000 sec, Dist BKS=0.71%
    Exec 3: Solution=113668.000000, Time=20.000000 sec, Dist BKS=0.48%
    Exec 4: Solution=113502.000000, Time=20.000000 sec, Dist BKS=0.62%
    Exec 5: Solution=113388.000000, Time=20.000000 sec, Dist BKS=0.72%
    Exec 6: Solution=113543.000000, Time=20.000000 sec, Dist BKS=0.59%
    Exec 7: Solution=113443.000000, Time=20.000000 sec, Dist BKS=0.68%
    Exec 8: Solution=113421.000000, Time=20.000000 sec, Dist BKS=0.69%
    Exec 9: Solution=113243.000000, Time=20.000000 sec, Dist BKS=0.85%
    Exec 10: Solution=113653.000000, Time=20.000000 sec, Dist BKS=0.49%
    Exec 11: Solution=113804.000000, Time=20.000000 sec, Dist BKS=0.36%
    Exec 12: Solution=113433.000000, Time=20.000000 sec, Dist BKS=0.68%
    Exec 13: Solution=113484.000000, Time=20.000000 sec, Dist BKS=0.64%
    Exec 14: Solution=113467.000000, Time=20.000000 sec, Dist BKS=0.65%
    Exec 15: Solution=113441.000000, Time=20.000000 sec, Dist BKS=0.68%
    Exec 16: Solution=113472.000000, Time=20.000000 sec, Dist BKS=0.65%
    Exec 17: Solution=113465.000000, Time=20.000000 sec, Dist BKS=0.66%
    Exec 18: Solution=113466.000000, Time=20.000000 sec, Dist BKS=0.65%
    Exec 19: Solution=113705.000000, Time=20.000000 sec, Dist BKS=0.45%
    Exec 20: Solution=113595.000000, Time=20.000000 sec, Dist BKS=0.54%
    Exec 21: Solution=113642.000000, Time=20.000000 sec, Dist BKS=0.50%
    Exec 22: Solution=113392.000000, Time=20.000000 sec, Dist BKS=0.72%
    Exec 23: Solution=113596.000000, Time=20.000000 sec, Dist BKS=0.54%
    Exec 24: Solution=113538.000000, Time=20.000000 sec, Dist BKS=0.59%
    Exec 25: Solution=113422.000000, Time=20.000000 sec, Dist BKS=0.69%
    Exec 26: Solution=113752.000000, Time=20.000000 sec, Dist BKS=0.40%
    Exec 27: Solution=113379.000000, Time=20.000000 sec, Dist BKS=0.73%
    Exec 28: Solution=113479.000000, Time=20.000000 sec, Dist BKS=0.64%
    Exec 29: Solution=113692.000000, Time=20.000000 sec, Dist BKS=0.46%
    Exec 30: Solution=113490.000000, Time=20.000000 sec, Dist BKS=0.63%
