START SOLUTION
	Parameters used:
	instance = instances/MDG-a/MDG-a_34_n2000_m200.txt
	solution_Size = 200
	meta_Heuristic = mdm-grasp

EXEC_PROGRESS 1/30
ITER 20 DATA_MINING TOOK 0.005940
ITER 27 DATA_MINING TOOK 0.015801
ITER 36 DATA_MINING TOOK 0.040364

Total iterations: 52
Mining operations: 3
EXEC_PROGRESS 2/30
ITER 16 DATA_MINING TOOK 0.029098
ITER 44 DATA_MINING TOOK 0.054505
ITER 53 DATA_MINING TOOK 0.068191

Total iterations: 54
Mining operations: 3
EXEC_PROGRESS 3/30
ITER 28 DATA_MINING TOOK 0.019453
ITER 38 DATA_MINING TOOK 0.061542
ITER 50 DATA_MINING TOOK 0.161546

Total iterations: 55
Mining operations: 3
EXEC_PROGRESS 4/30
ITER 37 DATA_MINING TOOK 0.021453

Total iterations: 52
Mining operations: 1
EXEC_PROGRESS 5/30
ITER 20 DATA_MINING TOOK 0.026482
ITER 32 DATA_MINING TOOK 0.075401
ITER 46 DATA_MINING TOOK 0.436529

Total iterations: 50
Mining operations: 3
EXEC_PROGRESS 6/30
ITER 19 DATA_MINING TOOK 0.013373
ITER 37 DATA_MINING TOOK 0.060039
ITER 42 DATA_MINING TOOK 0.054288

Total iterations: 50
Mining operations: 3
EXEC_PROGRESS 7/30
ITER 16 DATA_MINING TOOK 0.011593
ITER 36 DATA_MINING TOOK 0.021576
ITER 49 DATA_MINING TOOK 0.045753

Total iterations: 54
Mining operations: 3
EXEC_PROGRESS 8/30
ITER 30 DATA_MINING TOOK 0.020334
ITER 42 DATA_MINING TOOK 0.028332

Total iterations: 53
Mining operations: 2
EXEC_PROGRESS 9/30
ITER 23 DATA_MINING TOOK 0.009540
ITER 41 DATA_MINING TOOK 0.085842
ITER 53 DATA_MINING TOOK 0.059870

Total iterations: 54
Mining operations: 3
EXEC_PROGRESS 10/30
ITER 21 DATA_MINING TOOK 0.021269
ITER 34 DATA_MINING TOOK 0.047933
ITER 46 DATA_MINING TOOK 0.179756

Total iterations: 51
Mining operations: 3
EXEC_PROGRESS 11/30
ITER 16 DATA_MINING TOOK 0.014310
ITER 22 DATA_MINING TOOK 0.017736
ITER 32 DATA_MINING TOOK 0.044118
ITER 41 DATA_MINING TOOK 0.045020

Total iterations: 42
Mining operations: 4
EXEC_PROGRESS 12/30
ITER 25 DATA_MINING TOOK 0.016763
ITER 41 DATA_MINING TOOK 0.015285

Total iterations: 50
Mining operations: 2
EXEC_PROGRESS 13/30
ITER 17 DATA_MINING TOOK 0.025091
ITER 26 DATA_MINING TOOK 0.066411
ITER 40 DATA_MINING TOOK 0.289665
ITER 44 DATA_MINING TOOK 0.221181

Total iterations: 50
Mining operations: 4
EXEC_PROGRESS 14/30
ITER 23 DATA_MINING TOOK 0.011637
ITER 31 DATA_MINING TOOK 0.023783
ITER 39 DATA_MINING TOOK 0.013096

Total iterations: 45
Mining operations: 3
EXEC_PROGRESS 15/30
ITER 26 DATA_MINING TOOK 0.011270

Total iterations: 45
Mining operations: 1
EXEC_PROGRESS 16/30
ITER 16 DATA_MINING TOOK 0.016960
ITER 38 DATA_MINING TOOK 0.048523
ITER 49 DATA_MINING TOOK 0.103411

Total iterations: 50
Mining operations: 3
EXEC_PROGRESS 17/30
ITER 13 DATA_MINING TOOK 0.017667
ITER 25 DATA_MINING TOOK 0.104923
ITER 40 DATA_MINING TOOK 0.399658

Total iterations: 40
Mining operations: 3
EXEC_PROGRESS 18/30
ITER 32 DATA_MINING TOOK 0.019935
ITER 44 DATA_MINING TOOK 0.048790

Total iterations: 45
Mining operations: 2
EXEC_PROGRESS 19/30
ITER 27 DATA_MINING TOOK 0.018562
ITER 33 DATA_MINING TOOK 0.015891
ITER 45 DATA_MINING TOOK 0.023327

Total iterations: 45
Mining operations: 3
EXEC_PROGRESS 20/30
ITER 16 DATA_MINING TOOK 0.014004
ITER 35 DATA_MINING TOOK 0.069026
ITER 54 DATA_MINING TOOK 0.159925

Total iterations: 54
Mining operations: 3
EXEC_PROGRESS 21/30
ITER 20 DATA_MINING TOOK 0.020862
ITER 38 DATA_MINING TOOK 0.047729
ITER 45 DATA_MINING TOOK 0.033968

Total iterations: 47
Mining operations: 3
EXEC_PROGRESS 22/30
ITER 16 DATA_MINING TOOK 0.011538
ITER 33 DATA_MINING TOOK 0.048894
ITER 40 DATA_MINING TOOK 0.048313
ITER 45 DATA_MINING TOOK 0.092708

Total iterations: 52
Mining operations: 4
EXEC_PROGRESS 23/30
ITER 25 DATA_MINING TOOK 0.019793
ITER 42 DATA_MINING TOOK 0.079489

Total iterations: 48
Mining operations: 2
EXEC_PROGRESS 24/30
ITER 18 DATA_MINING TOOK 0.005320
ITER 28 DATA_MINING TOOK 0.060902
ITER 37 DATA_MINING TOOK 0.067495
ITER 49 DATA_MINING TOOK 0.215284

Total iterations: 53
Mining operations: 4
EXEC_PROGRESS 25/30
ITER 21 DATA_MINING TOOK 0.010098
ITER 30 DATA_MINING TOOK 0.044412
ITER 39 DATA_MINING TOOK 0.064586

Total iterations: 54
Mining operations: 3
EXEC_PROGRESS 26/30
ITER 18 DATA_MINING TOOK 0.015536
ITER 37 DATA_MINING TOOK 0.038548
ITER 48 DATA_MINING TOOK 0.049877

Total iterations: 49
Mining operations: 3
EXEC_PROGRESS 27/30
ITER 21 DATA_MINING TOOK 0.020875
ITER 34 DATA_MINING TOOK 0.102031

Total iterations: 49
Mining operations: 2
EXEC_PROGRESS 28/30
ITER 29 DATA_MINING TOOK 0.006035
ITER 38 DATA_MINING TOOK 0.025348
ITER 42 DATA_MINING TOOK 0.024871

Total iterations: 46
Mining operations: 3
EXEC_PROGRESS 29/30
ITER 22 DATA_MINING TOOK 0.004560
ITER 32 DATA_MINING TOOK 0.029198

Total iterations: 43
Mining operations: 2
EXEC_PROGRESS 30/30
ITER 30 DATA_MINING TOOK 0.031283

Total iterations: 36
Mining operations: 1

Execution Summary:
  Instance: instances/MDG-a/MDG-a_34_n2000_m200.txt
  Matrix Size (N): 2000
  Solution Size (M): 200
  Number of Executions: 30
  ------------------------------------
  Average Solution: 113533.666667
  Best Solution Benefit: 113822.000000
  Average Time per Execution: 20.000000 sec
  Best Solution Time: 20.000000 sec
  BKS: 114216.000000
  Distance to BKS: 394.000000
  Percentage Distance to BKS: 0.34%
  Average Percentage Distance to BKS: 0.60%

  Details per Execution:
    Exec 1: Solution=113534.000000, Time=20.000000 sec, Dist BKS=0.60%
    Exec 2: Solution=113354.000000, Time=20.000000 sec, Dist BKS=0.75%
    Exec 3: Solution=113822.000000, Time=20.000000 sec, Dist BKS=0.34%
    Exec 4: Solution=113240.000000, Time=20.000000 sec, Dist BKS=0.85%
    Exec 5: Solution=113515.000000, Time=20.000000 sec, Dist BKS=0.61%
    Exec 6: Solution=113728.000000, Time=20.000000 sec, Dist BKS=0.43%
    Exec 7: Solution=113571.000000, Time=20.000000 sec, Dist BKS=0.56%
    Exec 8: Solution=113539.000000, Time=20.000000 sec, Dist BKS=0.59%
    Exec 9: Solution=113379.000000, Time=20.000000 sec, Dist BKS=0.73%
    Exec 10: Solution=113469.000000, Time=20.000000 sec, Dist BKS=0.65%
    Exec 11: Solution=113412.000000, Time=20.000000 sec, Dist BKS=0.70%
    Exec 12: Solution=113455.000000, Time=20.000000 sec, Dist BKS=0.67%
    Exec 13: Solution=113705.000000, Time=20.000000 sec, Dist BKS=0.45%
    Exec 14: Solution=113460.000000, Time=20.000000 sec, Dist BKS=0.66%
    Exec 15: Solution=113801.000000, Time=20.000000 sec, Dist BKS=0.36%
    Exec 16: Solution=113412.000000, Time=20.000000 sec, Dist BKS=0.70%
    Exec 17: Solution=113469.000000, Time=20.000000 sec, Dist BKS=0.65%
    Exec 18: Solution=113465.000000, Time=20.000000 sec, Dist BKS=0.66%
    Exec 19: Solution=113396.000000, Time=20.000000 sec, Dist BKS=0.72%
    Exec 20: Solution=113368.000000, Time=20.000000 sec, Dist BKS=0.74%
    Exec 21: Solution=113694.000000, Time=20.000000 sec, Dist BKS=0.46%
    Exec 22: Solution=113686.000000, Time=20.000000 sec, Dist BKS=0.46%
    Exec 23: Solution=113529.000000, Time=20.000000 sec, Dist BKS=0.60%
    Exec 24: Solution=113760.000000, Time=20.000000 sec, Dist BKS=0.40%
    Exec 25: Solution=113706.000000, Time=20.000000 sec, Dist BKS=0.45%
    Exec 26: Solution=113560.000000, Time=20.000000 sec, Dist BKS=0.57%
    Exec 27: Solution=113528.000000, Time=20.000000 sec, Dist BKS=0.60%
    Exec 28: Solution=113388.000000, Time=20.000000 sec, Dist BKS=0.72%
    Exec 29: Solution=113427.000000, Time=20.000000 sec, Dist BKS=0.69%
    Exec 30: Solution=113638.000000, Time=20.000000 sec, Dist BKS=0.51%
