START SOLUTION
	Parameters used:
	instance = instances/MDG-a/MDG-a_30_n2000_m200.txt
	solution_Size = 200
	meta_Heuristic = mdm-grasp

EXEC_PROGRESS 1/30
ITER 16 DATA_MINING TOOK 0.038189
ITER 24 DATA_MINING TOOK 0.107127
ITER 38 DATA_MINING TOOK 0.276903

Total iterations: 42
Mining operations: 3
EXEC_PROGRESS 2/30
ITER 12 DATA_MINING TOOK 0.054953
ITER 27 DATA_MINING TOOK 0.192714
ITER 35 DATA_MINING TOOK 0.678995

Total iterations: 41
Mining operations: 3
EXEC_PROGRESS 3/30
ITER 17 DATA_MINING TOOK 0.012910
ITER 28 DATA_MINING TOOK 0.077106
ITER 45 DATA_MINING TOOK 0.492866

Total iterations: 46
Mining operations: 3
EXEC_PROGRESS 4/30
ITER 27 DATA_MINING TOOK 0.018534
ITER 37 DATA_MINING TOOK 0.026976

Total iterations: 50
Mining operations: 2
EXEC_PROGRESS 5/30
ITER 21 DATA_MINING TOOK 0.024607
ITER 40 DATA_MINING TOOK 0.106528

Total iterations: 46
Mining operations: 2
EXEC_PROGRESS 6/30
ITER 27 DATA_MINING TOOK 0.039346
ITER 38 DATA_MINING TOOK 0.081777

Total iterations: 41
Mining operations: 2
EXEC_PROGRESS 7/30
ITER 24 DATA_MINING TOOK 0.039828
ITER 36 DATA_MINING TOOK 0.051561

Total iterations: 37
Mining operations: 2
EXEC_PROGRESS 8/30
ITER 15 DATA_MINING TOOK 0.028196
ITER 35 DATA_MINING TOOK 0.064183

Total iterations: 49
Mining operations: 2
EXEC_PROGRESS 9/30
ITER 37 DATA_MINING TOOK 0.036949
ITER 43 DATA_MINING TOOK 0.075917

Total iterations: 44
Mining operations: 2
EXEC_PROGRESS 10/30
ITER 20 DATA_MINING TOOK 0.024919
ITER 34 DATA_MINING TOOK 0.043500

Total iterations: 50
Mining operations: 2
EXEC_PROGRESS 11/30
ITER 21 DATA_MINING TOOK 0.016057
ITER 37 DATA_MINING TOOK 0.040797

Total iterations: 51
Mining operations: 2
EXEC_PROGRESS 12/30
ITER 20 DATA_MINING TOOK 0.019489
ITER 34 DATA_MINING TOOK 0.158479
ITER 43 DATA_MINING TOOK 0.186573

Total iterations: 47
Mining operations: 3
EXEC_PROGRESS 13/30
ITER 19 DATA_MINING TOOK 0.045447
ITER 42 DATA_MINING TOOK 0.212618

Total iterations: 50
Mining operations: 2
EXEC_PROGRESS 14/30
ITER 16 DATA_MINING TOOK 0.017823
ITER 34 DATA_MINING TOOK 0.207895
ITER 49 DATA_MINING TOOK 0.556882

Total iterations: 50
Mining operations: 3
EXEC_PROGRESS 15/30
ITER 20 DATA_MINING TOOK 0.029916
ITER 42 DATA_MINING TOOK 0.231480

Total iterations: 46
Mining operations: 2
EXEC_PROGRESS 16/30
ITER 16 DATA_MINING TOOK 0.020410
ITER 28 DATA_MINING TOOK 0.106991

Total iterations: 45
Mining operations: 2
EXEC_PROGRESS 17/30
ITER 21 DATA_MINING TOOK 0.018362
ITER 31 DATA_MINING TOOK 0.064513

Total iterations: 38
Mining operations: 2
EXEC_PROGRESS 18/30
ITER 33 DATA_MINING TOOK 0.012856
ITER 40 DATA_MINING TOOK 0.014111

Total iterations: 47
Mining operations: 2
EXEC_PROGRESS 19/30
ITER 21 DATA_MINING TOOK 0.030157
ITER 38 DATA_MINING TOOK 0.124260

Total iterations: 54
Mining operations: 2
EXEC_PROGRESS 20/30
ITER 20 DATA_MINING TOOK 0.040860
ITER 31 DATA_MINING TOOK 0.222647
ITER 44 DATA_MINING TOOK 0.739094

Total iterations: 51
Mining operations: 3
EXEC_PROGRESS 21/30
ITER 29 DATA_MINING TOOK 0.013949
ITER 39 DATA_MINING TOOK 0.053458
ITER 45 DATA_MINING TOOK 0.050229

Total iterations: 46
Mining operations: 3
EXEC_PROGRESS 22/30
ITER 32 DATA_MINING TOOK 0.019607
ITER 41 DATA_MINING TOOK 0.055429

Total iterations: 48
Mining operations: 2
EXEC_PROGRESS 23/30
ITER 34 DATA_MINING TOOK 0.027010

Total iterations: 40
Mining operations: 1
EXEC_PROGRESS 24/30
ITER 23 DATA_MINING TOOK 0.019398
ITER 38 DATA_MINING TOOK 0.078557

Total iterations: 46
Mining operations: 2
EXEC_PROGRESS 25/30
ITER 14 DATA_MINING TOOK 0.020956
ITER 32 DATA_MINING TOOK 0.192252
ITER 44 DATA_MINING TOOK 0.245277

Total iterations: 45
Mining operations: 3
EXEC_PROGRESS 26/30
ITER 18 DATA_MINING TOOK 0.043255
ITER 39 DATA_MINING TOOK 0.074545

Total iterations: 46
Mining operations: 2
EXEC_PROGRESS 27/30
ITER 19 DATA_MINING TOOK 0.026421
ITER 28 DATA_MINING TOOK 0.093921

Total iterations: 33
Mining operations: 2
EXEC_PROGRESS 28/30
ITER 22 DATA_MINING TOOK 0.051839

Total iterations: 39
Mining operations: 1
EXEC_PROGRESS 29/30

Total iterations: 53
Mining operations: 0
EXEC_PROGRESS 30/30
ITER 20 DATA_MINING TOOK 0.021857
ITER 36 DATA_MINING TOOK 0.125911
ITER 50 DATA_MINING TOOK 0.278482

Total iterations: 55
Mining operations: 3

Execution Summary:
  Instance: instances/MDG-a/MDG-a_30_n2000_m200.txt
  Matrix Size (N): 2000
  Solution Size (M): 200
  Number of Executions: 30
  ------------------------------------
  Average Solution: 113615.066667
  Best Solution Benefit: 113834.000000
  Average Time per Execution: 20.000000 sec
  Best Solution Time: 20.000000 sec
  BKS: 114229.000000
  Distance to BKS: 395.000000
  Percentage Distance to BKS: 0.35%
  Average Percentage Distance to BKS: 0.54%

  Details per Execution:
    Exec 1: Solution=113620.000000, Time=20.000000 sec, Dist BKS=0.53%
    Exec 2: Solution=113787.000000, Time=20.000000 sec, Dist BKS=0.39%
    Exec 3: Solution=113637.000000, Time=20.000000 sec, Dist BKS=0.52%
    Exec 4: Solution=113646.000000, Time=20.000000 sec, Dist BKS=0.51%
    Exec 5: Solution=113603.000000, Time=20.000000 sec, Dist BKS=0.55%
    Exec 6: Solution=113518.000000, Time=20.000000 sec, Dist BKS=0.62%
    Exec 7: Solution=113429.000000, Time=20.000000 sec, Dist BKS=0.70%
    Exec 8: Solution=113483.000000, Time=20.000000 sec, Dist BKS=0.65%
    Exec 9: Solution=113599.000000, Time=20.000000 sec, Dist BKS=0.55%
    Exec 10: Solution=113648.000000, Time=20.000000 sec, Dist BKS=0.51%
    Exec 11: Solution=113491.000000, Time=20.000000 sec, Dist BKS=0.65%
    Exec 12: Solution=113664.000000, Time=20.000000 sec, Dist BKS=0.49%
    Exec 13: Solution=113834.000000, Time=20.000000 sec, Dist BKS=0.35%
    Exec 14: Solution=113519.000000, Time=20.000000 sec, Dist BKS=0.62%
    Exec 15: Solution=113827.000000, Time=20.000000 sec, Dist BKS=0.35%
    Exec 16: Solution=113688.000000, Time=20.000000 sec, Dist BKS=0.47%
    Exec 17: Solution=113627.000000, Time=20.000000 sec, Dist BKS=0.53%
    Exec 18: Solution=113430.000000, Time=20.000000 sec, Dist BKS=0.70%
    Exec 19: Solution=113755.000000, Time=20.000000 sec, Dist BKS=0.41%
    Exec 20: Solution=113744.000000, Time=20.000000 sec, Dist BKS=0.42%
    Exec 21: Solution=113395.000000, Time=20.000000 sec, Dist BKS=0.73%
    Exec 22: Solution=113567.000000, Time=20.000000 sec, Dist BKS=0.58%
    Exec 23: Solution=113359.000000, Time=20.000000 sec, Dist BKS=0.76%
    Exec 24: Solution=113548.000000, Time=20.000000 sec, Dist BKS=0.60%
    Exec 25: Solution=113749.000000, Time=20.000000 sec, Dist BKS=0.42%
    Exec 26: Solution=113548.000000, Time=20.000000 sec, Dist BKS=0.60%
    Exec 27: Solution=113831.000000, Time=20.000000 sec, Dist BKS=0.35%
    Exec 28: Solution=113578.000000, Time=20.000000 sec, Dist BKS=0.57%
    Exec 29: Solution=113529.000000, Time=20.000000 sec, Dist BKS=0.61%
    Exec 30: Solution=113799.000000, Time=20.000000 sec, Dist BKS=0.38%
