START SOLUTION
	Parameters used:
	instance = instances/MDG-a/MDG-a_38_n2000_m200.txt
	solution_Size = 200
	meta_Heuristic = mdm-grasp

EXEC_PROGRESS 1/30
ITER 16 DATA_MINING TOOK 0.023977
ITER 34 DATA_MINING TOOK 0.211830
ITER 40 DATA_MINING TOOK 0.302465
ITER 54 DATA_MINING TOOK 0.528254

Total iterations: 54
Mining operations: 4
EXEC_PROGRESS 2/30
ITER 31 DATA_MINING TOOK 0.028976
ITER 47 DATA_MINING TOOK 0.427538

Total iterations: 48
Mining operations: 2
EXEC_PROGRESS 3/30
ITER 23 DATA_MINING TOOK 0.022213
ITER 28 DATA_MINING TOOK 0.028678
ITER 37 DATA_MINING TOOK 0.027191

Total iterations: 43
Mining operations: 3
EXEC_PROGRESS 4/30
ITER 19 DATA_MINING TOOK 0.038725
ITER 43 DATA_MINING TOOK 0.255569
ITER 51 DATA_MINING TOOK 0.926729

Total iterations: 52
Mining operations: 3
EXEC_PROGRESS 5/30
ITER 18 DATA_MINING TOOK 0.033455
ITER 38 DATA_MINING TOOK 0.204774
ITER 53 DATA_MINING TOOK 0.266044

Total iterations: 55
Mining operations: 3
EXEC_PROGRESS 6/30
ITER 35 DATA_MINING TOOK 0.041993
ITER 43 DATA_MINING TOOK 0.066869
ITER 48 DATA_MINING TOOK 0.132431

Total iterations: 49
Mining operations: 3
EXEC_PROGRESS 7/30
ITER 15 DATA_MINING TOOK 0.020062
ITER 45 DATA_MINING TOOK 0.183960

Total iterations: 46
Mining operations: 2
EXEC_PROGRESS 8/30
ITER 26 DATA_MINING TOOK 0.028809
ITER 41 DATA_MINING TOOK 0.186015

Total iterations: 45
Mining operations: 2
EXEC_PROGRESS 9/30
ITER 32 DATA_MINING TOOK 0.074820
ITER 36 DATA_MINING TOOK 0.090134
ITER 51 DATA_MINING TOOK 0.900879

Total iterations: 52
Mining operations: 3
EXEC_PROGRESS 10/30
ITER 24 DATA_MINING TOOK 0.034780
ITER 37 DATA_MINING TOOK 0.120271
ITER 42 DATA_MINING TOOK 0.303413

Total iterations: 48
Mining operations: 3
EXEC_PROGRESS 11/30
ITER 29 DATA_MINING TOOK 0.047163
ITER 40 DATA_MINING TOOK 0.132851

Total iterations: 45
Mining operations: 2
EXEC_PROGRESS 12/30
ITER 22 DATA_MINING TOOK 0.043271
ITER 38 DATA_MINING TOOK 0.285715
ITER 48 DATA_MINING TOOK 0.759135

Total iterations: 51
Mining operations: 3
EXEC_PROGRESS 13/30
ITER 21 DATA_MINING TOOK 0.058850
ITER 25 DATA_MINING TOOK 0.148873
ITER 38 DATA_MINING TOOK 0.672088

Total iterations: 46
Mining operations: 3
EXEC_PROGRESS 14/30
ITER 25 DATA_MINING TOOK 0.075145
ITER 31 DATA_MINING TOOK 0.101316

Total iterations: 36
Mining operations: 2
EXEC_PROGRESS 15/30
ITER 20 DATA_MINING TOOK 0.034886
ITER 50 DATA_MINING TOOK 0.224405

Total iterations: 51
Mining operations: 2
EXEC_PROGRESS 16/30
ITER 25 DATA_MINING TOOK 0.044525
ITER 32 DATA_MINING TOOK 0.038688
ITER 43 DATA_MINING TOOK 0.108751

Total iterations: 51
Mining operations: 3
EXEC_PROGRESS 17/30
ITER 17 DATA_MINING TOOK 0.027943
ITER 30 DATA_MINING TOOK 0.121750
ITER 49 DATA_MINING TOOK 0.723698

Total iterations: 58
Mining operations: 3
EXEC_PROGRESS 18/30
ITER 20 DATA_MINING TOOK 0.036881
ITER 39 DATA_MINING TOOK 0.148243
ITER 50 DATA_MINING TOOK 0.444879

Total iterations: 59
Mining operations: 3
EXEC_PROGRESS 19/30
ITER 30 DATA_MINING TOOK 0.029869
ITER 45 DATA_MINING TOOK 0.163230

Total iterations: 52
Mining operations: 2
EXEC_PROGRESS 20/30
ITER 19 DATA_MINING TOOK 0.029979
ITER 41 DATA_MINING TOOK 0.222407

Total iterations: 49
Mining operations: 2
EXEC_PROGRESS 21/30
ITER 44 DATA_MINING TOOK 0.026531
ITER 52 DATA_MINING TOOK 0.073116

Total iterations: 53
Mining operations: 2
EXEC_PROGRESS 22/30
ITER 23 DATA_MINING TOOK 0.021362
ITER 48 DATA_MINING TOOK 0.150136

Total iterations: 53
Mining operations: 2
EXEC_PROGRESS 23/30
ITER 36 DATA_MINING TOOK 0.028658
ITER 44 DATA_MINING TOOK 0.090481

Total iterations: 53
Mining operations: 2
EXEC_PROGRESS 24/30
ITER 31 DATA_MINING TOOK 0.047729

Total iterations: 54
Mining operations: 1
EXEC_PROGRESS 25/30
ITER 24 DATA_MINING TOOK 0.054692

Total iterations: 61
Mining operations: 1
EXEC_PROGRESS 26/30
ITER 22 DATA_MINING TOOK 0.022467
ITER 36 DATA_MINING TOOK 0.140435
ITER 44 DATA_MINING TOOK 0.222244

Total iterations: 50
Mining operations: 3
EXEC_PROGRESS 27/30
ITER 19 DATA_MINING TOOK 0.082837

Total iterations: 47
Mining operations: 1
EXEC_PROGRESS 28/30
ITER 23 DATA_MINING TOOK 0.034492
ITER 41 DATA_MINING TOOK 0.090713

Total iterations: 56
Mining operations: 2
EXEC_PROGRESS 29/30
ITER 45 DATA_MINING TOOK 0.057511

Total iterations: 53
Mining operations: 1
EXEC_PROGRESS 30/30
ITER 20 DATA_MINING TOOK 0.032389
ITER 29 DATA_MINING TOOK 0.075728
ITER 35 DATA_MINING TOOK 0.198462
ITER 47 DATA_MINING TOOK 0.655979

Total iterations: 48
Mining operations: 4

Execution Summary:
  Instance: instances/MDG-a/MDG-a_38_n2000_m200.txt
  Matrix Size (N): 2000
  Solution Size (M): 200
  Number of Executions: 30
  ------------------------------------
  Average Solution: 113789.066667
  Best Solution Benefit: 114034.000000
  Average Time per Execution: 20.000000 sec
  Best Solution Time: 20.000000 sec
  BKS: 114408.000000
  Distance to BKS: 374.000000
  Percentage Distance to BKS: 0.33%
  Average Percentage Distance to BKS: 0.54%

  Details per Execution:
    Exec 1: Solution=113741.000000, Time=20.000000 sec, Dist BKS=0.58%
    Exec 2: Solution=113819.000000, Time=20.000000 sec, Dist BKS=0.51%
    Exec 3: Solution=113632.000000, Time=20.000000 sec, Dist BKS=0.68%
    Exec 4: Solution=113805.000000, Time=20.000000 sec, Dist BKS=0.53%
    Exec 5: Solution=113871.000000, Time=20.000000 sec, Dist BKS=0.47%
    Exec 6: Solution=113836.000000, Time=20.000000 sec, Dist BKS=0.50%
    Exec 7: Solution=113671.000000, Time=20.000000 sec, Dist BKS=0.64%
    Exec 8: Solution=113659.000000, Time=20.000000 sec, Dist BKS=0.65%
    Exec 9: Solution=113814.000000, Time=20.000000 sec, Dist BKS=0.52%
    Exec 10: Solution=113973.000000, Time=20.000000 sec, Dist BKS=0.38%
    Exec 11: Solution=113799.000000, Time=20.000000 sec, Dist BKS=0.53%
    Exec 12: Solution=113804.000000, Time=20.000000 sec, Dist BKS=0.53%
    Exec 13: Solution=114022.000000, Time=20.000000 sec, Dist BKS=0.34%
    Exec 14: Solution=113670.000000, Time=20.000000 sec, Dist BKS=0.65%
    Exec 15: Solution=113694.000000, Time=20.000000 sec, Dist BKS=0.62%
    Exec 16: Solution=114034.000000, Time=20.000000 sec, Dist BKS=0.33%
    Exec 17: Solution=113794.000000, Time=20.000000 sec, Dist BKS=0.54%
    Exec 18: Solution=113805.000000, Time=20.000000 sec, Dist BKS=0.53%
    Exec 19: Solution=113839.000000, Time=20.000000 sec, Dist BKS=0.50%
    Exec 20: Solution=113825.000000, Time=20.000000 sec, Dist BKS=0.51%
    Exec 21: Solution=113524.000000, Time=20.000000 sec, Dist BKS=0.77%
    Exec 22: Solution=113884.000000, Time=20.000000 sec, Dist BKS=0.46%
    Exec 23: Solution=113666.000000, Time=20.000000 sec, Dist BKS=0.65%
    Exec 24: Solution=113792.000000, Time=20.000000 sec, Dist BKS=0.54%
    Exec 25: Solution=113987.000000, Time=20.000000 sec, Dist BKS=0.37%
    Exec 26: Solution=113653.000000, Time=20.000000 sec, Dist BKS=0.66%
    Exec 27: Solution=113724.000000, Time=20.000000 sec, Dist BKS=0.60%
    Exec 28: Solution=113830.000000, Time=20.000000 sec, Dist BKS=0.51%
    Exec 29: Solution=113712.000000, Time=20.000000 sec, Dist BKS=0.61%
    Exec 30: Solution=113793.000000, Time=20.000000 sec, Dist BKS=0.54%
