START SOLUTION
	Parameters used:
	instance = instances/MDG-a/MDG-a_35_n2000_m200.txt
	solution_Size = 200
	meta_Heuristic = mdm-grasp

EXEC_PROGRESS 1/30
ITER 20 DATA_MINING TOOK 0.033801
ITER 35 DATA_MINING TOOK 0.095804
ITER 44 DATA_MINING TOOK 0.132430

Total iterations: 52
Mining operations: 3
EXEC_PROGRESS 2/30
ITER 16 DATA_MINING TOOK 0.021438
ITER 31 DATA_MINING TOOK 0.128362
ITER 43 DATA_MINING TOOK 0.578833
ITER 50 DATA_MINING TOOK 2.154127

Total iterations: 51
Mining operations: 4
EXEC_PROGRESS 3/30
ITER 18 DATA_MINING TOOK 0.015461
ITER 26 DATA_MINING TOOK 0.164357
ITER 36 DATA_MINING TOOK 0.302541

Total iterations: 40
Mining operations: 3
EXEC_PROGRESS 4/30
ITER 25 DATA_MINING TOOK 0.024773
ITER 42 DATA_MINING TOOK 0.159444
ITER 44 DATA_MINING TOOK 0.182632

Total iterations: 48
Mining operations: 3
EXEC_PROGRESS 5/30
ITER 22 DATA_MINING TOOK 0.029470

Total iterations: 40
Mining operations: 1
EXEC_PROGRESS 6/30
ITER 17 DATA_MINING TOOK 0.026453
ITER 27 DATA_MINING TOOK 0.099263
ITER 37 DATA_MINING TOOK 0.230866

Total iterations: 38
Mining operations: 3
EXEC_PROGRESS 7/30
ITER 25 DATA_MINING TOOK 0.027425
ITER 36 DATA_MINING TOOK 0.089303
ITER 40 DATA_MINING TOOK 0.117307
ITER 48 DATA_MINING TOOK 0.123366

Total iterations: 48
Mining operations: 4
EXEC_PROGRESS 8/30
ITER 26 DATA_MINING TOOK 0.025182
ITER 41 DATA_MINING TOOK 0.085539

Total iterations: 47
Mining operations: 2
EXEC_PROGRESS 9/30
ITER 20 DATA_MINING TOOK 0.016689
ITER 49 DATA_MINING TOOK 0.059087

Total iterations: 54
Mining operations: 2
EXEC_PROGRESS 10/30
ITER 23 DATA_MINING TOOK 0.041983
ITER 43 DATA_MINING TOOK 0.215901

Total iterations: 55
Mining operations: 2
EXEC_PROGRESS 11/30
ITER 18 DATA_MINING TOOK 0.022388
ITER 39 DATA_MINING TOOK 0.171187
ITER 56 DATA_MINING TOOK 0.400159

Total iterations: 58
Mining operations: 3
EXEC_PROGRESS 12/30
ITER 23 DATA_MINING TOOK 0.016796
ITER 35 DATA_MINING TOOK 0.069917

Total iterations: 52
Mining operations: 2
EXEC_PROGRESS 13/30
ITER 29 DATA_MINING TOOK 0.037477
ITER 44 DATA_MINING TOOK 0.223534

Total iterations: 51
Mining operations: 2
EXEC_PROGRESS 14/30
ITER 16 DATA_MINING TOOK 0.012301
ITER 34 DATA_MINING TOOK 0.069996

Total iterations: 50
Mining operations: 2
EXEC_PROGRESS 15/30
ITER 14 DATA_MINING TOOK 0.025599
ITER 41 DATA_MINING TOOK 0.161658

Total iterations: 41
Mining operations: 2
EXEC_PROGRESS 16/30
ITER 18 DATA_MINING TOOK 0.065867
ITER 26 DATA_MINING TOOK 0.111596
ITER 36 DATA_MINING TOOK 0.274521
ITER 49 DATA_MINING TOOK 0.128550

Total iterations: 56
Mining operations: 4
EXEC_PROGRESS 17/30
ITER 17 DATA_MINING TOOK 0.019725
ITER 32 DATA_MINING TOOK 0.060921
ITER 52 DATA_MINING TOOK 0.157791

Total iterations: 52
Mining operations: 3
EXEC_PROGRESS 18/30
ITER 15 DATA_MINING TOOK 0.018496
ITER 36 DATA_MINING TOOK 0.054027
ITER 42 DATA_MINING TOOK 0.083856

Total iterations: 50
Mining operations: 3
EXEC_PROGRESS 19/30
ITER 30 DATA_MINING TOOK 0.018725
ITER 34 DATA_MINING TOOK 0.015997

Total iterations: 45
Mining operations: 2
EXEC_PROGRESS 20/30
ITER 26 DATA_MINING TOOK 0.023428
ITER 48 DATA_MINING TOOK 0.049776
ITER 52 DATA_MINING TOOK 0.058281

Total iterations: 53
Mining operations: 3
EXEC_PROGRESS 21/30
ITER 34 DATA_MINING TOOK 0.021876
ITER 44 DATA_MINING TOOK 0.084624

Total iterations: 49
Mining operations: 2
EXEC_PROGRESS 22/30
ITER 20 DATA_MINING TOOK 0.014024
ITER 36 DATA_MINING TOOK 0.078754

Total iterations: 54
Mining operations: 2
EXEC_PROGRESS 23/30
ITER 27 DATA_MINING TOOK 0.012083
ITER 42 DATA_MINING TOOK 0.085679

Total iterations: 46
Mining operations: 2
EXEC_PROGRESS 24/30
ITER 37 DATA_MINING TOOK 0.024477
ITER 43 DATA_MINING TOOK 0.037456

Total iterations: 51
Mining operations: 2
EXEC_PROGRESS 25/30
ITER 29 DATA_MINING TOOK 0.026789
ITER 55 DATA_MINING TOOK 0.066265

Total iterations: 56
Mining operations: 2
EXEC_PROGRESS 26/30
ITER 23 DATA_MINING TOOK 0.007559
ITER 46 DATA_MINING TOOK 0.038650
ITER 55 DATA_MINING TOOK 0.067156

Total iterations: 56
Mining operations: 3
EXEC_PROGRESS 27/30
ITER 22 DATA_MINING TOOK 0.018821
ITER 52 DATA_MINING TOOK 0.066687

Total iterations: 52
Mining operations: 2
EXEC_PROGRESS 28/30
ITER 22 DATA_MINING TOOK 0.031407
ITER 54 DATA_MINING TOOK 0.165131

Total iterations: 55
Mining operations: 2
EXEC_PROGRESS 29/30
ITER 26 DATA_MINING TOOK 0.027345

Total iterations: 56
Mining operations: 1
EXEC_PROGRESS 30/30
ITER 22 DATA_MINING TOOK 0.027488
ITER 36 DATA_MINING TOOK 0.057598

Total iterations: 54
Mining operations: 2

Execution Summary:
  Instance: instances/MDG-a/MDG-a_35_n2000_m200.txt
  Matrix Size (N): 2000
  Solution Size (M): 200
  Number of Executions: 30
  ------------------------------------
  Average Solution: 113635.033333
  Best Solution Benefit: 114005.000000
  Average Time per Execution: 20.000000 sec
  Best Solution Time: 20.000000 sec
  BKS: 114240.000000
  Distance to BKS: 235.000000
  Percentage Distance to BKS: 0.21%
  Average Percentage Distance to BKS: 0.53%

  Details per Execution:
    Exec 1: Solution=113668.000000, Time=20.000000 sec, Dist BKS=0.50%
    Exec 2: Solution=114005.000000, Time=20.000000 sec, Dist BKS=0.21%
    Exec 3: Solution=113719.000000, Time=20.000000 sec, Dist BKS=0.46%
    Exec 4: Solution=113517.000000, Time=20.000000 sec, Dist BKS=0.63%
    Exec 5: Solution=113578.000000, Time=20.000000 sec, Dist BKS=0.58%
    Exec 6: Solution=113477.000000, Time=20.000000 sec, Dist BKS=0.67%
    Exec 7: Solution=113570.000000, Time=20.000000 sec, Dist BKS=0.59%
    Exec 8: Solution=113534.000000, Time=20.000000 sec, Dist BKS=0.62%
    Exec 9: Solution=113581.000000, Time=20.000000 sec, Dist BKS=0.58%
    Exec 10: Solution=113743.000000, Time=20.000000 sec, Dist BKS=0.44%
    Exec 11: Solution=113581.000000, Time=20.000000 sec, Dist BKS=0.58%
    Exec 12: Solution=113877.000000, Time=20.000000 sec, Dist BKS=0.32%
    Exec 13: Solution=113629.000000, Time=20.000000 sec, Dist BKS=0.53%
    Exec 14: Solution=113657.000000, Time=20.000000 sec, Dist BKS=0.51%
    Exec 15: Solution=113577.000000, Time=20.000000 sec, Dist BKS=0.58%
    Exec 16: Solution=113741.000000, Time=20.000000 sec, Dist BKS=0.44%
    Exec 17: Solution=113659.000000, Time=20.000000 sec, Dist BKS=0.51%
    Exec 18: Solution=113842.000000, Time=20.000000 sec, Dist BKS=0.35%
    Exec 19: Solution=113490.000000, Time=20.000000 sec, Dist BKS=0.66%
    Exec 20: Solution=113501.000000, Time=20.000000 sec, Dist BKS=0.65%
    Exec 21: Solution=113701.000000, Time=20.000000 sec, Dist BKS=0.47%
    Exec 22: Solution=113531.000000, Time=20.000000 sec, Dist BKS=0.62%
    Exec 23: Solution=113659.000000, Time=20.000000 sec, Dist BKS=0.51%
    Exec 24: Solution=113643.000000, Time=20.000000 sec, Dist BKS=0.52%
    Exec 25: Solution=113617.000000, Time=20.000000 sec, Dist BKS=0.55%
    Exec 26: Solution=113512.000000, Time=20.000000 sec, Dist BKS=0.64%
    Exec 27: Solution=113549.000000, Time=20.000000 sec, Dist BKS=0.60%
    Exec 28: Solution=113694.000000, Time=20.000000 sec, Dist BKS=0.48%
    Exec 29: Solution=113565.000000, Time=20.000000 sec, Dist BKS=0.59%
    Exec 30: Solution=113634.000000, Time=20.000000 sec, Dist BKS=0.53%
