START SOLUTION
	Parameters used:
	instance = instances/MDG-a/MDG-a_28_n2000_m200.txt
	solution_Size = 200
	meta_Heuristic = mdm-grasp

EXEC_PROGRESS 1/30
ITER 18 DATA_MINING TOOK 0.015081
ITER 22 DATA_MINING TOOK 0.017054
ITER 31 DATA_MINING TOOK 0.029987
ITER 37 DATA_MINING TOOK 0.048209

Total iterations: 38
Mining operations: 4
EXEC_PROGRESS 2/30
ITER 21 DATA_MINING TOOK 0.020401
ITER 31 DATA_MINING TOOK 0.168038

Total iterations: 39
Mining operations: 2
EXEC_PROGRESS 3/30
ITER 18 DATA_MINING TOOK 0.003976
ITER 33 DATA_MINING TOOK 0.044199
ITER 37 DATA_MINING TOOK 0.067491

Total iterations: 43
Mining operations: 3
EXEC_PROGRESS 4/30
ITER 17 DATA_MINING TOOK 0.022727
ITER 41 DATA_MINING TOOK 0.104112
ITER 45 DATA_MINING TOOK 0.117059

Total iterations: 45
Mining operations: 3
EXEC_PROGRESS 5/30
ITER 18 DATA_MINING TOOK 0.030909

Total iterations: 36
Mining operations: 1
EXEC_PROGRESS 6/30
ITER 15 DATA_MINING TOOK 0.022432
ITER 28 DATA_MINING TOOK 0.233664

Total iterations: 36
Mining operations: 2
EXEC_PROGRESS 7/30
ITER 19 DATA_MINING TOOK 0.019233
ITER 29 DATA_MINING TOOK 0.053025
ITER 35 DATA_MINING TOOK 0.078053
ITER 41 DATA_MINING TOOK 0.113850

Total iterations: 41
Mining operations: 4
EXEC_PROGRESS 8/30
ITER 20 DATA_MINING TOOK 0.009455
ITER 30 DATA_MINING TOOK 0.019935
ITER 39 DATA_MINING TOOK 0.031929

Total iterations: 43
Mining operations: 3
EXEC_PROGRESS 9/30
ITER 16 DATA_MINING TOOK 0.011313
ITER 25 DATA_MINING TOOK 0.026577
ITER 30 DATA_MINING TOOK 0.049834
ITER 34 DATA_MINING TOOK 0.106907
ITER 37 DATA_MINING TOOK 0.104143
ITER 42 DATA_MINING TOOK 0.131619

Total iterations: 44
Mining operations: 6
EXEC_PROGRESS 10/30
ITER 15 DATA_MINING TOOK 0.026253
ITER 20 DATA_MINING TOOK 0.031330
ITER 34 DATA_MINING TOOK 0.114202
ITER 39 DATA_MINING TOOK 0.182308
ITER 42 DATA_MINING TOOK 0.194307

Total iterations: 50
Mining operations: 5
EXEC_PROGRESS 11/30
ITER 18 DATA_MINING TOOK 0.058639

Total iterations: 29
Mining operations: 1
EXEC_PROGRESS 12/30
ITER 22 DATA_MINING TOOK 0.023015
ITER 31 DATA_MINING TOOK 0.083337
ITER 38 DATA_MINING TOOK 0.067215

Total iterations: 41
Mining operations: 3
EXEC_PROGRESS 13/30
ITER 14 DATA_MINING TOOK 0.005053
ITER 38 DATA_MINING TOOK 0.257756

Total iterations: 45
Mining operations: 2
EXEC_PROGRESS 14/30
ITER 14 DATA_MINING TOOK 0.016626
ITER 30 DATA_MINING TOOK 0.024125
ITER 41 DATA_MINING TOOK 0.093678

Total iterations: 49
Mining operations: 3
EXEC_PROGRESS 15/30
ITER 15 DATA_MINING TOOK 0.016012
ITER 44 DATA_MINING TOOK 0.114406

Total iterations: 47
Mining operations: 2
EXEC_PROGRESS 16/30
ITER 25 DATA_MINING TOOK 0.016884
ITER 35 DATA_MINING TOOK 0.111640

Total iterations: 37
Mining operations: 2
EXEC_PROGRESS 17/30
ITER 23 DATA_MINING TOOK 0.021033
ITER 27 DATA_MINING TOOK 0.042191
ITER 41 DATA_MINING TOOK 0.090099

Total iterations: 44
Mining operations: 3
EXEC_PROGRESS 18/30
ITER 29 DATA_MINING TOOK 0.022918
ITER 37 DATA_MINING TOOK 0.059613
ITER 41 DATA_MINING TOOK 0.068517

Total iterations: 44
Mining operations: 3
EXEC_PROGRESS 19/30
ITER 15 DATA_MINING TOOK 0.015929
ITER 30 DATA_MINING TOOK 0.146751
ITER 37 DATA_MINING TOOK 0.216241
ITER 41 DATA_MINING TOOK 0.227933

Total iterations: 43
Mining operations: 4
EXEC_PROGRESS 20/30
ITER 22 DATA_MINING TOOK 0.012253
ITER 36 DATA_MINING TOOK 0.059773
ITER 53 DATA_MINING TOOK 0.079240

Total iterations: 55
Mining operations: 3
EXEC_PROGRESS 21/30
ITER 18 DATA_MINING TOOK 0.025428
ITER 40 DATA_MINING TOOK 0.147446

Total iterations: 43
Mining operations: 2
EXEC_PROGRESS 22/30
ITER 40 DATA_MINING TOOK 0.021117

Total iterations: 47
Mining operations: 1
EXEC_PROGRESS 23/30
ITER 31 DATA_MINING TOOK 0.029616
ITER 38 DATA_MINING TOOK 0.075727
ITER 45 DATA_MINING TOOK 0.130807

Total iterations: 49
Mining operations: 3
EXEC_PROGRESS 24/30
ITER 20 DATA_MINING TOOK 0.015612
ITER 44 DATA_MINING TOOK 0.055493
ITER 49 DATA_MINING TOOK 0.068034

Total iterations: 49
Mining operations: 3
EXEC_PROGRESS 25/30
ITER 17 DATA_MINING TOOK 0.022791
ITER 32 DATA_MINING TOOK 0.077991
ITER 45 DATA_MINING TOOK 0.320600

Total iterations: 52
Mining operations: 3
EXEC_PROGRESS 26/30
ITER 40 DATA_MINING TOOK 0.039827
ITER 46 DATA_MINING TOOK 0.064870

Total iterations: 47
Mining operations: 2
EXEC_PROGRESS 27/30
ITER 27 DATA_MINING TOOK 0.034290
ITER 48 DATA_MINING TOOK 0.145054

Total iterations: 49
Mining operations: 2
EXEC_PROGRESS 28/30
ITER 26 DATA_MINING TOOK 0.014536
ITER 32 DATA_MINING TOOK 0.039111
ITER 42 DATA_MINING TOOK 0.065596
ITER 48 DATA_MINING TOOK 0.074866

Total iterations: 49
Mining operations: 4
EXEC_PROGRESS 29/30
ITER 47 DATA_MINING TOOK 0.017243

Total iterations: 48
Mining operations: 1
EXEC_PROGRESS 30/30
ITER 26 DATA_MINING TOOK 0.020530
ITER 37 DATA_MINING TOOK 0.067321

Total iterations: 47
Mining operations: 2

Execution Summary:
  Instance: instances/MDG-a/MDG-a_28_n2000_m200.txt
  Matrix Size (N): 2000
  Solution Size (M): 200
  Number of Executions: 30
  ------------------------------------
  Average Solution: 113566.800000
  Best Solution Benefit: 113835.000000
  Average Time per Execution: 20.000000 sec
  Best Solution Time: 20.000000 sec
  BKS: 114327.000000
  Distance to BKS: 492.000000
  Percentage Distance to BKS: 0.43%
  Average Percentage Distance to BKS: 0.66%

  Details per Execution:
    Exec 1: Solution=113531.000000, Time=20.000000 sec, Dist BKS=0.70%
    Exec 2: Solution=113649.000000, Time=20.000000 sec, Dist BKS=0.59%
    Exec 3: Solution=113620.000000, Time=20.000000 sec, Dist BKS=0.62%
    Exec 4: Solution=113579.000000, Time=20.000000 sec, Dist BKS=0.65%
    Exec 5: Solution=113444.000000, Time=20.000000 sec, Dist BKS=0.77%
    Exec 6: Solution=113756.000000, Time=20.000000 sec, Dist BKS=0.50%
    Exec 7: Solution=113646.000000, Time=20.000000 sec, Dist BKS=0.60%
    Exec 8: Solution=113621.000000, Time=20.000000 sec, Dist BKS=0.62%
    Exec 9: Solution=113742.000000, Time=20.000000 sec, Dist BKS=0.51%
    Exec 10: Solution=113771.000000, Time=20.000000 sec, Dist BKS=0.49%
    Exec 11: Solution=113283.000000, Time=20.000000 sec, Dist BKS=0.91%
    Exec 12: Solution=113519.000000, Time=20.000000 sec, Dist BKS=0.71%
    Exec 13: Solution=113835.000000, Time=20.000000 sec, Dist BKS=0.43%
    Exec 14: Solution=113590.000000, Time=20.000000 sec, Dist BKS=0.64%
    Exec 15: Solution=113385.000000, Time=20.000000 sec, Dist BKS=0.82%
    Exec 16: Solution=113401.000000, Time=20.000000 sec, Dist BKS=0.81%
    Exec 17: Solution=113480.000000, Time=20.000000 sec, Dist BKS=0.74%
    Exec 18: Solution=113506.000000, Time=20.000000 sec, Dist BKS=0.72%
    Exec 19: Solution=113648.000000, Time=20.000000 sec, Dist BKS=0.59%
    Exec 20: Solution=113556.000000, Time=20.000000 sec, Dist BKS=0.67%
    Exec 21: Solution=113581.000000, Time=20.000000 sec, Dist BKS=0.65%
    Exec 22: Solution=113425.000000, Time=20.000000 sec, Dist BKS=0.79%
    Exec 23: Solution=113684.000000, Time=20.000000 sec, Dist BKS=0.56%
    Exec 24: Solution=113517.000000, Time=20.000000 sec, Dist BKS=0.71%
    Exec 25: Solution=113617.000000, Time=20.000000 sec, Dist BKS=0.62%
    Exec 26: Solution=113461.000000, Time=20.000000 sec, Dist BKS=0.76%
    Exec 27: Solution=113599.000000, Time=20.000000 sec, Dist BKS=0.64%
    Exec 28: Solution=113582.000000, Time=20.000000 sec, Dist BKS=0.65%
    Exec 29: Solution=113446.000000, Time=20.000000 sec, Dist BKS=0.77%
    Exec 30: Solution=113530.000000, Time=20.000000 sec, Dist BKS=0.70%
