START SOLUTION
	Parameters used:
	instance = instances/MDG-a/MDG-a_32_n2000_m200.txt
	solution_Size = 200
	meta_Heuristic = mdm-grasp

EXEC_PROGRESS 1/30
ITER 18 DATA_MINING TOOK 0.024566
ITER 37 DATA_MINING TOOK 0.069029

Total iterations: 56
Mining operations: 2
EXEC_PROGRESS 2/30
ITER 17 DATA_MINING TOOK 0.013812
ITER 35 DATA_MINING TOOK 0.065514
ITER 42 DATA_MINING TOOK 0.077203

Total iterations: 55
Mining operations: 3
EXEC_PROGRESS 3/30
ITER 18 DATA_MINING TOOK 0.008002
ITER 27 DATA_MINING TOOK 0.032472
ITER 37 DATA_MINING TOOK 0.030539
ITER 52 DATA_MINING TOOK 0.087198

Total iterations: 53
Mining operations: 4
EXEC_PROGRESS 4/30
ITER 17 DATA_MINING TOOK 0.045204
ITER 27 DATA_MINING TOOK 0.083641
ITER 40 DATA_MINING TOOK 0.285385

Total iterations: 48
Mining operations: 3
EXEC_PROGRESS 5/30
ITER 28 DATA_MINING TOOK 0.022251
ITER 36 DATA_MINING TOOK 0.040697

Total iterations: 41
Mining operations: 2
EXEC_PROGRESS 6/30
ITER 31 DATA_MINING TOOK 0.015587

Total iterations: 50
Mining operations: 1
EXEC_PROGRESS 7/30
ITER 16 DATA_MINING TOOK 0.018506
ITER 43 DATA_MINING TOOK 0.057530
ITER 48 DATA_MINING TOOK 0.069360

Total iterations: 51
Mining operations: 3
EXEC_PROGRESS 8/30
ITER 30 DATA_MINING TOOK 0.033052
ITER 39 DATA_MINING TOOK 0.093468
ITER 48 DATA_MINING TOOK 0.215597

Total iterations: 50
Mining operations: 3
EXEC_PROGRESS 9/30
ITER 28 DATA_MINING TOOK 0.017482
ITER 38 DATA_MINING TOOK 0.040149
ITER 44 DATA_MINING TOOK 0.075211

Total iterations: 53
Mining operations: 3
EXEC_PROGRESS 10/30
ITER 23 DATA_MINING TOOK 0.030966
ITER 43 DATA_MINING TOOK 0.103177

Total iterations: 55
Mining operations: 2
EXEC_PROGRESS 11/30
ITER 21 DATA_MINING TOOK 0.012457
ITER 29 DATA_MINING TOOK 0.021001

Total iterations: 52
Mining operations: 2
EXEC_PROGRESS 12/30
ITER 27 DATA_MINING TOOK 0.014202
ITER 36 DATA_MINING TOOK 0.040883

Total iterations: 51
Mining operations: 2
EXEC_PROGRESS 13/30
ITER 17 DATA_MINING TOOK 0.019294
ITER 22 DATA_MINING TOOK 0.023174
ITER 37 DATA_MINING TOOK 0.092834
ITER 49 DATA_MINING TOOK 0.531945

Total iterations: 51
Mining operations: 4
EXEC_PROGRESS 14/30
ITER 22 DATA_MINING TOOK 0.034487
ITER 33 DATA_MINING TOOK 0.087781
ITER 37 DATA_MINING TOOK 0.130840
ITER 50 DATA_MINING TOOK 1.187606

Total iterations: 51
Mining operations: 4
EXEC_PROGRESS 15/30
ITER 35 DATA_MINING TOOK 0.017782

Total iterations: 51
Mining operations: 1
EXEC_PROGRESS 16/30
ITER 16 DATA_MINING TOOK 0.029349
ITER 40 DATA_MINING TOOK 0.096104

Total iterations: 51
Mining operations: 2
EXEC_PROGRESS 17/30
ITER 24 DATA_MINING TOOK 0.044855
ITER 44 DATA_MINING TOOK 0.114934

Total iterations: 45
Mining operations: 2
EXEC_PROGRESS 18/30
ITER 23 DATA_MINING TOOK 0.026482
ITER 30 DATA_MINING TOOK 0.034118
ITER 46 DATA_MINING TOOK 0.279137

Total iterations: 47
Mining operations: 3
EXEC_PROGRESS 19/30
ITER 35 DATA_MINING TOOK 0.016027
ITER 43 DATA_MINING TOOK 0.031086

Total iterations: 50
Mining operations: 2
EXEC_PROGRESS 20/30
ITER 19 DATA_MINING TOOK 0.013130
ITER 32 DATA_MINING TOOK 0.031959
ITER 41 DATA_MINING TOOK 0.024520

Total iterations: 48
Mining operations: 3
EXEC_PROGRESS 21/30
ITER 16 DATA_MINING TOOK 0.023039
ITER 29 DATA_MINING TOOK 0.105004

Total iterations: 45
Mining operations: 2
EXEC_PROGRESS 22/30
ITER 28 DATA_MINING TOOK 0.027165

Total iterations: 48
Mining operations: 1
EXEC_PROGRESS 23/30
ITER 19 DATA_MINING TOOK 0.014542
ITER 26 DATA_MINING TOOK 0.020298
ITER 37 DATA_MINING TOOK 0.038007

Total iterations: 44
Mining operations: 3
EXEC_PROGRESS 24/30
ITER 30 DATA_MINING TOOK 0.024136

Total iterations: 42
Mining operations: 1
EXEC_PROGRESS 25/30
ITER 31 DATA_MINING TOOK 0.013783
ITER 47 DATA_MINING TOOK 0.198515

Total iterations: 47
Mining operations: 2
EXEC_PROGRESS 26/30
ITER 17 DATA_MINING TOOK 0.014919
ITER 38 DATA_MINING TOOK 0.102066
ITER 49 DATA_MINING TOOK 0.233704

Total iterations: 50
Mining operations: 3
EXEC_PROGRESS 27/30
ITER 28 DATA_MINING TOOK 0.075834
ITER 31 DATA_MINING TOOK 0.038146
ITER 45 DATA_MINING TOOK 0.074658

Total iterations: 49
Mining operations: 3
EXEC_PROGRESS 28/30
ITER 20 DATA_MINING TOOK 0.017213
ITER 42 DATA_MINING TOOK 0.061073

Total iterations: 50
Mining operations: 2
EXEC_PROGRESS 29/30
ITER 22 DATA_MINING TOOK 0.010570
ITER 33 DATA_MINING TOOK 0.047636
ITER 45 DATA_MINING TOOK 0.079539

Total iterations: 48
Mining operations: 3
EXEC_PROGRESS 30/30
ITER 20 DATA_MINING TOOK 0.007103
ITER 42 DATA_MINING TOOK 0.071047
ITER 48 DATA_MINING TOOK 0.077549

Total iterations: 52
Mining operations: 3

Execution Summary:
  Instance: instances/MDG-a/MDG-a_32_n2000_m200.txt
  Matrix Size (N): 2000
  Solution Size (M): 200
  Number of Executions: 30
  ------------------------------------
  Average Solution: 113560.066667
  Best Solution Benefit: 113727.000000
  Average Time per Execution: 20.000000 sec
  Best Solution Time: 20.000000 sec
  BKS: 114214.000000
  Distance to BKS: 487.000000
  Percentage Distance to BKS: 0.43%
  Average Percentage Distance to BKS: 0.57%

  Details per Execution:
    Exec 1: Solution=113505.000000, Time=20.000000 sec, Dist BKS=0.62%
    Exec 2: Solution=113638.000000, Time=20.000000 sec, Dist BKS=0.50%
    Exec 3: Solution=113397.000000, Time=20.000000 sec, Dist BKS=0.72%
    Exec 4: Solution=113554.000000, Time=20.000000 sec, Dist BKS=0.58%
    Exec 5: Solution=113413.000000, Time=20.000000 sec, Dist BKS=0.70%
    Exec 6: Solution=113520.000000, Time=20.000000 sec, Dist BKS=0.61%
    Exec 7: Solution=113472.000000, Time=20.000000 sec, Dist BKS=0.65%
    Exec 8: Solution=113682.000000, Time=20.000000 sec, Dist BKS=0.47%
    Exec 9: Solution=113692.000000, Time=20.000000 sec, Dist BKS=0.46%
    Exec 10: Solution=113563.000000, Time=20.000000 sec, Dist BKS=0.57%
    Exec 11: Solution=113543.000000, Time=20.000000 sec, Dist BKS=0.59%
    Exec 12: Solution=113460.000000, Time=20.000000 sec, Dist BKS=0.66%
    Exec 13: Solution=113727.000000, Time=20.000000 sec, Dist BKS=0.43%
    Exec 14: Solution=113725.000000, Time=20.000000 sec, Dist BKS=0.43%
    Exec 15: Solution=113670.000000, Time=20.000000 sec, Dist BKS=0.48%
    Exec 16: Solution=113485.000000, Time=20.000000 sec, Dist BKS=0.64%
    Exec 17: Solution=113523.000000, Time=20.000000 sec, Dist BKS=0.61%
    Exec 18: Solution=113530.000000, Time=20.000000 sec, Dist BKS=0.60%
    Exec 19: Solution=113493.000000, Time=20.000000 sec, Dist BKS=0.63%
    Exec 20: Solution=113504.000000, Time=20.000000 sec, Dist BKS=0.62%
    Exec 21: Solution=113590.000000, Time=20.000000 sec, Dist BKS=0.55%
    Exec 22: Solution=113648.000000, Time=20.000000 sec, Dist BKS=0.50%
    Exec 23: Solution=113378.000000, Time=20.000000 sec, Dist BKS=0.73%
    Exec 24: Solution=113355.000000, Time=20.000000 sec, Dist BKS=0.75%
    Exec 25: Solution=113576.000000, Time=20.000000 sec, Dist BKS=0.56%
    Exec 26: Solution=113609.000000, Time=20.000000 sec, Dist BKS=0.53%
    Exec 27: Solution=113723.000000, Time=20.000000 sec, Dist BKS=0.43%
    Exec 28: Solution=113644.000000, Time=20.000000 sec, Dist BKS=0.50%
    Exec 29: Solution=113534.000000, Time=20.000000 sec, Dist BKS=0.60%
    Exec 30: Solution=113649.000000, Time=20.000000 sec, Dist BKS=0.49%
