START SOLUTION
	Parameters used:
	instance = instances/MDG-a/MDG-a_21_n2000_m200.txt
	solution_Size = 200
	meta_Heuristic = mdm-grasp

EXEC_PROGRESS 1/30
ITER 36 DATA_MINING TOOK 0.047942
ITER 43 DATA_MINING TOOK 0.091301

Total iterations: 53
Mining operations: 2
EXEC_PROGRESS 2/30
ITER 17 DATA_MINING TOOK 0.014141
ITER 45 DATA_MINING TOOK 0.051313

Total iterations: 57
Mining operations: 2
EXEC_PROGRESS 3/30
ITER 36 DATA_MINING TOOK 0.023650
ITER 52 DATA_MINING TOOK 0.256383

Total iterations: 67
Mining operations: 2
EXEC_PROGRESS 4/30
ITER 14 DATA_MINING TOOK 0.034350
ITER 51 DATA_MINING TOOK 0.102888
ITER 63 DATA_MINING TOOK 0.105157

Total iterations: 69
Mining operations: 3
EXEC_PROGRESS 5/30
ITER 22 DATA_MINING TOOK 0.041519
ITER 30 DATA_MINING TOOK 0.248352
ITER 61 DATA_MINING TOOK 1.542218

Total iterations: 69
Mining operations: 3
EXEC_PROGRESS 6/30
ITER 36 DATA_MINING TOOK 0.012758
ITER 60 DATA_MINING TOOK 0.055969

Total iterations: 71
Mining operations: 2
EXEC_PROGRESS 7/30
ITER 50 DATA_MINING TOOK 0.057050
ITER 67 DATA_MINING TOOK 0.301789

Total iterations: 79
Mining operations: 2
EXEC_PROGRESS 8/30
ITER 43 DATA_MINING TOOK 0.027442
ITER 68 DATA_MINING TOOK 0.076927
ITER 73 DATA_MINING TOOK 0.069175

Total iterations: 76
Mining operations: 3
EXEC_PROGRESS 9/30
ITER 22 DATA_MINING TOOK 0.018667
ITER 52 DATA_MINING TOOK 0.171632
ITER 68 DATA_MINING TOOK 0.218014

Total iterations: 71
Mining operations: 3
EXEC_PROGRESS 10/30
ITER 17 DATA_MINING TOOK 0.028270
ITER 42 DATA_MINING TOOK 0.193576

Total iterations: 57
Mining operations: 2
EXEC_PROGRESS 11/30
ITER 24 DATA_MINING TOOK 0.015296
ITER 60 DATA_MINING TOOK 0.321564

Total iterations: 76
Mining operations: 2
EXEC_PROGRESS 12/30
ITER 35 DATA_MINING TOOK 0.006732
ITER 61 DATA_MINING TOOK 0.170539

Total iterations: 68
Mining operations: 2
EXEC_PROGRESS 13/30
ITER 23 DATA_MINING TOOK 0.032807
ITER 57 DATA_MINING TOOK 0.211956
ITER 79 DATA_MINING TOOK 0.278554

Total iterations: 82
Mining operations: 3
EXEC_PROGRESS 14/30
ITER 40 DATA_MINING TOOK 0.018512
ITER 64 DATA_MINING TOOK 0.126395
ITER 69 DATA_MINING TOOK 0.085116

Total iterations: 75
Mining operations: 3
EXEC_PROGRESS 15/30
ITER 24 DATA_MINING TOOK 0.030384
ITER 56 DATA_MINING TOOK 0.058407

Total iterations: 87
Mining operations: 2
EXEC_PROGRESS 16/30
ITER 32 DATA_MINING TOOK 0.015832
ITER 53 DATA_MINING TOOK 0.073206
ITER 76 DATA_MINING TOOK 0.843100

Total iterations: 80
Mining operations: 3
EXEC_PROGRESS 17/30
ITER 24 DATA_MINING TOOK 0.048191
ITER 51 DATA_MINING TOOK 0.157910
ITER 76 DATA_MINING TOOK 1.022453

Total iterations: 76
Mining operations: 3
EXEC_PROGRESS 18/30
ITER 24 DATA_MINING TOOK 0.017868
ITER 39 DATA_MINING TOOK 0.025979
ITER 52 DATA_MINING TOOK 0.168758

Total iterations: 57
Mining operations: 3
EXEC_PROGRESS 19/30
ITER 49 DATA_MINING TOOK 0.083189
ITER 58 DATA_MINING TOOK 0.098423
ITER 71 DATA_MINING TOOK 0.689815

Total iterations: 72
Mining operations: 3
EXEC_PROGRESS 20/30
ITER 24 DATA_MINING TOOK 0.023165
ITER 48 DATA_MINING TOOK 0.113726
ITER 65 DATA_MINING TOOK 0.450492

Total iterations: 72
Mining operations: 3
EXEC_PROGRESS 21/30
ITER 22 DATA_MINING TOOK 0.012097
ITER 53 DATA_MINING TOOK 0.067870
ITER 79 DATA_MINING TOOK 0.477542

Total iterations: 80
Mining operations: 3
EXEC_PROGRESS 22/30
ITER 23 DATA_MINING TOOK 0.027222
ITER 54 DATA_MINING TOOK 0.117311

Total iterations: 65
Mining operations: 2
EXEC_PROGRESS 23/30
ITER 24 DATA_MINING TOOK 0.025199
ITER 54 DATA_MINING TOOK 0.114330
ITER 76 DATA_MINING TOOK 0.610107

Total iterations: 80
Mining operations: 3
EXEC_PROGRESS 24/30
ITER 30 DATA_MINING TOOK 0.024225

Total iterations: 77
Mining operations: 1
EXEC_PROGRESS 25/30
ITER 18 DATA_MINING TOOK 0.016654
ITER 33 DATA_MINING TOOK 0.023983
ITER 52 DATA_MINING TOOK 0.034290
ITER 82 DATA_MINING TOOK 0.889039

Total iterations: 83
Mining operations: 4
EXEC_PROGRESS 26/30
ITER 28 DATA_MINING TOOK 0.014030
ITER 59 DATA_MINING TOOK 0.070073
ITER 72 DATA_MINING TOOK 0.262327

Total iterations: 86
Mining operations: 3
EXEC_PROGRESS 27/30
ITER 26 DATA_MINING TOOK 0.011638
ITER 56 DATA_MINING TOOK 0.173797

Total iterations: 85
Mining operations: 2
EXEC_PROGRESS 28/30
ITER 15 DATA_MINING TOOK 0.019208
ITER 54 DATA_MINING TOOK 0.121461
ITER 70 DATA_MINING TOOK 0.199915
ITER 89 DATA_MINING TOOK 0.430710

Total iterations: 89
Mining operations: 4
EXEC_PROGRESS 29/30
ITER 37 DATA_MINING TOOK 0.035167

Total iterations: 81
Mining operations: 1
EXEC_PROGRESS 30/30
ITER 43 DATA_MINING TOOK 0.017497
ITER 90 DATA_MINING TOOK 0.121145

Total iterations: 97
Mining operations: 2

Execution Summary:
  Instance: instances/MDG-a/MDG-a_21_n2000_m200.txt
  Matrix Size (N): 2000
  Solution Size (M): 200
  Number of Executions: 30
  ------------------------------------
  Average Solution: 113750.133333
  Best Solution Benefit: 113965.000000
  Average Time per Execution: 20.000000 sec
  Best Solution Time: 20.000000 sec
  BKS: 114271.000000
  Distance to BKS: 306.000000
  Percentage Distance to BKS: 0.27%
  Average Percentage Distance to BKS: 0.46%

  Details per Execution:
    Exec 1: Solution=113671.000000, Time=20.000000 sec, Dist BKS=0.53%
    Exec 2: Solution=113727.000000, Time=20.000000 sec, Dist BKS=0.48%
    Exec 3: Solution=113835.000000, Time=20.000000 sec, Dist BKS=0.38%
    Exec 4: Solution=113607.000000, Time=20.000000 sec, Dist BKS=0.58%
    Exec 5: Solution=113871.000000, Time=20.000000 sec, Dist BKS=0.35%
    Exec 6: Solution=113594.000000, Time=20.000000 sec, Dist BKS=0.59%
    Exec 7: Solution=113894.000000, Time=20.000000 sec, Dist BKS=0.33%
    Exec 8: Solution=113539.000000, Time=20.000000 sec, Dist BKS=0.64%
    Exec 9: Solution=113591.000000, Time=20.000000 sec, Dist BKS=0.60%
    Exec 10: Solution=113806.000000, Time=20.000000 sec, Dist BKS=0.41%
    Exec 11: Solution=113910.000000, Time=20.000000 sec, Dist BKS=0.32%
    Exec 12: Solution=113679.000000, Time=20.000000 sec, Dist BKS=0.52%
    Exec 13: Solution=113946.000000, Time=20.000000 sec, Dist BKS=0.28%
    Exec 14: Solution=113664.000000, Time=20.000000 sec, Dist BKS=0.53%
    Exec 15: Solution=113760.000000, Time=20.000000 sec, Dist BKS=0.45%
    Exec 16: Solution=113965.000000, Time=20.000000 sec, Dist BKS=0.27%
    Exec 17: Solution=113723.000000, Time=20.000000 sec, Dist BKS=0.48%
    Exec 18: Solution=113676.000000, Time=20.000000 sec, Dist BKS=0.52%
    Exec 19: Solution=113741.000000, Time=20.000000 sec, Dist BKS=0.46%
    Exec 20: Solution=113942.000000, Time=20.000000 sec, Dist BKS=0.29%
    Exec 21: Solution=113805.000000, Time=20.000000 sec, Dist BKS=0.41%
    Exec 22: Solution=113656.000000, Time=20.000000 sec, Dist BKS=0.54%
    Exec 23: Solution=113754.000000, Time=20.000000 sec, Dist BKS=0.45%
    Exec 24: Solution=113660.000000, Time=20.000000 sec, Dist BKS=0.53%
    Exec 25: Solution=113942.000000, Time=20.000000 sec, Dist BKS=0.29%
    Exec 26: Solution=113628.000000, Time=20.000000 sec, Dist BKS=0.56%
    Exec 27: Solution=113823.000000, Time=20.000000 sec, Dist BKS=0.39%
    Exec 28: Solution=113706.000000, Time=20.000000 sec, Dist BKS=0.49%
    Exec 29: Solution=113701.000000, Time=20.000000 sec, Dist BKS=0.50%
    Exec 30: Solution=113688.000000, Time=20.000000 sec, Dist BKS=0.51%
