START SOLUTION
	Parameters used:
	instance = instances/MDG-a/MDG-a_22_n2000_m200.txt
	solution_Size = 200
	meta_Heuristic = mdm-grasp

EXEC_PROGRESS 1/30
ITER 23 DATA_MINING TOOK 0.021897
ITER 38 DATA_MINING TOOK 0.066780

Total iterations: 49
Mining operations: 2
EXEC_PROGRESS 2/30
ITER 15 DATA_MINING TOOK 0.024877
ITER 42 DATA_MINING TOOK 0.184819

Total iterations: 51
Mining operations: 2
EXEC_PROGRESS 3/30
ITER 20 DATA_MINING TOOK 0.026536
ITER 35 DATA_MINING TOOK 0.194086

Total iterations: 39
Mining operations: 2
EXEC_PROGRESS 4/30
ITER 21 DATA_MINING TOOK 0.040107

Total iterations: 45
Mining operations: 1
EXEC_PROGRESS 5/30
ITER 15 DATA_MINING TOOK 0.010303
ITER 36 DATA_MINING TOOK 0.200685

Total iterations: 46
Mining operations: 2
EXEC_PROGRESS 6/30
ITER 39 DATA_MINING TOOK 0.029251
ITER 50 DATA_MINING TOOK 0.052199

Total iterations: 52
Mining operations: 2
EXEC_PROGRESS 7/30
ITER 24 DATA_MINING TOOK 0.044398
ITER 33 DATA_MINING TOOK 0.312829

Total iterations: 41
Mining operations: 2
EXEC_PROGRESS 8/30
ITER 35 DATA_MINING TOOK 0.023740

Total iterations: 45
Mining operations: 1
EXEC_PROGRESS 9/30
ITER 21 DATA_MINING TOOK 0.025648
ITER 37 DATA_MINING TOOK 0.131841

Total iterations: 56
Mining operations: 2
EXEC_PROGRESS 10/30
ITER 23 DATA_MINING TOOK 0.031277
ITER 37 DATA_MINING TOOK 0.039708
ITER 51 DATA_MINING TOOK 0.185165

Total iterations: 51
Mining operations: 3
EXEC_PROGRESS 11/30
ITER 17 DATA_MINING TOOK 0.023684
ITER 31 DATA_MINING TOOK 0.126178
ITER 41 DATA_MINING TOOK 0.636749

Total iterations: 52
Mining operations: 3
EXEC_PROGRESS 12/30
ITER 29 DATA_MINING TOOK 0.030071
ITER 50 DATA_MINING TOOK 0.226951

Total iterations: 54
Mining operations: 2
EXEC_PROGRESS 13/30
ITER 24 DATA_MINING TOOK 0.032602
ITER 56 DATA_MINING TOOK 0.319331

Total iterations: 57
Mining operations: 2
EXEC_PROGRESS 14/30
ITER 19 DATA_MINING TOOK 0.025733
ITER 25 DATA_MINING TOOK 0.035187
ITER 34 DATA_MINING TOOK 0.049436
ITER 40 DATA_MINING TOOK 0.134869

Total iterations: 56
Mining operations: 4
EXEC_PROGRESS 15/30
ITER 23 DATA_MINING TOOK 0.019116
ITER 30 DATA_MINING TOOK 0.027827
ITER 36 DATA_MINING TOOK 0.044669
ITER 44 DATA_MINING TOOK 0.063569

Total iterations: 47
Mining operations: 4
EXEC_PROGRESS 16/30
ITER 33 DATA_MINING TOOK 0.024533
ITER 57 DATA_MINING TOOK 0.258538

Total iterations: 57
Mining operations: 2
EXEC_PROGRESS 17/30
ITER 18 DATA_MINING TOOK 0.031738
ITER 44 DATA_MINING TOOK 0.459831

Total iterations: 45
Mining operations: 2
EXEC_PROGRESS 18/30
ITER 28 DATA_MINING TOOK 0.041188
ITER 42 DATA_MINING TOOK 0.084740
ITER 46 DATA_MINING TOOK 0.100499

Total iterations: 49
Mining operations: 3
EXEC_PROGRESS 19/30
ITER 16 DATA_MINING TOOK 0.028384
ITER 28 DATA_MINING TOOK 0.167411
ITER 48 DATA_MINING TOOK 0.812464

Total iterations: 49
Mining operations: 3
EXEC_PROGRESS 20/30
ITER 27 DATA_MINING TOOK 0.023647
ITER 40 DATA_MINING TOOK 0.161456
ITER 44 DATA_MINING TOOK 0.349867

Total iterations: 45
Mining operations: 3
EXEC_PROGRESS 21/30
ITER 23 DATA_MINING TOOK 0.021145

Total iterations: 43
Mining operations: 1
EXEC_PROGRESS 22/30
ITER 26 DATA_MINING TOOK 0.008365

Total iterations: 36
Mining operations: 1
EXEC_PROGRESS 23/30
ITER 20 DATA_MINING TOOK 0.036478
ITER 37 DATA_MINING TOOK 0.217703
ITER 50 DATA_MINING TOOK 1.560270

Total iterations: 51
Mining operations: 3
EXEC_PROGRESS 24/30
ITER 27 DATA_MINING TOOK 0.012111
ITER 33 DATA_MINING TOOK 0.043229
ITER 43 DATA_MINING TOOK 0.215109

Total iterations: 48
Mining operations: 3
EXEC_PROGRESS 25/30
ITER 21 DATA_MINING TOOK 0.041012
ITER 38 DATA_MINING TOOK 0.148089

Total iterations: 49
Mining operations: 2
EXEC_PROGRESS 26/30
ITER 15 DATA_MINING TOOK 0.033202
ITER 30 DATA_MINING TOOK 0.107861

Total iterations: 36
Mining operations: 2
EXEC_PROGRESS 27/30
ITER 18 DATA_MINING TOOK 0.026671
ITER 34 DATA_MINING TOOK 0.100308

Total iterations: 37
Mining operations: 2
EXEC_PROGRESS 28/30
ITER 14 DATA_MINING TOOK 0.014565
ITER 24 DATA_MINING TOOK 0.037454
ITER 33 DATA_MINING TOOK 0.080520
ITER 37 DATA_MINING TOOK 0.147904

Total iterations: 37
Mining operations: 4
EXEC_PROGRESS 29/30
ITER 17 DATA_MINING TOOK 0.018164
ITER 29 DATA_MINING TOOK 0.051964
ITER 38 DATA_MINING TOOK 0.069218

Total iterations: 38
Mining operations: 3
EXEC_PROGRESS 30/30
ITER 20 DATA_MINING TOOK 0.024362
ITER 35 DATA_MINING TOOK 0.105161

Total iterations: 38
Mining operations: 2

Execution Summary:
  Instance: instances/MDG-a/MDG-a_22_n2000_m200.txt
  Matrix Size (N): 2000
  Solution Size (M): 200
  Number of Executions: 30
  ------------------------------------
  Average Solution: 113647.900000
  Best Solution Benefit: 113873.000000
  Average Time per Execution: 20.000000 sec
  Best Solution Time: 20.000000 sec
  BKS: 114327.000000
  Distance to BKS: 454.000000
  Percentage Distance to BKS: 0.40%
  Average Percentage Distance to BKS: 0.59%

  Details per Execution:
    Exec 1: Solution=113726.000000, Time=20.000000 sec, Dist BKS=0.53%
    Exec 2: Solution=113752.000000, Time=20.000000 sec, Dist BKS=0.50%
    Exec 3: Solution=113554.000000, Time=20.000000 sec, Dist BKS=0.68%
    Exec 4: Solution=113735.000000, Time=20.000000 sec, Dist BKS=0.52%
    Exec 5: Solution=113472.000000, Time=20.000000 sec, Dist BKS=0.75%
    Exec 6: Solution=113660.000000, Time=20.000000 sec, Dist BKS=0.58%
    Exec 7: Solution=113632.000000, Time=20.000000 sec, Dist BKS=0.61%
    Exec 8: Solution=113498.000000, Time=20.000000 sec, Dist BKS=0.73%
    Exec 9: Solution=113728.000000, Time=20.000000 sec, Dist BKS=0.52%
    Exec 10: Solution=113755.000000, Time=20.000000 sec, Dist BKS=0.50%
    Exec 11: Solution=113737.000000, Time=20.000000 sec, Dist BKS=0.52%
    Exec 12: Solution=113716.000000, Time=20.000000 sec, Dist BKS=0.53%
    Exec 13: Solution=113593.000000, Time=20.000000 sec, Dist BKS=0.64%
    Exec 14: Solution=113682.000000, Time=20.000000 sec, Dist BKS=0.56%
    Exec 15: Solution=113434.000000, Time=20.000000 sec, Dist BKS=0.78%
    Exec 16: Solution=113577.000000, Time=20.000000 sec, Dist BKS=0.66%
    Exec 17: Solution=113830.000000, Time=20.000000 sec, Dist BKS=0.43%
    Exec 18: Solution=113662.000000, Time=20.000000 sec, Dist BKS=0.58%
    Exec 19: Solution=113730.000000, Time=20.000000 sec, Dist BKS=0.52%
    Exec 20: Solution=113531.000000, Time=20.000000 sec, Dist BKS=0.70%
    Exec 21: Solution=113564.000000, Time=20.000000 sec, Dist BKS=0.67%
    Exec 22: Solution=113818.000000, Time=20.000000 sec, Dist BKS=0.45%
    Exec 23: Solution=113748.000000, Time=20.000000 sec, Dist BKS=0.51%
    Exec 24: Solution=113555.000000, Time=20.000000 sec, Dist BKS=0.68%
    Exec 25: Solution=113873.000000, Time=20.000000 sec, Dist BKS=0.40%
    Exec 26: Solution=113528.000000, Time=20.000000 sec, Dist BKS=0.70%
    Exec 27: Solution=113675.000000, Time=20.000000 sec, Dist BKS=0.57%
    Exec 28: Solution=113564.000000, Time=20.000000 sec, Dist BKS=0.67%
    Exec 29: Solution=113553.000000, Time=20.000000 sec, Dist BKS=0.68%
    Exec 30: Solution=113555.000000, Time=20.000000 sec, Dist BKS=0.68%
