START SOLUTION
	Parameters used:
	instance = instances/MDG-a/MDG-a_23_n2000_m200.txt
	solution_Size = 200
	meta_Heuristic = mdm-grasp

EXEC_PROGRESS 1/30
ITER 21 DATA_MINING TOOK 0.018389
ITER 28 DATA_MINING TOOK 0.024155
ITER 40 DATA_MINING TOOK 0.047025
ITER 49 DATA_MINING TOOK 0.064890

Total iterations: 49
Mining operations: 4
EXEC_PROGRESS 2/30
ITER 23 DATA_MINING TOOK 0.018352
ITER 30 DATA_MINING TOOK 0.047084
ITER 40 DATA_MINING TOOK 0.137979

Total iterations: 47
Mining operations: 3
EXEC_PROGRESS 3/30
ITER 24 DATA_MINING TOOK 0.037335
ITER 40 DATA_MINING TOOK 0.069589

Total iterations: 40
Mining operations: 2
EXEC_PROGRESS 4/30
ITER 26 DATA_MINING TOOK 0.020176

Total iterations: 43
Mining operations: 1
EXEC_PROGRESS 5/30
ITER 22 DATA_MINING TOOK 0.013079
ITER 34 DATA_MINING TOOK 0.049471
ITER 44 DATA_MINING TOOK 0.084806

Total iterations: 45
Mining operations: 3
EXEC_PROGRESS 6/30
ITER 24 DATA_MINING TOOK 0.031132
ITER 37 DATA_MINING TOOK 0.112835
ITER 46 DATA_MINING TOOK 0.145440

Total iterations: 55
Mining operations: 3
EXEC_PROGRESS 7/30
ITER 25 DATA_MINING TOOK 0.042432
ITER 31 DATA_MINING TOOK 0.035880
ITER 37 DATA_MINING TOOK 0.033671

Total iterations: 38
Mining operations: 3
EXEC_PROGRESS 8/30
ITER 17 DATA_MINING TOOK 0.036861
ITER 23 DATA_MINING TOOK 0.059804
ITER 40 DATA_MINING TOOK 0.242912

Total iterations: 46
Mining operations: 3
EXEC_PROGRESS 9/30
ITER 19 DATA_MINING TOOK 0.014248
ITER 38 DATA_MINING TOOK 0.065090

Total iterations: 58
Mining operations: 2
EXEC_PROGRESS 10/30
ITER 22 DATA_MINING TOOK 0.021224
ITER 29 DATA_MINING TOOK 0.040102

Total iterations: 50
Mining operations: 2
EXEC_PROGRESS 11/30
ITER 18 DATA_MINING TOOK 0.016390
ITER 30 DATA_MINING TOOK 0.021980
ITER 39 DATA_MINING TOOK 0.122927
ITER 44 DATA_MINING TOOK 0.141932
ITER 49 DATA_MINING TOOK 0.150787

Total iterations: 51
Mining operations: 5
EXEC_PROGRESS 12/30
ITER 18 DATA_MINING TOOK 0.020730
ITER 32 DATA_MINING TOOK 0.064451
ITER 50 DATA_MINING TOOK 0.289912

Total iterations: 58
Mining operations: 3
EXEC_PROGRESS 13/30
ITER 20 DATA_MINING TOOK 0.026847
ITER 34 DATA_MINING TOOK 0.032704
ITER 52 DATA_MINING TOOK 0.147611

Total iterations: 61
Mining operations: 3
EXEC_PROGRESS 14/30
ITER 40 DATA_MINING TOOK 0.033530
ITER 48 DATA_MINING TOOK 0.018329
ITER 53 DATA_MINING TOOK 0.060244

Total iterations: 54
Mining operations: 3
EXEC_PROGRESS 15/30
ITER 16 DATA_MINING TOOK 0.018544
ITER 33 DATA_MINING TOOK 0.154710
ITER 43 DATA_MINING TOOK 0.188045

Total iterations: 47
Mining operations: 3
EXEC_PROGRESS 16/30
ITER 17 DATA_MINING TOOK 0.021941
ITER 49 DATA_MINING TOOK 0.101623

Total iterations: 57
Mining operations: 2
EXEC_PROGRESS 17/30
ITER 20 DATA_MINING TOOK 0.019131
ITER 32 DATA_MINING TOOK 0.144843

Total iterations: 44
Mining operations: 2
EXEC_PROGRESS 18/30
ITER 30 DATA_MINING TOOK 0.018907
ITER 42 DATA_MINING TOOK 0.122795

Total iterations: 50
Mining operations: 2
EXEC_PROGRESS 19/30
ITER 34 DATA_MINING TOOK 0.051210
ITER 42 DATA_MINING TOOK 0.077325

Total iterations: 44
Mining operations: 2
EXEC_PROGRESS 20/30
ITER 19 DATA_MINING TOOK 0.017344
ITER 29 DATA_MINING TOOK 0.100063
ITER 35 DATA_MINING TOOK 0.148683
ITER 39 DATA_MINING TOOK 0.351634

Total iterations: 45
Mining operations: 4
EXEC_PROGRESS 21/30
ITER 13 DATA_MINING TOOK 0.017501
ITER 29 DATA_MINING TOOK 0.103750
ITER 39 DATA_MINING TOOK 0.235051
ITER 44 DATA_MINING TOOK 0.684335

Total iterations: 44
Mining operations: 4
EXEC_PROGRESS 22/30
ITER 21 DATA_MINING TOOK 0.025510
ITER 36 DATA_MINING TOOK 0.058463

Total iterations: 39
Mining operations: 2
EXEC_PROGRESS 23/30
ITER 22 DATA_MINING TOOK 0.012105
ITER 42 DATA_MINING TOOK 0.031043

Total iterations: 50
Mining operations: 2
EXEC_PROGRESS 24/30
ITER 23 DATA_MINING TOOK 0.028053
ITER 31 DATA_MINING TOOK 0.038532

Total iterations: 48
Mining operations: 2
EXEC_PROGRESS 25/30
ITER 29 DATA_MINING TOOK 0.022877
ITER 41 DATA_MINING TOOK 0.038275
ITER 47 DATA_MINING TOOK 0.052459

Total iterations: 47
Mining operations: 3
EXEC_PROGRESS 26/30
ITER 23 DATA_MINING TOOK 0.017075
ITER 29 DATA_MINING TOOK 0.032946

Total iterations: 35
Mining operations: 2
EXEC_PROGRESS 27/30
ITER 25 DATA_MINING TOOK 0.024805

Total iterations: 35
Mining operations: 1
EXEC_PROGRESS 28/30
ITER 20 DATA_MINING TOOK 0.025613
ITER 30 DATA_MINING TOOK 0.058349
ITER 36 DATA_MINING TOOK 0.086287

Total iterations: 37
Mining operations: 3
EXEC_PROGRESS 29/30
ITER 22 DATA_MINING TOOK 0.032754
ITER 29 DATA_MINING TOOK 0.054793

Total iterations: 36
Mining operations: 2
EXEC_PROGRESS 30/30
ITER 12 DATA_MINING TOOK 0.017976
ITER 26 DATA_MINING TOOK 0.027552
ITER 33 DATA_MINING TOOK 0.033357
ITER 37 DATA_MINING TOOK 0.042233

Total iterations: 37
Mining operations: 4

Execution Summary:
  Instance: instances/MDG-a/MDG-a_23_n2000_m200.txt
  Matrix Size (N): 2000
  Solution Size (M): 200
  Number of Executions: 30
  ------------------------------------
  Average Solution: 113535.333333
  Best Solution Benefit: 113892.000000
  Average Time per Execution: 20.000000 sec
  Best Solution Time: 20.000000 sec
  BKS: 114195.000000
  Distance to BKS: 303.000000
  Percentage Distance to BKS: 0.27%
  Average Percentage Distance to BKS: 0.58%

  Details per Execution:
    Exec 1: Solution=113511.000000, Time=20.000000 sec, Dist BKS=0.60%
    Exec 2: Solution=113543.000000, Time=20.000000 sec, Dist BKS=0.57%
    Exec 3: Solution=113481.000000, Time=20.000000 sec, Dist BKS=0.63%
    Exec 4: Solution=113331.000000, Time=20.000000 sec, Dist BKS=0.76%
    Exec 5: Solution=113372.000000, Time=20.000000 sec, Dist BKS=0.72%
    Exec 6: Solution=113652.000000, Time=20.000000 sec, Dist BKS=0.48%
    Exec 7: Solution=113470.000000, Time=20.000000 sec, Dist BKS=0.63%
    Exec 8: Solution=113566.000000, Time=20.000000 sec, Dist BKS=0.55%
    Exec 9: Solution=113463.000000, Time=20.000000 sec, Dist BKS=0.64%
    Exec 10: Solution=113532.000000, Time=20.000000 sec, Dist BKS=0.58%
    Exec 11: Solution=113605.000000, Time=20.000000 sec, Dist BKS=0.52%
    Exec 12: Solution=113675.000000, Time=20.000000 sec, Dist BKS=0.46%
    Exec 13: Solution=113613.000000, Time=20.000000 sec, Dist BKS=0.51%
    Exec 14: Solution=113542.000000, Time=20.000000 sec, Dist BKS=0.57%
    Exec 15: Solution=113892.000000, Time=20.000000 sec, Dist BKS=0.27%
    Exec 16: Solution=113548.000000, Time=20.000000 sec, Dist BKS=0.57%
    Exec 17: Solution=113831.000000, Time=20.000000 sec, Dist BKS=0.32%
    Exec 18: Solution=113501.000000, Time=20.000000 sec, Dist BKS=0.61%
    Exec 19: Solution=113555.000000, Time=20.000000 sec, Dist BKS=0.56%
    Exec 20: Solution=113432.000000, Time=20.000000 sec, Dist BKS=0.67%
    Exec 21: Solution=113571.000000, Time=20.000000 sec, Dist BKS=0.55%
    Exec 22: Solution=113539.000000, Time=20.000000 sec, Dist BKS=0.57%
    Exec 23: Solution=113456.000000, Time=20.000000 sec, Dist BKS=0.65%
    Exec 24: Solution=113474.000000, Time=20.000000 sec, Dist BKS=0.63%
    Exec 25: Solution=113370.000000, Time=20.000000 sec, Dist BKS=0.72%
    Exec 26: Solution=113356.000000, Time=20.000000 sec, Dist BKS=0.73%
    Exec 27: Solution=113574.000000, Time=20.000000 sec, Dist BKS=0.54%
    Exec 28: Solution=113602.000000, Time=20.000000 sec, Dist BKS=0.52%
    Exec 29: Solution=113497.000000, Time=20.000000 sec, Dist BKS=0.61%
    Exec 30: Solution=113506.000000, Time=20.000000 sec, Dist BKS=0.60%
