SOLUTION START
	Parameters used:
	instance = instances/MDG-b/MDG-b_30_n2000_m200.txt
	solution_size = 200
	meta_heuristic = mdm-grasp

ITER 223 DATA_MINING TOOK 0.068126
ITER 521 DATA_MINING TOOK 0.367685
ITER 943 DATA_MINING TOOK 4.056998
ITER 1195 DATA_MINING TOOK 0.866623
ITER 1604 DATA_MINING TOOK 0.085235
ITER 1990 DATA_MINING TOOK 0.090072
ITER 3561 DATA_MINING TOOK 0.038305
ITER 5135 DATA_MINING TOOK 0.026508
ITER 7765 DATA_MINING TOOK 0.010008

Total iterations: 7789
Mining operations: 9
ITER 251 DATA_MINING TOOK 0.037157
ITER 494 DATA_MINING TOOK 0.203646
ITER 717 DATA_MINING TOOK 0.515841
ITER 1043 DATA_MINING TOOK 4.146811
ITER 2058 DATA_MINING TOOK 0.537763
ITER 2725 DATA_MINING TOOK 0.064999
ITER 3127 DATA_MINING TOOK 0.007786
ITER 3394 DATA_MINING TOOK 0.012914
ITER 5996 DATA_MINING TOOK 0.014846

Total iterations: 9653
Mining operations: 9
ITER 196 DATA_MINING TOOK 0.069780
ITER 365 DATA_MINING TOOK 1.072762
ITER 501 DATA_MINING TOOK 5.520789
ITER 851 DATA_MINING TOOK 7.551927
ITER 1217 DATA_MINING TOOK 1.125911
ITER 1687 DATA_MINING TOOK 0.114262
ITER 2053 DATA_MINING TOOK 0.044146
ITER 2465 DATA_MINING TOOK 0.149999
ITER 2925 DATA_MINING TOOK 0.015588
ITER 3839 DATA_MINING TOOK 0.013657

Total iterations: 10146
Mining operations: 10
ITER 160 DATA_MINING TOOK 0.061535
ITER 282 DATA_MINING TOOK 0.823084
ITER 455 DATA_MINING TOOK 6.040238
ITER 681 DATA_MINING TOOK 1.342051
ITER 784 DATA_MINING TOOK 0.149657
ITER 1046 DATA_MINING TOOK 0.030723
ITER 1173 DATA_MINING TOOK 0.007675
ITER 1576 DATA_MINING TOOK 0.065428
ITER 2013 DATA_MINING TOOK 0.024277
ITER 2329 DATA_MINING TOOK 0.034279

Total iterations: 9981
Mining operations: 10
ITER 87 DATA_MINING TOOK 0.072691
ITER 166 DATA_MINING TOOK 0.882655
ITER 270 DATA_MINING TOOK 56.421988
ITER 398 DATA_MINING TOOK 10.440908
ITER 712 DATA_MINING TOOK 0.149984
ITER 1108 DATA_MINING TOOK 0.037410
ITER 1388 DATA_MINING TOOK 0.037056
ITER 2847 DATA_MINING TOOK 0.023311

Total iterations: 6773
Mining operations: 8
ITER 81 DATA_MINING TOOK 0.091104
ITER 298 DATA_MINING TOOK 0.280948
ITER 496 DATA_MINING TOOK 0.954739
ITER 1001 DATA_MINING TOOK 1.129677
ITER 1391 DATA_MINING TOOK 0.054247
ITER 1829 DATA_MINING TOOK 0.160178
ITER 2894 DATA_MINING TOOK 0.188095
ITER 3814 DATA_MINING TOOK 0.052285
ITER 5477 DATA_MINING TOOK 0.024766
ITER 6150 DATA_MINING TOOK 0.025345
ITER 6721 DATA_MINING TOOK 0.005928

Total iterations: 6786
Mining operations: 11
ITER 168 DATA_MINING TOOK 0.026690
ITER 424 DATA_MINING TOOK 0.242757
ITER 734 DATA_MINING TOOK 1.330761
ITER 1042 DATA_MINING TOOK 6.013001
ITER 1510 DATA_MINING TOOK 0.286288
ITER 1932 DATA_MINING TOOK 0.016089
ITER 2505 DATA_MINING TOOK 0.031039
ITER 2971 DATA_MINING TOOK 0.107502
ITER 3502 DATA_MINING TOOK 0.060436

Total iterations: 3878
Mining operations: 9
ITER 215 DATA_MINING TOOK 0.068663
ITER 332 DATA_MINING TOOK 0.418781
ITER 541 DATA_MINING TOOK 7.493035
ITER 773 DATA_MINING TOOK 1.706614
ITER 1118 DATA_MINING TOOK 0.031982
ITER 1886 DATA_MINING TOOK 0.012709
ITER 2525 DATA_MINING TOOK 0.017597
ITER 3267 DATA_MINING TOOK 0.015841

Total iterations: 13089
Mining operations: 8
ITER 101 DATA_MINING TOOK 0.054676
ITER 325 DATA_MINING TOOK 0.448895
ITER 506 DATA_MINING TOOK 1.173594
ITER 717 DATA_MINING TOOK 2.408977
ITER 1378 DATA_MINING TOOK 0.787608
ITER 1977 DATA_MINING TOOK 0.009980
ITER 2932 DATA_MINING TOOK 0.024075
ITER 3423 DATA_MINING TOOK 0.023612
ITER 4502 DATA_MINING TOOK 0.019144

Total iterations: 7719
Mining operations: 9
ITER 151 DATA_MINING TOOK 0.029891
ITER 275 DATA_MINING TOOK 0.147350
ITER 460 DATA_MINING TOOK 1.842151
ITER 814 DATA_MINING TOOK 3.164869
ITER 1108 DATA_MINING TOOK 2.094912
ITER 1620 DATA_MINING TOOK 0.007747
ITER 2228 DATA_MINING TOOK 0.005726

Total iterations: 12194
Mining operations: 7
ITER 166 DATA_MINING TOOK 0.061960
ITER 305 DATA_MINING TOOK 0.216112
ITER 479 DATA_MINING TOOK 4.458810
ITER 752 DATA_MINING TOOK 0.093562
ITER 1368 DATA_MINING TOOK 0.027004
ITER 2012 DATA_MINING TOOK 0.025520
ITER 2456 DATA_MINING TOOK 0.028373

Total iterations: 8877
Mining operations: 7
ITER 111 DATA_MINING TOOK 0.045314
ITER 431 DATA_MINING TOOK 0.459967
ITER 820 DATA_MINING TOOK 0.385021
ITER 1257 DATA_MINING TOOK 0.092984
ITER 1553 DATA_MINING TOOK 0.046268
ITER 1789 DATA_MINING TOOK 0.022198
ITER 2755 DATA_MINING TOOK 0.021402
ITER 3279 DATA_MINING TOOK 0.053462
ITER 3778 DATA_MINING TOOK 0.039377

Total iterations: 8818
Mining operations: 9
ITER 171 DATA_MINING TOOK 0.044042
ITER 507 DATA_MINING TOOK 0.477551
ITER 868 DATA_MINING TOOK 5.135706
ITER 1056 DATA_MINING TOOK 0.857422
ITER 1228 DATA_MINING TOOK 1.841913
ITER 1414 DATA_MINING TOOK 0.853775
ITER 2803 DATA_MINING TOOK 0.018706
ITER 4444 DATA_MINING TOOK 0.008438

Total iterations: 15803
Mining operations: 8
ITER 219 DATA_MINING TOOK 0.046109
ITER 491 DATA_MINING TOOK 0.302235
ITER 816 DATA_MINING TOOK 4.120292
ITER 1061 DATA_MINING TOOK 8.708748
ITER 1310 DATA_MINING TOOK 1.041516
ITER 1877 DATA_MINING TOOK 0.089580
ITER 3167 DATA_MINING TOOK 0.007144
ITER 3956 DATA_MINING TOOK 0.011342
ITER 7723 DATA_MINING TOOK 0.008939

Total iterations: 13238
Mining operations: 9
ITER 189 DATA_MINING TOOK 0.044119
ITER 327 DATA_MINING TOOK 0.137977
ITER 475 DATA_MINING TOOK 0.651782
ITER 872 DATA_MINING TOOK 0.202331
ITER 1152 DATA_MINING TOOK 0.023350
ITER 1601 DATA_MINING TOOK 0.027282
ITER 2097 DATA_MINING TOOK 0.021000
ITER 3165 DATA_MINING TOOK 0.001422

Total iterations: 12565
Mining operations: 8

Execution Summary:
  Instance: instances/MDG-b/MDG-b_30_n2000_m200.txt
  Matrix Size (N): 2000
  Solution Size (M): 200
  Number of Executions: 15
  ------------------------------------
  Average Solution: 11289454.195678
  Best Solution Value: 11293465.459174
  Average Time per Execution: 600.000000 sec
  Best Solution Time: 600.000000 sec
  BKS: 11298065.000000
  Distance to BKS: 4599.540826
  Percentage Distance to BKS: 0.04%
  Average Percentage Distance to BKS: 0.08%

  Details per Execution:
    Exec 1: Solution=11290967.819957, Time=600.000000 sec, Dist BKS=0.05%
    Exec 2: Solution=11291144.257035, Time=600.000000 sec, Dist BKS=0.05%
    Exec 3: Solution=11292120.359470, Time=600.000000 sec, Dist BKS=0.04%
    Exec 4: Solution=11290894.959407, Time=600.000000 sec, Dist BKS=0.05%
    Exec 5: Solution=11286400.302584, Time=600.000000 sec, Dist BKS=0.09%
    Exec 6: Solution=11291524.142642, Time=600.000000 sec, Dist BKS=0.04%
    Exec 7: Solution=11293465.459174, Time=600.000000 sec, Dist BKS=0.03%
    Exec 8: Solution=11286427.250693, Time=600.000000 sec, Dist BKS=0.09%
    Exec 9: Solution=11289364.492905, Time=600.000000 sec, Dist BKS=0.06%
    Exec 10: Solution=11288871.791600, Time=600.000000 sec, Dist BKS=0.07%
    Exec 11: Solution=11286827.735750, Time=600.000000 sec, Dist BKS=0.08%
    Exec 12: Solution=11283871.842443, Time=600.000000 sec, Dist BKS=0.11%
    Exec 13: Solution=11291575.848065, Time=600.000000 sec, Dist BKS=0.04%
    Exec 14: Solution=11292692.306355, Time=600.000000 sec, Dist BKS=0.03%
    Exec 15: Solution=11285664.367087, Time=600.000000 sec, Dist BKS=0.10%
