SOLUTION START
	Parameters used:
	instance = instances/MDG-b/MDG-b_37_n2000_m200.txt
	solution_size = 200
	meta_heuristic = mdm-grasp

ITER 301 DATA_MINING TOOK 0.046856
ITER 444 DATA_MINING TOOK 1.260376
ITER 911 DATA_MINING TOOK 5.690929
ITER 1435 DATA_MINING TOOK 0.327038
ITER 2050 DATA_MINING TOOK 0.028875
ITER 9379 DATA_MINING TOOK 0.035297
ITER 11493 DATA_MINING TOOK 0.033087
ITER 12540 DATA_MINING TOOK 0.054696

Total iterations: 13666
Mining operations: 8
ITER 146 DATA_MINING TOOK 0.036212
ITER 355 DATA_MINING TOOK 0.561121
ITER 691 DATA_MINING TOOK 8.939873
ITER 1663 DATA_MINING TOOK 1.608013
ITER 2113 DATA_MINING TOOK 0.211121
ITER 2895 DATA_MINING TOOK 0.029874
ITER 4088 DATA_MINING TOOK 0.008480
ITER 4945 DATA_MINING TOOK 0.009979
ITER 7056 DATA_MINING TOOK 0.011409

Total iterations: 11637
Mining operations: 9
ITER 147 DATA_MINING TOOK 0.061097
ITER 405 DATA_MINING TOOK 1.563515
ITER 561 DATA_MINING TOOK 5.775085
ITER 790 DATA_MINING TOOK 4.449434
ITER 1355 DATA_MINING TOOK 1.255422
ITER 1996 DATA_MINING TOOK 0.029860
ITER 2620 DATA_MINING TOOK 0.027585
ITER 3512 DATA_MINING TOOK 0.008508
ITER 4555 DATA_MINING TOOK 0.011129
ITER 6823 DATA_MINING TOOK 0.007413

Total iterations: 18124
Mining operations: 10
ITER 124 DATA_MINING TOOK 0.065101
ITER 196 DATA_MINING TOOK 0.487618
ITER 402 DATA_MINING TOOK 4.947651
ITER 1044 DATA_MINING TOOK 1.840029
ITER 1377 DATA_MINING TOOK 0.127860
ITER 2412 DATA_MINING TOOK 0.012539
ITER 3451 DATA_MINING TOOK 0.021404

Total iterations: 15326
Mining operations: 7
ITER 213 DATA_MINING TOOK 0.066971
ITER 382 DATA_MINING TOOK 0.518661
ITER 593 DATA_MINING TOOK 4.998635
ITER 1046 DATA_MINING TOOK 1.998362
ITER 1453 DATA_MINING TOOK 0.010170
ITER 2022 DATA_MINING TOOK 0.008974
ITER 2263 DATA_MINING TOOK 0.028803
ITER 2669 DATA_MINING TOOK 0.020436
ITER 2925 DATA_MINING TOOK 0.005409
ITER 3693 DATA_MINING TOOK 0.006729
ITER 8240 DATA_MINING TOOK 0.014198

Total iterations: 8473
Mining operations: 11
ITER 177 DATA_MINING TOOK 0.071181
ITER 456 DATA_MINING TOOK 1.330145
ITER 741 DATA_MINING TOOK 6.156917
ITER 1063 DATA_MINING TOOK 8.515196
ITER 1285 DATA_MINING TOOK 4.261270
ITER 1709 DATA_MINING TOOK 0.089128
ITER 2308 DATA_MINING TOOK 0.732606
ITER 2964 DATA_MINING TOOK 0.012641
ITER 3590 DATA_MINING TOOK 0.053497
ITER 4911 DATA_MINING TOOK 0.012782
ITER 5918 DATA_MINING TOOK 0.015836

Total iterations: 6794
Mining operations: 11
ITER 133 DATA_MINING TOOK 0.126649
ITER 378 DATA_MINING TOOK 0.405796
ITER 673 DATA_MINING TOOK 0.546195
ITER 875 DATA_MINING TOOK 1.399477
ITER 1235 DATA_MINING TOOK 2.304394
ITER 1879 DATA_MINING TOOK 0.089024
ITER 2480 DATA_MINING TOOK 0.241973
ITER 2845 DATA_MINING TOOK 0.258654
ITER 3436 DATA_MINING TOOK 0.049039
ITER 3721 DATA_MINING TOOK 0.040866
ITER 3957 DATA_MINING TOOK 0.014907
ITER 4250 DATA_MINING TOOK 0.009767

Total iterations: 5339
Mining operations: 12
ITER 194 DATA_MINING TOOK 0.068600
ITER 522 DATA_MINING TOOK 0.836571
ITER 874 DATA_MINING TOOK 3.206223
ITER 1716 DATA_MINING TOOK 1.169912
ITER 2093 DATA_MINING TOOK 0.027723
ITER 2651 DATA_MINING TOOK 0.031658
ITER 4944 DATA_MINING TOOK 0.023486
ITER 5535 DATA_MINING TOOK 0.011611

Total iterations: 11180
Mining operations: 8
ITER 189 DATA_MINING TOOK 0.060073
ITER 542 DATA_MINING TOOK 0.279869
ITER 819 DATA_MINING TOOK 3.625209
ITER 1122 DATA_MINING TOOK 10.781114
ITER 1659 DATA_MINING TOOK 0.046845
ITER 2828 DATA_MINING TOOK 0.000000
ITER 4060 DATA_MINING TOOK 0.030134
ITER 4568 DATA_MINING TOOK 0.019924
ITER 5080 DATA_MINING TOOK 0.044604
ITER 5856 DATA_MINING TOOK 0.057110
ITER 6627 DATA_MINING TOOK 0.080787

Total iterations: 9127
Mining operations: 11
ITER 127 DATA_MINING TOOK 0.094176
ITER 459 DATA_MINING TOOK 0.281984
ITER 685 DATA_MINING TOOK 1.514598
ITER 1009 DATA_MINING TOOK 0.316701
ITER 1337 DATA_MINING TOOK 0.483627
ITER 2293 DATA_MINING TOOK 0.054828
ITER 3176 DATA_MINING TOOK 0.029757
ITER 4027 DATA_MINING TOOK 0.014212
ITER 4860 DATA_MINING TOOK 0.019329
ITER 7487 DATA_MINING TOOK 0.002371

Total iterations: 15596
Mining operations: 10
ITER 161 DATA_MINING TOOK 0.046027
ITER 411 DATA_MINING TOOK 0.904949
ITER 700 DATA_MINING TOOK 2.857105
ITER 1079 DATA_MINING TOOK 3.682570
ITER 1603 DATA_MINING TOOK 2.484917
ITER 1952 DATA_MINING TOOK 0.015170
ITER 2605 DATA_MINING TOOK 0.005711
ITER 3440 DATA_MINING TOOK 0.000000

Total iterations: 15591
Mining operations: 8
ITER 187 DATA_MINING TOOK 0.032658
ITER 467 DATA_MINING TOOK 0.309215
ITER 692 DATA_MINING TOOK 4.068282
ITER 953 DATA_MINING TOOK 3.161499
ITER 1351 DATA_MINING TOOK 0.018617
ITER 2570 DATA_MINING TOOK 0.006700
ITER 3414 DATA_MINING TOOK 0.006817
ITER 4373 DATA_MINING TOOK 0.008408
ITER 7277 DATA_MINING TOOK 0.006473
ITER 8429 DATA_MINING TOOK 0.009339
ITER 9676 DATA_MINING TOOK 0.005270

Total iterations: 21925
Mining operations: 11
ITER 293 DATA_MINING TOOK 0.084441
ITER 555 DATA_MINING TOOK 2.219998
ITER 839 DATA_MINING TOOK 2.528369
ITER 1186 DATA_MINING TOOK 0.760450
ITER 1958 DATA_MINING TOOK 0.033673
ITER 2898 DATA_MINING TOOK 0.010129
ITER 3600 DATA_MINING TOOK 0.006862
ITER 8404 DATA_MINING TOOK 0.010716
ITER 10206 DATA_MINING TOOK 0.103554
ITER 10723 DATA_MINING TOOK 0.065306

Total iterations: 11431
Mining operations: 10
ITER 195 DATA_MINING TOOK 0.055080
ITER 427 DATA_MINING TOOK 1.013722
ITER 662 DATA_MINING TOOK 8.042584
ITER 986 DATA_MINING TOOK 2.668457
ITER 1352 DATA_MINING TOOK 0.248503
ITER 1826 DATA_MINING TOOK 0.073027
ITER 2105 DATA_MINING TOOK 0.039626
ITER 2426 DATA_MINING TOOK 0.030724
ITER 6891 DATA_MINING TOOK 0.032617

Total iterations: 7439
Mining operations: 9
ITER 190 DATA_MINING TOOK 0.046913
ITER 419 DATA_MINING TOOK 0.737078
ITER 649 DATA_MINING TOOK 3.037363
ITER 927 DATA_MINING TOOK 0.941565
ITER 1419 DATA_MINING TOOK 0.029158
ITER 2339 DATA_MINING TOOK 0.000000

Total iterations: 13094
Mining operations: 6

Execution Summary:
  Instance: instances/MDG-b/MDG-b_37_n2000_m200.txt
  Matrix Size (N): 2000
  Solution Size (M): 200
  Number of Executions: 15
  ------------------------------------
  Average Solution: 11286697.014190
  Best Solution Value: 11291859.095659
  Average Time per Execution: 600.000000 sec
  Best Solution Time: 600.000000 sec
  BKS: 11295774.000000
  Distance to BKS: -1314.095659
  Percentage Distance to BKS: -0.01%
  Average Percentage Distance to BKS: 0.08%

  Details per Execution:
    Exec 1: Solution=11289927.238409, Time=600.000000 sec, Dist BKS=0.01%
    Exec 2: Solution=11290682.126023, Time=600.000000 sec, Dist BKS=-0.00%
    Exec 3: Solution=11291859.095659, Time=600.000000 sec, Dist BKS=-0.01%
    Exec 4: Solution=11283667.587901, Time=600.000000 sec, Dist BKS=0.06%
    Exec 5: Solution=11286424.169498, Time=600.000000 sec, Dist BKS=0.04%
    Exec 6: Solution=11283892.176981, Time=600.000000 sec, Dist BKS=0.06%
    Exec 7: Solution=11281746.154289, Time=600.000000 sec, Dist BKS=0.08%
    Exec 8: Solution=11286906.662230, Time=600.000000 sec, Dist BKS=0.03%
    Exec 9: Solution=11289927.238409, Time=600.000000 sec, Dist BKS=0.01%
    Exec 10: Solution=11286665.041611, Time=600.000000 sec, Dist BKS=0.03%
    Exec 11: Solution=11283682.942141, Time=600.000000 sec, Dist BKS=0.06%
    Exec 12: Solution=11287796.574074, Time=600.000000 sec, Dist BKS=0.02%
    Exec 13: Solution=11288816.017634, Time=600.000000 sec, Dist BKS=0.02%
    Exec 14: Solution=11285202.790116, Time=600.000000 sec, Dist BKS=0.05%
    Exec 15: Solution=11283259.397874, Time=600.000000 sec, Dist BKS=0.06%
