SOLUTION START
	Parameters used:
	instance = instances/MDG-b/MDG-b_23_n2000_m200.txt
	solution_size = 200
	meta_heuristic = mdm-grasp

ITER 147 DATA_MINING TOOK 0.032749
ITER 509 DATA_MINING TOOK 0.156616
ITER 816 DATA_MINING TOOK 0.608414
ITER 1125 DATA_MINING TOOK 3.451739
ITER 1578 DATA_MINING TOOK 2.129617
ITER 1851 DATA_MINING TOOK 0.044541
ITER 2847 DATA_MINING TOOK 0.021091
ITER 3743 DATA_MINING TOOK 0.017096

Total iterations: 6339
Mining operations: 8
ITER 232 DATA_MINING TOOK 0.034477
ITER 411 DATA_MINING TOOK 3.515889
ITER 719 DATA_MINING TOOK 3.366193
ITER 1564 DATA_MINING TOOK 0.609198
ITER 2161 DATA_MINING TOOK 0.014862
ITER 2853 DATA_MINING TOOK 0.019252
ITER 4112 DATA_MINING TOOK 0.030290
ITER 10125 DATA_MINING TOOK 0.041874

Total iterations: 13909
Mining operations: 8
ITER 190 DATA_MINING TOOK 0.035876
ITER 382 DATA_MINING TOOK 0.221457
ITER 513 DATA_MINING TOOK 13.300789
ITER 817 DATA_MINING TOOK 29.459435
ITER 1613 DATA_MINING TOOK 0.414770
ITER 2391 DATA_MINING TOOK 0.028789
ITER 3098 DATA_MINING TOOK 0.011224

Total iterations: 8618
Mining operations: 7
ITER 94 DATA_MINING TOOK 0.076268
ITER 234 DATA_MINING TOOK 0.589578
ITER 553 DATA_MINING TOOK 3.313284
ITER 915 DATA_MINING TOOK 8.333234
ITER 1380 DATA_MINING TOOK 0.251637
ITER 1778 DATA_MINING TOOK 0.021182
ITER 2311 DATA_MINING TOOK 0.026799
ITER 3434 DATA_MINING TOOK 0.037898
ITER 5711 DATA_MINING TOOK 0.020146
ITER 6489 DATA_MINING TOOK 0.015420
ITER 9204 DATA_MINING TOOK 0.009602

Total iterations: 9467
Mining operations: 11
ITER 149 DATA_MINING TOOK 0.086628
ITER 358 DATA_MINING TOOK 1.146305
ITER 794 DATA_MINING TOOK 3.070831
ITER 1150 DATA_MINING TOOK 0.122807
ITER 2263 DATA_MINING TOOK 0.435440
ITER 2571 DATA_MINING TOOK 0.054834
ITER 3300 DATA_MINING TOOK 0.514169
ITER 3770 DATA_MINING TOOK 0.092004

Total iterations: 6523
Mining operations: 8
ITER 170 DATA_MINING TOOK 0.015995
ITER 359 DATA_MINING TOOK 0.214343
ITER 548 DATA_MINING TOOK 4.881606
ITER 945 DATA_MINING TOOK 3.937123
ITER 1212 DATA_MINING TOOK 0.599519
ITER 1801 DATA_MINING TOOK 0.032837
ITER 2930 DATA_MINING TOOK 0.008794
ITER 10597 DATA_MINING TOOK 0.012719
ITER 11369 DATA_MINING TOOK 0.007411

Total iterations: 13873
Mining operations: 9
ITER 227 DATA_MINING TOOK 0.045799
ITER 400 DATA_MINING TOOK 0.488235
ITER 653 DATA_MINING TOOK 4.232868
ITER 865 DATA_MINING TOOK 11.118458
ITER 1360 DATA_MINING TOOK 0.716673
ITER 2369 DATA_MINING TOOK 0.055861
ITER 3311 DATA_MINING TOOK 0.030747
ITER 4261 DATA_MINING TOOK 0.024213
ITER 5112 DATA_MINING TOOK 0.022106
ITER 5864 DATA_MINING TOOK 0.017631
ITER 7171 DATA_MINING TOOK 0.007426
ITER 7713 DATA_MINING TOOK 0.009652

Total iterations: 8297
Mining operations: 12
ITER 202 DATA_MINING TOOK 0.044639
ITER 485 DATA_MINING TOOK 0.650093
ITER 680 DATA_MINING TOOK 3.578800
ITER 849 DATA_MINING TOOK 6.998302
ITER 1122 DATA_MINING TOOK 1.856978
ITER 1705 DATA_MINING TOOK 0.032546
ITER 2658 DATA_MINING TOOK 0.014482

Total iterations: 15472
Mining operations: 7
ITER 62 DATA_MINING TOOK 0.036989
ITER 251 DATA_MINING TOOK 0.294699
ITER 533 DATA_MINING TOOK 7.339764
ITER 833 DATA_MINING TOOK 5.323582
ITER 1573 DATA_MINING TOOK 0.490993
ITER 2305 DATA_MINING TOOK 0.016295
ITER 3313 DATA_MINING TOOK 0.023528
ITER 3923 DATA_MINING TOOK 0.031712
ITER 4478 DATA_MINING TOOK 0.028650
ITER 5613 DATA_MINING TOOK 0.035238

Total iterations: 5844
Mining operations: 10
ITER 172 DATA_MINING TOOK 0.056963
ITER 309 DATA_MINING TOOK 0.606324
ITER 500 DATA_MINING TOOK 8.663978
ITER 828 DATA_MINING TOOK 3.631589
ITER 1257 DATA_MINING TOOK 0.231642
ITER 2264 DATA_MINING TOOK 0.130278
ITER 2684 DATA_MINING TOOK 0.164210
ITER 3132 DATA_MINING TOOK 0.113013
ITER 3528 DATA_MINING TOOK 0.118462
ITER 3897 DATA_MINING TOOK 0.236399
ITER 4244 DATA_MINING TOOK 0.172228

Total iterations: 6650
Mining operations: 11
ITER 189 DATA_MINING TOOK 0.048610
ITER 385 DATA_MINING TOOK 0.248324
ITER 581 DATA_MINING TOOK 7.127638
ITER 1169 DATA_MINING TOOK 20.712113
ITER 1506 DATA_MINING TOOK 1.726966
ITER 1934 DATA_MINING TOOK 0.390852
ITER 2336 DATA_MINING TOOK 0.038399
ITER 4087 DATA_MINING TOOK 0.010232

Total iterations: 4231
Mining operations: 8
ITER 245 DATA_MINING TOOK 0.024217
ITER 401 DATA_MINING TOOK 0.098770
ITER 679 DATA_MINING TOOK 2.997685
ITER 847 DATA_MINING TOOK 10.704481
ITER 1159 DATA_MINING TOOK 8.268272
ITER 1704 DATA_MINING TOOK 0.999326
ITER 2094 DATA_MINING TOOK 0.130258
ITER 2581 DATA_MINING TOOK 0.014318
ITER 3282 DATA_MINING TOOK 0.016181
ITER 3914 DATA_MINING TOOK 0.011464
ITER 5115 DATA_MINING TOOK 0.013295
ITER 5640 DATA_MINING TOOK 0.013171

Total iterations: 5970
Mining operations: 12
ITER 92 DATA_MINING TOOK 0.040161
ITER 227 DATA_MINING TOOK 0.240872
ITER 270 DATA_MINING TOOK 1.061710
ITER 554 DATA_MINING TOOK 6.035040
ITER 791 DATA_MINING TOOK 0.388146
ITER 1218 DATA_MINING TOOK 1.265021
ITER 2403 DATA_MINING TOOK 0.114474
ITER 2750 DATA_MINING TOOK 0.032293
ITER 5763 DATA_MINING TOOK 0.016055
ITER 6394 DATA_MINING TOOK 0.007289

Total iterations: 8901
Mining operations: 10
ITER 167 DATA_MINING TOOK 0.104049
ITER 416 DATA_MINING TOOK 0.163590
ITER 763 DATA_MINING TOOK 0.254468
ITER 1138 DATA_MINING TOOK 6.824236
ITER 1777 DATA_MINING TOOK 1.423094
ITER 2408 DATA_MINING TOOK 0.623550
ITER 2806 DATA_MINING TOOK 0.029734
ITER 3040 DATA_MINING TOOK 0.156307
ITER 3289 DATA_MINING TOOK 0.243675

Total iterations: 3599
Mining operations: 9
ITER 112 DATA_MINING TOOK 0.051390
ITER 234 DATA_MINING TOOK 0.747387
ITER 528 DATA_MINING TOOK 11.782946
ITER 967 DATA_MINING TOOK 5.395978
ITER 1582 DATA_MINING TOOK 0.356610
ITER 2898 DATA_MINING TOOK 0.016199
ITER 3654 DATA_MINING TOOK 0.008560

Total iterations: 14637
Mining operations: 7

Execution Summary:
  Instance: instances/MDG-b/MDG-b_23_n2000_m200.txt
  Matrix Size (N): 2000
  Solution Size (M): 200
  Number of Executions: 15
  ------------------------------------
  Average Solution: 11296954.182423
  Best Solution Value: 11299940.462684
  Average Time per Execution: 600.000000 sec
  Best Solution Time: 600.000000 sec
  BKS: 11299941.000000
  Distance to BKS: 0.537316
  Percentage Distance to BKS: 0.00%
  Average Percentage Distance to BKS: 0.03%

  Details per Execution:
    Exec 1: Solution=11299940.462684, Time=600.000000 sec, Dist BKS=0.00%
    Exec 2: Solution=11296114.678185, Time=600.000000 sec, Dist BKS=0.03%
    Exec 3: Solution=11299940.462684, Time=600.000000 sec, Dist BKS=0.00%
    Exec 4: Solution=11293808.192371, Time=600.000000 sec, Dist BKS=0.05%
    Exec 5: Solution=11289539.251437, Time=600.000000 sec, Dist BKS=0.09%
    Exec 6: Solution=11297891.122167, Time=600.000000 sec, Dist BKS=0.02%
    Exec 7: Solution=11299574.802831, Time=600.000000 sec, Dist BKS=0.00%
    Exec 8: Solution=11299940.462684, Time=600.000000 sec, Dist BKS=0.00%
    Exec 9: Solution=11299940.462684, Time=600.000000 sec, Dist BKS=0.00%
    Exec 10: Solution=11298329.002110, Time=600.000000 sec, Dist BKS=0.01%
    Exec 11: Solution=11295369.439641, Time=600.000000 sec, Dist BKS=0.04%
    Exec 12: Solution=11299940.462684, Time=600.000000 sec, Dist BKS=0.00%
    Exec 13: Solution=11293879.450716, Time=600.000000 sec, Dist BKS=0.05%
    Exec 14: Solution=11293148.077138, Time=600.000000 sec, Dist BKS=0.06%
    Exec 15: Solution=11296956.406319, Time=600.000000 sec, Dist BKS=0.03%
