SOLUTION START
	Parameters used:
	instance = instances/MDG-b/MDG-b_24_n2000_m200.txt
	solution_size = 200
	meta_heuristic = mdm-grasp

ITER 200 DATA_MINING TOOK 0.066456
ITER 317 DATA_MINING TOOK 1.056696
ITER 689 DATA_MINING TOOK 4.138773
ITER 945 DATA_MINING TOOK 5.454541
ITER 1651 DATA_MINING TOOK 0.484933
ITER 2747 DATA_MINING TOOK 0.044173
ITER 3302 DATA_MINING TOOK 0.006460
ITER 4062 DATA_MINING TOOK 0.005813

Total iterations: 11269
Mining operations: 8
ITER 175 DATA_MINING TOOK 0.061292
ITER 362 DATA_MINING TOOK 1.294732
ITER 506 DATA_MINING TOOK 3.210695
ITER 1015 DATA_MINING TOOK 0.117759
ITER 1447 DATA_MINING TOOK 0.097413
ITER 2007 DATA_MINING TOOK 0.099445
ITER 2599 DATA_MINING TOOK 0.264507
ITER 3083 DATA_MINING TOOK 0.026927
ITER 4129 DATA_MINING TOOK 0.029012
ITER 5234 DATA_MINING TOOK 0.056160
ITER 6031 DATA_MINING TOOK 0.019161
ITER 6676 DATA_MINING TOOK 0.008519
ITER 7496 DATA_MINING TOOK 0.017351
ITER 8239 DATA_MINING TOOK 0.009955

Total iterations: 11502
Mining operations: 14
ITER 139 DATA_MINING TOOK 0.039169
ITER 374 DATA_MINING TOOK 1.082669
ITER 643 DATA_MINING TOOK 4.686570
ITER 1073 DATA_MINING TOOK 0.070512
ITER 1372 DATA_MINING TOOK 0.024156
ITER 2374 DATA_MINING TOOK 0.018258

Total iterations: 18567
Mining operations: 6
ITER 142 DATA_MINING TOOK 0.045765
ITER 340 DATA_MINING TOOK 0.401045
ITER 711 DATA_MINING TOOK 6.217305
ITER 1131 DATA_MINING TOOK 1.383431
ITER 1646 DATA_MINING TOOK 0.248230
ITER 2616 DATA_MINING TOOK 0.005808
ITER 3188 DATA_MINING TOOK 0.026424
ITER 4066 DATA_MINING TOOK 0.013173
ITER 4659 DATA_MINING TOOK 0.012119
ITER 6671 DATA_MINING TOOK 0.007274

Total iterations: 13065
Mining operations: 10
ITER 227 DATA_MINING TOOK 0.029865
ITER 386 DATA_MINING TOOK 0.120515
ITER 683 DATA_MINING TOOK 0.210098
ITER 858 DATA_MINING TOOK 0.204552
ITER 1277 DATA_MINING TOOK 0.103266
ITER 1847 DATA_MINING TOOK 0.073014
ITER 2144 DATA_MINING TOOK 0.043093
ITER 2498 DATA_MINING TOOK 0.022576
ITER 3486 DATA_MINING TOOK 0.029331
ITER 4300 DATA_MINING TOOK 0.032996

Total iterations: 8507
Mining operations: 10
ITER 134 DATA_MINING TOOK 0.058271
ITER 369 DATA_MINING TOOK 0.938868
ITER 568 DATA_MINING TOOK 3.301195
ITER 901 DATA_MINING TOOK 3.387228
ITER 1354 DATA_MINING TOOK 0.968201
ITER 2002 DATA_MINING TOOK 0.138879
ITER 2236 DATA_MINING TOOK 0.154783
ITER 2373 DATA_MINING TOOK 0.643092
ITER 2460 DATA_MINING TOOK 0.110669
ITER 2636 DATA_MINING TOOK 0.135670
ITER 2822 DATA_MINING TOOK 0.127730
ITER 2971 DATA_MINING TOOK 0.372551
ITER 3242 DATA_MINING TOOK 0.044650
ITER 3552 DATA_MINING TOOK 0.119555
ITER 3923 DATA_MINING TOOK 0.127979
ITER 4191 DATA_MINING TOOK 0.326708

Total iterations: 4572
Mining operations: 16
ITER 137 DATA_MINING TOOK 0.056773
ITER 252 DATA_MINING TOOK 0.277420
ITER 354 DATA_MINING TOOK 1.378278
ITER 665 DATA_MINING TOOK 1.016421
ITER 1028 DATA_MINING TOOK 3.442649
ITER 1432 DATA_MINING TOOK 0.058464
ITER 2217 DATA_MINING TOOK 0.026224
ITER 2839 DATA_MINING TOOK 0.032378

Total iterations: 8512
Mining operations: 8
ITER 194 DATA_MINING TOOK 0.058637
ITER 395 DATA_MINING TOOK 0.752767
ITER 562 DATA_MINING TOOK 0.834407
ITER 919 DATA_MINING TOOK 1.210413
ITER 1386 DATA_MINING TOOK 0.419698
ITER 2176 DATA_MINING TOOK 0.180409
ITER 3829 DATA_MINING TOOK 0.011344
ITER 4399 DATA_MINING TOOK 0.009474
ITER 5226 DATA_MINING TOOK 0.008984

Total iterations: 9870
Mining operations: 9
ITER 221 DATA_MINING TOOK 0.055601
ITER 443 DATA_MINING TOOK 0.116577
ITER 649 DATA_MINING TOOK 0.393438
ITER 1052 DATA_MINING TOOK 2.349424
ITER 1894 DATA_MINING TOOK 0.283980
ITER 2145 DATA_MINING TOOK 0.015798
ITER 3058 DATA_MINING TOOK 0.011827
ITER 4053 DATA_MINING TOOK 0.033162
ITER 5134 DATA_MINING TOOK 0.018321
ITER 5681 DATA_MINING TOOK 0.012068
ITER 7263 DATA_MINING TOOK 0.010548
ITER 8755 DATA_MINING TOOK 0.012419

Total iterations: 9139
Mining operations: 12
ITER 263 DATA_MINING TOOK 0.046903
ITER 444 DATA_MINING TOOK 0.198764
ITER 671 DATA_MINING TOOK 1.404769
ITER 816 DATA_MINING TOOK 0.403762
ITER 1232 DATA_MINING TOOK 4.018223
ITER 2256 DATA_MINING TOOK 0.131090
ITER 3475 DATA_MINING TOOK 0.061347
ITER 4069 DATA_MINING TOOK 0.031638
ITER 4778 DATA_MINING TOOK 0.064776
ITER 5412 DATA_MINING TOOK 0.021168
ITER 6027 DATA_MINING TOOK 0.039137

Total iterations: 6286
Mining operations: 11
ITER 202 DATA_MINING TOOK 0.123715
ITER 702 DATA_MINING TOOK 1.320904
ITER 1056 DATA_MINING TOOK 1.343897
ITER 1560 DATA_MINING TOOK 0.058012
ITER 2176 DATA_MINING TOOK 0.119665
ITER 3164 DATA_MINING TOOK 0.008795
ITER 4618 DATA_MINING TOOK 0.009875
ITER 5934 DATA_MINING TOOK 0.005085
ITER 7268 DATA_MINING TOOK 0.000000

Total iterations: 7746
Mining operations: 9
ITER 270 DATA_MINING TOOK 0.059490
ITER 622 DATA_MINING TOOK 1.033174
ITER 988 DATA_MINING TOOK 3.595987
ITER 1533 DATA_MINING TOOK 10.864057
ITER 2001 DATA_MINING TOOK 0.105547
ITER 3160 DATA_MINING TOOK 0.159593
ITER 5009 DATA_MINING TOOK 0.012458
ITER 5737 DATA_MINING TOOK 0.013411
ITER 9727 DATA_MINING TOOK 0.013541

Total iterations: 11166
Mining operations: 9
ITER 134 DATA_MINING TOOK 0.127039
ITER 237 DATA_MINING TOOK 0.575417
ITER 435 DATA_MINING TOOK 0.877902
ITER 694 DATA_MINING TOOK 6.067693
ITER 1214 DATA_MINING TOOK 0.979070
ITER 1840 DATA_MINING TOOK 0.225833
ITER 2619 DATA_MINING TOOK 0.048361
ITER 3513 DATA_MINING TOOK 0.021797
ITER 4380 DATA_MINING TOOK 0.024292
ITER 4787 DATA_MINING TOOK 0.009461
ITER 6254 DATA_MINING TOOK 0.026947
ITER 6718 DATA_MINING TOOK 0.014416
ITER 7217 DATA_MINING TOOK 0.033469
ITER 8176 DATA_MINING TOOK 0.032820
ITER 8666 DATA_MINING TOOK 0.040982
ITER 9234 DATA_MINING TOOK 0.042741
ITER 10011 DATA_MINING TOOK 0.067338

Total iterations: 10180
Mining operations: 17
ITER 157 DATA_MINING TOOK 0.061078
ITER 380 DATA_MINING TOOK 1.209271
ITER 610 DATA_MINING TOOK 2.921103
ITER 1034 DATA_MINING TOOK 1.757431
ITER 1407 DATA_MINING TOOK 1.096521
ITER 2192 DATA_MINING TOOK 0.125954
ITER 3523 DATA_MINING TOOK 0.007601
ITER 4158 DATA_MINING TOOK 0.007500

Total iterations: 11767
Mining operations: 8
ITER 211 DATA_MINING TOOK 0.052928
ITER 423 DATA_MINING TOOK 0.252118
ITER 552 DATA_MINING TOOK 0.222513
ITER 776 DATA_MINING TOOK 0.281796
ITER 1090 DATA_MINING TOOK 0.096573
ITER 1485 DATA_MINING TOOK 0.012554
ITER 2517 DATA_MINING TOOK 0.013327
ITER 3498 DATA_MINING TOOK 0.054354
ITER 4263 DATA_MINING TOOK 0.029326

Total iterations: 13267
Mining operations: 9

Execution Summary:
  Instance: instances/MDG-b/MDG-b_24_n2000_m200.txt
  Matrix Size (N): 2000
  Solution Size (M): 200
  Number of Executions: 15
  ------------------------------------
  Average Solution: 11278886.820801
  Best Solution Value: 11285932.397572
  Average Time per Execution: 600.000000 sec
  Best Solution Time: 600.000000 sec
  BKS: 11291119.000000
  Distance to BKS: 5186.602428
  Percentage Distance to BKS: 0.05%
  Average Percentage Distance to BKS: 0.11%

  Details per Execution:
    Exec 1: Solution=11278838.585345, Time=600.000000 sec, Dist BKS=0.11%
    Exec 2: Solution=11275611.160985, Time=600.000000 sec, Dist BKS=0.14%
    Exec 3: Solution=11281399.618848, Time=600.000000 sec, Dist BKS=0.08%
    Exec 4: Solution=11280787.471040, Time=600.000000 sec, Dist BKS=0.09%
    Exec 5: Solution=11265687.847592, Time=600.000000 sec, Dist BKS=0.22%
    Exec 6: Solution=11282178.532551, Time=600.000000 sec, Dist BKS=0.08%
    Exec 7: Solution=11275158.918559, Time=600.000000 sec, Dist BKS=0.14%
    Exec 8: Solution=11280329.745119, Time=600.000000 sec, Dist BKS=0.09%
    Exec 9: Solution=11278594.962543, Time=600.000000 sec, Dist BKS=0.11%
    Exec 10: Solution=11285700.110178, Time=600.000000 sec, Dist BKS=0.05%
    Exec 11: Solution=11278027.231449, Time=600.000000 sec, Dist BKS=0.11%
    Exec 12: Solution=11282306.452245, Time=600.000000 sec, Dist BKS=0.08%
    Exec 13: Solution=11285932.397572, Time=600.000000 sec, Dist BKS=0.04%
    Exec 14: Solution=11278838.585345, Time=600.000000 sec, Dist BKS=0.11%
    Exec 15: Solution=11273910.692646, Time=600.000000 sec, Dist BKS=0.15%
