SOLUTION START
	Parameters used:
	instance = instances/MDG-b/MDG-b_22_n2000_m200.txt
	solution_size = 200
	meta_heuristic = mdm-grasp

ITER 180 DATA_MINING TOOK 0.022012
ITER 417 DATA_MINING TOOK 0.093237
ITER 605 DATA_MINING TOOK 0.581482
ITER 794 DATA_MINING TOOK 2.620635
ITER 1084 DATA_MINING TOOK 0.223252
ITER 1423 DATA_MINING TOOK 0.035702
ITER 1981 DATA_MINING TOOK 0.097166
ITER 2771 DATA_MINING TOOK 0.027100
ITER 3603 DATA_MINING TOOK 0.028261
ITER 4360 DATA_MINING TOOK 0.013434
ITER 5099 DATA_MINING TOOK 0.015499

Total iterations: 11096
Mining operations: 11
ITER 233 DATA_MINING TOOK 0.027391
ITER 610 DATA_MINING TOOK 0.057268
ITER 955 DATA_MINING TOOK 0.270118
ITER 1147 DATA_MINING TOOK 0.773179
ITER 1307 DATA_MINING TOOK 0.488393
ITER 1637 DATA_MINING TOOK 0.079918
ITER 2018 DATA_MINING TOOK 1.150345
ITER 2515 DATA_MINING TOOK 0.058769

Total iterations: 2944
Mining operations: 8
ITER 104 DATA_MINING TOOK 0.018994
ITER 294 DATA_MINING TOOK 0.310637
ITER 512 DATA_MINING TOOK 1.996633
ITER 777 DATA_MINING TOOK 0.864353
ITER 1233 DATA_MINING TOOK 1.328720
ITER 1650 DATA_MINING TOOK 0.235123
ITER 2317 DATA_MINING TOOK 0.012644
ITER 3036 DATA_MINING TOOK 0.014291
ITER 3824 DATA_MINING TOOK 0.002096
ITER 4579 DATA_MINING TOOK 0.013027
ITER 5354 DATA_MINING TOOK 0.010804
ITER 6213 DATA_MINING TOOK 0.052362
ITER 7708 DATA_MINING TOOK 0.031470
ITER 8296 DATA_MINING TOOK 0.025920
ITER 9065 DATA_MINING TOOK 0.013470
ITER 10190 DATA_MINING TOOK 0.016858
ITER 12561 DATA_MINING TOOK 0.013716

Total iterations: 13121
Mining operations: 17
ITER 249 DATA_MINING TOOK 0.011529
ITER 489 DATA_MINING TOOK 0.259503
ITER 771 DATA_MINING TOOK 4.391862
ITER 938 DATA_MINING TOOK 3.399870
ITER 1568 DATA_MINING TOOK 2.563132
ITER 2883 DATA_MINING TOOK 0.159395
ITER 3193 DATA_MINING TOOK 0.126885

Total iterations: 4162
Mining operations: 7
ITER 141 DATA_MINING TOOK 0.031876
ITER 482 DATA_MINING TOOK 0.098308
ITER 765 DATA_MINING TOOK 2.964866
ITER 958 DATA_MINING TOOK 0.501475
ITER 1677 DATA_MINING TOOK 0.045564
ITER 2488 DATA_MINING TOOK 0.012470
ITER 3179 DATA_MINING TOOK 0.021154
ITER 3483 DATA_MINING TOOK 0.008996
ITER 4425 DATA_MINING TOOK 0.027049

Total iterations: 7253
Mining operations: 9
ITER 296 DATA_MINING TOOK 0.026291
ITER 421 DATA_MINING TOOK 0.048636
ITER 591 DATA_MINING TOOK 0.166246
ITER 813 DATA_MINING TOOK 2.404127
ITER 1249 DATA_MINING TOOK 2.062252
ITER 1929 DATA_MINING TOOK 1.512708
ITER 2571 DATA_MINING TOOK 0.350656
ITER 3136 DATA_MINING TOOK 0.120720
ITER 4350 DATA_MINING TOOK 0.147350
ITER 4796 DATA_MINING TOOK 0.331861
ITER 5168 DATA_MINING TOOK 0.172162

Total iterations: 5385
Mining operations: 11
ITER 135 DATA_MINING TOOK 0.125418
ITER 144 DATA_MINING TOOK 0.227777
ITER 195 DATA_MINING TOOK 0.428136
ITER 252 DATA_MINING TOOK 2.458131
ITER 403 DATA_MINING TOOK 4.394228
ITER 735 DATA_MINING TOOK 0.195432
ITER 1048 DATA_MINING TOOK 0.027735
ITER 2055 DATA_MINING TOOK 0.009674
ITER 2513 DATA_MINING TOOK 0.036999
ITER 3149 DATA_MINING TOOK 0.019132
ITER 3961 DATA_MINING TOOK 0.018803
ITER 8855 DATA_MINING TOOK 0.038467

Total iterations: 13616
Mining operations: 12
ITER 236 DATA_MINING TOOK 0.021992
ITER 458 DATA_MINING TOOK 0.024265
ITER 595 DATA_MINING TOOK 0.131511
ITER 840 DATA_MINING TOOK 1.390300
ITER 1310 DATA_MINING TOOK 3.562834
ITER 1939 DATA_MINING TOOK 0.484955
ITER 2271 DATA_MINING TOOK 0.031788
ITER 2475 DATA_MINING TOOK 0.029026
ITER 2676 DATA_MINING TOOK 0.004397

Total iterations: 2804
Mining operations: 9
ITER 176 DATA_MINING TOOK 0.019422
ITER 452 DATA_MINING TOOK 0.056093
ITER 541 DATA_MINING TOOK 0.071414
ITER 726 DATA_MINING TOOK 2.366537
ITER 1071 DATA_MINING TOOK 0.223313
ITER 2580 DATA_MINING TOOK 0.357347
ITER 3695 DATA_MINING TOOK 0.021341
ITER 4720 DATA_MINING TOOK 0.006771
ITER 5448 DATA_MINING TOOK 0.028108
ITER 6414 DATA_MINING TOOK 0.024715

Total iterations: 12409
Mining operations: 10
ITER 260 DATA_MINING TOOK 0.021539
ITER 361 DATA_MINING TOOK 0.076891
ITER 532 DATA_MINING TOOK 0.814820
ITER 775 DATA_MINING TOOK 0.580271
ITER 1184 DATA_MINING TOOK 4.795225
ITER 1609 DATA_MINING TOOK 0.369681
ITER 2695 DATA_MINING TOOK 0.037223
ITER 3826 DATA_MINING TOOK 0.017022
ITER 5813 DATA_MINING TOOK 0.007671

Total iterations: 13210
Mining operations: 9
ITER 177 DATA_MINING TOOK 0.027519
ITER 467 DATA_MINING TOOK 0.118179
ITER 628 DATA_MINING TOOK 0.762047
ITER 823 DATA_MINING TOOK 0.756357
ITER 1138 DATA_MINING TOOK 0.444176
ITER 1354 DATA_MINING TOOK 0.105230
ITER 1988 DATA_MINING TOOK 0.093042
ITER 2487 DATA_MINING TOOK 0.005869
ITER 3545 DATA_MINING TOOK 0.007738

Total iterations: 5912
Mining operations: 9
ITER 286 DATA_MINING TOOK 0.024395
ITER 493 DATA_MINING TOOK 0.171726
ITER 665 DATA_MINING TOOK 1.753924
ITER 898 DATA_MINING TOOK 14.915995
ITER 1724 DATA_MINING TOOK 0.838153
ITER 2466 DATA_MINING TOOK 0.008174
ITER 3264 DATA_MINING TOOK 0.008337
ITER 5461 DATA_MINING TOOK 0.019531

Total iterations: 13271
Mining operations: 8
ITER 137 DATA_MINING TOOK 0.068341
ITER 383 DATA_MINING TOOK 0.303028
ITER 587 DATA_MINING TOOK 5.035581
ITER 1277 DATA_MINING TOOK 1.135398
ITER 1536 DATA_MINING TOOK 0.199917
ITER 2072 DATA_MINING TOOK 0.011594
ITER 2635 DATA_MINING TOOK 0.000000
ITER 3432 DATA_MINING TOOK 0.014585
ITER 4465 DATA_MINING TOOK 0.026578
ITER 4920 DATA_MINING TOOK 0.014007
ITER 5423 DATA_MINING TOOK 0.003231
ITER 6256 DATA_MINING TOOK 0.000705

Total iterations: 11662
Mining operations: 12
ITER 189 DATA_MINING TOOK 0.026645
ITER 325 DATA_MINING TOOK 0.157216
ITER 603 DATA_MINING TOOK 0.359695
ITER 800 DATA_MINING TOOK 1.206722
ITER 1014 DATA_MINING TOOK 0.549398
ITER 1799 DATA_MINING TOOK 0.035323
ITER 2807 DATA_MINING TOOK 0.023537
ITER 3869 DATA_MINING TOOK 0.028462
ITER 4406 DATA_MINING TOOK 0.020257
ITER 4695 DATA_MINING TOOK 0.028083

Total iterations: 8584
Mining operations: 10
ITER 152 DATA_MINING TOOK 0.031091
ITER 369 DATA_MINING TOOK 0.071546
ITER 497 DATA_MINING TOOK 0.283711
ITER 782 DATA_MINING TOOK 1.463110
ITER 1442 DATA_MINING TOOK 0.067559
ITER 2422 DATA_MINING TOOK 0.028969
ITER 3057 DATA_MINING TOOK 0.049956
ITER 3868 DATA_MINING TOOK 0.129194
ITER 4479 DATA_MINING TOOK 0.010754
ITER 5520 DATA_MINING TOOK 0.015070

Total iterations: 12683
Mining operations: 10

Execution Summary:
  Instance: instances/MDG-b/MDG-b_22_n2000_m200.txt
  Matrix Size (N): 2000
  Solution Size (M): 200
  Number of Executions: 15
  ------------------------------------
  Average Solution: 11276643.879788
  Best Solution Value: 11283671.844829
  Average Time per Execution: 600.000000 sec
  Best Solution Time: 600.000000 sec
  BKS: 11292398.000000
  Distance to BKS: 8726.155171
  Percentage Distance to BKS: 0.08%
  Average Percentage Distance to BKS: 0.14%

  Details per Execution:
    Exec 1: Solution=11278908.713934, Time=600.000000 sec, Dist BKS=0.07%
    Exec 2: Solution=11271262.723989, Time=600.000000 sec, Dist BKS=0.14%
    Exec 3: Solution=11277978.956511, Time=600.000000 sec, Dist BKS=0.08%
    Exec 4: Solution=11275647.721002, Time=600.000000 sec, Dist BKS=0.10%
    Exec 5: Solution=11272350.010457, Time=600.000000 sec, Dist BKS=0.13%
    Exec 6: Solution=11283671.844829, Time=600.000000 sec, Dist BKS=0.03%
    Exec 7: Solution=11262774.548646, Time=600.000000 sec, Dist BKS=0.21%
    Exec 8: Solution=11270121.397856, Time=600.000000 sec, Dist BKS=0.15%
    Exec 9: Solution=11279539.563498, Time=600.000000 sec, Dist BKS=0.06%
    Exec 10: Solution=11282705.038219, Time=600.000000 sec, Dist BKS=0.04%
    Exec 11: Solution=11275953.353546, Time=600.000000 sec, Dist BKS=0.10%
    Exec 12: Solution=11283561.232684, Time=600.000000 sec, Dist BKS=0.03%
    Exec 13: Solution=11281510.310067, Time=600.000000 sec, Dist BKS=0.05%
    Exec 14: Solution=11273603.106347, Time=600.000000 sec, Dist BKS=0.12%
    Exec 15: Solution=11280069.675241, Time=600.000000 sec, Dist BKS=0.06%
