SOLUTION START
	Parameters used:
	instance = instances/MDG-b/MDG-b_28_n2000_m200.txt
	solution_size = 200
	meta_heuristic = mdm-grasp

ITER 223 DATA_MINING TOOK 0.040369
ITER 423 DATA_MINING TOOK 0.126466
ITER 556 DATA_MINING TOOK 0.195641
ITER 668 DATA_MINING TOOK 2.117941
ITER 699 DATA_MINING TOOK 4.247823
ITER 794 DATA_MINING TOOK 0.978908
ITER 955 DATA_MINING TOOK 0.068581
ITER 1333 DATA_MINING TOOK 0.114476
ITER 2344 DATA_MINING TOOK 0.029598
ITER 2631 DATA_MINING TOOK 0.067464
ITER 3150 DATA_MINING TOOK 0.093997
ITER 3478 DATA_MINING TOOK 0.104086
ITER 3810 DATA_MINING TOOK 0.103253
ITER 4060 DATA_MINING TOOK 0.055714
ITER 4364 DATA_MINING TOOK 0.190956

Total iterations: 4437
Mining operations: 15
ITER 279 DATA_MINING TOOK 0.043428
ITER 478 DATA_MINING TOOK 0.153055
ITER 644 DATA_MINING TOOK 1.782611
ITER 936 DATA_MINING TOOK 2.315355
ITER 1215 DATA_MINING TOOK 4.814479
ITER 1610 DATA_MINING TOOK 0.010264
ITER 2292 DATA_MINING TOOK 0.004308
ITER 3201 DATA_MINING TOOK 0.005876
ITER 4259 DATA_MINING TOOK 0.007385

Total iterations: 15998
Mining operations: 9
ITER 179 DATA_MINING TOOK 0.023925
ITER 529 DATA_MINING TOOK 0.202839
ITER 749 DATA_MINING TOOK 0.396325
ITER 856 DATA_MINING TOOK 0.332519
ITER 982 DATA_MINING TOOK 1.460376
ITER 1220 DATA_MINING TOOK 0.075771
ITER 2095 DATA_MINING TOOK 0.008420
ITER 2652 DATA_MINING TOOK 0.006837

Total iterations: 12693
Mining operations: 8
ITER 141 DATA_MINING TOOK 0.028342
ITER 286 DATA_MINING TOOK 0.114401
ITER 423 DATA_MINING TOOK 0.309587
ITER 701 DATA_MINING TOOK 3.230505
ITER 970 DATA_MINING TOOK 0.258482
ITER 1284 DATA_MINING TOOK 0.367230
ITER 1946 DATA_MINING TOOK 0.036623
ITER 2240 DATA_MINING TOOK 0.047871
ITER 2574 DATA_MINING TOOK 0.025402

Total iterations: 8130
Mining operations: 9
ITER 128 DATA_MINING TOOK 0.028708
ITER 562 DATA_MINING TOOK 0.117349
ITER 739 DATA_MINING TOOK 0.329599
ITER 1118 DATA_MINING TOOK 1.852232
ITER 2126 DATA_MINING TOOK 0.014390
ITER 3028 DATA_MINING TOOK 0.007246

Total iterations: 21651
Mining operations: 6
ITER 180 DATA_MINING TOOK 0.039352
ITER 263 DATA_MINING TOOK 0.143208
ITER 744 DATA_MINING TOOK 0.370856
ITER 1037 DATA_MINING TOOK 0.530521
ITER 1280 DATA_MINING TOOK 1.037637
ITER 1707 DATA_MINING TOOK 2.411278
ITER 2689 DATA_MINING TOOK 0.195843
ITER 3554 DATA_MINING TOOK 0.013412
ITER 5194 DATA_MINING TOOK 0.012209

Total iterations: 10440
Mining operations: 9
ITER 286 DATA_MINING TOOK 0.030894
ITER 472 DATA_MINING TOOK 0.046069
ITER 721 DATA_MINING TOOK 0.555585
ITER 1063 DATA_MINING TOOK 2.680809
ITER 1692 DATA_MINING TOOK 0.801830
ITER 2618 DATA_MINING TOOK 0.140829
ITER 3056 DATA_MINING TOOK 0.026508
ITER 3568 DATA_MINING TOOK 0.007349
ITER 4240 DATA_MINING TOOK 0.035001
ITER 5918 DATA_MINING TOOK 0.025491

Total iterations: 7372
Mining operations: 10
ITER 196 DATA_MINING TOOK 0.016564
ITER 360 DATA_MINING TOOK 0.425832
ITER 802 DATA_MINING TOOK 21.655580
ITER 1557 DATA_MINING TOOK 0.080017
ITER 2477 DATA_MINING TOOK 0.006896
ITER 3338 DATA_MINING TOOK 0.007703

Total iterations: 17339
Mining operations: 6
ITER 216 DATA_MINING TOOK 0.034695
ITER 474 DATA_MINING TOOK 0.118592
ITER 782 DATA_MINING TOOK 0.420450
ITER 1362 DATA_MINING TOOK 1.835972
ITER 2125 DATA_MINING TOOK 0.272861
ITER 3662 DATA_MINING TOOK 0.037406
ITER 4489 DATA_MINING TOOK 0.014241
ITER 5667 DATA_MINING TOOK 0.029141
ITER 6232 DATA_MINING TOOK 0.044509

Total iterations: 7935
Mining operations: 9
ITER 209 DATA_MINING TOOK 0.057291
ITER 451 DATA_MINING TOOK 0.257110
ITER 731 DATA_MINING TOOK 0.781445
ITER 942 DATA_MINING TOOK 0.569764
ITER 1265 DATA_MINING TOOK 0.046804
ITER 2183 DATA_MINING TOOK 0.055883
ITER 2905 DATA_MINING TOOK 0.097904
ITER 9390 DATA_MINING TOOK 0.061257
ITER 10665 DATA_MINING TOOK 0.042781

Total iterations: 14729
Mining operations: 9
ITER 281 DATA_MINING TOOK 0.024973
ITER 371 DATA_MINING TOOK 0.058926
ITER 501 DATA_MINING TOOK 0.461848
ITER 891 DATA_MINING TOOK 18.990444
ITER 1322 DATA_MINING TOOK 7.623007
ITER 2079 DATA_MINING TOOK 0.578971
ITER 3028 DATA_MINING TOOK 0.296570
ITER 3875 DATA_MINING TOOK 0.009648

Total iterations: 4869
Mining operations: 8
ITER 318 DATA_MINING TOOK 0.050750
ITER 600 DATA_MINING TOOK 0.126021
ITER 854 DATA_MINING TOOK 0.174390
ITER 945 DATA_MINING TOOK 0.180259
ITER 1076 DATA_MINING TOOK 0.274646
ITER 1556 DATA_MINING TOOK 1.324841
ITER 2407 DATA_MINING TOOK 0.027467
ITER 4538 DATA_MINING TOOK 0.050526

Total iterations: 7524
Mining operations: 8
ITER 185 DATA_MINING TOOK 0.051422
ITER 382 DATA_MINING TOOK 0.792730
ITER 782 DATA_MINING TOOK 4.339277
ITER 979 DATA_MINING TOOK 9.032360
ITER 1519 DATA_MINING TOOK 0.014252
ITER 3491 DATA_MINING TOOK 0.055395
ITER 4166 DATA_MINING TOOK 0.010034
ITER 5581 DATA_MINING TOOK 0.022190
ITER 8282 DATA_MINING TOOK 0.021479
ITER 9646 DATA_MINING TOOK 0.023673

Total iterations: 10173
Mining operations: 10
ITER 175 DATA_MINING TOOK 0.112504
ITER 234 DATA_MINING TOOK 0.595080
ITER 258 DATA_MINING TOOK 1.061408
ITER 355 DATA_MINING TOOK 4.017298
ITER 538 DATA_MINING TOOK 9.652647
ITER 634 DATA_MINING TOOK 1.467049
ITER 839 DATA_MINING TOOK 0.063758
ITER 1593 DATA_MINING TOOK 1.781090
ITER 1986 DATA_MINING TOOK 0.262475

Total iterations: 2312
Mining operations: 9
ITER 128 DATA_MINING TOOK 0.088974
ITER 233 DATA_MINING TOOK 0.535716
ITER 303 DATA_MINING TOOK 1.040402
ITER 352 DATA_MINING TOOK 1.133803
ITER 532 DATA_MINING TOOK 1.478330
ITER 632 DATA_MINING TOOK 1.980223
ITER 713 DATA_MINING TOOK 2.463359
ITER 929 DATA_MINING TOOK 14.914629
ITER 1293 DATA_MINING TOOK 0.154281

Total iterations: 2304
Mining operations: 9

Execution Summary:
  Instance: instances/MDG-b/MDG-b_28_n2000_m200.txt
  Matrix Size (N): 2000
  Solution Size (M): 200
  Number of Executions: 15
  ------------------------------------
  Average Solution: 11273893.760970
  Best Solution Value: 11281180.939820
  Average Time per Execution: 600.000000 sec
  Best Solution Time: 600.000000 sec
  BKS: 11282911.000000
  Distance to BKS: -1264.939820
  Percentage Distance to BKS: -0.01%
  Average Percentage Distance to BKS: 0.08%

  Details per Execution:
    Exec 1: Solution=11275258.169967, Time=600.000000 sec, Dist BKS=0.04%
    Exec 2: Solution=11275012.381364, Time=600.000000 sec, Dist BKS=0.04%
    Exec 3: Solution=11270581.411963, Time=600.000000 sec, Dist BKS=0.08%
    Exec 4: Solution=11278875.190928, Time=600.000000 sec, Dist BKS=0.01%
    Exec 5: Solution=11274765.493435, Time=600.000000 sec, Dist BKS=0.05%
    Exec 6: Solution=11281180.939820, Time=600.000000 sec, Dist BKS=-0.01%
    Exec 7: Solution=11271822.139080, Time=600.000000 sec, Dist BKS=0.07%
    Exec 8: Solution=11272645.396407, Time=600.000000 sec, Dist BKS=0.06%
    Exec 9: Solution=11273510.971749, Time=600.000000 sec, Dist BKS=0.06%
    Exec 10: Solution=11261797.352517, Time=600.000000 sec, Dist BKS=0.16%
    Exec 11: Solution=11280142.744116, Time=600.000000 sec, Dist BKS=-0.00%
    Exec 12: Solution=11280456.549801, Time=600.000000 sec, Dist BKS=-0.00%
    Exec 13: Solution=11280008.203597, Time=600.000000 sec, Dist BKS=-0.00%
    Exec 14: Solution=11263005.619192, Time=600.000000 sec, Dist BKS=0.15%
    Exec 15: Solution=11269343.850611, Time=600.000000 sec, Dist BKS=0.09%
