SOLUTION START
	Parameters used:
	instance = instances/MDG-b/MDG-b_38_n2000_m200.txt
	solution_size = 200
	meta_heuristic = mdm-grasp

ITER 275 DATA_MINING TOOK 0.030480
ITER 421 DATA_MINING TOOK 0.430838
ITER 633 DATA_MINING TOOK 2.560117
ITER 994 DATA_MINING TOOK 8.321588
ITER 1516 DATA_MINING TOOK 0.321822
ITER 2004 DATA_MINING TOOK 0.009205
ITER 3608 DATA_MINING TOOK 0.004789

Total iterations: 15924
Mining operations: 7
ITER 84 DATA_MINING TOOK 0.070332
ITER 407 DATA_MINING TOOK 0.577231
ITER 656 DATA_MINING TOOK 23.494694
ITER 1052 DATA_MINING TOOK 0.198638
ITER 1913 DATA_MINING TOOK 0.012215
ITER 2701 DATA_MINING TOOK 0.004686

Total iterations: 24542
Mining operations: 6
ITER 125 DATA_MINING TOOK 0.050190
ITER 404 DATA_MINING TOOK 1.124567
ITER 591 DATA_MINING TOOK 1.642189
ITER 802 DATA_MINING TOOK 0.544639
ITER 1250 DATA_MINING TOOK 0.423705
ITER 1919 DATA_MINING TOOK 0.028243
ITER 2895 DATA_MINING TOOK 0.014069

Total iterations: 17447
Mining operations: 7
ITER 155 DATA_MINING TOOK 0.073504
ITER 507 DATA_MINING TOOK 3.523404
ITER 777 DATA_MINING TOOK 14.975682
ITER 1196 DATA_MINING TOOK 0.475597
ITER 1531 DATA_MINING TOOK 0.143004
ITER 1945 DATA_MINING TOOK 0.434940
ITER 2465 DATA_MINING TOOK 0.176739
ITER 2637 DATA_MINING TOOK 0.118743
ITER 2795 DATA_MINING TOOK 0.090968
ITER 3196 DATA_MINING TOOK 0.216417
ITER 3563 DATA_MINING TOOK 0.126922
ITER 4001 DATA_MINING TOOK 0.006255

Total iterations: 4675
Mining operations: 12
ITER 123 DATA_MINING TOOK 0.063962
ITER 405 DATA_MINING TOOK 2.143445
ITER 816 DATA_MINING TOOK 6.453015
ITER 1077 DATA_MINING TOOK 0.225915
ITER 1497 DATA_MINING TOOK 0.025917
ITER 2109 DATA_MINING TOOK 0.018122
ITER 2731 DATA_MINING TOOK 0.015069
ITER 3288 DATA_MINING TOOK 0.006465
ITER 4592 DATA_MINING TOOK 0.000000
ITER 5516 DATA_MINING TOOK 0.012933
ITER 7258 DATA_MINING TOOK 0.015633

Total iterations: 18334
Mining operations: 11
ITER 141 DATA_MINING TOOK 0.046922
ITER 399 DATA_MINING TOOK 0.202279
ITER 696 DATA_MINING TOOK 0.907323
ITER 1094 DATA_MINING TOOK 0.364382
ITER 1284 DATA_MINING TOOK 0.566044
ITER 1656 DATA_MINING TOOK 0.620675
ITER 2877 DATA_MINING TOOK 0.006096
ITER 3872 DATA_MINING TOOK 0.011992
ITER 5161 DATA_MINING TOOK 0.009088
ITER 6304 DATA_MINING TOOK 0.005181

Total iterations: 8114
Mining operations: 10
ITER 204 DATA_MINING TOOK 0.040945
ITER 272 DATA_MINING TOOK 0.400868
ITER 547 DATA_MINING TOOK 1.964232
ITER 978 DATA_MINING TOOK 1.301661
ITER 1870 DATA_MINING TOOK 0.016484
ITER 2421 DATA_MINING TOOK 0.006646
ITER 3506 DATA_MINING TOOK 0.016374
ITER 4194 DATA_MINING TOOK 0.015725

Total iterations: 14812
Mining operations: 8
ITER 305 DATA_MINING TOOK 0.037975
ITER 583 DATA_MINING TOOK 0.302636
ITER 828 DATA_MINING TOOK 3.891745
ITER 1330 DATA_MINING TOOK 3.377453
ITER 1624 DATA_MINING TOOK 0.449582
ITER 1956 DATA_MINING TOOK 0.016006
ITER 2637 DATA_MINING TOOK 0.138812
ITER 3031 DATA_MINING TOOK 0.021150
ITER 3871 DATA_MINING TOOK 0.015419

Total iterations: 6463
Mining operations: 9
ITER 176 DATA_MINING TOOK 0.113403
ITER 374 DATA_MINING TOOK 0.799584
ITER 769 DATA_MINING TOOK 10.878604
ITER 1472 DATA_MINING TOOK 0.374712
ITER 2049 DATA_MINING TOOK 0.040916
ITER 3216 DATA_MINING TOOK 0.051051

Total iterations: 17712
Mining operations: 6
ITER 120 DATA_MINING TOOK 0.034502
ITER 221 DATA_MINING TOOK 0.097946
ITER 480 DATA_MINING TOOK 1.360108
ITER 715 DATA_MINING TOOK 2.121547
ITER 1556 DATA_MINING TOOK 1.367750
ITER 2064 DATA_MINING TOOK 0.501628
ITER 3081 DATA_MINING TOOK 0.072245
ITER 4133 DATA_MINING TOOK 0.008927
ITER 4494 DATA_MINING TOOK 0.006949

Total iterations: 6697
Mining operations: 9
ITER 121 DATA_MINING TOOK 0.043645
ITER 245 DATA_MINING TOOK 0.299243
ITER 511 DATA_MINING TOOK 6.393536
ITER 793 DATA_MINING TOOK 15.933162
ITER 1247 DATA_MINING TOOK 2.367089
ITER 1961 DATA_MINING TOOK 0.021730
ITER 2922 DATA_MINING TOOK 0.020204
ITER 3860 DATA_MINING TOOK 0.051286

Total iterations: 18056
Mining operations: 8
ITER 98 DATA_MINING TOOK 0.070901
ITER 239 DATA_MINING TOOK 0.527248
ITER 377 DATA_MINING TOOK 1.447072
ITER 695 DATA_MINING TOOK 3.452440
ITER 1192 DATA_MINING TOOK 0.117251
ITER 1721 DATA_MINING TOOK 0.012395
ITER 2827 DATA_MINING TOOK 0.010434
ITER 3411 DATA_MINING TOOK 0.006357
ITER 4476 DATA_MINING TOOK 0.010354
ITER 5274 DATA_MINING TOOK 0.018322

Total iterations: 14931
Mining operations: 10
ITER 167 DATA_MINING TOOK 0.054355
ITER 538 DATA_MINING TOOK 0.508315
ITER 745 DATA_MINING TOOK 2.545478
ITER 1157 DATA_MINING TOOK 5.080727
ITER 1892 DATA_MINING TOOK 0.081072
ITER 2419 DATA_MINING TOOK 0.042610
ITER 3029 DATA_MINING TOOK 0.019348
ITER 3420 DATA_MINING TOOK 0.011285
ITER 4916 DATA_MINING TOOK 0.007499
ITER 5232 DATA_MINING TOOK 0.001955
ITER 5609 DATA_MINING TOOK 0.026787

Total iterations: 8009
Mining operations: 11
ITER 156 DATA_MINING TOOK 0.039646
ITER 312 DATA_MINING TOOK 0.130000
ITER 474 DATA_MINING TOOK 0.502408
ITER 591 DATA_MINING TOOK 2.043148
ITER 721 DATA_MINING TOOK 1.510263
ITER 949 DATA_MINING TOOK 1.344609
ITER 1424 DATA_MINING TOOK 0.010896
ITER 2153 DATA_MINING TOOK 0.001900
ITER 3071 DATA_MINING TOOK 0.007349

Total iterations: 19948
Mining operations: 9
ITER 198 DATA_MINING TOOK 0.064362
ITER 428 DATA_MINING TOOK 1.690288
ITER 651 DATA_MINING TOOK 11.648177
ITER 1039 DATA_MINING TOOK 1.997857
ITER 1473 DATA_MINING TOOK 0.515726
ITER 1879 DATA_MINING TOOK 0.603037
ITER 2076 DATA_MINING TOOK 0.229708
ITER 2303 DATA_MINING TOOK 0.341900
ITER 2574 DATA_MINING TOOK 0.920676
ITER 3561 DATA_MINING TOOK 0.055386
ITER 4323 DATA_MINING TOOK 0.009643
ITER 5476 DATA_MINING TOOK 0.009910

Total iterations: 6219
Mining operations: 12

Execution Summary:
  Instance: instances/MDG-b/MDG-b_38_n2000_m200.txt
  Matrix Size (N): 2000
  Solution Size (M): 200
  Number of Executions: 15
  ------------------------------------
  Average Solution: 11287868.476319
  Best Solution Value: 11295254.664371
  Average Time per Execution: 600.000000 sec
  Best Solution Time: 600.000000 sec
  BKS: 11296536.000000
  Distance to BKS: -6683.664371
  Percentage Distance to BKS: -0.06%
  Average Percentage Distance to BKS: 0.08%

  Details per Execution:
    Exec 1: Solution=11288960.219776, Time=600.000000 sec, Dist BKS=-0.00%
    Exec 2: Solution=11288960.219776, Time=600.000000 sec, Dist BKS=-0.00%
    Exec 3: Solution=11285225.602602, Time=600.000000 sec, Dist BKS=0.03%
    Exec 4: Solution=11282194.501742, Time=600.000000 sec, Dist BKS=0.06%
    Exec 5: Solution=11284467.778339, Time=600.000000 sec, Dist BKS=0.04%
    Exec 6: Solution=11287558.079202, Time=600.000000 sec, Dist BKS=0.01%
    Exec 7: Solution=11287636.846345, Time=600.000000 sec, Dist BKS=0.01%
    Exec 8: Solution=11283130.831729, Time=600.000000 sec, Dist BKS=0.05%
    Exec 9: Solution=11295254.664371, Time=600.000000 sec, Dist BKS=-0.06%
    Exec 10: Solution=11284077.699394, Time=600.000000 sec, Dist BKS=0.04%
    Exec 11: Solution=11295254.664371, Time=600.000000 sec, Dist BKS=-0.06%
    Exec 12: Solution=11288916.140342, Time=600.000000 sec, Dist BKS=-0.00%
    Exec 13: Solution=11287903.562869, Time=600.000000 sec, Dist BKS=0.01%
    Exec 14: Solution=11288960.219776, Time=600.000000 sec, Dist BKS=-0.00%
    Exec 15: Solution=11289526.114145, Time=600.000000 sec, Dist BKS=-0.01%
