SOLUTION START
	Parameters used:
	instance = instances/MDG-b/MDG-b_39_n2000_m200.txt
	solution_size = 200
	meta_heuristic = mdm-grasp

ITER 161 DATA_MINING TOOK 0.074591
ITER 475 DATA_MINING TOOK 0.811116
ITER 730 DATA_MINING TOOK 7.723637
ITER 1031 DATA_MINING TOOK 0.653352
ITER 1420 DATA_MINING TOOK 0.042056
ITER 2236 DATA_MINING TOOK 0.009107
ITER 16350 DATA_MINING TOOK 0.044969

Total iterations: 21037
Mining operations: 7
ITER 177 DATA_MINING TOOK 0.025679
ITER 305 DATA_MINING TOOK 0.068523
ITER 462 DATA_MINING TOOK 0.400224
ITER 702 DATA_MINING TOOK 19.948114
ITER 1374 DATA_MINING TOOK 4.955558
ITER 1681 DATA_MINING TOOK 1.027475
ITER 2766 DATA_MINING TOOK 0.034363
ITER 3253 DATA_MINING TOOK 0.193703
ITER 3455 DATA_MINING TOOK 0.227813
ITER 3912 DATA_MINING TOOK 0.410217
ITER 4288 DATA_MINING TOOK 0.318727

Total iterations: 5429
Mining operations: 11
ITER 150 DATA_MINING TOOK 0.046452
ITER 595 DATA_MINING TOOK 0.258289
ITER 912 DATA_MINING TOOK 4.904825
ITER 1448 DATA_MINING TOOK 1.292204
ITER 1778 DATA_MINING TOOK 0.174829
ITER 2467 DATA_MINING TOOK 0.015215
ITER 3028 DATA_MINING TOOK 0.009025

Total iterations: 6751
Mining operations: 7
ITER 118 DATA_MINING TOOK 0.060007
ITER 443 DATA_MINING TOOK 0.385491
ITER 638 DATA_MINING TOOK 1.453674
ITER 975 DATA_MINING TOOK 0.521108
ITER 1254 DATA_MINING TOOK 0.072258
ITER 1591 DATA_MINING TOOK 0.030891
ITER 1724 DATA_MINING TOOK 0.007825
ITER 2233 DATA_MINING TOOK 0.021742
ITER 3246 DATA_MINING TOOK 0.010709
ITER 5018 DATA_MINING TOOK 0.009889

Total iterations: 17289
Mining operations: 10
ITER 244 DATA_MINING TOOK 0.033527
ITER 498 DATA_MINING TOOK 0.435239
ITER 710 DATA_MINING TOOK 5.173928
ITER 1299 DATA_MINING TOOK 1.087349
ITER 1617 DATA_MINING TOOK 0.046800
ITER 2225 DATA_MINING TOOK 0.080393
ITER 2956 DATA_MINING TOOK 0.046564
ITER 3885 DATA_MINING TOOK 0.021066
ITER 4727 DATA_MINING TOOK 0.019892
ITER 5438 DATA_MINING TOOK 0.030720
ITER 5872 DATA_MINING TOOK 0.027852

Total iterations: 8459
Mining operations: 11
ITER 116 DATA_MINING TOOK 0.117637
ITER 397 DATA_MINING TOOK 1.272651
ITER 803 DATA_MINING TOOK 4.436315
ITER 1403 DATA_MINING TOOK 4.481353
ITER 1809 DATA_MINING TOOK 0.059324
ITER 2506 DATA_MINING TOOK 0.045957
ITER 2736 DATA_MINING TOOK 0.012491
ITER 2993 DATA_MINING TOOK 0.019907
ITER 3742 DATA_MINING TOOK 0.013344
ITER 4180 DATA_MINING TOOK 0.000000
ITER 4444 DATA_MINING TOOK 0.007975
ITER 4921 DATA_MINING TOOK 0.006031
ITER 5852 DATA_MINING TOOK 0.007961
ITER 6520 DATA_MINING TOOK 0.007831

Total iterations: 6864
Mining operations: 14
ITER 176 DATA_MINING TOOK 0.061622
ITER 458 DATA_MINING TOOK 0.477049
ITER 714 DATA_MINING TOOK 3.369099
ITER 985 DATA_MINING TOOK 1.340995
ITER 1296 DATA_MINING TOOK 0.268790
ITER 2412 DATA_MINING TOOK 0.012651
ITER 3120 DATA_MINING TOOK 0.005147

Total iterations: 15080
Mining operations: 7
ITER 188 DATA_MINING TOOK 0.077147
ITER 556 DATA_MINING TOOK 0.419858
ITER 727 DATA_MINING TOOK 2.664180
ITER 988 DATA_MINING TOOK 15.435561
ITER 1430 DATA_MINING TOOK 0.187307
ITER 2223 DATA_MINING TOOK 0.070044
ITER 3106 DATA_MINING TOOK 0.061541
ITER 4100 DATA_MINING TOOK 0.021905
ITER 5348 DATA_MINING TOOK 0.032279
ITER 6070 DATA_MINING TOOK 0.024322
ITER 7205 DATA_MINING TOOK 0.087837
ITER 8101 DATA_MINING TOOK 0.058382

Total iterations: 8649
Mining operations: 12
ITER 114 DATA_MINING TOOK 0.035897
ITER 294 DATA_MINING TOOK 0.292850
ITER 644 DATA_MINING TOOK 1.067535
ITER 1056 DATA_MINING TOOK 5.108569
ITER 1350 DATA_MINING TOOK 1.523399
ITER 1926 DATA_MINING TOOK 0.139166
ITER 2300 DATA_MINING TOOK 0.021927
ITER 2683 DATA_MINING TOOK 0.014583
ITER 3203 DATA_MINING TOOK 0.020747

Total iterations: 4256
Mining operations: 9
ITER 201 DATA_MINING TOOK 0.068387
ITER 417 DATA_MINING TOOK 3.401401
ITER 851 DATA_MINING TOOK 1.599884
ITER 1522 DATA_MINING TOOK 0.027126
ITER 2028 DATA_MINING TOOK 0.013619
ITER 2581 DATA_MINING TOOK 0.013013

Total iterations: 15145
Mining operations: 6
ITER 201 DATA_MINING TOOK 0.069469
ITER 577 DATA_MINING TOOK 0.690383
ITER 682 DATA_MINING TOOK 3.486760
ITER 904 DATA_MINING TOOK 1.851688
ITER 1111 DATA_MINING TOOK 1.782182
ITER 1396 DATA_MINING TOOK 1.238348
ITER 1608 DATA_MINING TOOK 0.001056
ITER 2142 DATA_MINING TOOK 0.001366
ITER 2592 DATA_MINING TOOK 0.010116
ITER 2810 DATA_MINING TOOK 0.004543
ITER 3105 DATA_MINING TOOK 0.006837
ITER 3491 DATA_MINING TOOK 0.025687
ITER 3640 DATA_MINING TOOK 0.009230
ITER 3874 DATA_MINING TOOK 0.015328

Total iterations: 6910
Mining operations: 14
ITER 159 DATA_MINING TOOK 0.075496
ITER 289 DATA_MINING TOOK 1.090067
ITER 481 DATA_MINING TOOK 1.246785
ITER 716 DATA_MINING TOOK 0.269219
ITER 1215 DATA_MINING TOOK 1.316875
ITER 1533 DATA_MINING TOOK 0.181529
ITER 1848 DATA_MINING TOOK 0.012177
ITER 2814 DATA_MINING TOOK 0.009432
ITER 3400 DATA_MINING TOOK 0.005564

Total iterations: 10845
Mining operations: 9
ITER 178 DATA_MINING TOOK 0.052553
ITER 436 DATA_MINING TOOK 0.184263
ITER 622 DATA_MINING TOOK 0.793711
ITER 868 DATA_MINING TOOK 0.167631
ITER 1131 DATA_MINING TOOK 0.388155
ITER 2149 DATA_MINING TOOK 0.011078
ITER 2850 DATA_MINING TOOK 0.010305
ITER 4331 DATA_MINING TOOK 0.008489

Total iterations: 12587
Mining operations: 8
ITER 126 DATA_MINING TOOK 0.062361
ITER 383 DATA_MINING TOOK 0.570072
ITER 649 DATA_MINING TOOK 4.942069
ITER 963 DATA_MINING TOOK 3.255685
ITER 1413 DATA_MINING TOOK 0.157052
ITER 2288 DATA_MINING TOOK 0.029644
ITER 4027 DATA_MINING TOOK 0.178666
ITER 4730 DATA_MINING TOOK 0.035914
ITER 5719 DATA_MINING TOOK 0.010939

Total iterations: 14018
Mining operations: 9
ITER 157 DATA_MINING TOOK 0.084055
ITER 456 DATA_MINING TOOK 0.399945
ITER 697 DATA_MINING TOOK 3.455248
ITER 1090 DATA_MINING TOOK 1.676063
ITER 1634 DATA_MINING TOOK 1.760058
ITER 2109 DATA_MINING TOOK 0.141395
ITER 3296 DATA_MINING TOOK 0.003690
ITER 4337 DATA_MINING TOOK 0.004081

Total iterations: 14383
Mining operations: 8

Execution Summary:
  Instance: instances/MDG-b/MDG-b_39_n2000_m200.txt
  Matrix Size (N): 2000
  Solution Size (M): 200
  Number of Executions: 15
  ------------------------------------
  Average Solution: 11285434.699314
  Best Solution Value: 11292589.549485
  Average Time per Execution: 600.000000 sec
  Best Solution Time: 600.000000 sec
  BKS: 11295054.000000
  Distance to BKS: 2464.450515
  Percentage Distance to BKS: 0.02%
  Average Percentage Distance to BKS: 0.09%

  Details per Execution:
    Exec 1: Solution=11292589.549485, Time=600.000000 sec, Dist BKS=0.02%
    Exec 2: Solution=11289221.427605, Time=600.000000 sec, Dist BKS=0.05%
    Exec 3: Solution=11282217.260069, Time=600.000000 sec, Dist BKS=0.11%
    Exec 4: Solution=11284077.660725, Time=600.000000 sec, Dist BKS=0.10%
    Exec 5: Solution=11278587.252904, Time=600.000000 sec, Dist BKS=0.15%
    Exec 6: Solution=11284274.186038, Time=600.000000 sec, Dist BKS=0.10%
    Exec 7: Solution=11280198.549103, Time=600.000000 sec, Dist BKS=0.13%
    Exec 8: Solution=11290066.121406, Time=600.000000 sec, Dist BKS=0.04%
    Exec 9: Solution=11277898.066192, Time=600.000000 sec, Dist BKS=0.15%
    Exec 10: Solution=11290502.700509, Time=600.000000 sec, Dist BKS=0.04%
    Exec 11: Solution=11282687.239241, Time=600.000000 sec, Dist BKS=0.11%
    Exec 12: Solution=11283275.798882, Time=600.000000 sec, Dist BKS=0.10%
    Exec 13: Solution=11289374.621544, Time=600.000000 sec, Dist BKS=0.05%
    Exec 14: Solution=11290553.768998, Time=600.000000 sec, Dist BKS=0.04%
    Exec 15: Solution=11285996.287014, Time=600.000000 sec, Dist BKS=0.08%
