SOLUTION START
	Parameters used:
	instance = instances/MDG-b/MDG-b_29_n2000_m200.txt
	solution_size = 200
	meta_heuristic = mdm-grasp

ITER 178 DATA_MINING TOOK 0.078407
ITER 279 DATA_MINING TOOK 1.859364
ITER 600 DATA_MINING TOOK 4.272209
ITER 929 DATA_MINING TOOK 1.320541
ITER 1521 DATA_MINING TOOK 0.052988
ITER 2632 DATA_MINING TOOK 0.009295
ITER 3595 DATA_MINING TOOK 0.013967
ITER 5085 DATA_MINING TOOK 0.018873

Total iterations: 10760
Mining operations: 8
ITER 147 DATA_MINING TOOK 0.028631
ITER 547 DATA_MINING TOOK 0.445608
ITER 823 DATA_MINING TOOK 1.187791
ITER 1141 DATA_MINING TOOK 0.893155
ITER 1710 DATA_MINING TOOK 2.012363
ITER 2270 DATA_MINING TOOK 0.134261
ITER 3352 DATA_MINING TOOK 0.519213
ITER 3967 DATA_MINING TOOK 0.040406

Total iterations: 4028
Mining operations: 8
ITER 207 DATA_MINING TOOK 0.037922
ITER 363 DATA_MINING TOOK 0.221804
ITER 673 DATA_MINING TOOK 7.437591
ITER 1005 DATA_MINING TOOK 1.860703
ITER 1148 DATA_MINING TOOK 1.018063
ITER 1440 DATA_MINING TOOK 0.087884
ITER 1839 DATA_MINING TOOK 0.167488
ITER 2822 DATA_MINING TOOK 0.009639
ITER 3644 DATA_MINING TOOK 0.021238
ITER 5467 DATA_MINING TOOK 0.013074
ITER 6515 DATA_MINING TOOK 0.013680

Total iterations: 12316
Mining operations: 11
ITER 220 DATA_MINING TOOK 0.127538
ITER 381 DATA_MINING TOOK 0.922058
ITER 453 DATA_MINING TOOK 0.621822
ITER 678 DATA_MINING TOOK 1.208273
ITER 1198 DATA_MINING TOOK 0.319087
ITER 2012 DATA_MINING TOOK 0.029414
ITER 3468 DATA_MINING TOOK 0.089359
ITER 3826 DATA_MINING TOOK 0.080841
ITER 4046 DATA_MINING TOOK 0.060861
ITER 4414 DATA_MINING TOOK 0.146524
ITER 4754 DATA_MINING TOOK 0.075528

Total iterations: 5228
Mining operations: 11
ITER 70 DATA_MINING TOOK 0.550080
ITER 175 DATA_MINING TOOK 3.400104
ITER 297 DATA_MINING TOOK 22.469908
ITER 388 DATA_MINING TOOK 36.735945
ITER 535 DATA_MINING TOOK 6.807202
ITER 783 DATA_MINING TOOK 0.229494
ITER 991 DATA_MINING TOOK 0.109313
ITER 1278 DATA_MINING TOOK 0.144966
ITER 1350 DATA_MINING TOOK 0.173319
ITER 1684 DATA_MINING TOOK 0.254388

Total iterations: 1728
Mining operations: 10
ITER 110 DATA_MINING TOOK 0.110615
ITER 204 DATA_MINING TOOK 0.350824
ITER 302 DATA_MINING TOOK 1.296445
ITER 407 DATA_MINING TOOK 2.711618
ITER 450 DATA_MINING TOOK 2.757766
ITER 530 DATA_MINING TOOK 14.483768
ITER 915 DATA_MINING TOOK 0.167098
ITER 1671 DATA_MINING TOOK 0.013753
ITER 2248 DATA_MINING TOOK 0.019761
ITER 2790 DATA_MINING TOOK 0.021389
ITER 3076 DATA_MINING TOOK 0.046988
ITER 3248 DATA_MINING TOOK 0.090352
ITER 3605 DATA_MINING TOOK 0.063460

Total iterations: 3784
Mining operations: 13
ITER 232 DATA_MINING TOOK 0.063507
ITER 364 DATA_MINING TOOK 1.314158
ITER 727 DATA_MINING TOOK 8.162477
ITER 1287 DATA_MINING TOOK 0.052783
ITER 2127 DATA_MINING TOOK 0.053491
ITER 2677 DATA_MINING TOOK 0.050931
ITER 4171 DATA_MINING TOOK 0.028135
ITER 4707 DATA_MINING TOOK 0.028519

Total iterations: 9668
Mining operations: 8
ITER 185 DATA_MINING TOOK 0.154410
ITER 441 DATA_MINING TOOK 3.163922
ITER 772 DATA_MINING TOOK 0.826893
ITER 1338 DATA_MINING TOOK 0.007110
ITER 2831 DATA_MINING TOOK 0.007950
ITER 3322 DATA_MINING TOOK 0.006070
ITER 4567 DATA_MINING TOOK 0.004089

Total iterations: 11994
Mining operations: 7
ITER 167 DATA_MINING TOOK 0.088805
ITER 434 DATA_MINING TOOK 5.523214
ITER 771 DATA_MINING TOOK 5.316311
ITER 1305 DATA_MINING TOOK 0.306057
ITER 1825 DATA_MINING TOOK 0.216563
ITER 2730 DATA_MINING TOOK 0.014499
ITER 3676 DATA_MINING TOOK 0.019071
ITER 5226 DATA_MINING TOOK 0.004467

Total iterations: 9176
Mining operations: 8
ITER 132 DATA_MINING TOOK 0.031372
ITER 244 DATA_MINING TOOK 0.846733
ITER 446 DATA_MINING TOOK 5.159166
ITER 763 DATA_MINING TOOK 13.707287
ITER 921 DATA_MINING TOOK 6.187312
ITER 1333 DATA_MINING TOOK 0.451164
ITER 1909 DATA_MINING TOOK 0.064291
ITER 2429 DATA_MINING TOOK 0.018885
ITER 3310 DATA_MINING TOOK 0.008523
ITER 3883 DATA_MINING TOOK 0.005987

Total iterations: 12347
Mining operations: 10
ITER 161 DATA_MINING TOOK 0.077114
ITER 419 DATA_MINING TOOK 0.716637
ITER 1011 DATA_MINING TOOK 1.345104
ITER 1409 DATA_MINING TOOK 8.542266
ITER 1838 DATA_MINING TOOK 2.507368
ITER 2744 DATA_MINING TOOK 0.037000
ITER 4135 DATA_MINING TOOK 0.008365
ITER 5774 DATA_MINING TOOK 0.006745

Total iterations: 7122
Mining operations: 8
ITER 220 DATA_MINING TOOK 0.035260
ITER 433 DATA_MINING TOOK 0.126801
ITER 579 DATA_MINING TOOK 0.331741
ITER 767 DATA_MINING TOOK 0.845498
ITER 979 DATA_MINING TOOK 1.583769
ITER 1505 DATA_MINING TOOK 2.066989
ITER 1907 DATA_MINING TOOK 2.893733
ITER 2375 DATA_MINING TOOK 0.014447
ITER 2978 DATA_MINING TOOK 0.006467
ITER 3510 DATA_MINING TOOK 0.010796

Total iterations: 5432
Mining operations: 10
ITER 182 DATA_MINING TOOK 0.070243
ITER 327 DATA_MINING TOOK 1.112135
ITER 481 DATA_MINING TOOK 3.158078
ITER 845 DATA_MINING TOOK 6.665889
ITER 1228 DATA_MINING TOOK 0.052412
ITER 1807 DATA_MINING TOOK 0.038651
ITER 3910 DATA_MINING TOOK 0.097621
ITER 4424 DATA_MINING TOOK 0.031229
ITER 5002 DATA_MINING TOOK 0.018272
ITER 6358 DATA_MINING TOOK 0.022299

Total iterations: 11816
Mining operations: 10
ITER 226 DATA_MINING TOOK 0.057645
ITER 364 DATA_MINING TOOK 0.187412
ITER 555 DATA_MINING TOOK 0.862459
ITER 778 DATA_MINING TOOK 22.173680
ITER 1268 DATA_MINING TOOK 0.219208
ITER 1962 DATA_MINING TOOK 0.046619
ITER 2554 DATA_MINING TOOK 0.013049
ITER 3814 DATA_MINING TOOK 0.030545

Total iterations: 12914
Mining operations: 8
ITER 270 DATA_MINING TOOK 0.047366
ITER 540 DATA_MINING TOOK 0.187235
ITER 773 DATA_MINING TOOK 2.459040
ITER 1235 DATA_MINING TOOK 1.334024
ITER 1840 DATA_MINING TOOK 1.270653
ITER 2294 DATA_MINING TOOK 0.063566
ITER 2992 DATA_MINING TOOK 0.069505
ITER 3357 DATA_MINING TOOK 0.025225

Total iterations: 6233
Mining operations: 8

Execution Summary:
  Instance: instances/MDG-b/MDG-b_29_n2000_m200.txt
  Matrix Size (N): 2000
  Solution Size (M): 200
  Number of Executions: 15
  ------------------------------------
  Average Solution: 11288032.578551
  Best Solution Value: 11291766.795303
  Average Time per Execution: 600.000000 sec
  Best Solution Time: 600.000000 sec
  BKS: 11297339.000000
  Distance to BKS: 5572.204697
  Percentage Distance to BKS: 0.05%
  Average Percentage Distance to BKS: 0.08%

  Details per Execution:
    Exec 1: Solution=11284856.867495, Time=600.000000 sec, Dist BKS=0.11%
    Exec 2: Solution=11288105.759289, Time=600.000000 sec, Dist BKS=0.08%
    Exec 3: Solution=11291766.795303, Time=600.000000 sec, Dist BKS=0.05%
    Exec 4: Solution=11286380.635229, Time=600.000000 sec, Dist BKS=0.10%
    Exec 5: Solution=11288359.339044, Time=600.000000 sec, Dist BKS=0.08%
    Exec 6: Solution=11288342.668725, Time=600.000000 sec, Dist BKS=0.08%
    Exec 7: Solution=11288900.355040, Time=600.000000 sec, Dist BKS=0.07%
    Exec 8: Solution=11287045.298435, Time=600.000000 sec, Dist BKS=0.09%
    Exec 9: Solution=11286414.948375, Time=600.000000 sec, Dist BKS=0.10%
    Exec 10: Solution=11289200.886612, Time=600.000000 sec, Dist BKS=0.07%
    Exec 11: Solution=11284117.306758, Time=600.000000 sec, Dist BKS=0.12%
    Exec 12: Solution=11289342.677854, Time=600.000000 sec, Dist BKS=0.07%
    Exec 13: Solution=11287825.649296, Time=600.000000 sec, Dist BKS=0.08%
    Exec 14: Solution=11291009.574219, Time=600.000000 sec, Dist BKS=0.05%
    Exec 15: Solution=11288819.916584, Time=600.000000 sec, Dist BKS=0.07%
