SOLUTION START
	Parameters used:
	instance = instances/MDG-b/MDG-b_21_n2000_m200.txt
	solution_size = 200
	meta_heuristic = mdm-grasp

ITER 210 DATA_MINING TOOK 0.077287
ITER 531 DATA_MINING TOOK 0.395251
ITER 771 DATA_MINING TOOK 5.019688
ITER 1213 DATA_MINING TOOK 0.248522
ITER 1948 DATA_MINING TOOK 0.192639
ITER 2635 DATA_MINING TOOK 0.009493
ITER 3376 DATA_MINING TOOK 0.006145
ITER 11676 DATA_MINING TOOK 0.012497

Total iterations: 11925
Mining operations: 8
ITER 259 DATA_MINING TOOK 0.123805
ITER 463 DATA_MINING TOOK 0.572541
ITER 703 DATA_MINING TOOK 3.910580
ITER 920 DATA_MINING TOOK 0.282784
ITER 1242 DATA_MINING TOOK 0.321357
ITER 1911 DATA_MINING TOOK 0.267557
ITER 2953 DATA_MINING TOOK 0.022620
ITER 3870 DATA_MINING TOOK 0.033256
ITER 4422 DATA_MINING TOOK 0.013998

Total iterations: 9123
Mining operations: 9
ITER 222 DATA_MINING TOOK 0.090022
ITER 472 DATA_MINING TOOK 1.112722
ITER 672 DATA_MINING TOOK 1.220571
ITER 1080 DATA_MINING TOOK 1.995293
ITER 1463 DATA_MINING TOOK 1.988328
ITER 2522 DATA_MINING TOOK 0.251131
ITER 3105 DATA_MINING TOOK 0.008085
ITER 4155 DATA_MINING TOOK 0.017642
ITER 4928 DATA_MINING TOOK 0.008722
ITER 6137 DATA_MINING TOOK 0.009408

Total iterations: 9668
Mining operations: 10
ITER 116 DATA_MINING TOOK 0.127125
ITER 307 DATA_MINING TOOK 1.692116
ITER 552 DATA_MINING TOOK 3.388821
ITER 1081 DATA_MINING TOOK 1.481479
ITER 1584 DATA_MINING TOOK 0.417958
ITER 2183 DATA_MINING TOOK 0.001492
ITER 2376 DATA_MINING TOOK 0.038646
ITER 2614 DATA_MINING TOOK 0.027952
ITER 3666 DATA_MINING TOOK 0.052795
ITER 6432 DATA_MINING TOOK 0.055964
ITER 6999 DATA_MINING TOOK 0.045224

Total iterations: 11878
Mining operations: 11
ITER 182 DATA_MINING TOOK 0.055707
ITER 311 DATA_MINING TOOK 0.266414
ITER 485 DATA_MINING TOOK 0.608941
ITER 717 DATA_MINING TOOK 1.171906
ITER 901 DATA_MINING TOOK 1.017477
ITER 1249 DATA_MINING TOOK 0.128567
ITER 1560 DATA_MINING TOOK 0.118184
ITER 2152 DATA_MINING TOOK 0.025456
ITER 3389 DATA_MINING TOOK 0.014801
ITER 4742 DATA_MINING TOOK 0.022691

Total iterations: 8233
Mining operations: 10
ITER 226 DATA_MINING TOOK 0.058866
ITER 408 DATA_MINING TOOK 0.232987
ITER 551 DATA_MINING TOOK 0.364197
ITER 1155 DATA_MINING TOOK 1.551080
ITER 1638 DATA_MINING TOOK 1.659480
ITER 2012 DATA_MINING TOOK 0.534390
ITER 2613 DATA_MINING TOOK 0.998574

Total iterations: 3157
Mining operations: 7
ITER 185 DATA_MINING TOOK 0.104504
ITER 351 DATA_MINING TOOK 1.271398
ITER 496 DATA_MINING TOOK 3.820671
ITER 701 DATA_MINING TOOK 2.976295
ITER 1096 DATA_MINING TOOK 0.603472
ITER 1379 DATA_MINING TOOK 0.138432
ITER 2133 DATA_MINING TOOK 0.004772
ITER 3206 DATA_MINING TOOK 0.054704
ITER 3914 DATA_MINING TOOK 0.000000
ITER 4848 DATA_MINING TOOK 0.010748
ITER 6552 DATA_MINING TOOK 0.014142
ITER 6931 DATA_MINING TOOK 0.022238

Total iterations: 8905
Mining operations: 12
ITER 83 DATA_MINING TOOK 0.096242
ITER 265 DATA_MINING TOOK 0.381284
ITER 371 DATA_MINING TOOK 1.808160
ITER 679 DATA_MINING TOOK 10.213613
ITER 1065 DATA_MINING TOOK 0.517494
ITER 1472 DATA_MINING TOOK 0.065692
ITER 1886 DATA_MINING TOOK 0.014412
ITER 2365 DATA_MINING TOOK 0.004645
ITER 3681 DATA_MINING TOOK 0.005192

Total iterations: 19811
Mining operations: 9
ITER 162 DATA_MINING TOOK 0.081074
ITER 348 DATA_MINING TOOK 2.941286
ITER 791 DATA_MINING TOOK 1.005945
ITER 1676 DATA_MINING TOOK 0.015855
ITER 2759 DATA_MINING TOOK 0.019646
ITER 4258 DATA_MINING TOOK 0.005917
ITER 5392 DATA_MINING TOOK 0.009594
ITER 8474 DATA_MINING TOOK 0.009493
ITER 15601 DATA_MINING TOOK 0.009428

Total iterations: 20632
Mining operations: 9
ITER 210 DATA_MINING TOOK 0.055756
ITER 537 DATA_MINING TOOK 0.292607
ITER 755 DATA_MINING TOOK 1.252513
ITER 1039 DATA_MINING TOOK 3.210671
ITER 1668 DATA_MINING TOOK 0.242355
ITER 2602 DATA_MINING TOOK 0.027016
ITER 4086 DATA_MINING TOOK 0.033220
ITER 4973 DATA_MINING TOOK 0.009925
ITER 5847 DATA_MINING TOOK 0.005204
ITER 7174 DATA_MINING TOOK 0.012880

Total iterations: 7956
Mining operations: 10
ITER 163 DATA_MINING TOOK 0.063010
ITER 385 DATA_MINING TOOK 0.252425
ITER 704 DATA_MINING TOOK 0.742572
ITER 1093 DATA_MINING TOOK 6.546575
ITER 1566 DATA_MINING TOOK 0.139798
ITER 1921 DATA_MINING TOOK 0.003177
ITER 2558 DATA_MINING TOOK 0.038871
ITER 3069 DATA_MINING TOOK 0.026147
ITER 3492 DATA_MINING TOOK 0.012922
ITER 4727 DATA_MINING TOOK 0.016922

Total iterations: 5884
Mining operations: 10
ITER 229 DATA_MINING TOOK 0.117914
ITER 449 DATA_MINING TOOK 1.308750
ITER 979 DATA_MINING TOOK 14.956514
ITER 1258 DATA_MINING TOOK 0.511898
ITER 2518 DATA_MINING TOOK 0.173803
ITER 2898 DATA_MINING TOOK 0.002597
ITER 3642 DATA_MINING TOOK 0.004286
ITER 4403 DATA_MINING TOOK 0.002843
ITER 5374 DATA_MINING TOOK 0.003630

Total iterations: 12105
Mining operations: 9
ITER 194 DATA_MINING TOOK 0.091703
ITER 415 DATA_MINING TOOK 0.562830
ITER 782 DATA_MINING TOOK 2.201971
ITER 1044 DATA_MINING TOOK 6.378718
ITER 1211 DATA_MINING TOOK 0.830439
ITER 2103 DATA_MINING TOOK 0.038225
ITER 3187 DATA_MINING TOOK 0.006582
ITER 3690 DATA_MINING TOOK 0.010791
ITER 4404 DATA_MINING TOOK 0.011081
ITER 4965 DATA_MINING TOOK 0.053909
ITER 5234 DATA_MINING TOOK 0.066677
ITER 5788 DATA_MINING TOOK 0.014767

Total iterations: 7307
Mining operations: 12
ITER 196 DATA_MINING TOOK 0.137561
ITER 419 DATA_MINING TOOK 2.115840
ITER 960 DATA_MINING TOOK 1.605101
ITER 1331 DATA_MINING TOOK 0.230252
ITER 1603 DATA_MINING TOOK 0.002026
ITER 1861 DATA_MINING TOOK 0.006028
ITER 2510 DATA_MINING TOOK 0.002608
ITER 6021 DATA_MINING TOOK 0.003347
ITER 6417 DATA_MINING TOOK 0.032365
ITER 6662 DATA_MINING TOOK 0.027946
ITER 6783 DATA_MINING TOOK 0.008449

Total iterations: 7957
Mining operations: 11
ITER 189 DATA_MINING TOOK 0.078391
ITER 489 DATA_MINING TOOK 1.953130
ITER 809 DATA_MINING TOOK 10.394926
ITER 1465 DATA_MINING TOOK 3.626771
ITER 2512 DATA_MINING TOOK 0.098119
ITER 3119 DATA_MINING TOOK 0.257072
ITER 3859 DATA_MINING TOOK 0.013057
ITER 4814 DATA_MINING TOOK 0.011796
ITER 7271 DATA_MINING TOOK 0.002437

Total iterations: 11935
Mining operations: 9

Execution Summary:
  Instance: instances/MDG-b/MDG-b_21_n2000_m200.txt
  Matrix Size (N): 2000
  Solution Size (M): 200
  Number of Executions: 15
  ------------------------------------
  Average Solution: 11290524.618652
  Best Solution Value: 11297105.089086
  Average Time per Execution: 600.000000 sec
  Best Solution Time: 600.000000 sec
  BKS: 11299895.000000
  Distance to BKS: 2789.910914
  Percentage Distance to BKS: 0.02%
  Average Percentage Distance to BKS: 0.08%

  Details per Execution:
    Exec 1: Solution=11295614.402727, Time=600.000000 sec, Dist BKS=0.04%
    Exec 2: Solution=11293409.077326, Time=600.000000 sec, Dist BKS=0.06%
    Exec 3: Solution=11290630.672282, Time=600.000000 sec, Dist BKS=0.08%
    Exec 4: Solution=11284295.924389, Time=600.000000 sec, Dist BKS=0.14%
    Exec 5: Solution=11290394.485371, Time=600.000000 sec, Dist BKS=0.08%
    Exec 6: Solution=11287051.082851, Time=600.000000 sec, Dist BKS=0.11%
    Exec 7: Solution=11288326.969308, Time=600.000000 sec, Dist BKS=0.10%
    Exec 8: Solution=11290116.990012, Time=600.000000 sec, Dist BKS=0.09%
    Exec 9: Solution=11290630.672282, Time=600.000000 sec, Dist BKS=0.08%
    Exec 10: Solution=11296944.123197, Time=600.000000 sec, Dist BKS=0.03%
    Exec 11: Solution=11285139.823193, Time=600.000000 sec, Dist BKS=0.13%
    Exec 12: Solution=11288650.926473, Time=600.000000 sec, Dist BKS=0.10%
    Exec 13: Solution=11297105.089086, Time=600.000000 sec, Dist BKS=0.02%
    Exec 14: Solution=11286755.860665, Time=600.000000 sec, Dist BKS=0.12%
    Exec 15: Solution=11292803.180625, Time=600.000000 sec, Dist BKS=0.06%
