SOLUTION START
	Parameters used:
	instance = instances/MDG-b/MDG-b_32_n2000_m200.txt
	solution_size = 200
	meta_heuristic = mdm-grasp

ITER 200 DATA_MINING TOOK 0.045334
ITER 415 DATA_MINING TOOK 0.547504
ITER 604 DATA_MINING TOOK 10.530770
ITER 988 DATA_MINING TOOK 4.842220
ITER 1324 DATA_MINING TOOK 0.015930
ITER 2016 DATA_MINING TOOK 0.013527
ITER 2720 DATA_MINING TOOK 0.014389

Total iterations: 13085
Mining operations: 7
ITER 144 DATA_MINING TOOK 0.044297
ITER 284 DATA_MINING TOOK 1.559934
ITER 575 DATA_MINING TOOK 7.590671
ITER 976 DATA_MINING TOOK 1.758557
ITER 1315 DATA_MINING TOOK 0.431641
ITER 2156 DATA_MINING TOOK 0.011019
ITER 3243 DATA_MINING TOOK 0.004889
ITER 4352 DATA_MINING TOOK 0.009637

Total iterations: 15120
Mining operations: 8
ITER 121 DATA_MINING TOOK 0.023118
ITER 274 DATA_MINING TOOK 0.324868
ITER 427 DATA_MINING TOOK 1.496144
ITER 623 DATA_MINING TOOK 2.059022
ITER 869 DATA_MINING TOOK 2.684880
ITER 1094 DATA_MINING TOOK 0.274024
ITER 1330 DATA_MINING TOOK 0.009599
ITER 3223 DATA_MINING TOOK 0.022603
ITER 4206 DATA_MINING TOOK 0.024704
ITER 5096 DATA_MINING TOOK 0.017444

Total iterations: 10538
Mining operations: 10
ITER 130 DATA_MINING TOOK 0.040890
ITER 344 DATA_MINING TOOK 0.098780
ITER 532 DATA_MINING TOOK 0.591433
ITER 735 DATA_MINING TOOK 4.579748
ITER 1004 DATA_MINING TOOK 1.657501
ITER 1199 DATA_MINING TOOK 0.011540
ITER 1411 DATA_MINING TOOK 0.011271
ITER 1770 DATA_MINING TOOK 0.007507
ITER 2950 DATA_MINING TOOK 0.006190

Total iterations: 18940
Mining operations: 9
ITER 134 DATA_MINING TOOK 0.030127
ITER 360 DATA_MINING TOOK 0.288740
ITER 583 DATA_MINING TOOK 3.002409
ITER 992 DATA_MINING TOOK 0.304836
ITER 2217 DATA_MINING TOOK 0.217218
ITER 2651 DATA_MINING TOOK 0.035319
ITER 2998 DATA_MINING TOOK 0.008485
ITER 3657 DATA_MINING TOOK 0.016169
ITER 4284 DATA_MINING TOOK 0.008883

Total iterations: 10438
Mining operations: 9
ITER 101 DATA_MINING TOOK 0.020044
ITER 336 DATA_MINING TOOK 0.079412
ITER 444 DATA_MINING TOOK 0.987567
ITER 600 DATA_MINING TOOK 0.897867
ITER 667 DATA_MINING TOOK 0.442026
ITER 926 DATA_MINING TOOK 0.136775
ITER 1457 DATA_MINING TOOK 0.299946
ITER 1827 DATA_MINING TOOK 0.014010
ITER 2124 DATA_MINING TOOK 0.009195
ITER 2509 DATA_MINING TOOK 0.008225
ITER 3109 DATA_MINING TOOK 0.007857

Total iterations: 5475
Mining operations: 11
ITER 171 DATA_MINING TOOK 0.025301
ITER 367 DATA_MINING TOOK 0.370976
ITER 480 DATA_MINING TOOK 1.481307
ITER 800 DATA_MINING TOOK 8.758464
ITER 1464 DATA_MINING TOOK 0.120411
ITER 2474 DATA_MINING TOOK 0.070801
ITER 2993 DATA_MINING TOOK 0.008885
ITER 5344 DATA_MINING TOOK 0.010314

Total iterations: 13037
Mining operations: 8
ITER 146 DATA_MINING TOOK 0.031212
ITER 324 DATA_MINING TOOK 0.130499
ITER 519 DATA_MINING TOOK 3.045633
ITER 760 DATA_MINING TOOK 3.460623
ITER 1240 DATA_MINING TOOK 1.412124
ITER 1524 DATA_MINING TOOK 0.052652
ITER 2109 DATA_MINING TOOK 0.009529
ITER 2874 DATA_MINING TOOK 0.011106

Total iterations: 14242
Mining operations: 8
ITER 217 DATA_MINING TOOK 0.024439
ITER 322 DATA_MINING TOOK 0.061141
ITER 496 DATA_MINING TOOK 1.648182
ITER 666 DATA_MINING TOOK 10.382109
ITER 1051 DATA_MINING TOOK 0.132916
ITER 1630 DATA_MINING TOOK 0.014698
ITER 2587 DATA_MINING TOOK 0.017828
ITER 3068 DATA_MINING TOOK 0.022430
ITER 6150 DATA_MINING TOOK 0.000000
ITER 9550 DATA_MINING TOOK 0.009325

Total iterations: 9746
Mining operations: 10
ITER 199 DATA_MINING TOOK 0.047974
ITER 584 DATA_MINING TOOK 0.759703
ITER 740 DATA_MINING TOOK 4.951707
ITER 1300 DATA_MINING TOOK 0.778906
ITER 2144 DATA_MINING TOOK 0.184979
ITER 2639 DATA_MINING TOOK 0.263527
ITER 3105 DATA_MINING TOOK 0.169727
ITER 3623 DATA_MINING TOOK 0.048733
ITER 3983 DATA_MINING TOOK 0.024126
ITER 4439 DATA_MINING TOOK 0.000588

Total iterations: 6641
Mining operations: 10
ITER 302 DATA_MINING TOOK 0.028967
ITER 461 DATA_MINING TOOK 0.433035
ITER 834 DATA_MINING TOOK 1.232346
ITER 1280 DATA_MINING TOOK 2.703684
ITER 1752 DATA_MINING TOOK 0.899674
ITER 2090 DATA_MINING TOOK 0.062433
ITER 2995 DATA_MINING TOOK 0.032356
ITER 3845 DATA_MINING TOOK 0.061533
ITER 4611 DATA_MINING TOOK 0.037237
ITER 5069 DATA_MINING TOOK 0.023738

Total iterations: 5896
Mining operations: 10
ITER 182 DATA_MINING TOOK 0.056887
ITER 393 DATA_MINING TOOK 1.236303
ITER 613 DATA_MINING TOOK 5.487432
ITER 965 DATA_MINING TOOK 3.229310
ITER 1308 DATA_MINING TOOK 0.277521
ITER 2098 DATA_MINING TOOK 0.006562

Total iterations: 9357
Mining operations: 6
ITER 225 DATA_MINING TOOK 0.046697
ITER 421 DATA_MINING TOOK 0.496471
ITER 660 DATA_MINING TOOK 2.450780
ITER 839 DATA_MINING TOOK 1.984522
ITER 1064 DATA_MINING TOOK 0.977451
ITER 1348 DATA_MINING TOOK 1.413839
ITER 1660 DATA_MINING TOOK 0.032877
ITER 3282 DATA_MINING TOOK 0.033931
ITER 3878 DATA_MINING TOOK 0.022677
ITER 4225 DATA_MINING TOOK 0.008616
ITER 5325 DATA_MINING TOOK 0.016454
ITER 6503 DATA_MINING TOOK 0.006129
ITER 6923 DATA_MINING TOOK 0.014145

Total iterations: 8725
Mining operations: 13
ITER 170 DATA_MINING TOOK 0.027544
ITER 337 DATA_MINING TOOK 0.200353
ITER 582 DATA_MINING TOOK 3.431485
ITER 1081 DATA_MINING TOOK 4.217402
ITER 1453 DATA_MINING TOOK 1.107286
ITER 2197 DATA_MINING TOOK 0.010856
ITER 2902 DATA_MINING TOOK 0.008740
ITER 3403 DATA_MINING TOOK 0.008298
ITER 5026 DATA_MINING TOOK 0.013911
ITER 5792 DATA_MINING TOOK 0.148260
ITER 6250 DATA_MINING TOOK 0.078309
ITER 7096 DATA_MINING TOOK 0.044908
ITER 7846 DATA_MINING TOOK 0.046010

Total iterations: 8522
Mining operations: 13
ITER 172 DATA_MINING TOOK 0.031720
ITER 284 DATA_MINING TOOK 0.054291
ITER 584 DATA_MINING TOOK 0.790322
ITER 969 DATA_MINING TOOK 3.250751
ITER 1341 DATA_MINING TOOK 5.220483
ITER 2195 DATA_MINING TOOK 0.203913
ITER 2560 DATA_MINING TOOK 0.007832
ITER 4669 DATA_MINING TOOK 0.005656
ITER 5963 DATA_MINING TOOK 0.003567

Total iterations: 16577
Mining operations: 9

Execution Summary:
  Instance: instances/MDG-b/MDG-b_32_n2000_m200.txt
  Matrix Size (N): 2000
  Solution Size (M): 200
  Number of Executions: 15
  ------------------------------------
  Average Solution: 11276905.748137
  Best Solution Value: 11281900.603124
  Average Time per Execution: 600.000000 sec
  Best Solution Time: 600.000000 sec
  BKS: 11283539.000000
  Distance to BKS: -2080.603124
  Percentage Distance to BKS: -0.02%
  Average Percentage Distance to BKS: 0.06%

  Details per Execution:
    Exec 1: Solution=11277823.375248, Time=600.000000 sec, Dist BKS=0.02%
    Exec 2: Solution=11273226.497350, Time=600.000000 sec, Dist BKS=0.06%
    Exec 3: Solution=11274091.526264, Time=600.000000 sec, Dist BKS=0.05%
    Exec 4: Solution=11275042.620731, Time=600.000000 sec, Dist BKS=0.04%
    Exec 5: Solution=11273899.149723, Time=600.000000 sec, Dist BKS=0.05%
    Exec 6: Solution=11274395.523238, Time=600.000000 sec, Dist BKS=0.05%
    Exec 7: Solution=11279881.684256, Time=600.000000 sec, Dist BKS=-0.00%
    Exec 8: Solution=11276256.654388, Time=600.000000 sec, Dist BKS=0.03%
    Exec 9: Solution=11281900.603124, Time=600.000000 sec, Dist BKS=-0.02%
    Exec 10: Solution=11281900.603124, Time=600.000000 sec, Dist BKS=-0.02%
    Exec 11: Solution=11270565.016668, Time=600.000000 sec, Dist BKS=0.08%
    Exec 12: Solution=11279588.854367, Time=600.000000 sec, Dist BKS=0.00%
    Exec 13: Solution=11278101.710787, Time=600.000000 sec, Dist BKS=0.02%
    Exec 14: Solution=11279256.016328, Time=600.000000 sec, Dist BKS=0.00%
    Exec 15: Solution=11277656.386464, Time=600.000000 sec, Dist BKS=0.02%
