SOLUTION START
	Parameters used:
	instance = instances/MDG-b/MDG-b_34_n2000_m200.txt
	solution_size = 200
	meta_heuristic = mdm-grasp

ITER 199 DATA_MINING TOOK 0.038378
ITER 425 DATA_MINING TOOK 0.301828
ITER 692 DATA_MINING TOOK 0.604088
ITER 863 DATA_MINING TOOK 1.274801
ITER 1074 DATA_MINING TOOK 3.331323
ITER 1431 DATA_MINING TOOK 0.095761
ITER 1895 DATA_MINING TOOK 0.007094
ITER 2572 DATA_MINING TOOK 0.010216
ITER 3159 DATA_MINING TOOK 0.014552
ITER 5340 DATA_MINING TOOK 0.012582
ITER 9503 DATA_MINING TOOK 0.006909

Total iterations: 14710
Mining operations: 11
ITER 167 DATA_MINING TOOK 0.022090
ITER 400 DATA_MINING TOOK 0.082930
ITER 465 DATA_MINING TOOK 0.158759
ITER 674 DATA_MINING TOOK 0.847144
ITER 969 DATA_MINING TOOK 2.412395
ITER 1424 DATA_MINING TOOK 0.132004
ITER 1826 DATA_MINING TOOK 0.020536
ITER 2828 DATA_MINING TOOK 0.038808
ITER 3265 DATA_MINING TOOK 0.014500

Total iterations: 6475
Mining operations: 9
ITER 202 DATA_MINING TOOK 0.019934
ITER 286 DATA_MINING TOOK 0.523818
ITER 465 DATA_MINING TOOK 3.171862
ITER 629 DATA_MINING TOOK 2.365059
ITER 817 DATA_MINING TOOK 0.321039
ITER 1149 DATA_MINING TOOK 0.199235
ITER 1432 DATA_MINING TOOK 0.047247
ITER 1855 DATA_MINING TOOK 0.010026
ITER 6763 DATA_MINING TOOK 0.014186

Total iterations: 7221
Mining operations: 9
ITER 269 DATA_MINING TOOK 0.038386
ITER 319 DATA_MINING TOOK 0.148076
ITER 535 DATA_MINING TOOK 1.353440
ITER 788 DATA_MINING TOOK 0.611058
ITER 1082 DATA_MINING TOOK 0.435530
ITER 1340 DATA_MINING TOOK 0.067692
ITER 2829 DATA_MINING TOOK 0.007514
ITER 4154 DATA_MINING TOOK 0.100561
ITER 5357 DATA_MINING TOOK 0.032247

Total iterations: 6290
Mining operations: 9
ITER 182 DATA_MINING TOOK 0.022019
ITER 356 DATA_MINING TOOK 0.112037
ITER 529 DATA_MINING TOOK 0.206436
ITER 694 DATA_MINING TOOK 0.869256
ITER 1064 DATA_MINING TOOK 6.391413
ITER 1484 DATA_MINING TOOK 1.154196
ITER 2314 DATA_MINING TOOK 0.017091
ITER 3272 DATA_MINING TOOK 0.011578
ITER 4301 DATA_MINING TOOK 0.007604
ITER 10347 DATA_MINING TOOK 0.010938

Total iterations: 11195
Mining operations: 10
ITER 152 DATA_MINING TOOK 0.023887
ITER 292 DATA_MINING TOOK 0.088075
ITER 701 DATA_MINING TOOK 1.150102
ITER 902 DATA_MINING TOOK 0.384301
ITER 1323 DATA_MINING TOOK 0.789741
ITER 1745 DATA_MINING TOOK 0.016902
ITER 4069 DATA_MINING TOOK 0.018857
ITER 5043 DATA_MINING TOOK 0.027679
ITER 6599 DATA_MINING TOOK 0.015321

Total iterations: 14923
Mining operations: 9
ITER 185 DATA_MINING TOOK 0.027588
ITER 309 DATA_MINING TOOK 0.189630
ITER 726 DATA_MINING TOOK 2.247755
ITER 1044 DATA_MINING TOOK 0.220014
ITER 1756 DATA_MINING TOOK 0.006436
ITER 2615 DATA_MINING TOOK 0.017563
ITER 3088 DATA_MINING TOOK 0.021512

Total iterations: 11898
Mining operations: 7
ITER 206 DATA_MINING TOOK 0.037622
ITER 287 DATA_MINING TOOK 0.032577
ITER 416 DATA_MINING TOOK 0.118484
ITER 654 DATA_MINING TOOK 0.376410
ITER 1178 DATA_MINING TOOK 1.772173
ITER 1918 DATA_MINING TOOK 0.094694
ITER 2802 DATA_MINING TOOK 0.017337
ITER 3679 DATA_MINING TOOK 0.045684
ITER 4223 DATA_MINING TOOK 0.005185

Total iterations: 4512
Mining operations: 9
ITER 193 DATA_MINING TOOK 0.090691
ITER 503 DATA_MINING TOOK 1.480139
ITER 826 DATA_MINING TOOK 2.046419
ITER 1143 DATA_MINING TOOK 3.347882
ITER 1478 DATA_MINING TOOK 0.359529
ITER 1870 DATA_MINING TOOK 0.159566
ITER 2490 DATA_MINING TOOK 0.119069
ITER 3232 DATA_MINING TOOK 0.004640

Total iterations: 13170
Mining operations: 8
ITER 191 DATA_MINING TOOK 0.072053
ITER 421 DATA_MINING TOOK 0.904589
ITER 684 DATA_MINING TOOK 5.055933
ITER 1262 DATA_MINING TOOK 0.349198
ITER 2350 DATA_MINING TOOK 0.015706
ITER 3286 DATA_MINING TOOK 0.022619
ITER 8267 DATA_MINING TOOK 0.014224
ITER 11440 DATA_MINING TOOK 0.011164

Total iterations: 15270
Mining operations: 8
ITER 165 DATA_MINING TOOK 0.039004
ITER 419 DATA_MINING TOOK 0.293350
ITER 731 DATA_MINING TOOK 5.749409
ITER 1212 DATA_MINING TOOK 0.469413
ITER 1677 DATA_MINING TOOK 0.022817
ITER 2716 DATA_MINING TOOK 0.011255
ITER 3603 DATA_MINING TOOK 0.022313
ITER 4098 DATA_MINING TOOK 0.013393
ITER 4994 DATA_MINING TOOK 0.010169

Total iterations: 11466
Mining operations: 9
ITER 206 DATA_MINING TOOK 0.035520
ITER 424 DATA_MINING TOOK 0.225033
ITER 772 DATA_MINING TOOK 1.665753
ITER 1159 DATA_MINING TOOK 2.707185
ITER 1991 DATA_MINING TOOK 0.061669
ITER 2740 DATA_MINING TOOK 0.016891

Total iterations: 15042
Mining operations: 6
ITER 247 DATA_MINING TOOK 0.033771
ITER 382 DATA_MINING TOOK 0.211118
ITER 569 DATA_MINING TOOK 3.840294
ITER 976 DATA_MINING TOOK 7.405109
ITER 1845 DATA_MINING TOOK 5.440163
ITER 2286 DATA_MINING TOOK 0.022885
ITER 2958 DATA_MINING TOOK 0.007502

Total iterations: 10709
Mining operations: 7
ITER 200 DATA_MINING TOOK 0.035725
ITER 435 DATA_MINING TOOK 0.145854
ITER 683 DATA_MINING TOOK 2.728184
ITER 1159 DATA_MINING TOOK 3.239690
ITER 2144 DATA_MINING TOOK 0.041500
ITER 3244 DATA_MINING TOOK 0.050607
ITER 3488 DATA_MINING TOOK 0.053456
ITER 3727 DATA_MINING TOOK 0.047056
ITER 3974 DATA_MINING TOOK 0.042094

Total iterations: 6088
Mining operations: 9
ITER 169 DATA_MINING TOOK 0.038494
ITER 429 DATA_MINING TOOK 0.244278
ITER 682 DATA_MINING TOOK 1.764108
ITER 874 DATA_MINING TOOK 5.682812
ITER 1309 DATA_MINING TOOK 0.200412
ITER 1765 DATA_MINING TOOK 0.004741
ITER 2373 DATA_MINING TOOK 0.005522
ITER 5994 DATA_MINING TOOK 0.006980
ITER 7150 DATA_MINING TOOK 0.007474

Total iterations: 12851
Mining operations: 9

Execution Summary:
  Instance: instances/MDG-b/MDG-b_34_n2000_m200.txt
  Matrix Size (N): 2000
  Solution Size (M): 200
  Number of Executions: 15
  ------------------------------------
  Average Solution: 11282200.550842
  Best Solution Value: 11287699.788807
  Average Time per Execution: 600.000000 sec
  Best Solution Time: 600.000000 sec
  BKS: 11290483.000000
  Distance to BKS: -6454.788807
  Percentage Distance to BKS: -0.06%
  Average Percentage Distance to BKS: -0.01%

  Details per Execution:
    Exec 1: Solution=11287291.720078, Time=600.000000 sec, Dist BKS=-0.05%
    Exec 2: Solution=11279234.286963, Time=600.000000 sec, Dist BKS=0.02%
    Exec 3: Solution=11280513.924056, Time=600.000000 sec, Dist BKS=0.01%
    Exec 4: Solution=11285181.736557, Time=600.000000 sec, Dist BKS=-0.03%
    Exec 5: Solution=11280460.149467, Time=600.000000 sec, Dist BKS=0.01%
    Exec 6: Solution=11266811.022932, Time=600.000000 sec, Dist BKS=0.13%
    Exec 7: Solution=11280478.759584, Time=600.000000 sec, Dist BKS=0.01%
    Exec 8: Solution=11279796.675895, Time=600.000000 sec, Dist BKS=0.01%
    Exec 9: Solution=11284883.950035, Time=600.000000 sec, Dist BKS=-0.03%
    Exec 10: Solution=11287699.788807, Time=600.000000 sec, Dist BKS=-0.06%
    Exec 11: Solution=11283188.179961, Time=600.000000 sec, Dist BKS=-0.02%
    Exec 12: Solution=11282695.337002, Time=600.000000 sec, Dist BKS=-0.01%
    Exec 13: Solution=11286208.632157, Time=600.000000 sec, Dist BKS=-0.04%
    Exec 14: Solution=11281580.583353, Time=600.000000 sec, Dist BKS=-0.00%
    Exec 15: Solution=11286983.515787, Time=600.000000 sec, Dist BKS=-0.05%
