SOLUTION START
	Parameters used:
	instance = instances/MDG-b/MDG-b_25_n2000_m200.txt
	solution_size = 200
	meta_heuristic = mdm-grasp

ITER 252 DATA_MINING TOOK 0.030783
ITER 477 DATA_MINING TOOK 0.180278
ITER 751 DATA_MINING TOOK 24.547837
ITER 981 DATA_MINING TOOK 30.249139
ITER 1374 DATA_MINING TOOK 1.743481
ITER 2102 DATA_MINING TOOK 0.214488
ITER 2651 DATA_MINING TOOK 0.014593
ITER 3034 DATA_MINING TOOK 0.035780
ITER 3903 DATA_MINING TOOK 0.026346

Total iterations: 5774
Mining operations: 9
ITER 237 DATA_MINING TOOK 0.042317
ITER 463 DATA_MINING TOOK 0.254580
ITER 654 DATA_MINING TOOK 11.427813
ITER 1174 DATA_MINING TOOK 16.325893
ITER 1934 DATA_MINING TOOK 1.991261
ITER 2597 DATA_MINING TOOK 0.267103
ITER 3094 DATA_MINING TOOK 0.000000
ITER 3749 DATA_MINING TOOK 0.007522

Total iterations: 9569
Mining operations: 8
ITER 215 DATA_MINING TOOK 0.060820
ITER 461 DATA_MINING TOOK 0.536670
ITER 808 DATA_MINING TOOK 3.543545
ITER 936 DATA_MINING TOOK 34.759204
ITER 1139 DATA_MINING TOOK 6.271343
ITER 1484 DATA_MINING TOOK 0.221532
ITER 1778 DATA_MINING TOOK 0.026890
ITER 2845 DATA_MINING TOOK 0.023760
ITER 3783 DATA_MINING TOOK 0.022459

Total iterations: 5636
Mining operations: 9
ITER 190 DATA_MINING TOOK 0.046450
ITER 499 DATA_MINING TOOK 0.240146
ITER 774 DATA_MINING TOOK 0.993283
ITER 1057 DATA_MINING TOOK 0.944655
ITER 2019 DATA_MINING TOOK 2.320400
ITER 2893 DATA_MINING TOOK 0.025228
ITER 3456 DATA_MINING TOOK 0.033116
ITER 4437 DATA_MINING TOOK 0.054610

Total iterations: 6630
Mining operations: 8
ITER 165 DATA_MINING TOOK 0.023990
ITER 408 DATA_MINING TOOK 0.409656
ITER 737 DATA_MINING TOOK 6.552940
ITER 1088 DATA_MINING TOOK 2.311772
ITER 1538 DATA_MINING TOOK 0.120485
ITER 1985 DATA_MINING TOOK 0.029792
ITER 2315 DATA_MINING TOOK 0.022446
ITER 2998 DATA_MINING TOOK 0.028846
ITER 3519 DATA_MINING TOOK 0.036873
ITER 4005 DATA_MINING TOOK 0.068064
ITER 4614 DATA_MINING TOOK 0.054520
ITER 5095 DATA_MINING TOOK 0.008912
ITER 5910 DATA_MINING TOOK 0.006186
ITER 6472 DATA_MINING TOOK 0.003554

Total iterations: 7588
Mining operations: 14
ITER 181 DATA_MINING TOOK 0.026100
ITER 321 DATA_MINING TOOK 0.105727
ITER 496 DATA_MINING TOOK 2.873180
ITER 886 DATA_MINING TOOK 2.457582
ITER 1653 DATA_MINING TOOK 0.031983
ITER 2039 DATA_MINING TOOK 0.033032
ITER 2712 DATA_MINING TOOK 0.012080

Total iterations: 11288
Mining operations: 7
ITER 128 DATA_MINING TOOK 0.068507
ITER 375 DATA_MINING TOOK 0.824258
ITER 737 DATA_MINING TOOK 2.877529
ITER 1061 DATA_MINING TOOK 5.755011
ITER 1792 DATA_MINING TOOK 0.060351
ITER 2190 DATA_MINING TOOK 0.076226
ITER 3301 DATA_MINING TOOK 0.018281
ITER 4109 DATA_MINING TOOK 0.037495

Total iterations: 10568
Mining operations: 8
ITER 214 DATA_MINING TOOK 0.056591
ITER 338 DATA_MINING TOOK 0.112153
ITER 596 DATA_MINING TOOK 0.158521
ITER 1279 DATA_MINING TOOK 0.828260
ITER 1699 DATA_MINING TOOK 0.916430
ITER 2226 DATA_MINING TOOK 0.002340
ITER 2913 DATA_MINING TOOK 0.006744
ITER 3352 DATA_MINING TOOK 0.232273
ITER 4260 DATA_MINING TOOK 0.009804
ITER 6429 DATA_MINING TOOK 0.021898

Total iterations: 6605
Mining operations: 10
ITER 427 DATA_MINING TOOK 0.034502
ITER 658 DATA_MINING TOOK 0.067556
ITER 873 DATA_MINING TOOK 0.106994
ITER 1263 DATA_MINING TOOK 1.081743
ITER 1629 DATA_MINING TOOK 11.767007
ITER 2319 DATA_MINING TOOK 0.675314
ITER 3134 DATA_MINING TOOK 0.135538
ITER 3955 DATA_MINING TOOK 0.027098

Total iterations: 3982
Mining operations: 8
ITER 126 DATA_MINING TOOK 0.018282
ITER 407 DATA_MINING TOOK 0.121551
ITER 621 DATA_MINING TOOK 0.161259
ITER 889 DATA_MINING TOOK 2.822245
ITER 1228 DATA_MINING TOOK 0.776871
ITER 1619 DATA_MINING TOOK 12.422580
ITER 2231 DATA_MINING TOOK 0.368763
ITER 2967 DATA_MINING TOOK 0.115182
ITER 4347 DATA_MINING TOOK 0.072990

Total iterations: 4809
Mining operations: 9
ITER 207 DATA_MINING TOOK 0.021572
ITER 525 DATA_MINING TOOK 0.045295
ITER 823 DATA_MINING TOOK 0.234856
ITER 1177 DATA_MINING TOOK 12.585142
ITER 1650 DATA_MINING TOOK 0.247396
ITER 2303 DATA_MINING TOOK 0.003661
ITER 2879 DATA_MINING TOOK 0.027329
ITER 3479 DATA_MINING TOOK 0.013419

Total iterations: 6300
Mining operations: 8
ITER 196 DATA_MINING TOOK 0.012654
ITER 369 DATA_MINING TOOK 0.102054
ITER 593 DATA_MINING TOOK 1.425983
ITER 969 DATA_MINING TOOK 1.430465
ITER 1194 DATA_MINING TOOK 1.695526
ITER 1536 DATA_MINING TOOK 0.364790
ITER 2821 DATA_MINING TOOK 1.819743
ITER 3264 DATA_MINING TOOK 0.033530
ITER 4480 DATA_MINING TOOK 0.469981

Total iterations: 4885
Mining operations: 9
ITER 316 DATA_MINING TOOK 0.033504
ITER 521 DATA_MINING TOOK 0.302039
ITER 871 DATA_MINING TOOK 1.337897
ITER 1147 DATA_MINING TOOK 7.268439
ITER 1526 DATA_MINING TOOK 0.175799
ITER 1988 DATA_MINING TOOK 0.258276
ITER 3706 DATA_MINING TOOK 0.018197
ITER 4379 DATA_MINING TOOK 0.006440

Total iterations: 13297
Mining operations: 8
ITER 109 DATA_MINING TOOK 0.043450
ITER 228 DATA_MINING TOOK 0.062246
ITER 288 DATA_MINING TOOK 0.170652
ITER 698 DATA_MINING TOOK 16.814277
ITER 1123 DATA_MINING TOOK 1.363559
ITER 1518 DATA_MINING TOOK 0.013624
ITER 3258 DATA_MINING TOOK 0.008261
ITER 3968 DATA_MINING TOOK 0.005948

Total iterations: 19432
Mining operations: 8
ITER 143 DATA_MINING TOOK 0.051365
ITER 377 DATA_MINING TOOK 0.157804
ITER 583 DATA_MINING TOOK 1.187572
ITER 986 DATA_MINING TOOK 1.393723
ITER 1352 DATA_MINING TOOK 0.052841
ITER 1754 DATA_MINING TOOK 0.225894
ITER 2122 DATA_MINING TOOK 0.083228
ITER 2400 DATA_MINING TOOK 0.053707
ITER 2894 DATA_MINING TOOK 0.049735
ITER 3448 DATA_MINING TOOK 0.087292
ITER 3618 DATA_MINING TOOK 0.058919

Total iterations: 4860
Mining operations: 11

Execution Summary:
  Instance: instances/MDG-b/MDG-b_25_n2000_m200.txt
  Matrix Size (N): 2000
  Solution Size (M): 200
  Number of Executions: 15
  ------------------------------------
  Average Solution: 11288331.427994
  Best Solution Value: 11298026.880925
  Average Time per Execution: 600.000000 sec
  Best Solution Time: 600.000000 sec
  BKS: 11298027.000000
  Distance to BKS: -1959.880925
  Percentage Distance to BKS: -0.02%
  Average Percentage Distance to BKS: 0.09%

  Details per Execution:
    Exec 1: Solution=11296648.353086, Time=600.000000 sec, Dist BKS=-0.01%
    Exec 2: Solution=11295828.546295, Time=600.000000 sec, Dist BKS=0.00%
    Exec 3: Solution=11298026.880925, Time=600.000000 sec, Dist BKS=-0.02%
    Exec 4: Solution=11278912.152165, Time=600.000000 sec, Dist BKS=0.15%
    Exec 5: Solution=11275961.793955, Time=600.000000 sec, Dist BKS=0.18%
    Exec 6: Solution=11285711.247208, Time=600.000000 sec, Dist BKS=0.09%
    Exec 7: Solution=11295291.276377, Time=600.000000 sec, Dist BKS=0.01%
    Exec 8: Solution=11290064.092444, Time=600.000000 sec, Dist BKS=0.05%
    Exec 9: Solution=11285281.188737, Time=600.000000 sec, Dist BKS=0.10%
    Exec 10: Solution=11295689.918257, Time=600.000000 sec, Dist BKS=0.00%
    Exec 11: Solution=11293292.958453, Time=600.000000 sec, Dist BKS=0.02%
    Exec 12: Solution=11285199.686425, Time=600.000000 sec, Dist BKS=0.10%
    Exec 13: Solution=11279792.877667, Time=600.000000 sec, Dist BKS=0.14%
    Exec 14: Solution=11290142.861195, Time=600.000000 sec, Dist BKS=0.05%
    Exec 15: Solution=11279127.586722, Time=600.000000 sec, Dist BKS=0.15%
