SOLUTION START
	Parameters used:
	instance = instances/MDG-b/MDG-b_27_n2000_m200.txt
	solution_size = 200
	meta_heuristic = mdm-grasp

ITER 223 DATA_MINING TOOK 0.122384
ITER 529 DATA_MINING TOOK 2.938736
ITER 733 DATA_MINING TOOK 2.337260
ITER 1084 DATA_MINING TOOK 1.046825
ITER 1832 DATA_MINING TOOK 0.128281
ITER 2678 DATA_MINING TOOK 0.015735

Total iterations: 11404
Mining operations: 6
ITER 198 DATA_MINING TOOK 0.123692
ITER 369 DATA_MINING TOOK 1.517832
ITER 638 DATA_MINING TOOK 8.242218
ITER 1030 DATA_MINING TOOK 0.335944
ITER 1713 DATA_MINING TOOK 0.066817
ITER 2652 DATA_MINING TOOK 0.032247
ITER 3335 DATA_MINING TOOK 0.148162
ITER 4295 DATA_MINING TOOK 0.059085

Total iterations: 8608
Mining operations: 8
ITER 197 DATA_MINING TOOK 0.072825
ITER 355 DATA_MINING TOOK 3.584403
ITER 526 DATA_MINING TOOK 2.838825
ITER 1280 DATA_MINING TOOK 0.011462
ITER 2120 DATA_MINING TOOK 0.044334
ITER 3059 DATA_MINING TOOK 0.045222

Total iterations: 14324
Mining operations: 6
ITER 252 DATA_MINING TOOK 0.043528
ITER 541 DATA_MINING TOOK 0.812351
ITER 895 DATA_MINING TOOK 3.606033
ITER 1729 DATA_MINING TOOK 0.159309
ITER 2498 DATA_MINING TOOK 0.040499

Total iterations: 12275
Mining operations: 5
ITER 179 DATA_MINING TOOK 0.042776
ITER 313 DATA_MINING TOOK 0.204292
ITER 408 DATA_MINING TOOK 0.732179
ITER 675 DATA_MINING TOOK 1.589196
ITER 883 DATA_MINING TOOK 0.364602
ITER 1154 DATA_MINING TOOK 0.378725
ITER 1407 DATA_MINING TOOK 0.065932
ITER 1874 DATA_MINING TOOK 0.173303
ITER 2345 DATA_MINING TOOK 0.017454
ITER 3942 DATA_MINING TOOK 0.032451
ITER 4868 DATA_MINING TOOK 0.019217
ITER 5796 DATA_MINING TOOK 0.050206
ITER 7861 DATA_MINING TOOK 0.037834

Total iterations: 12416
Mining operations: 13
ITER 160 DATA_MINING TOOK 0.046498
ITER 464 DATA_MINING TOOK 0.292760
ITER 633 DATA_MINING TOOK 10.654806
ITER 866 DATA_MINING TOOK 16.607731
ITER 1460 DATA_MINING TOOK 0.131247
ITER 2017 DATA_MINING TOOK 0.011628
ITER 2690 DATA_MINING TOOK 0.027741
ITER 3350 DATA_MINING TOOK 0.005621
ITER 5947 DATA_MINING TOOK 0.008841
ITER 6207 DATA_MINING TOOK 0.009114

Total iterations: 6677
Mining operations: 10
ITER 157 DATA_MINING TOOK 0.025833
ITER 405 DATA_MINING TOOK 0.160162
ITER 793 DATA_MINING TOOK 1.465297
ITER 1199 DATA_MINING TOOK 6.477992
ITER 1613 DATA_MINING TOOK 0.303150
ITER 2497 DATA_MINING TOOK 0.266140
ITER 3120 DATA_MINING TOOK 0.135116
ITER 3835 DATA_MINING TOOK 0.039054

Total iterations: 5375
Mining operations: 8
ITER 116 DATA_MINING TOOK 0.033681
ITER 521 DATA_MINING TOOK 0.202840
ITER 852 DATA_MINING TOOK 1.075506
ITER 1160 DATA_MINING TOOK 1.055307
ITER 1612 DATA_MINING TOOK 0.474320
ITER 1984 DATA_MINING TOOK 0.040726
ITER 3323 DATA_MINING TOOK 0.022572
ITER 4668 DATA_MINING TOOK 0.041677
ITER 6838 DATA_MINING TOOK 0.022082
ITER 7881 DATA_MINING TOOK 0.012729
ITER 8857 DATA_MINING TOOK 0.004489
ITER 12372 DATA_MINING TOOK 0.013826
ITER 13043 DATA_MINING TOOK 0.005211

Total iterations: 14109
Mining operations: 13
ITER 223 DATA_MINING TOOK 0.062342
ITER 447 DATA_MINING TOOK 0.388486
ITER 993 DATA_MINING TOOK 3.645109
ITER 1416 DATA_MINING TOOK 1.630522
ITER 1785 DATA_MINING TOOK 0.030107
ITER 2309 DATA_MINING TOOK 0.007960
ITER 4682 DATA_MINING TOOK 0.000000
ITER 5494 DATA_MINING TOOK 0.010973

Total iterations: 12812
Mining operations: 8
ITER 282 DATA_MINING TOOK 0.044121
ITER 509 DATA_MINING TOOK 0.662178
ITER 786 DATA_MINING TOOK 2.602393
ITER 1265 DATA_MINING TOOK 12.645655
ITER 1832 DATA_MINING TOOK 0.452221
ITER 2532 DATA_MINING TOOK 0.021672
ITER 3595 DATA_MINING TOOK 0.021769
ITER 4840 DATA_MINING TOOK 0.010231

Total iterations: 12911
Mining operations: 8
ITER 202 DATA_MINING TOOK 0.037669
ITER 500 DATA_MINING TOOK 0.373770
ITER 941 DATA_MINING TOOK 8.336975
ITER 1213 DATA_MINING TOOK 0.084863
ITER 1724 DATA_MINING TOOK 0.014228
ITER 3249 DATA_MINING TOOK 0.005886
ITER 4171 DATA_MINING TOOK 0.008193
ITER 5088 DATA_MINING TOOK 0.004359
ITER 7288 DATA_MINING TOOK 0.003617
ITER 8575 DATA_MINING TOOK 0.005848
ITER 14096 DATA_MINING TOOK 0.006727
ITER 14873 DATA_MINING TOOK 0.010934

Total iterations: 19303
Mining operations: 12
ITER 155 DATA_MINING TOOK 0.042303
ITER 506 DATA_MINING TOOK 1.069317
ITER 1045 DATA_MINING TOOK 3.437324
ITER 1369 DATA_MINING TOOK 1.457734
ITER 2407 DATA_MINING TOOK 0.431980
ITER 3543 DATA_MINING TOOK 0.013929
ITER 4036 DATA_MINING TOOK 0.005920

Total iterations: 7461
Mining operations: 7
ITER 232 DATA_MINING TOOK 0.038644
ITER 514 DATA_MINING TOOK 0.245244
ITER 580 DATA_MINING TOOK 1.124510
ITER 952 DATA_MINING TOOK 4.306605
ITER 1379 DATA_MINING TOOK 0.192125
ITER 2109 DATA_MINING TOOK 0.010037
ITER 2978 DATA_MINING TOOK 0.007330

Total iterations: 17797
Mining operations: 7
ITER 149 DATA_MINING TOOK 0.039619
ITER 309 DATA_MINING TOOK 1.612176
ITER 403 DATA_MINING TOOK 7.988502
ITER 738 DATA_MINING TOOK 0.338458
ITER 1649 DATA_MINING TOOK 0.007776
ITER 2048 DATA_MINING TOOK 0.038606
ITER 4397 DATA_MINING TOOK 0.052315

Total iterations: 9141
Mining operations: 7
ITER 197 DATA_MINING TOOK 0.075110
ITER 385 DATA_MINING TOOK 0.598839
ITER 513 DATA_MINING TOOK 5.124714
ITER 698 DATA_MINING TOOK 12.120879
ITER 833 DATA_MINING TOOK 24.518892
ITER 1148 DATA_MINING TOOK 0.079120
ITER 1408 DATA_MINING TOOK 0.056604

Total iterations: 4083
Mining operations: 7

Execution Summary:
  Instance: instances/MDG-b/MDG-b_27_n2000_m200.txt
  Matrix Size (N): 2000
  Solution Size (M): 200
  Number of Executions: 15
  ------------------------------------
  Average Solution: 11298098.978635
  Best Solution Value: 11305676.848938
  Average Time per Execution: 600.000000 sec
  Best Solution Time: 600.000000 sec
  BKS: 11305677.000000
  Distance to BKS: 0.151062
  Percentage Distance to BKS: 0.00%
  Average Percentage Distance to BKS: 0.07%

  Details per Execution:
    Exec 1: Solution=11301052.349608, Time=600.000000 sec, Dist BKS=0.04%
    Exec 2: Solution=11292106.425634, Time=600.000000 sec, Dist BKS=0.12%
    Exec 3: Solution=11297843.560404, Time=600.000000 sec, Dist BKS=0.07%
    Exec 4: Solution=11302456.698086, Time=600.000000 sec, Dist BKS=0.03%
    Exec 5: Solution=11292347.155171, Time=600.000000 sec, Dist BKS=0.12%
    Exec 6: Solution=11297003.609133, Time=600.000000 sec, Dist BKS=0.08%
    Exec 7: Solution=11301052.349608, Time=600.000000 sec, Dist BKS=0.04%
    Exec 8: Solution=11297290.446676, Time=600.000000 sec, Dist BKS=0.07%
    Exec 9: Solution=11298450.803285, Time=600.000000 sec, Dist BKS=0.06%
    Exec 10: Solution=11298012.754115, Time=600.000000 sec, Dist BKS=0.07%
    Exec 11: Solution=11305676.848938, Time=600.000000 sec, Dist BKS=0.00%
    Exec 12: Solution=11305676.848938, Time=600.000000 sec, Dist BKS=0.00%
    Exec 13: Solution=11290436.439315, Time=600.000000 sec, Dist BKS=0.13%
    Exec 14: Solution=11293346.299473, Time=600.000000 sec, Dist BKS=0.11%
    Exec 15: Solution=11298732.091135, Time=600.000000 sec, Dist BKS=0.06%
