SOLUTION START
	Parameters used:
	instance = instances/MDG-b/MDG-b_33_n2000_m200.txt
	solution_size = 200
	meta_heuristic = mdm-grasp

ITER 135 DATA_MINING TOOK 0.066773
ITER 382 DATA_MINING TOOK 0.383890
ITER 719 DATA_MINING TOOK 0.537537
ITER 926 DATA_MINING TOOK 4.296139
ITER 1191 DATA_MINING TOOK 0.271863
ITER 1993 DATA_MINING TOOK 0.007988
ITER 3794 DATA_MINING TOOK 0.121026
ITER 4510 DATA_MINING TOOK 0.076299
ITER 5807 DATA_MINING TOOK 0.156693

Total iterations: 7581
Mining operations: 9
ITER 109 DATA_MINING TOOK 0.064642
ITER 426 DATA_MINING TOOK 0.603708
ITER 591 DATA_MINING TOOK 2.185941
ITER 999 DATA_MINING TOOK 9.546181
ITER 1368 DATA_MINING TOOK 0.057482
ITER 2539 DATA_MINING TOOK 0.013257
ITER 3186 DATA_MINING TOOK 0.010298

Total iterations: 11525
Mining operations: 7
ITER 312 DATA_MINING TOOK 0.046365
ITER 411 DATA_MINING TOOK 0.167104
ITER 676 DATA_MINING TOOK 0.932821
ITER 864 DATA_MINING TOOK 1.950773
ITER 1289 DATA_MINING TOOK 0.275707
ITER 2359 DATA_MINING TOOK 0.048007
ITER 2930 DATA_MINING TOOK 0.067729
ITER 3683 DATA_MINING TOOK 0.031290

Total iterations: 7989
Mining operations: 8
ITER 171 DATA_MINING TOOK 0.042462
ITER 391 DATA_MINING TOOK 0.203285
ITER 547 DATA_MINING TOOK 10.695326
ITER 824 DATA_MINING TOOK 17.266610
ITER 1226 DATA_MINING TOOK 0.135342
ITER 1788 DATA_MINING TOOK 0.044939
ITER 3335 DATA_MINING TOOK 0.040790
ITER 4057 DATA_MINING TOOK 0.013384
ITER 5265 DATA_MINING TOOK 0.011048
ITER 6092 DATA_MINING TOOK 0.006471
ITER 6805 DATA_MINING TOOK 0.008238
ITER 7996 DATA_MINING TOOK 0.013451

Total iterations: 11333
Mining operations: 12
ITER 166 DATA_MINING TOOK 0.049841
ITER 239 DATA_MINING TOOK 0.118294
ITER 388 DATA_MINING TOOK 0.965805
ITER 496 DATA_MINING TOOK 1.836041
ITER 712 DATA_MINING TOOK 0.293073
ITER 1188 DATA_MINING TOOK 1.735958
ITER 1903 DATA_MINING TOOK 1.619855
ITER 2330 DATA_MINING TOOK 0.017887
ITER 2977 DATA_MINING TOOK 0.025791
ITER 3513 DATA_MINING TOOK 0.037495

Total iterations: 4328
Mining operations: 10
ITER 202 DATA_MINING TOOK 0.043582
ITER 414 DATA_MINING TOOK 0.331573
ITER 640 DATA_MINING TOOK 0.691417
ITER 979 DATA_MINING TOOK 0.523757
ITER 1323 DATA_MINING TOOK 0.060433
ITER 1706 DATA_MINING TOOK 0.047803
ITER 2070 DATA_MINING TOOK 0.017813
ITER 2435 DATA_MINING TOOK 0.009921
ITER 2989 DATA_MINING TOOK 0.007848
ITER 4205 DATA_MINING TOOK 0.070953

Total iterations: 6429
Mining operations: 10
ITER 149 DATA_MINING TOOK 0.024044
ITER 217 DATA_MINING TOOK 0.142468
ITER 366 DATA_MINING TOOK 0.421819
ITER 502 DATA_MINING TOOK 2.593770
ITER 1005 DATA_MINING TOOK 16.084954
ITER 1621 DATA_MINING TOOK 4.382184
ITER 2299 DATA_MINING TOOK 0.064935
ITER 2731 DATA_MINING TOOK 0.026346

Total iterations: 5913
Mining operations: 8
ITER 173 DATA_MINING TOOK 0.046103
ITER 344 DATA_MINING TOOK 0.273428
ITER 537 DATA_MINING TOOK 0.585542
ITER 876 DATA_MINING TOOK 2.138941
ITER 1562 DATA_MINING TOOK 0.007222
ITER 2410 DATA_MINING TOOK 0.029927
ITER 2873 DATA_MINING TOOK 0.008727
ITER 5549 DATA_MINING TOOK 0.009722

Total iterations: 11294
Mining operations: 8
ITER 198 DATA_MINING TOOK 0.061293
ITER 369 DATA_MINING TOOK 1.615426
ITER 719 DATA_MINING TOOK 9.265543
ITER 1280 DATA_MINING TOOK 0.101047
ITER 1823 DATA_MINING TOOK 0.008443

Total iterations: 22625
Mining operations: 5
ITER 166 DATA_MINING TOOK 0.037818
ITER 441 DATA_MINING TOOK 1.990722
ITER 713 DATA_MINING TOOK 9.878776
ITER 1579 DATA_MINING TOOK 2.915452
ITER 2198 DATA_MINING TOOK 0.126160
ITER 2559 DATA_MINING TOOK 0.255366
ITER 2753 DATA_MINING TOOK 0.547429
ITER 3027 DATA_MINING TOOK 0.264476
ITER 3268 DATA_MINING TOOK 0.233219
ITER 3543 DATA_MINING TOOK 0.296195
ITER 3836 DATA_MINING TOOK 0.029750

Total iterations: 4872
Mining operations: 11
ITER 195 DATA_MINING TOOK 0.037622
ITER 420 DATA_MINING TOOK 0.236647
ITER 570 DATA_MINING TOOK 0.445102
ITER 688 DATA_MINING TOOK 2.131468
ITER 971 DATA_MINING TOOK 2.623694
ITER 1615 DATA_MINING TOOK 0.460694
ITER 2657 DATA_MINING TOOK 0.404065
ITER 3313 DATA_MINING TOOK 0.017368
ITER 4139 DATA_MINING TOOK 0.027648
ITER 4782 DATA_MINING TOOK 0.020006
ITER 5688 DATA_MINING TOOK 0.015337

Total iterations: 10905
Mining operations: 11
ITER 143 DATA_MINING TOOK 0.038371
ITER 286 DATA_MINING TOOK 0.243163
ITER 511 DATA_MINING TOOK 10.287183
ITER 885 DATA_MINING TOOK 1.473714
ITER 1760 DATA_MINING TOOK 0.253862
ITER 2174 DATA_MINING TOOK 0.039641
ITER 2672 DATA_MINING TOOK 0.014361
ITER 3252 DATA_MINING TOOK 0.016267
ITER 4530 DATA_MINING TOOK 0.005466

Total iterations: 14453
Mining operations: 9
ITER 174 DATA_MINING TOOK 0.056645
ITER 513 DATA_MINING TOOK 0.479501
ITER 777 DATA_MINING TOOK 4.434853
ITER 1141 DATA_MINING TOOK 1.633259
ITER 1823 DATA_MINING TOOK 0.016509
ITER 2209 DATA_MINING TOOK 0.026070
ITER 2786 DATA_MINING TOOK 0.018732
ITER 4560 DATA_MINING TOOK 0.010852

Total iterations: 13487
Mining operations: 8
ITER 165 DATA_MINING TOOK 0.043764
ITER 531 DATA_MINING TOOK 0.337938
ITER 815 DATA_MINING TOOK 5.217832
ITER 1216 DATA_MINING TOOK 2.468191
ITER 2031 DATA_MINING TOOK 0.005126
ITER 2864 DATA_MINING TOOK 0.005056
ITER 3771 DATA_MINING TOOK 0.007935

Total iterations: 15096
Mining operations: 7
ITER 202 DATA_MINING TOOK 0.059975
ITER 497 DATA_MINING TOOK 0.991082
ITER 887 DATA_MINING TOOK 0.979975
ITER 1577 DATA_MINING TOOK 0.006528
ITER 2702 DATA_MINING TOOK 0.010944
ITER 3762 DATA_MINING TOOK 0.013505

Total iterations: 9013
Mining operations: 6

Execution Summary:
  Instance: instances/MDG-b/MDG-b_33_n2000_m200.txt
  Matrix Size (N): 2000
  Solution Size (M): 200
  Number of Executions: 15
  ------------------------------------
  Average Solution: 11292049.066251
  Best Solution Value: 11297549.383498
  Average Time per Execution: 600.000000 sec
  Best Solution Time: 600.000000 sec
  BKS: 11298038.000000
  Distance to BKS: -1251.383498
  Percentage Distance to BKS: -0.01%
  Average Percentage Distance to BKS: 0.05%

  Details per Execution:
    Exec 1: Solution=11297549.383498, Time=600.000000 sec, Dist BKS=-0.01%
    Exec 2: Solution=11296356.858838, Time=600.000000 sec, Dist BKS=-0.00%
    Exec 3: Solution=11287526.905661, Time=600.000000 sec, Dist BKS=0.08%
    Exec 4: Solution=11293135.311700, Time=600.000000 sec, Dist BKS=0.03%
    Exec 5: Solution=11296634.970147, Time=600.000000 sec, Dist BKS=-0.00%
    Exec 6: Solution=11291343.581407, Time=600.000000 sec, Dist BKS=0.04%
    Exec 7: Solution=11287462.431379, Time=600.000000 sec, Dist BKS=0.08%
    Exec 8: Solution=11294623.056869, Time=600.000000 sec, Dist BKS=0.01%
    Exec 9: Solution=11291031.265502, Time=600.000000 sec, Dist BKS=0.05%
    Exec 10: Solution=11286380.729058, Time=600.000000 sec, Dist BKS=0.09%
    Exec 11: Solution=11288082.800006, Time=600.000000 sec, Dist BKS=0.07%
    Exec 12: Solution=11294918.204138, Time=600.000000 sec, Dist BKS=0.01%
    Exec 13: Solution=11296500.339112, Time=600.000000 sec, Dist BKS=-0.00%
    Exec 14: Solution=11284948.315543, Time=600.000000 sec, Dist BKS=0.10%
    Exec 15: Solution=11294241.840903, Time=600.000000 sec, Dist BKS=0.02%
