SOLUTION START
	Parameters used:
	instance = instances/MDG-b/MDG-b_31_n2000_m200.txt
	solution_size = 200
	meta_heuristic = mdm-grasp

ITER 265 DATA_MINING TOOK 0.058064
ITER 396 DATA_MINING TOOK 0.341665
ITER 521 DATA_MINING TOOK 19.697975
ITER 846 DATA_MINING TOOK 39.636726
ITER 1010 DATA_MINING TOOK 4.810589
ITER 1403 DATA_MINING TOOK 0.030335
ITER 1961 DATA_MINING TOOK 0.009481

Total iterations: 2104
Mining operations: 7
ITER 105 DATA_MINING TOOK 0.077230
ITER 271 DATA_MINING TOOK 0.779254
ITER 366 DATA_MINING TOOK 1.407295
ITER 448 DATA_MINING TOOK 7.693763
ITER 566 DATA_MINING TOOK 8.327505
ITER 688 DATA_MINING TOOK 0.954962
ITER 1018 DATA_MINING TOOK 0.907304
ITER 1250 DATA_MINING TOOK 0.732397
ITER 1775 DATA_MINING TOOK 1.928931
ITER 2046 DATA_MINING TOOK 0.195384

Total iterations: 2487
Mining operations: 10
ITER 299 DATA_MINING TOOK 0.029834
ITER 509 DATA_MINING TOOK 0.091821
ITER 729 DATA_MINING TOOK 0.129325
ITER 857 DATA_MINING TOOK 0.257713
ITER 1116 DATA_MINING TOOK 1.023608
ITER 1285 DATA_MINING TOOK 1.872416
ITER 1986 DATA_MINING TOOK 0.069526
ITER 2831 DATA_MINING TOOK 0.210213
ITER 3595 DATA_MINING TOOK 0.067769
ITER 3905 DATA_MINING TOOK 0.009892

Total iterations: 8713
Mining operations: 10
ITER 128 DATA_MINING TOOK 0.016186
ITER 291 DATA_MINING TOOK 0.060810
ITER 414 DATA_MINING TOOK 0.231613
ITER 555 DATA_MINING TOOK 10.077986
ITER 966 DATA_MINING TOOK 2.036197
ITER 1613 DATA_MINING TOOK 0.327670
ITER 2308 DATA_MINING TOOK 0.141771
ITER 3088 DATA_MINING TOOK 0.305399
ITER 3730 DATA_MINING TOOK 0.029598
ITER 4441 DATA_MINING TOOK 0.023684

Total iterations: 4823
Mining operations: 10
ITER 139 DATA_MINING TOOK 0.035553
ITER 326 DATA_MINING TOOK 0.097571
ITER 440 DATA_MINING TOOK 0.124190
ITER 475 DATA_MINING TOOK 0.182007
ITER 579 DATA_MINING TOOK 0.586111
ITER 824 DATA_MINING TOOK 0.412227
ITER 1614 DATA_MINING TOOK 0.044254
ITER 2010 DATA_MINING TOOK 0.022336
ITER 3289 DATA_MINING TOOK 0.040236

Total iterations: 9467
Mining operations: 9
ITER 195 DATA_MINING TOOK 0.032899
ITER 322 DATA_MINING TOOK 0.073063
ITER 443 DATA_MINING TOOK 0.611943
ITER 778 DATA_MINING TOOK 17.946194
ITER 1239 DATA_MINING TOOK 4.225083
ITER 1576 DATA_MINING TOOK 0.019710
ITER 2084 DATA_MINING TOOK 0.008177
ITER 2425 DATA_MINING TOOK 0.000000
ITER 3849 DATA_MINING TOOK 0.023050
ITER 4215 DATA_MINING TOOK 0.010810
ITER 5258 DATA_MINING TOOK 0.033520

Total iterations: 5799
Mining operations: 11
ITER 239 DATA_MINING TOOK 0.047529
ITER 506 DATA_MINING TOOK 0.150566
ITER 880 DATA_MINING TOOK 5.207035
ITER 1208 DATA_MINING TOOK 4.894382
ITER 2175 DATA_MINING TOOK 1.470459
ITER 2667 DATA_MINING TOOK 0.027214
ITER 2943 DATA_MINING TOOK 0.016645

Total iterations: 3714
Mining operations: 7
ITER 221 DATA_MINING TOOK 0.036452
ITER 313 DATA_MINING TOOK 0.073562
ITER 506 DATA_MINING TOOK 0.999281
ITER 873 DATA_MINING TOOK 2.783364
ITER 1478 DATA_MINING TOOK 1.183053
ITER 2056 DATA_MINING TOOK 0.013530
ITER 2987 DATA_MINING TOOK 0.021510

Total iterations: 14389
Mining operations: 7
ITER 320 DATA_MINING TOOK 0.019715
ITER 463 DATA_MINING TOOK 0.191216
ITER 736 DATA_MINING TOOK 0.788125
ITER 980 DATA_MINING TOOK 3.750951
ITER 1144 DATA_MINING TOOK 4.371405
ITER 1638 DATA_MINING TOOK 0.651743
ITER 2453 DATA_MINING TOOK 0.014916
ITER 3722 DATA_MINING TOOK 0.017687
ITER 5030 DATA_MINING TOOK 0.022120
ITER 6045 DATA_MINING TOOK 0.014532
ITER 7103 DATA_MINING TOOK 0.020747
ITER 7988 DATA_MINING TOOK 0.025345

Total iterations: 11932
Mining operations: 12
ITER 202 DATA_MINING TOOK 0.015550
ITER 580 DATA_MINING TOOK 0.118196
ITER 862 DATA_MINING TOOK 1.579242
ITER 1422 DATA_MINING TOOK 7.500512
ITER 1800 DATA_MINING TOOK 1.253974
ITER 2826 DATA_MINING TOOK 0.140857
ITER 3676 DATA_MINING TOOK 0.045880
ITER 4937 DATA_MINING TOOK 0.022161

Total iterations: 6200
Mining operations: 8
ITER 202 DATA_MINING TOOK 0.019443
ITER 310 DATA_MINING TOOK 0.055743
ITER 456 DATA_MINING TOOK 0.348463
ITER 714 DATA_MINING TOOK 9.569810
ITER 1353 DATA_MINING TOOK 1.344539
ITER 1745 DATA_MINING TOOK 0.255756
ITER 2256 DATA_MINING TOOK 0.005570
ITER 2636 DATA_MINING TOOK 0.007801

Total iterations: 8299
Mining operations: 8
ITER 352 DATA_MINING TOOK 0.025622
ITER 598 DATA_MINING TOOK 0.127126
ITER 897 DATA_MINING TOOK 1.770354
ITER 1187 DATA_MINING TOOK 5.845665
ITER 1773 DATA_MINING TOOK 4.516712
ITER 2172 DATA_MINING TOOK 1.055866
ITER 2760 DATA_MINING TOOK 0.007648
ITER 3431 DATA_MINING TOOK 0.013829

Total iterations: 5461
Mining operations: 8
ITER 233 DATA_MINING TOOK 0.020059
ITER 409 DATA_MINING TOOK 0.126451
ITER 702 DATA_MINING TOOK 2.122542
ITER 1202 DATA_MINING TOOK 0.749296
ITER 1563 DATA_MINING TOOK 2.011166
ITER 1944 DATA_MINING TOOK 0.062090
ITER 2473 DATA_MINING TOOK 0.035186
ITER 3044 DATA_MINING TOOK 0.032118
ITER 3921 DATA_MINING TOOK 0.010055

Total iterations: 6735
Mining operations: 9
ITER 150 DATA_MINING TOOK 0.023974
ITER 541 DATA_MINING TOOK 0.598753
ITER 1065 DATA_MINING TOOK 2.449739
ITER 1481 DATA_MINING TOOK 0.733815
ITER 2373 DATA_MINING TOOK 0.317168
ITER 2877 DATA_MINING TOOK 0.003962
ITER 3907 DATA_MINING TOOK 0.006696

Total iterations: 11569
Mining operations: 7
ITER 134 DATA_MINING TOOK 0.014277
ITER 255 DATA_MINING TOOK 0.191629
ITER 537 DATA_MINING TOOK 1.203473
ITER 875 DATA_MINING TOOK 25.346734
ITER 1572 DATA_MINING TOOK 0.851757
ITER 2073 DATA_MINING TOOK 0.085532
ITER 2310 DATA_MINING TOOK 0.021748
ITER 2495 DATA_MINING TOOK 0.007269
ITER 2901 DATA_MINING TOOK 0.024847
ITER 3244 DATA_MINING TOOK 0.052194
ITER 3440 DATA_MINING TOOK 0.019417
ITER 3736 DATA_MINING TOOK 0.031171
ITER 4208 DATA_MINING TOOK 0.004473
ITER 4402 DATA_MINING TOOK 0.000000

Total iterations: 4760
Mining operations: 14

Execution Summary:
  Instance: instances/MDG-b/MDG-b_31_n2000_m200.txt
  Matrix Size (N): 2000
  Solution Size (M): 200
  Number of Executions: 15
  ------------------------------------
  Average Solution: 11277056.013885
  Best Solution Value: 11288901.171914
  Average Time per Execution: 600.000000 sec
  Best Solution Time: 600.000000 sec
  BKS: 11288901.000000
  Distance to BKS: -0.171914
  Percentage Distance to BKS: -0.00%
  Average Percentage Distance to BKS: -0.171914%

  Details per Execution:
    Exec 1: Solution=11288901.171914, Time=600.000000 sec, Dist BKS=-0.00%
    Exec 2: Solution=11260704.055381, Time=600.000000 sec, Dist BKS=0.25%
    Exec 3: Solution=11277341.107850, Time=600.000000 sec, Dist BKS=0.10%
    Exec 4: Solution=11288901.171914, Time=600.000000 sec, Dist BKS=-0.00%
    Exec 5: Solution=11267760.084079, Time=600.000000 sec, Dist BKS=0.19%
    Exec 6: Solution=11276616.399678, Time=600.000000 sec, Dist BKS=0.11%
    Exec 7: Solution=11279886.054273, Time=600.000000 sec, Dist BKS=0.08%
    Exec 8: Solution=11271695.677260, Time=600.000000 sec, Dist BKS=0.15%
    Exec 9: Solution=11273103.355975, Time=600.000000 sec, Dist BKS=0.14%
    Exec 10: Solution=11288901.171914, Time=600.000000 sec, Dist BKS=-0.00%
    Exec 11: Solution=11274039.449443, Time=600.000000 sec, Dist BKS=0.13%
    Exec 12: Solution=11288901.171914, Time=600.000000 sec, Dist BKS=-0.00%
    Exec 13: Solution=11271334.542781, Time=600.000000 sec, Dist BKS=0.16%
    Exec 14: Solution=11274168.742730, Time=600.000000 sec, Dist BKS=0.13%
    Exec 15: Solution=11273586.051174, Time=600.000000 sec, Dist BKS=0.14%
