SOLUTION START
	Parameters used:
	instance = instances/MDG-b/MDG-b_26_n2000_m200.txt
	solution_size = 200
	meta_heuristic = mdm-grasp

ITER 290 DATA_MINING TOOK 0.053844
ITER 729 DATA_MINING TOOK 10.853663
ITER 1302 DATA_MINING TOOK 5.890466
ITER 2497 DATA_MINING TOOK 0.115426
ITER 2974 DATA_MINING TOOK 0.016829
ITER 3353 DATA_MINING TOOK 0.009126
ITER 5037 DATA_MINING TOOK 0.010160

Total iterations: 5195
Mining operations: 7
ITER 222 DATA_MINING TOOK 0.032637
ITER 458 DATA_MINING TOOK 2.150083
ITER 737 DATA_MINING TOOK 14.463867
ITER 1175 DATA_MINING TOOK 0.712723
ITER 2119 DATA_MINING TOOK 0.005748
ITER 4486 DATA_MINING TOOK 0.008941
ITER 9900 DATA_MINING TOOK 0.008211

Total iterations: 13701
Mining operations: 7
ITER 146 DATA_MINING TOOK 0.103814
ITER 234 DATA_MINING TOOK 1.660671
ITER 378 DATA_MINING TOOK 10.833803
ITER 666 DATA_MINING TOOK 11.403431
ITER 1641 DATA_MINING TOOK 0.106211
ITER 2464 DATA_MINING TOOK 0.019848
ITER 2930 DATA_MINING TOOK 0.007870
ITER 3676 DATA_MINING TOOK 0.010761
ITER 5107 DATA_MINING TOOK 0.013582

Total iterations: 10279
Mining operations: 9
ITER 251 DATA_MINING TOOK 0.054979
ITER 352 DATA_MINING TOOK 0.521595
ITER 512 DATA_MINING TOOK 15.114288
ITER 845 DATA_MINING TOOK 0.242911
ITER 1714 DATA_MINING TOOK 0.093557
ITER 2944 DATA_MINING TOOK 0.008327
ITER 4308 DATA_MINING TOOK 0.007258

Total iterations: 18332
Mining operations: 7
ITER 409 DATA_MINING TOOK 0.067577
ITER 587 DATA_MINING TOOK 1.454064
ITER 764 DATA_MINING TOOK 2.319022
ITER 1636 DATA_MINING TOOK 0.048555
ITER 2601 DATA_MINING TOOK 0.016722
ITER 3239 DATA_MINING TOOK 0.017736

Total iterations: 14724
Mining operations: 6
ITER 137 DATA_MINING TOOK 0.025955
ITER 337 DATA_MINING TOOK 2.006439
ITER 584 DATA_MINING TOOK 5.505833
ITER 841 DATA_MINING TOOK 2.514288
ITER 1627 DATA_MINING TOOK 0.070602
ITER 2611 DATA_MINING TOOK 0.120396
ITER 3025 DATA_MINING TOOK 0.006034
ITER 4032 DATA_MINING TOOK 0.004236

Total iterations: 13105
Mining operations: 8
ITER 139 DATA_MINING TOOK 0.055503
ITER 443 DATA_MINING TOOK 0.600430
ITER 694 DATA_MINING TOOK 9.649482
ITER 1320 DATA_MINING TOOK 3.513254
ITER 1761 DATA_MINING TOOK 0.058165
ITER 2277 DATA_MINING TOOK 0.034661

Total iterations: 5318
Mining operations: 6
ITER 229 DATA_MINING TOOK 0.049702
ITER 447 DATA_MINING TOOK 0.439571
ITER 733 DATA_MINING TOOK 8.405165
ITER 1053 DATA_MINING TOOK 1.728956
ITER 1501 DATA_MINING TOOK 0.200451
ITER 2214 DATA_MINING TOOK 0.007919
ITER 3075 DATA_MINING TOOK 0.007015

Total iterations: 17483
Mining operations: 7
ITER 204 DATA_MINING TOOK 0.028676
ITER 424 DATA_MINING TOOK 0.115299
ITER 632 DATA_MINING TOOK 1.768075
ITER 1047 DATA_MINING TOOK 4.810963
ITER 1549 DATA_MINING TOOK 0.005263
ITER 2086 DATA_MINING TOOK 0.003608
ITER 3849 DATA_MINING TOOK 0.017465

Total iterations: 15779
Mining operations: 7
ITER 205 DATA_MINING TOOK 0.052411
ITER 375 DATA_MINING TOOK 1.069106
ITER 669 DATA_MINING TOOK 8.849399
ITER 1693 DATA_MINING TOOK 0.646294
ITER 2649 DATA_MINING TOOK 0.032770
ITER 3564 DATA_MINING TOOK 0.005535
ITER 4532 DATA_MINING TOOK 0.007477
ITER 8243 DATA_MINING TOOK 0.005607

Total iterations: 15945
Mining operations: 8
ITER 223 DATA_MINING TOOK 0.031459
ITER 402 DATA_MINING TOOK 0.229291
ITER 565 DATA_MINING TOOK 18.134392
ITER 863 DATA_MINING TOOK 4.959336
ITER 1218 DATA_MINING TOOK 2.053372
ITER 1693 DATA_MINING TOOK 0.007780
ITER 2904 DATA_MINING TOOK 0.324091
ITER 3656 DATA_MINING TOOK 0.018430
ITER 4686 DATA_MINING TOOK 0.039478
ITER 5689 DATA_MINING TOOK 0.055246
ITER 7310 DATA_MINING TOOK 0.006890
ITER 8121 DATA_MINING TOOK 0.005798

Total iterations: 14461
Mining operations: 12
ITER 222 DATA_MINING TOOK 0.065297
ITER 562 DATA_MINING TOOK 1.097971
ITER 920 DATA_MINING TOOK 5.179054
ITER 1355 DATA_MINING TOOK 0.182175
ITER 1604 DATA_MINING TOOK 0.045628
ITER 2259 DATA_MINING TOOK 0.087141
ITER 2688 DATA_MINING TOOK 0.226996
ITER 3029 DATA_MINING TOOK 0.297315
ITER 3734 DATA_MINING TOOK 0.096154
ITER 4054 DATA_MINING TOOK 0.110945
ITER 4713 DATA_MINING TOOK 0.358774
ITER 5201 DATA_MINING TOOK 0.128292
ITER 5915 DATA_MINING TOOK 0.155069
ITER 6464 DATA_MINING TOOK 0.074485

Total iterations: 6535
Mining operations: 14
ITER 241 DATA_MINING TOOK 0.031077
ITER 440 DATA_MINING TOOK 0.206241
ITER 833 DATA_MINING TOOK 5.582010
ITER 1387 DATA_MINING TOOK 4.945343
ITER 2079 DATA_MINING TOOK 1.103343
ITER 2525 DATA_MINING TOOK 0.122911
ITER 2912 DATA_MINING TOOK 0.016856
ITER 3593 DATA_MINING TOOK 0.036897
ITER 4134 DATA_MINING TOOK 0.134562
ITER 4438 DATA_MINING TOOK 0.263847

Total iterations: 5922
Mining operations: 10
ITER 222 DATA_MINING TOOK 0.358656
ITER 269 DATA_MINING TOOK 0.354290
ITER 360 DATA_MINING TOOK 8.506526
ITER 628 DATA_MINING TOOK 1.669798
ITER 1158 DATA_MINING TOOK 0.193262
ITER 1433 DATA_MINING TOOK 0.080458
ITER 1876 DATA_MINING TOOK 0.280383
ITER 2506 DATA_MINING TOOK 0.342301
ITER 3522 DATA_MINING TOOK 0.032962
ITER 3791 DATA_MINING TOOK 0.078294
ITER 4148 DATA_MINING TOOK 0.056608
ITER 4660 DATA_MINING TOOK 0.014091
ITER 5200 DATA_MINING TOOK 0.012903

Total iterations: 5326
Mining operations: 13
ITER 143 DATA_MINING TOOK 0.059691
ITER 357 DATA_MINING TOOK 0.245912
ITER 530 DATA_MINING TOOK 10.838979
ITER 631 DATA_MINING TOOK 41.132330
ITER 806 DATA_MINING TOOK 14.947706
ITER 1137 DATA_MINING TOOK 1.133699
ITER 1436 DATA_MINING TOOK 0.049072
ITER 1825 DATA_MINING TOOK 0.069333
ITER 2308 DATA_MINING TOOK 0.047214
ITER 2732 DATA_MINING TOOK 0.060192

Total iterations: 3233
Mining operations: 10

Execution Summary:
  Instance: instances/MDG-b/MDG-b_26_n2000_m200.txt
  Matrix Size (N): 2000
  Solution Size (M): 200
  Number of Executions: 15
  ------------------------------------
  Average Solution: 11289888.255075
  Best Solution Value: 11293346.970685
  Average Time per Execution: 600.000000 sec
  Best Solution Time: 600.000000 sec
  BKS: 11298430.000000
  Distance to BKS: -1050.970685
  Percentage Distance to BKS: -0.01%
  Average Percentage Distance to BKS: 0.08%

  Details per Execution:
    Exec 1: Solution=11287422.813197, Time=600.000000 sec, Dist BKS=0.04%
    Exec 2: Solution=11292998.032882, Time=600.000000 sec, Dist BKS=-0.01%
    Exec 3: Solution=11291251.729850, Time=600.000000 sec, Dist BKS=0.01%
    Exec 4: Solution=11290775.863839, Time=600.000000 sec, Dist BKS=0.01%
    Exec 5: Solution=11290183.019769, Time=600.000000 sec, Dist BKS=0.02%
    Exec 6: Solution=11290702.646643, Time=600.000000 sec, Dist BKS=0.01%
    Exec 7: Solution=11291934.037972, Time=600.000000 sec, Dist BKS=0.00%
    Exec 8: Solution=11288893.204841, Time=600.000000 sec, Dist BKS=0.03%
    Exec 9: Solution=11288071.028134, Time=600.000000 sec, Dist BKS=0.04%
    Exec 10: Solution=11288834.602322, Time=600.000000 sec, Dist BKS=0.03%
    Exec 11: Solution=11293346.970685, Time=600.000000 sec, Dist BKS=-0.01%
    Exec 12: Solution=11289406.320986, Time=600.000000 sec, Dist BKS=0.03%
    Exec 13: Solution=11289406.320986, Time=600.000000 sec, Dist BKS=0.03%
    Exec 14: Solution=11288841.918957, Time=600.000000 sec, Dist BKS=0.03%
    Exec 15: Solution=11286255.315068, Time=600.000000 sec, Dist BKS=0.05%
