SOLUTION START
	Parameters used:
	instance = instances/MDG-b/MDG-b_36_n2000_m200.txt
	solution_size = 200
	meta_heuristic = mdm-grasp

ITER 146 DATA_MINING TOOK 0.141804
ITER 433 DATA_MINING TOOK 0.999589
ITER 660 DATA_MINING TOOK 4.380576
ITER 1079 DATA_MINING TOOK 1.216140
ITER 1658 DATA_MINING TOOK 0.207671
ITER 2485 DATA_MINING TOOK 0.012116
ITER 3028 DATA_MINING TOOK 0.182818

Total iterations: 7302
Mining operations: 7
ITER 193 DATA_MINING TOOK 0.129756
ITER 370 DATA_MINING TOOK 2.598779
ITER 748 DATA_MINING TOOK 0.493981
ITER 1104 DATA_MINING TOOK 0.016522
ITER 1887 DATA_MINING TOOK 0.071213
ITER 2445 DATA_MINING TOOK 0.018501
ITER 3142 DATA_MINING TOOK 0.011903
ITER 4226 DATA_MINING TOOK 0.005011
ITER 6676 DATA_MINING TOOK 0.011098
ITER 10696 DATA_MINING TOOK 0.018000
ITER 11306 DATA_MINING TOOK 0.022585
ITER 14168 DATA_MINING TOOK 0.020311

Total iterations: 14864
Mining operations: 12
ITER 187 DATA_MINING TOOK 0.126499
ITER 335 DATA_MINING TOOK 0.582289
ITER 730 DATA_MINING TOOK 7.148861
ITER 1127 DATA_MINING TOOK 2.505881
ITER 1538 DATA_MINING TOOK 5.657596
ITER 2160 DATA_MINING TOOK 0.041544
ITER 2473 DATA_MINING TOOK 0.022462

Total iterations: 10360
Mining operations: 7
ITER 213 DATA_MINING TOOK 0.067806
ITER 497 DATA_MINING TOOK 0.731401
ITER 744 DATA_MINING TOOK 0.530377
ITER 1301 DATA_MINING TOOK 8.049213
ITER 1857 DATA_MINING TOOK 0.027101
ITER 4483 DATA_MINING TOOK 0.211830
ITER 5211 DATA_MINING TOOK 0.016475
ITER 6619 DATA_MINING TOOK 0.027307

Total iterations: 7127
Mining operations: 8
ITER 262 DATA_MINING TOOK 0.065593
ITER 498 DATA_MINING TOOK 1.379608
ITER 642 DATA_MINING TOOK 3.582385
ITER 1331 DATA_MINING TOOK 11.193053
ITER 1680 DATA_MINING TOOK 3.288760
ITER 2286 DATA_MINING TOOK 0.787278
ITER 2619 DATA_MINING TOOK 0.063587
ITER 3145 DATA_MINING TOOK 0.088122
ITER 3445 DATA_MINING TOOK 0.110053
ITER 3884 DATA_MINING TOOK 0.229874

Total iterations: 3933
Mining operations: 10
ITER 174 DATA_MINING TOOK 0.074483
ITER 491 DATA_MINING TOOK 0.309596
ITER 875 DATA_MINING TOOK 3.079379
ITER 1271 DATA_MINING TOOK 1.645679
ITER 1716 DATA_MINING TOOK 2.315047
ITER 2748 DATA_MINING TOOK 0.070140
ITER 3583 DATA_MINING TOOK 0.024491

Total iterations: 3757
Mining operations: 7
ITER 173 DATA_MINING TOOK 0.149174
ITER 342 DATA_MINING TOOK 2.750770
ITER 697 DATA_MINING TOOK 3.393727
ITER 1390 DATA_MINING TOOK 0.047866
ITER 2265 DATA_MINING TOOK 0.016994
ITER 3853 DATA_MINING TOOK 0.009933

Total iterations: 19155
Mining operations: 6
ITER 211 DATA_MINING TOOK 0.049320
ITER 431 DATA_MINING TOOK 4.620144
ITER 681 DATA_MINING TOOK 5.424782
ITER 1004 DATA_MINING TOOK 0.359278
ITER 1505 DATA_MINING TOOK 0.112734
ITER 2214 DATA_MINING TOOK 0.047342
ITER 2848 DATA_MINING TOOK 0.488847
ITER 3657 DATA_MINING TOOK 0.020163
ITER 4907 DATA_MINING TOOK 0.010350

Total iterations: 12904
Mining operations: 9
ITER 231 DATA_MINING TOOK 0.063603
ITER 344 DATA_MINING TOOK 0.924259
ITER 701 DATA_MINING TOOK 14.870692
ITER 991 DATA_MINING TOOK 2.381636
ITER 1382 DATA_MINING TOOK 0.004456
ITER 3183 DATA_MINING TOOK 0.050183
ITER 4017 DATA_MINING TOOK 0.012088
ITER 4887 DATA_MINING TOOK 0.013166

Total iterations: 19516
Mining operations: 8
ITER 225 DATA_MINING TOOK 0.032618
ITER 470 DATA_MINING TOOK 0.088773
ITER 729 DATA_MINING TOOK 0.171995
ITER 1044 DATA_MINING TOOK 0.017181
ITER 1545 DATA_MINING TOOK 0.015162
ITER 1739 DATA_MINING TOOK 0.009332
ITER 2122 DATA_MINING TOOK 0.005365
ITER 5295 DATA_MINING TOOK 0.000000

Total iterations: 5437
Mining operations: 8
ITER 203 DATA_MINING TOOK 0.043374
ITER 523 DATA_MINING TOOK 0.300537
ITER 778 DATA_MINING TOOK 2.957929
ITER 1157 DATA_MINING TOOK 0.153757
ITER 1880 DATA_MINING TOOK 0.095734
ITER 2045 DATA_MINING TOOK 0.022138
ITER 2748 DATA_MINING TOOK 0.021913
ITER 3223 DATA_MINING TOOK 0.032012
ITER 3681 DATA_MINING TOOK 0.008919
ITER 4389 DATA_MINING TOOK 0.006719

Total iterations: 8121
Mining operations: 10
ITER 177 DATA_MINING TOOK 0.071852
ITER 565 DATA_MINING TOOK 0.945724
ITER 879 DATA_MINING TOOK 5.892554
ITER 1068 DATA_MINING TOOK 0.536067
ITER 1766 DATA_MINING TOOK 0.382376
ITER 2738 DATA_MINING TOOK 0.038115
ITER 3278 DATA_MINING TOOK 0.011497
ITER 4340 DATA_MINING TOOK 0.043449
ITER 4829 DATA_MINING TOOK 0.006004
ITER 6321 DATA_MINING TOOK 0.009769
ITER 7229 DATA_MINING TOOK 0.010320

Total iterations: 8642
Mining operations: 11
ITER 203 DATA_MINING TOOK 0.050415
ITER 401 DATA_MINING TOOK 0.398280
ITER 950 DATA_MINING TOOK 4.015775
ITER 1438 DATA_MINING TOOK 0.491732
ITER 1809 DATA_MINING TOOK 0.033726
ITER 2370 DATA_MINING TOOK 0.024807
ITER 4029 DATA_MINING TOOK 0.051336
ITER 5284 DATA_MINING TOOK 0.020478
ITER 7979 DATA_MINING TOOK 0.036337

Total iterations: 8686
Mining operations: 9
ITER 210 DATA_MINING TOOK 0.108214
ITER 501 DATA_MINING TOOK 1.619373
ITER 654 DATA_MINING TOOK 2.072470
ITER 997 DATA_MINING TOOK 8.079618
ITER 1461 DATA_MINING TOOK 0.106200
ITER 2524 DATA_MINING TOOK 0.073194
ITER 3320 DATA_MINING TOOK 0.123396
ITER 4377 DATA_MINING TOOK 0.080215
ITER 5206 DATA_MINING TOOK 0.018318

Total iterations: 8508
Mining operations: 9
ITER 224 DATA_MINING TOOK 0.044363
ITER 332 DATA_MINING TOOK 0.345443
ITER 616 DATA_MINING TOOK 62.199289
ITER 1142 DATA_MINING TOOK 15.017314
ITER 1954 DATA_MINING TOOK 0.022180
ITER 3086 DATA_MINING TOOK 0.008465
ITER 5321 DATA_MINING TOOK 0.007912
ITER 12984 DATA_MINING TOOK 0.013549

Total iterations: 13740
Mining operations: 8

Execution Summary:
  Instance: instances/MDG-b/MDG-b_36_n2000_m200.txt
  Matrix Size (N): 2000
  Solution Size (M): 200
  Number of Executions: 15
  ------------------------------------
  Average Solution: 11293051.275766
  Best Solution Value: 11299164.472843
  Average Time per Execution: 600.000000 sec
  Best Solution Time: 600.000000 sec
  BKS: 11302892.000000
  Distance to BKS: -9695.472843
  Percentage Distance to BKS: -0.09%
  Average Percentage Distance to BKS: -0.03%

  Details per Execution:
    Exec 1: Solution=11291802.064721, Time=600.000000 sec, Dist BKS=-0.02%
    Exec 2: Solution=11292620.051337, Time=600.000000 sec, Dist BKS=-0.03%
    Exec 3: Solution=11287987.430918, Time=600.000000 sec, Dist BKS=0.01%
    Exec 4: Solution=11295112.479001, Time=600.000000 sec, Dist BKS=-0.05%
    Exec 5: Solution=11293848.370505, Time=600.000000 sec, Dist BKS=-0.04%
    Exec 6: Solution=11298250.547864, Time=600.000000 sec, Dist BKS=-0.08%
    Exec 7: Solution=11297496.787137, Time=600.000000 sec, Dist BKS=-0.07%
    Exec 8: Solution=11293523.049028, Time=600.000000 sec, Dist BKS=-0.04%
    Exec 9: Solution=11293988.901856, Time=600.000000 sec, Dist BKS=-0.04%
    Exec 10: Solution=11284289.347355, Time=600.000000 sec, Dist BKS=0.05%
    Exec 11: Solution=11297496.787137, Time=600.000000 sec, Dist BKS=-0.07%
    Exec 12: Solution=11295267.230302, Time=600.000000 sec, Dist BKS=-0.05%
    Exec 13: Solution=11291339.611797, Time=600.000000 sec, Dist BKS=-0.02%
    Exec 14: Solution=11283582.004690, Time=600.000000 sec, Dist BKS=0.05%
    Exec 15: Solution=11299164.472843, Time=600.000000 sec, Dist BKS=-0.09%
