SOLUTION START
	Parameters used:
	instance = instances/MDG-b/MDG-b_40_n2000_m200.txt
	solution_size = 200
	meta_heuristic = mdm-grasp

ITER 170 DATA_MINING TOOK 0.075667
ITER 450 DATA_MINING TOOK 0.905141
ITER 637 DATA_MINING TOOK 6.094959
ITER 1022 DATA_MINING TOOK 14.861514
ITER 1774 DATA_MINING TOOK 1.690202
ITER 2248 DATA_MINING TOOK 0.031326
ITER 2807 DATA_MINING TOOK 0.043501
ITER 3861 DATA_MINING TOOK 0.090504
ITER 4301 DATA_MINING TOOK 0.138152
ITER 5024 DATA_MINING TOOK 0.039147
ITER 6117 DATA_MINING TOOK 0.037108

Total iterations: 6418
Mining operations: 11
ITER 206 DATA_MINING TOOK 0.032279
ITER 372 DATA_MINING TOOK 0.431336
ITER 716 DATA_MINING TOOK 10.791804
ITER 1110 DATA_MINING TOOK 7.024366
ITER 1626 DATA_MINING TOOK 0.287990
ITER 2257 DATA_MINING TOOK 0.075422
ITER 3145 DATA_MINING TOOK 0.085544
ITER 3729 DATA_MINING TOOK 0.227227
ITER 4433 DATA_MINING TOOK 0.023000
ITER 4886 DATA_MINING TOOK 0.021348
ITER 5637 DATA_MINING TOOK 0.009694

Total iterations: 8448
Mining operations: 11
ITER 199 DATA_MINING TOOK 0.060234
ITER 469 DATA_MINING TOOK 0.384581
ITER 837 DATA_MINING TOOK 4.961522
ITER 1107 DATA_MINING TOOK 19.061615
ITER 1550 DATA_MINING TOOK 0.979782
ITER 2307 DATA_MINING TOOK 0.013152
ITER 3230 DATA_MINING TOOK 0.006420

Total iterations: 13723
Mining operations: 7
ITER 156 DATA_MINING TOOK 0.057239
ITER 372 DATA_MINING TOOK 0.444852
ITER 544 DATA_MINING TOOK 0.630954
ITER 886 DATA_MINING TOOK 10.702332
ITER 1308 DATA_MINING TOOK 1.756697
ITER 2033 DATA_MINING TOOK 0.105310
ITER 2961 DATA_MINING TOOK 0.016956
ITER 3853 DATA_MINING TOOK 0.016880
ITER 6179 DATA_MINING TOOK 0.028659
ITER 8334 DATA_MINING TOOK 0.020976
ITER 9079 DATA_MINING TOOK 0.018483

Total iterations: 11368
Mining operations: 11
ITER 159 DATA_MINING TOOK 0.080243
ITER 275 DATA_MINING TOOK 5.670324
ITER 626 DATA_MINING TOOK 14.011110
ITER 1229 DATA_MINING TOOK 0.575744
ITER 2057 DATA_MINING TOOK 0.059970
ITER 2543 DATA_MINING TOOK 0.006104
ITER 4486 DATA_MINING TOOK 0.008906
ITER 12796 DATA_MINING TOOK 0.013226
ITER 13938 DATA_MINING TOOK 0.024741
ITER 15645 DATA_MINING TOOK 0.009827
ITER 16303 DATA_MINING TOOK 0.011659

Total iterations: 16967
Mining operations: 11
ITER 378 DATA_MINING TOOK 0.092244
ITER 576 DATA_MINING TOOK 0.286216
ITER 801 DATA_MINING TOOK 1.554998
ITER 1233 DATA_MINING TOOK 4.092926
ITER 1590 DATA_MINING TOOK 0.051592
ITER 2214 DATA_MINING TOOK 0.022301
ITER 3174 DATA_MINING TOOK 0.131070
ITER 3836 DATA_MINING TOOK 0.012160
ITER 4859 DATA_MINING TOOK 0.013643

Total iterations: 6820
Mining operations: 9
ITER 204 DATA_MINING TOOK 0.058808
ITER 485 DATA_MINING TOOK 0.369547
ITER 780 DATA_MINING TOOK 2.063287
ITER 1407 DATA_MINING TOOK 3.978088
ITER 1934 DATA_MINING TOOK 1.315067
ITER 2302 DATA_MINING TOOK 0.058575
ITER 2680 DATA_MINING TOOK 0.089338
ITER 2997 DATA_MINING TOOK 0.037108
ITER 3629 DATA_MINING TOOK 0.022699

Total iterations: 5949
Mining operations: 9
ITER 273 DATA_MINING TOOK 0.050720
ITER 402 DATA_MINING TOOK 0.577231
ITER 711 DATA_MINING TOOK 1.422645
ITER 1171 DATA_MINING TOOK 6.676962
ITER 1819 DATA_MINING TOOK 0.466621
ITER 2259 DATA_MINING TOOK 0.082650
ITER 3143 DATA_MINING TOOK 0.018010
ITER 3910 DATA_MINING TOOK 0.007428
ITER 4617 DATA_MINING TOOK 0.017112
ITER 5540 DATA_MINING TOOK 0.009173
ITER 6411 DATA_MINING TOOK 0.009921

Total iterations: 9797
Mining operations: 11
ITER 212 DATA_MINING TOOK 0.102469
ITER 360 DATA_MINING TOOK 0.469872
ITER 734 DATA_MINING TOOK 0.791408
ITER 907 DATA_MINING TOOK 1.983186
ITER 1284 DATA_MINING TOOK 0.370109
ITER 2009 DATA_MINING TOOK 0.067391
ITER 3259 DATA_MINING TOOK 0.000000
ITER 4354 DATA_MINING TOOK 0.002138

Total iterations: 11389
Mining operations: 8
ITER 194 DATA_MINING TOOK 0.053845
ITER 432 DATA_MINING TOOK 0.178017
ITER 556 DATA_MINING TOOK 1.311366
ITER 810 DATA_MINING TOOK 3.484597
ITER 1062 DATA_MINING TOOK 3.210035
ITER 1496 DATA_MINING TOOK 0.402850
ITER 2057 DATA_MINING TOOK 0.168468
ITER 2689 DATA_MINING TOOK 0.010559

Total iterations: 9936
Mining operations: 8
ITER 279 DATA_MINING TOOK 0.031155
ITER 451 DATA_MINING TOOK 0.178745
ITER 722 DATA_MINING TOOK 1.447926
ITER 927 DATA_MINING TOOK 1.901049
ITER 1271 DATA_MINING TOOK 0.852812
ITER 1905 DATA_MINING TOOK 0.153463
ITER 2689 DATA_MINING TOOK 0.008704
ITER 3561 DATA_MINING TOOK 0.016973
ITER 4501 DATA_MINING TOOK 0.008764

Total iterations: 11074
Mining operations: 9
ITER 136 DATA_MINING TOOK 0.096355
ITER 326 DATA_MINING TOOK 1.787181
ITER 640 DATA_MINING TOOK 3.034568
ITER 1077 DATA_MINING TOOK 0.134970
ITER 1737 DATA_MINING TOOK 2.397442
ITER 2151 DATA_MINING TOOK 0.046857
ITER 2337 DATA_MINING TOOK 0.059200
ITER 3270 DATA_MINING TOOK 0.006384
ITER 3452 DATA_MINING TOOK 0.009289
ITER 3619 DATA_MINING TOOK 0.012719
ITER 3906 DATA_MINING TOOK 0.017473
ITER 4177 DATA_MINING TOOK 0.032057

Total iterations: 4948
Mining operations: 12
ITER 293 DATA_MINING TOOK 0.074296
ITER 618 DATA_MINING TOOK 0.164522
ITER 856 DATA_MINING TOOK 1.420393
ITER 1160 DATA_MINING TOOK 4.139215
ITER 1490 DATA_MINING TOOK 1.856477
ITER 2244 DATA_MINING TOOK 0.052128
ITER 3063 DATA_MINING TOOK 0.013586
ITER 4080 DATA_MINING TOOK 0.019826
ITER 4815 DATA_MINING TOOK 0.012256

Total iterations: 7128
Mining operations: 9
ITER 208 DATA_MINING TOOK 0.055742
ITER 466 DATA_MINING TOOK 4.300423
ITER 779 DATA_MINING TOOK 5.923495
ITER 1297 DATA_MINING TOOK 0.905819
ITER 1946 DATA_MINING TOOK 0.132267
ITER 2623 DATA_MINING TOOK 0.071674
ITER 4004 DATA_MINING TOOK 0.049132
ITER 4454 DATA_MINING TOOK 0.017878
ITER 5802 DATA_MINING TOOK 0.009141

Total iterations: 8643
Mining operations: 9
ITER 183 DATA_MINING TOOK 0.050708
ITER 418 DATA_MINING TOOK 0.502087
ITER 781 DATA_MINING TOOK 2.316832
ITER 961 DATA_MINING TOOK 2.928981
ITER 1395 DATA_MINING TOOK 0.014269
ITER 2445 DATA_MINING TOOK 0.028913
ITER 3581 DATA_MINING TOOK 0.018384
ITER 4552 DATA_MINING TOOK 0.005569

Total iterations: 16967
Mining operations: 8

Execution Summary:
  Instance: instances/MDG-b/MDG-b_40_n2000_m200.txt
  Matrix Size (N): 2000
  Solution Size (M): 200
  Number of Executions: 15
  ------------------------------------
  Average Solution: 11298531.769538
  Best Solution Value: 11304070.746000
  Average Time per Execution: 600.000000 sec
  Best Solution Time: 600.000000 sec
  BKS: 11309163.000000
  Distance to BKS: 5092.254000
  Percentage Distance to BKS: 0.05%
  Average Percentage Distance to BKS: 0.09%

  Details per Execution:
    Exec 1: Solution=11296935.984848, Time=600.000000 sec, Dist BKS=0.09%
    Exec 2: Solution=11301994.406538, Time=600.000000 sec, Dist BKS=0.05%
    Exec 3: Solution=11301994.406538, Time=600.000000 sec, Dist BKS=0.05%
    Exec 4: Solution=11291552.280383, Time=600.000000 sec, Dist BKS=0.14%
    Exec 5: Solution=11304070.746000, Time=600.000000 sec, Dist BKS=0.03%
    Exec 6: Solution=11298749.407489, Time=600.000000 sec, Dist BKS=0.07%
    Exec 7: Solution=11299751.290839, Time=600.000000 sec, Dist BKS=0.07%
    Exec 8: Solution=11300556.653748, Time=600.000000 sec, Dist BKS=0.06%
    Exec 9: Solution=11304070.746000, Time=600.000000 sec, Dist BKS=0.03%
    Exec 10: Solution=11293597.629881, Time=600.000000 sec, Dist BKS=0.12%
    Exec 11: Solution=11298703.006592, Time=600.000000 sec, Dist BKS=0.07%
    Exec 12: Solution=11285593.223676, Time=600.000000 sec, Dist BKS=0.19%
    Exec 13: Solution=11301994.406538, Time=600.000000 sec, Dist BKS=0.05%
    Exec 14: Solution=11304070.746000, Time=600.000000 sec, Dist BKS=0.03%
    Exec 15: Solution=11294341.608001, Time=600.000000 sec, Dist BKS=0.11%
