SOLUTION START
	Parameters used:
	instance = instances/MDG-b/MDG-b_35_n2000_m200.txt
	solution_size = 200
	meta_heuristic = mdm-grasp

ITER 275 DATA_MINING TOOK 0.049080
ITER 550 DATA_MINING TOOK 1.831781
ITER 913 DATA_MINING TOOK 15.996659
ITER 1324 DATA_MINING TOOK 0.726307
ITER 2086 DATA_MINING TOOK 0.027492
ITER 3352 DATA_MINING TOOK 0.028569

Total iterations: 10387
Mining operations: 6
ITER 290 DATA_MINING TOOK 0.032922
ITER 559 DATA_MINING TOOK 1.740502
ITER 818 DATA_MINING TOOK 3.090829
ITER 1711 DATA_MINING TOOK 0.008477
ITER 2859 DATA_MINING TOOK 0.037805
ITER 3630 DATA_MINING TOOK 0.021093

Total iterations: 12140
Mining operations: 6
ITER 281 DATA_MINING TOOK 0.031821
ITER 382 DATA_MINING TOOK 0.348889
ITER 524 DATA_MINING TOOK 9.707173
ITER 1045 DATA_MINING TOOK 0.360223
ITER 1378 DATA_MINING TOOK 0.011507
ITER 2112 DATA_MINING TOOK 0.013414
ITER 4705 DATA_MINING TOOK 0.012577

Total iterations: 20917
Mining operations: 7
ITER 236 DATA_MINING TOOK 0.053687
ITER 614 DATA_MINING TOOK 0.591845
ITER 884 DATA_MINING TOOK 2.334081
ITER 1075 DATA_MINING TOOK 3.158547
ITER 1835 DATA_MINING TOOK 1.368303
ITER 2427 DATA_MINING TOOK 0.011397
ITER 3100 DATA_MINING TOOK 0.029524
ITER 3475 DATA_MINING TOOK 0.016524
ITER 4169 DATA_MINING TOOK 0.031938

Total iterations: 6907
Mining operations: 9
ITER 241 DATA_MINING TOOK 0.035015
ITER 422 DATA_MINING TOOK 0.219864
ITER 810 DATA_MINING TOOK 1.439123
ITER 1306 DATA_MINING TOOK 2.437266
ITER 1590 DATA_MINING TOOK 0.199979
ITER 2243 DATA_MINING TOOK 0.017250
ITER 7115 DATA_MINING TOOK 0.007251

Total iterations: 13662
Mining operations: 7
ITER 280 DATA_MINING TOOK 0.032951
ITER 454 DATA_MINING TOOK 0.456750
ITER 788 DATA_MINING TOOK 13.485874
ITER 1089 DATA_MINING TOOK 2.515177
ITER 1781 DATA_MINING TOOK 0.024636
ITER 2633 DATA_MINING TOOK 0.007856
ITER 4221 DATA_MINING TOOK 0.007527

Total iterations: 16870
Mining operations: 7
ITER 299 DATA_MINING TOOK 0.031024
ITER 495 DATA_MINING TOOK 0.647766
ITER 1023 DATA_MINING TOOK 20.036640
ITER 1794 DATA_MINING TOOK 4.853069
ITER 2562 DATA_MINING TOOK 0.304770
ITER 2984 DATA_MINING TOOK 0.116879
ITER 3361 DATA_MINING TOOK 0.071584
ITER 3792 DATA_MINING TOOK 0.060481
ITER 4748 DATA_MINING TOOK 0.090950

Total iterations: 4829
Mining operations: 9
ITER 300 DATA_MINING TOOK 0.040486
ITER 434 DATA_MINING TOOK 1.163503
ITER 717 DATA_MINING TOOK 14.454504
ITER 1534 DATA_MINING TOOK 1.578360
ITER 2105 DATA_MINING TOOK 0.007190
ITER 2364 DATA_MINING TOOK 0.005152
ITER 2687 DATA_MINING TOOK 0.005392
ITER 3843 DATA_MINING TOOK 0.007537
ITER 4764 DATA_MINING TOOK 0.007606
ITER 5787 DATA_MINING TOOK 0.005952

Total iterations: 7506
Mining operations: 10
ITER 214 DATA_MINING TOOK 0.065500
ITER 473 DATA_MINING TOOK 0.172172
ITER 800 DATA_MINING TOOK 0.513333
ITER 1233 DATA_MINING TOOK 1.812476
ITER 1613 DATA_MINING TOOK 0.068252
ITER 2272 DATA_MINING TOOK 0.009716

Total iterations: 14353
Mining operations: 6
ITER 130 DATA_MINING TOOK 0.043591
ITER 272 DATA_MINING TOOK 0.178515
ITER 551 DATA_MINING TOOK 7.367041
ITER 921 DATA_MINING TOOK 7.032906
ITER 1422 DATA_MINING TOOK 0.039589
ITER 2138 DATA_MINING TOOK 0.013721
ITER 2902 DATA_MINING TOOK 0.012231
ITER 6034 DATA_MINING TOOK 0.257522
ITER 7837 DATA_MINING TOOK 0.014849
ITER 9754 DATA_MINING TOOK 0.025993
ITER 10512 DATA_MINING TOOK 0.013040
ITER 11228 DATA_MINING TOOK 0.011354

Total iterations: 12201
Mining operations: 12
ITER 168 DATA_MINING TOOK 0.034634
ITER 409 DATA_MINING TOOK 0.700419
ITER 658 DATA_MINING TOOK 16.321450
ITER 1371 DATA_MINING TOOK 0.349387
ITER 1789 DATA_MINING TOOK 0.001645
ITER 2749 DATA_MINING TOOK 0.008060

Total iterations: 17719
Mining operations: 6
ITER 129 DATA_MINING TOOK 0.032275
ITER 328 DATA_MINING TOOK 0.649057
ITER 538 DATA_MINING TOOK 9.193364
ITER 939 DATA_MINING TOOK 2.671923
ITER 1312 DATA_MINING TOOK 0.058101
ITER 2626 DATA_MINING TOOK 0.291671
ITER 3502 DATA_MINING TOOK 0.019697
ITER 4769 DATA_MINING TOOK 0.023600

Total iterations: 19745
Mining operations: 8
ITER 184 DATA_MINING TOOK 0.039036
ITER 377 DATA_MINING TOOK 0.272860
ITER 652 DATA_MINING TOOK 3.553052
ITER 1160 DATA_MINING TOOK 3.457322
ITER 1746 DATA_MINING TOOK 0.042387
ITER 2326 DATA_MINING TOOK 0.082792
ITER 3152 DATA_MINING TOOK 0.047328
ITER 4076 DATA_MINING TOOK 0.021181
ITER 5218 DATA_MINING TOOK 0.035753

Total iterations: 11903
Mining operations: 9
ITER 226 DATA_MINING TOOK 0.036926
ITER 461 DATA_MINING TOOK 12.596223
ITER 932 DATA_MINING TOOK 6.903496
ITER 1764 DATA_MINING TOOK 0.345196
ITER 2640 DATA_MINING TOOK 0.072837
ITER 3167 DATA_MINING TOOK 0.110452
ITER 4988 DATA_MINING TOOK 0.030118

Total iterations: 13221
Mining operations: 7
ITER 190 DATA_MINING TOOK 0.037294
ITER 438 DATA_MINING TOOK 0.276447
ITER 641 DATA_MINING TOOK 1.008700
ITER 784 DATA_MINING TOOK 1.301796
ITER 1274 DATA_MINING TOOK 1.855860
ITER 1808 DATA_MINING TOOK 0.267808
ITER 2236 DATA_MINING TOOK 0.051932
ITER 2757 DATA_MINING TOOK 0.069802
ITER 3767 DATA_MINING TOOK 0.092525
ITER 4522 DATA_MINING TOOK 0.032769
ITER 5417 DATA_MINING TOOK 0.014884

Total iterations: 7229
Mining operations: 11

Execution Summary:
  Instance: instances/MDG-b/MDG-b_35_n2000_m200.txt
  Matrix Size (N): 2000
  Solution Size (M): 200
  Number of Executions: 15
  ------------------------------------
  Average Solution: 11301672.312547
  Best Solution Value: 11307424.090151
  Average Time per Execution: 600.000000 sec
  Best Solution Time: 600.000000 sec
  BKS: 11307424.000000
  Distance to BKS: -0.090151
  Percentage Distance to BKS: -0.00%
  Average Percentage Distance to BKS: -0.090151%

  Details per Execution:
    Exec 1: Solution=11307424.090151, Time=600.000000 sec, Dist BKS=-0.00%
    Exec 2: Solution=11307424.090151, Time=600.000000 sec, Dist BKS=-0.00%
    Exec 3: Solution=11300831.855899, Time=600.000000 sec, Dist BKS=0.06%
    Exec 4: Solution=11300978.695196, Time=600.000000 sec, Dist BKS=0.06%
    Exec 5: Solution=11300831.855899, Time=600.000000 sec, Dist BKS=0.06%
    Exec 6: Solution=11300831.855899, Time=600.000000 sec, Dist BKS=0.06%
    Exec 7: Solution=11299859.040867, Time=600.000000 sec, Dist BKS=0.07%
    Exec 8: Solution=11300998.270247, Time=600.000000 sec, Dist BKS=0.06%
    Exec 9: Solution=11298939.723453, Time=600.000000 sec, Dist BKS=0.08%
    Exec 10: Solution=11305540.381158, Time=600.000000 sec, Dist BKS=0.02%
    Exec 11: Solution=11300831.855899, Time=600.000000 sec, Dist BKS=0.06%
    Exec 12: Solution=11307424.090151, Time=600.000000 sec, Dist BKS=-0.00%
    Exec 13: Solution=11307424.090151, Time=600.000000 sec, Dist BKS=-0.00%
    Exec 14: Solution=11304400.632390, Time=600.000000 sec, Dist BKS=0.03%
    Exec 15: Solution=11281344.160696, Time=600.000000 sec, Dist BKS=0.23%
