# Executing instances/MDG-a/MDG-a_22_n2000_m200.txt|none|1

==================== CONFIGURAÇÃO DO SOLVER ====================
[MDPModel] Instance: MDG-a_22_n2000_m200
[MDPModel] Configuração: none
[MDPModel] Execução: 1
[MDPModel] n=2000, m=200
[MDPModel] ✓ Configurações de preservação de estratégias aplicadas
Version identifier: 22.1.1.0 | 2022-11-28 | 9160aff4d
CPXPARAM_ClockType                               1
CPXPARAM_Threads                                 1
CPXPARAM_MIP_Strategy_File                       3
CPXPARAM_TimeLimit                               600
CPXPARAM_WorkMem                                 0
CPXPARAM_MIP_Tolerances_Integrality              1.0000000000000001e-09
CPXPARAM_WorkDir                                 "/tmp/cplex_workdir_1755489892267555352"
Tried aggregator 1 time.
MIP Presolve eliminated 3998000 rows and 4000001 columns.
MIP Presolve modified 1779 coefficients.
Reduced MIP has 3999 rows, 3999 columns, and 1825293 nonzeros.
Reduced MIP has 2000 binaries, 0 generals, 0 SOSs, and 0 indicators.
Presolve time = 9.27 sec. (3452.57 ticks)
Found incumbent of value 0.000000 after 10.70 sec. (3925.88 ticks)
Probing time = 0.03 sec. (17.27 ticks)
Tried aggregator 1 time.
Detecting symmetries...
Reduced MIP has 3999 rows, 3999 columns, and 1825293 nonzeros.
Reduced MIP has 2000 binaries, 1999 generals, 0 SOSs, and 0 indicators.
Presolve time = 1.77 sec. (664.21 ticks)
Probing time = 0.03 sec. (17.23 ticks)
MIP emphasis: balance optimality and feasibility.
MIP search method: dynamic search.
Parallel mode: none, using 1 thread.
Root relaxation solution time = 88.04 sec. (60597.07 ticks)

        Nodes                                         Cuts/
   Node  Left     Objective  IInf  Best Integer    Best Bound    ItCnt     Gap

*     0+    0                            0.0000  3356181.0000              --- 
      0     0   385890.7349  3973        0.0000   385890.7349     9208     --- 
*     0+    0                        40768.0000   385890.7349           846.55%
      0     0   385873.2715  3973    40768.0000       Cuts: 8     9217  846.51%
      0     0   385856.8694  3977    40768.0000       Cuts: 5     9224  846.47%
      0     0   385842.0851  3971    40768.0000       Cuts: 4     9231  846.43%
      0     0   385829.1279  3985    40768.0000      Cuts: 10     9253  846.40%
      0     0   385816.4520  3989    40768.0000       Cuts: 5     9261  846.37%
Detecting symmetries...

Flow cuts applied:  1
Mixed integer rounding cuts applied:  15
Gomory fractional cuts applied:  5

Root node processing (before b&c):
  Real time             =  617.82 sec. (589236.62 ticks)
Sequential b&c:
  Real time             =    0.00 sec. (0.00 ticks)
                          ------------
Total (root+branch&cut) =  617.82 sec. (589236.62 ticks)
----- END ----
LB     : 385816
UB     : 40768
NODES  : 0
GAP OPT (%)  : 846.37%
------------------
INSTANCE_NAME      : MDG-a_22_n2000_m200
N_VALUE            : 2000
M_VALUE            : 200
CONFIG_VALUE       : none
EXEC_NUMBER        : 1
TIME               : 627.24
IS_SOLVED          : 1
HEURISTIC_SOLUTION : 113830
SOLUTION           : 40768
HEURISTIC GAP (%)  : -0.43%
------------------
SOLUTION ELEMENTS: 0 1 3 5 15 22 28 45 74 86 91 102 123 129 140 177 207 209 218 229 254 257 261 262 264 265 266 268 273 274 284 287 314 335 355 367 383 388 403 404 427 430 431 465 471 473 498 507 510 531 532 541 548 564 566 577 581 601 604 610 613 622 623 672 676 677 679 680 698 707 720 726 735 737 745 751 764 769 782 783 794 803 812 820 824 832 837 843 855 898 915 928 931 954 968 977 985 987 1003 1005 1018 1030 1035 1037 1046 1071 1079 1080 1092 1097 1098 1100 1106 1119 1138 1150 1151 1160 1211 1215 1233 1244 1245 1250 1276 1279 1281 1287 1299 1316 1345 1355 1370 1377 1386 1392 1396 1398 1401 1403 1405 1416 1435 1441 1452 1461 1486 1487 1499 1506 1512 1516 1519 1525 1531 1532 1540 1547 1553 1560 1568 1587 1588 1597 1600 1618 1628 1629 1640 1643 1657 1660 1661 1671 1678 1689 1708 1713 1736 1746 1782 1797 1806 1814 1822 1836 1844 1846 1848 1858 1870 1904 1906 1928 1964 1969 1974 1980 1986 1990 
