START SOLUTION
	Parameters used:
	instance = instances/MDG-c/MDG-c_10_n3000_m400.txt
	solution_Size = 400
	meta_Heuristic = grasp

EXEC_PROGRESS 1/15

Quantidade de iterações: 214
Quantidade de minerações: 0
EXEC_PROGRESS 2/15

Quantidade de iterações: 210
Quantidade de minerações: 0
EXEC_PROGRESS 3/15

Quantidade de iterações: 211
Quantidade de minerações: 0
EXEC_PROGRESS 4/15

Quantidade de iterações: 217
Quantidade de minerações: 0
EXEC_PROGRESS 5/15

Quantidade de iterações: 211
Quantidade de minerações: 0
EXEC_PROGRESS 6/15

Quantidade de iterações: 211
Quantidade de minerações: 0
EXEC_PROGRESS 7/15

Quantidade de iterações: 215
Quantidade de minerações: 0
EXEC_PROGRESS 8/15

Quantidade de iterações: 210
Quantidade de minerações: 0
EXEC_PROGRESS 9/15

Quantidade de iterações: 212
Quantidade de minerações: 0
EXEC_PROGRESS 10/15

Quantidade de iterações: 208
Quantidade de minerações: 0
EXEC_PROGRESS 11/15

Quantidade de iterações: 204
Quantidade de minerações: 0
EXEC_PROGRESS 12/15

Quantidade de iterações: 211
Quantidade de minerações: 0
EXEC_PROGRESS 13/15

Quantidade de iterações: 216
Quantidade de minerações: 0
EXEC_PROGRESS 14/15

Quantidade de iterações: 218
Quantidade de minerações: 0
EXEC_PROGRESS 15/15

Quantidade de iterações: 216
Quantidade de minerações: 0

Execution Summary:
  Instance: instances/MDG-c/MDG-c_10_n3000_m400.txt
  Matrix Size (N): 3000
  Solution Size (M): 400
  Number of Executions: 15
  ------------------------------------
  Average Solution: 43305687.866667
  Best Solution Benefit: 43356797.000000
  Average Time per Execution: 600.000000 sec
  Best Solution Time: 600.000000 sec
  BKS: 43476251.000000
  Distance to BKS: 119454.000000
  Percentage Distance to BKS: 0.27%
  Average Percentage Distance to BKS: 0.39%

  Details per Execution:
    Exec 1: Solution=43290857.000000, Time=600.000000 sec, Dist BKS=0.43%
    Exec 2: Solution=43302370.000000, Time=600.000000 sec, Dist BKS=0.40%
    Exec 3: Solution=43356797.000000, Time=600.000000 sec, Dist BKS=0.27%
    Exec 4: Solution=43291850.000000, Time=600.000000 sec, Dist BKS=0.42%
    Exec 5: Solution=43313410.000000, Time=600.000000 sec, Dist BKS=0.37%
    Exec 6: Solution=43322475.000000, Time=600.000000 sec, Dist BKS=0.35%
    Exec 7: Solution=43303202.000000, Time=600.000000 sec, Dist BKS=0.40%
    Exec 8: Solution=43291557.000000, Time=600.000000 sec, Dist BKS=0.42%
    Exec 9: Solution=43296310.000000, Time=600.000000 sec, Dist BKS=0.41%
    Exec 10: Solution=43301985.000000, Time=600.000000 sec, Dist BKS=0.40%
    Exec 11: Solution=43290655.000000, Time=600.000000 sec, Dist BKS=0.43%
    Exec 12: Solution=43293801.000000, Time=600.000000 sec, Dist BKS=0.42%
    Exec 13: Solution=43325265.000000, Time=600.000000 sec, Dist BKS=0.35%
    Exec 14: Solution=43297238.000000, Time=600.000000 sec, Dist BKS=0.41%
    Exec 15: Solution=43307546.000000, Time=600.000000 sec, Dist BKS=0.39%
