START SOLUTION
	Parameters used:
	instance = instances/MDG-c/MDG-c_12_n3000_m500.txt
	solution_Size = 500
	meta_Heuristic = grasp

EXEC_PROGRESS 1/15

Quantidade de iterações: 143
Quantidade de minerações: 0
EXEC_PROGRESS 2/15

Quantidade de iterações: 147
Quantidade de minerações: 0
EXEC_PROGRESS 3/15

Quantidade de iterações: 144
Quantidade de minerações: 0
EXEC_PROGRESS 4/15

Quantidade de iterações: 147
Quantidade de minerações: 0
EXEC_PROGRESS 5/15

Quantidade de iterações: 152
Quantidade de minerações: 0
EXEC_PROGRESS 6/15

Quantidade de iterações: 146
Quantidade de minerações: 0
EXEC_PROGRESS 7/15

Quantidade de iterações: 144
Quantidade de minerações: 0
EXEC_PROGRESS 8/15

Quantidade de iterações: 151
Quantidade de minerações: 0
EXEC_PROGRESS 9/15

Quantidade de iterações: 150
Quantidade de minerações: 0
EXEC_PROGRESS 10/15

Quantidade de iterações: 150
Quantidade de minerações: 0
EXEC_PROGRESS 11/15

Quantidade de iterações: 149
Quantidade de minerações: 0
EXEC_PROGRESS 12/15

Quantidade de iterações: 151
Quantidade de minerações: 0
EXEC_PROGRESS 13/15

Quantidade de iterações: 153
Quantidade de minerações: 0
EXEC_PROGRESS 14/15

Quantidade de iterações: 157
Quantidade de minerações: 0
EXEC_PROGRESS 15/15

Quantidade de iterações: 155
Quantidade de minerações: 0

Execution Summary:
  Instance: instances/MDG-c/MDG-c_12_n3000_m500.txt
  Matrix Size (N): 3000
  Solution Size (M): 500
  Number of Executions: 15
  ------------------------------------
  Average Solution: 66836111.533333
  Best Solution Benefit: 66867131.000000
  Average Time per Execution: 600.000000 sec
  Best Solution Time: 600.000000 sec
  BKS: 67021888.000000
  Distance to BKS: 154757.000000
  Percentage Distance to BKS: 0.23%
  Average Percentage Distance to BKS: 0.28%

  Details per Execution:
    Exec 1: Solution=66838302.000000, Time=600.000000 sec, Dist BKS=0.27%
    Exec 2: Solution=66823843.000000, Time=600.000000 sec, Dist BKS=0.30%
    Exec 3: Solution=66814313.000000, Time=600.000000 sec, Dist BKS=0.31%
    Exec 4: Solution=66819769.000000, Time=600.000000 sec, Dist BKS=0.30%
    Exec 5: Solution=66848878.000000, Time=600.000000 sec, Dist BKS=0.26%
    Exec 6: Solution=66824058.000000, Time=600.000000 sec, Dist BKS=0.30%
    Exec 7: Solution=66867131.000000, Time=600.000000 sec, Dist BKS=0.23%
    Exec 8: Solution=66806698.000000, Time=600.000000 sec, Dist BKS=0.32%
    Exec 9: Solution=66839483.000000, Time=600.000000 sec, Dist BKS=0.27%
    Exec 10: Solution=66862279.000000, Time=600.000000 sec, Dist BKS=0.24%
    Exec 11: Solution=66851777.000000, Time=600.000000 sec, Dist BKS=0.25%
    Exec 12: Solution=66823507.000000, Time=600.000000 sec, Dist BKS=0.30%
    Exec 13: Solution=66861549.000000, Time=600.000000 sec, Dist BKS=0.24%
    Exec 14: Solution=66830249.000000, Time=600.000000 sec, Dist BKS=0.29%
    Exec 15: Solution=66829837.000000, Time=600.000000 sec, Dist BKS=0.29%
