START SOLUTION
	Parameters used:
	instance = instances/MDG-c/MDG-c_17_n3000_m600.txt
	solution_Size = 600
	meta_Heuristic = grasp

EXEC_PROGRESS 1/15

Quantidade de iterações: 120
Quantidade de minerações: 0
EXEC_PROGRESS 2/15

Quantidade de iterações: 123
Quantidade de minerações: 0
EXEC_PROGRESS 3/15

Quantidade de iterações: 122
Quantidade de minerações: 0
EXEC_PROGRESS 4/15

Quantidade de iterações: 127
Quantidade de minerações: 0
EXEC_PROGRESS 5/15

Quantidade de iterações: 126
Quantidade de minerações: 0
EXEC_PROGRESS 6/15

Quantidade de iterações: 128
Quantidade de minerações: 0
EXEC_PROGRESS 7/15

Quantidade de iterações: 126
Quantidade de minerações: 0
EXEC_PROGRESS 8/15

Quantidade de iterações: 127
Quantidade de minerações: 0
EXEC_PROGRESS 9/15

Quantidade de iterações: 128
Quantidade de minerações: 0
EXEC_PROGRESS 10/15

Quantidade de iterações: 127
Quantidade de minerações: 0
EXEC_PROGRESS 11/15

Quantidade de iterações: 127
Quantidade de minerações: 0
EXEC_PROGRESS 12/15

Quantidade de iterações: 126
Quantidade de minerações: 0
EXEC_PROGRESS 13/15

Quantidade de iterações: 127
Quantidade de minerações: 0
EXEC_PROGRESS 14/15

Quantidade de iterações: 126
Quantidade de minerações: 0
EXEC_PROGRESS 15/15

Quantidade de iterações: 128
Quantidade de minerações: 0

Execution Summary:
  Instance: instances/MDG-c/MDG-c_17_n3000_m600.txt
  Matrix Size (N): 3000
  Solution Size (M): 600
  Number of Executions: 15
  ------------------------------------
  Average Solution: 95382697.400000
  Best Solution Benefit: 95438064.000000
  Average Time per Execution: 600.000000 sec
  Best Solution Time: 600.000000 sec
  BKS: 95645826.000000
  Distance to BKS: 207762.000000
  Percentage Distance to BKS: 0.22%
  Average Percentage Distance to BKS: 0.28%

  Details per Execution:
    Exec 1: Solution=95394133.000000, Time=600.000000 sec, Dist BKS=0.26%
    Exec 2: Solution=95377355.000000, Time=600.000000 sec, Dist BKS=0.28%
    Exec 3: Solution=95370760.000000, Time=600.000000 sec, Dist BKS=0.29%
    Exec 4: Solution=95404923.000000, Time=600.000000 sec, Dist BKS=0.25%
    Exec 5: Solution=95404618.000000, Time=600.000000 sec, Dist BKS=0.25%
    Exec 6: Solution=95359184.000000, Time=600.000000 sec, Dist BKS=0.30%
    Exec 7: Solution=95364364.000000, Time=600.000000 sec, Dist BKS=0.29%
    Exec 8: Solution=95438064.000000, Time=600.000000 sec, Dist BKS=0.22%
    Exec 9: Solution=95373225.000000, Time=600.000000 sec, Dist BKS=0.29%
    Exec 10: Solution=95374103.000000, Time=600.000000 sec, Dist BKS=0.28%
    Exec 11: Solution=95382804.000000, Time=600.000000 sec, Dist BKS=0.27%
    Exec 12: Solution=95371667.000000, Time=600.000000 sec, Dist BKS=0.29%
    Exec 13: Solution=95398818.000000, Time=600.000000 sec, Dist BKS=0.26%
    Exec 14: Solution=95357498.000000, Time=600.000000 sec, Dist BKS=0.30%
    Exec 15: Solution=95368945.000000, Time=600.000000 sec, Dist BKS=0.29%
