START SOLUTION
	Parameters used:
	instance = instances/MDG-c/MDG-c_13_n3000_m500.txt
	solution_Size = 500
	meta_Heuristic = grasp

EXEC_PROGRESS 1/15

Quantidade de iterações: 152
Quantidade de minerações: 0
EXEC_PROGRESS 2/15

Quantidade de iterações: 152
Quantidade de minerações: 0
EXEC_PROGRESS 3/15

Quantidade de iterações: 146
Quantidade de minerações: 0
EXEC_PROGRESS 4/15

Quantidade de iterações: 147
Quantidade de minerações: 0
EXEC_PROGRESS 5/15

Quantidade de iterações: 151
Quantidade de minerações: 0
EXEC_PROGRESS 6/15

Quantidade de iterações: 150
Quantidade de minerações: 0
EXEC_PROGRESS 7/15

Quantidade de iterações: 148
Quantidade de minerações: 0
EXEC_PROGRESS 8/15

Quantidade de iterações: 153
Quantidade de minerações: 0
EXEC_PROGRESS 9/15

Quantidade de iterações: 152
Quantidade de minerações: 0
EXEC_PROGRESS 10/15

Quantidade de iterações: 156
Quantidade de minerações: 0
EXEC_PROGRESS 11/15

Quantidade de iterações: 156
Quantidade de minerações: 0
EXEC_PROGRESS 12/15

Quantidade de iterações: 154
Quantidade de minerações: 0
EXEC_PROGRESS 13/15

Quantidade de iterações: 157
Quantidade de minerações: 0
EXEC_PROGRESS 14/15

Quantidade de iterações: 160
Quantidade de minerações: 0
EXEC_PROGRESS 15/15

Quantidade de iterações: 162
Quantidade de minerações: 0

Execution Summary:
  Instance: instances/MDG-c/MDG-c_13_n3000_m500.txt
  Matrix Size (N): 3000
  Solution Size (M): 500
  Number of Executions: 15
  ------------------------------------
  Average Solution: 66845100.600000
  Best Solution Benefit: 66873737.000000
  Average Time per Execution: 600.000000 sec
  Best Solution Time: 600.000000 sec
  BKS: 67024373.000000
  Distance to BKS: 150636.000000
  Percentage Distance to BKS: 0.22%
  Average Percentage Distance to BKS: 0.27%

  Details per Execution:
    Exec 1: Solution=66843277.000000, Time=600.000000 sec, Dist BKS=0.27%
    Exec 2: Solution=66834080.000000, Time=600.000000 sec, Dist BKS=0.28%
    Exec 3: Solution=66870435.000000, Time=600.000000 sec, Dist BKS=0.23%
    Exec 4: Solution=66838643.000000, Time=600.000000 sec, Dist BKS=0.28%
    Exec 5: Solution=66873737.000000, Time=600.000000 sec, Dist BKS=0.22%
    Exec 6: Solution=66827325.000000, Time=600.000000 sec, Dist BKS=0.29%
    Exec 7: Solution=66856944.000000, Time=600.000000 sec, Dist BKS=0.25%
    Exec 8: Solution=66859779.000000, Time=600.000000 sec, Dist BKS=0.25%
    Exec 9: Solution=66841377.000000, Time=600.000000 sec, Dist BKS=0.27%
    Exec 10: Solution=66860007.000000, Time=600.000000 sec, Dist BKS=0.25%
    Exec 11: Solution=66830582.000000, Time=600.000000 sec, Dist BKS=0.29%
    Exec 12: Solution=66844712.000000, Time=600.000000 sec, Dist BKS=0.27%
    Exec 13: Solution=66835540.000000, Time=600.000000 sec, Dist BKS=0.28%
    Exec 14: Solution=66842276.000000, Time=600.000000 sec, Dist BKS=0.27%
    Exec 15: Solution=66817795.000000, Time=600.000000 sec, Dist BKS=0.31%
