START SOLUTION
	Parameters used:
	instance = instances/MDG-c/MDG-c_11_n3000_m500.txt
	solution_Size = 500
	meta_Heuristic = grasp

EXEC_PROGRESS 1/15

Quantidade de iterações: 142
Quantidade de minerações: 0
EXEC_PROGRESS 2/15

Quantidade de iterações: 149
Quantidade de minerações: 0
EXEC_PROGRESS 3/15

Quantidade de iterações: 148
Quantidade de minerações: 0
EXEC_PROGRESS 4/15

Quantidade de iterações: 149
Quantidade de minerações: 0
EXEC_PROGRESS 5/15

Quantidade de iterações: 153
Quantidade de minerações: 0
EXEC_PROGRESS 6/15

Quantidade de iterações: 149
Quantidade de minerações: 0
EXEC_PROGRESS 7/15

Quantidade de iterações: 151
Quantidade de minerações: 0
EXEC_PROGRESS 8/15

Quantidade de iterações: 146
Quantidade de minerações: 0
EXEC_PROGRESS 9/15

Quantidade de iterações: 149
Quantidade de minerações: 0
EXEC_PROGRESS 10/15

Quantidade de iterações: 151
Quantidade de minerações: 0
EXEC_PROGRESS 11/15

Quantidade de iterações: 149
Quantidade de minerações: 0
EXEC_PROGRESS 12/15

Quantidade de iterações: 152
Quantidade de minerações: 0
EXEC_PROGRESS 13/15

Quantidade de iterações: 151
Quantidade de minerações: 0
EXEC_PROGRESS 14/15

Quantidade de iterações: 158
Quantidade de minerações: 0
EXEC_PROGRESS 15/15

Quantidade de iterações: 158
Quantidade de minerações: 0

Execution Summary:
  Instance: instances/MDG-c/MDG-c_11_n3000_m500.txt
  Matrix Size (N): 3000
  Solution Size (M): 500
  Number of Executions: 15
  ------------------------------------
  Average Solution: 66862169.066667
  Best Solution Benefit: 66900946.000000
  Average Time per Execution: 600.000000 sec
  Best Solution Time: 600.000000 sec
  BKS: 67021132.000000
  Distance to BKS: 120186.000000
  Percentage Distance to BKS: 0.18%
  Average Percentage Distance to BKS: 0.24%

  Details per Execution:
    Exec 1: Solution=66892076.000000, Time=600.000000 sec, Dist BKS=0.17%
    Exec 2: Solution=66859895.000000, Time=600.000000 sec, Dist BKS=0.22%
    Exec 3: Solution=66831372.000000, Time=600.000000 sec, Dist BKS=0.27%
    Exec 4: Solution=66839780.000000, Time=600.000000 sec, Dist BKS=0.25%
    Exec 5: Solution=66827495.000000, Time=600.000000 sec, Dist BKS=0.27%
    Exec 6: Solution=66867575.000000, Time=600.000000 sec, Dist BKS=0.21%
    Exec 7: Solution=66875438.000000, Time=600.000000 sec, Dist BKS=0.20%
    Exec 8: Solution=66869492.000000, Time=600.000000 sec, Dist BKS=0.21%
    Exec 9: Solution=66900946.000000, Time=600.000000 sec, Dist BKS=0.16%
    Exec 10: Solution=66867206.000000, Time=600.000000 sec, Dist BKS=0.21%
    Exec 11: Solution=66853323.000000, Time=600.000000 sec, Dist BKS=0.23%
    Exec 12: Solution=66881623.000000, Time=600.000000 sec, Dist BKS=0.19%
    Exec 13: Solution=66874366.000000, Time=600.000000 sec, Dist BKS=0.20%
    Exec 14: Solution=66835081.000000, Time=600.000000 sec, Dist BKS=0.26%
    Exec 15: Solution=66856868.000000, Time=600.000000 sec, Dist BKS=0.23%
