START SOLUTION
	Parameters used:
	instance = instances/MDG-c/MDG-c_15_n3000_m500.txt
	solution_Size = 500
	meta_Heuristic = grasp

EXEC_PROGRESS 1/15

Quantidade de iterações: 153
Quantidade de minerações: 0
EXEC_PROGRESS 2/15

Quantidade de iterações: 158
Quantidade de minerações: 0
EXEC_PROGRESS 3/15

Quantidade de iterações: 159
Quantidade de minerações: 0
EXEC_PROGRESS 4/15

Quantidade de iterações: 159
Quantidade de minerações: 0
EXEC_PROGRESS 5/15

Quantidade de iterações: 157
Quantidade de minerações: 0
EXEC_PROGRESS 6/15

Quantidade de iterações: 167
Quantidade de minerações: 0
EXEC_PROGRESS 7/15

Quantidade de iterações: 139
Quantidade de minerações: 0
EXEC_PROGRESS 8/15

Quantidade de iterações: 176
Quantidade de minerações: 0
EXEC_PROGRESS 9/15

Quantidade de iterações: 157
Quantidade de minerações: 0
EXEC_PROGRESS 10/15

Quantidade de iterações: 163
Quantidade de minerações: 0
EXEC_PROGRESS 11/15

Quantidade de iterações: 160
Quantidade de minerações: 0
EXEC_PROGRESS 12/15

Quantidade de iterações: 168
Quantidade de minerações: 0
EXEC_PROGRESS 13/15

Quantidade de iterações: 167
Quantidade de minerações: 0
EXEC_PROGRESS 14/15

Quantidade de iterações: 167
Quantidade de minerações: 0
EXEC_PROGRESS 15/15

Quantidade de iterações: 167
Quantidade de minerações: 0

Execution Summary:
  Instance: instances/MDG-c/MDG-c_15_n3000_m500.txt
  Matrix Size (N): 3000
  Solution Size (M): 500
  Number of Executions: 15
  ------------------------------------
  Average Solution: 66887405.533333
  Best Solution Benefit: 66918944.000000
  Average Time per Execution: 600.000000 sec
  Best Solution Time: 600.000000 sec
  BKS: 67056334.000000
  Distance to BKS: 137390.000000
  Percentage Distance to BKS: 0.20%
  Average Percentage Distance to BKS: 0.25%

  Details per Execution:
    Exec 1: Solution=66863513.000000, Time=600.000000 sec, Dist BKS=0.29%
    Exec 2: Solution=66871063.000000, Time=600.000000 sec, Dist BKS=0.28%
    Exec 3: Solution=66891064.000000, Time=600.000000 sec, Dist BKS=0.25%
    Exec 4: Solution=66897805.000000, Time=600.000000 sec, Dist BKS=0.24%
    Exec 5: Solution=66918944.000000, Time=600.000000 sec, Dist BKS=0.20%
    Exec 6: Solution=66860298.000000, Time=600.000000 sec, Dist BKS=0.29%
    Exec 7: Solution=66906302.000000, Time=600.000000 sec, Dist BKS=0.22%
    Exec 8: Solution=66879107.000000, Time=600.000000 sec, Dist BKS=0.26%
    Exec 9: Solution=66884828.000000, Time=600.000000 sec, Dist BKS=0.26%
    Exec 10: Solution=66883492.000000, Time=600.000000 sec, Dist BKS=0.26%
    Exec 11: Solution=66872779.000000, Time=600.000000 sec, Dist BKS=0.27%
    Exec 12: Solution=66891682.000000, Time=600.000000 sec, Dist BKS=0.25%
    Exec 13: Solution=66897994.000000, Time=600.000000 sec, Dist BKS=0.24%
    Exec 14: Solution=66913484.000000, Time=600.000000 sec, Dist BKS=0.21%
    Exec 15: Solution=66878728.000000, Time=600.000000 sec, Dist BKS=0.26%
