START SOLUTION
	Parameters used:
	instance = instances/MDG-c/MDG-c_3_n3000_m300.txt
	solution_Size = 300
	meta_Heuristic = grasp

Execution Summary:
  Instance: instances/MDG-c/MDG-c_3_n3000_m300.txt
  Matrix Size (N): 3000
  Solution Size (M): 300
  Number of Executions: 10
  ------------------------------------
  Average Solution: 24779200.80
  Best Solution Benefit: 24791202.00
  BKS: 24905218.00

  Details per Execution:
    Exec 1: Solution=24761359
    Exec 2: Solution=24792102
    Exec 3: Solution=24765312
    Exec 4: Solution=24770294
    Exec 5: Solution=24776392
    Exec 6: Solution=24791195
    Exec 7: Solution=24791097
    Exec 8: Solution=24791099
    Exec 9: Solution=24791202
    Exec 10: Solution=24761956
