START SOLUTION
	Parameters used:
	instance = instances/MDG-c/MDG-c_8_n3000_m400.txt
	solution_Size = 400
	meta_Heuristic = grasp

EXEC_PROGRESS 1/15

Quantidade de iterações: 201
Quantidade de minerações: 0
EXEC_PROGRESS 2/15

Quantidade de iterações: 220
Quantidade de minerações: 0
EXEC_PROGRESS 3/15

Quantidade de iterações: 216
Quantidade de minerações: 0
EXEC_PROGRESS 4/15

Quantidade de iterações: 214
Quantidade de minerações: 0
EXEC_PROGRESS 5/15

Quantidade de iterações: 214
Quantidade de minerações: 0
EXEC_PROGRESS 6/15

Quantidade de iterações: 208
Quantidade de minerações: 0
EXEC_PROGRESS 7/15

Quantidade de iterações: 215
Quantidade de minerações: 0
EXEC_PROGRESS 8/15

Quantidade de iterações: 215
Quantidade de minerações: 0
EXEC_PROGRESS 9/15

Quantidade de iterações: 210
Quantidade de minerações: 0
EXEC_PROGRESS 10/15

Quantidade de iterações: 215
Quantidade de minerações: 0
EXEC_PROGRESS 11/15

Quantidade de iterações: 215
Quantidade de minerações: 0
EXEC_PROGRESS 12/15

Quantidade de iterações: 214
Quantidade de minerações: 0
EXEC_PROGRESS 13/15

Quantidade de iterações: 208
Quantidade de minerações: 0
EXEC_PROGRESS 14/15

Quantidade de iterações: 211
Quantidade de minerações: 0
EXEC_PROGRESS 15/15

Quantidade de iterações: 209
Quantidade de minerações: 0

Execution Summary:
  Instance: instances/MDG-c/MDG-c_8_n3000_m400.txt
  Matrix Size (N): 3000
  Solution Size (M): 400
  Number of Executions: 15
  ------------------------------------
  Average Solution: 43327892.266667
  Best Solution Benefit: 43354835.000000
  Average Time per Execution: 600.000000 sec
  Best Solution Time: 600.000000 sec
  BKS: 43465572.000000
  Distance to BKS: 110737.000000
  Percentage Distance to BKS: 0.25%
  Average Percentage Distance to BKS: 0.32%

  Details per Execution:
    Exec 1: Solution=43315437.000000, Time=600.000000 sec, Dist BKS=0.33%
    Exec 2: Solution=43334290.000000, Time=600.000000 sec, Dist BKS=0.28%
    Exec 3: Solution=43301072.000000, Time=600.000000 sec, Dist BKS=0.36%
    Exec 4: Solution=43337508.000000, Time=600.000000 sec, Dist BKS=0.28%
    Exec 5: Solution=43332367.000000, Time=600.000000 sec, Dist BKS=0.29%
    Exec 6: Solution=43345289.000000, Time=600.000000 sec, Dist BKS=0.26%
    Exec 7: Solution=43354835.000000, Time=600.000000 sec, Dist BKS=0.24%
    Exec 8: Solution=43312070.000000, Time=600.000000 sec, Dist BKS=0.34%
    Exec 9: Solution=43351002.000000, Time=600.000000 sec, Dist BKS=0.25%
    Exec 10: Solution=43333001.000000, Time=600.000000 sec, Dist BKS=0.29%
    Exec 11: Solution=43322310.000000, Time=600.000000 sec, Dist BKS=0.31%
    Exec 12: Solution=43306783.000000, Time=600.000000 sec, Dist BKS=0.35%
    Exec 13: Solution=43327655.000000, Time=600.000000 sec, Dist BKS=0.30%
    Exec 14: Solution=43308798.000000, Time=600.000000 sec, Dist BKS=0.34%
    Exec 15: Solution=43335967.000000, Time=600.000000 sec, Dist BKS=0.28%
