START SOLUTION
	Parameters used:
	instance = instances/MDG-c/MDG-c_19_n3000_m600.txt
	solution_Size = 600
	meta_Heuristic = grasp

EXEC_PROGRESS 1/15

Quantidade de iterações: 125
Quantidade de minerações: 0
EXEC_PROGRESS 2/15

Quantidade de iterações: 124
Quantidade de minerações: 0
EXEC_PROGRESS 3/15

Quantidade de iterações: 125
Quantidade de minerações: 0
EXEC_PROGRESS 4/15

Quantidade de iterações: 123
Quantidade de minerações: 0
EXEC_PROGRESS 5/15

Quantidade de iterações: 126
Quantidade de minerações: 0
EXEC_PROGRESS 6/15

Quantidade de iterações: 123
Quantidade de minerações: 0
EXEC_PROGRESS 7/15

Quantidade de iterações: 126
Quantidade de minerações: 0
EXEC_PROGRESS 8/15

Quantidade de iterações: 125
Quantidade de minerações: 0
EXEC_PROGRESS 9/15

Quantidade de iterações: 126
Quantidade de minerações: 0
EXEC_PROGRESS 10/15

Quantidade de iterações: 124
Quantidade de minerações: 0
EXEC_PROGRESS 11/15

Quantidade de iterações: 124
Quantidade de minerações: 0
EXEC_PROGRESS 12/15

Quantidade de iterações: 115
Quantidade de minerações: 0
EXEC_PROGRESS 13/15

Quantidade de iterações: 116
Quantidade de minerações: 0
EXEC_PROGRESS 14/15

Quantidade de iterações: 116
Quantidade de minerações: 0
EXEC_PROGRESS 15/15

Quantidade de iterações: 119
Quantidade de minerações: 0

Execution Summary:
  Instance: instances/MDG-c/MDG-c_19_n3000_m600.txt
  Matrix Size (N): 3000
  Solution Size (M): 600
  Number of Executions: 15
  ------------------------------------
  Average Solution: 95412339.333333
  Best Solution Benefit: 95436619.000000
  Average Time per Execution: 600.000000 sec
  Best Solution Time: 600.000000 sec
  BKS: 95633549.000000
  Distance to BKS: 196930.000000
  Percentage Distance to BKS: 0.21%
  Average Percentage Distance to BKS: 0.23%

  Details per Execution:
    Exec 1: Solution=95416388.000000, Time=600.000000 sec, Dist BKS=0.23%
    Exec 2: Solution=95413551.000000, Time=600.000000 sec, Dist BKS=0.23%
    Exec 3: Solution=95416458.000000, Time=600.000000 sec, Dist BKS=0.23%
    Exec 4: Solution=95411108.000000, Time=600.000000 sec, Dist BKS=0.23%
    Exec 5: Solution=95422023.000000, Time=600.000000 sec, Dist BKS=0.22%
    Exec 6: Solution=95395156.000000, Time=600.000000 sec, Dist BKS=0.25%
    Exec 7: Solution=95387213.000000, Time=600.000000 sec, Dist BKS=0.26%
    Exec 8: Solution=95436619.000000, Time=600.000000 sec, Dist BKS=0.21%
    Exec 9: Solution=95389426.000000, Time=600.000000 sec, Dist BKS=0.26%
    Exec 10: Solution=95408446.000000, Time=600.000000 sec, Dist BKS=0.24%
    Exec 11: Solution=95432668.000000, Time=600.000000 sec, Dist BKS=0.21%
    Exec 12: Solution=95411249.000000, Time=600.000000 sec, Dist BKS=0.23%
    Exec 13: Solution=95405443.000000, Time=600.000000 sec, Dist BKS=0.24%
    Exec 14: Solution=95419050.000000, Time=600.000000 sec, Dist BKS=0.22%
    Exec 15: Solution=95420292.000000, Time=600.000000 sec, Dist BKS=0.22%
