START SOLUTION
	Parameters used:
	instance = instances/MDG-c/MDG-c_2_n3000_m300.txt
	solution_Size = 300
	meta_Heuristic = grasp

EXEC_PROGRESS 1/15

Quantidade de iterações: 328
Quantidade de minerações: 0
EXEC_PROGRESS 2/15

Quantidade de iterações: 318
Quantidade de minerações: 0
EXEC_PROGRESS 3/15

Quantidade de iterações: 324
Quantidade de minerações: 0
EXEC_PROGRESS 4/15

Quantidade de iterações: 368
Quantidade de minerações: 0
EXEC_PROGRESS 5/15

Quantidade de iterações: 374
Quantidade de minerações: 0
EXEC_PROGRESS 6/15

Quantidade de iterações: 385
Quantidade de minerações: 0
EXEC_PROGRESS 7/15

Quantidade de iterações: 371
Quantidade de minerações: 0
EXEC_PROGRESS 8/15

Quantidade de iterações: 371
Quantidade de minerações: 0
EXEC_PROGRESS 9/15

Quantidade de iterações: 375
Quantidade de minerações: 0
EXEC_PROGRESS 10/15

Quantidade de iterações: 378
Quantidade de minerações: 0
EXEC_PROGRESS 11/15

Quantidade de iterações: 339
Quantidade de minerações: 0
EXEC_PROGRESS 12/15

Quantidade de iterações: 328
Quantidade de minerações: 0
EXEC_PROGRESS 13/15

Quantidade de iterações: 340
Quantidade de minerações: 0
EXEC_PROGRESS 14/15

Quantidade de iterações: 328
Quantidade de minerações: 0
EXEC_PROGRESS 15/15

Quantidade de iterações: 335
Quantidade de minerações: 0

Execution Summary:
  Instance: instances/MDG-c/MDG-c_2_n3000_m300.txt
  Matrix Size (N): 3000
  Solution Size (M): 300
  Number of Executions: 15
  ------------------------------------
  Average Solution: 24800517.600000
  Best Solution Benefit: 24823622.000000
  Average Time per Execution: 600.000000 sec
  Best Solution Time: 600.000000 sec
  BKS: 24912546.000000
  Distance to BKS: 88924.000000
  Percentage Distance to BKS: 0.36%
  Average Percentage Distance to BKS: 0.45%

  Details per Execution:
    Exec 1: Solution=24808188.000000, Time=600.000000 sec, Dist BKS=0.41%
    Exec 2: Solution=24792222.000000, Time=600.000000 sec, Dist BKS=0.47%
    Exec 3: Solution=24815916.000000, Time=600.000000 sec, Dist BKS=0.37%
    Exec 4: Solution=24823622.000000, Time=600.000000 sec, Dist BKS=0.34%
    Exec 5: Solution=24794099.000000, Time=600.000000 sec, Dist BKS=0.46%
    Exec 6: Solution=24789688.000000, Time=600.000000 sec, Dist BKS=0.48%
    Exec 7: Solution=24795397.000000, Time=600.000000 sec, Dist BKS=0.46%
    Exec 8: Solution=24799150.000000, Time=600.000000 sec, Dist BKS=0.44%
    Exec 9: Solution=24810229.000000, Time=600.000000 sec, Dist BKS=0.40%
    Exec 10: Solution=24803391.000000, Time=600.000000 sec, Dist BKS=0.42%
    Exec 11: Solution=24798534.000000, Time=600.000000 sec, Dist BKS=0.44%
    Exec 12: Solution=24801033.000000, Time=600.000000 sec, Dist BKS=0.43%
    Exec 13: Solution=24793703.000000, Time=600.000000 sec, Dist BKS=0.46%
    Exec 14: Solution=24787924.000000, Time=600.000000 sec, Dist BKS=0.49%
    Exec 15: Solution=24794668.000000, Time=600.000000 sec, Dist BKS=0.46%
