START SOLUTION
	Parameters used:
	instance = instances/MDG-c/MDG-c_20_n3000_m600.txt
	solution_Size = 600
	meta_Heuristic = grasp

EXEC_PROGRESS 1/15

Quantidade de iterações: 127
Quantidade de minerações: 0
EXEC_PROGRESS 2/15

Quantidade de iterações: 124
Quantidade de minerações: 0
EXEC_PROGRESS 3/15

Quantidade de iterações: 126
Quantidade de minerações: 0
EXEC_PROGRESS 4/15

Quantidade de iterações: 126
Quantidade de minerações: 0
EXEC_PROGRESS 5/15

Quantidade de iterações: 125
Quantidade de minerações: 0
EXEC_PROGRESS 6/15

Quantidade de iterações: 123
Quantidade de minerações: 0
EXEC_PROGRESS 7/15

Quantidade de iterações: 119
Quantidade de minerações: 0
EXEC_PROGRESS 8/15

Quantidade de iterações: 118
Quantidade de minerações: 0
EXEC_PROGRESS 9/15

Quantidade de iterações: 117
Quantidade de minerações: 0
EXEC_PROGRESS 10/15

Quantidade de iterações: 119
Quantidade de minerações: 0
EXEC_PROGRESS 11/15

Quantidade de iterações: 115
Quantidade de minerações: 0
EXEC_PROGRESS 12/15

Quantidade de iterações: 117
Quantidade de minerações: 0
EXEC_PROGRESS 13/15

Quantidade de iterações: 118
Quantidade de minerações: 0
EXEC_PROGRESS 14/15

Quantidade de iterações: 119
Quantidade de minerações: 0
EXEC_PROGRESS 15/15

Quantidade de iterações: 118
Quantidade de minerações: 0

Execution Summary:
  Instance: instances/MDG-c/MDG-c_20_n3000_m600.txt
  Matrix Size (N): 3000
  Solution Size (M): 600
  Number of Executions: 15
  ------------------------------------
  Average Solution: 95389014.333333
  Best Solution Benefit: 95409100.000000
  Average Time per Execution: 600.000000 sec
  Best Solution Time: 600.000000 sec
  BKS: 95643586.000000
  Distance to BKS: 234486.000000
  Percentage Distance to BKS: 0.25%
  Average Percentage Distance to BKS: 0.27%

  Details per Execution:
    Exec 1: Solution=95365683.000000, Time=600.000000 sec, Dist BKS=0.29%
    Exec 2: Solution=95403953.000000, Time=600.000000 sec, Dist BKS=0.25%
    Exec 3: Solution=95375945.000000, Time=600.000000 sec, Dist BKS=0.28%
    Exec 4: Solution=95409100.000000, Time=600.000000 sec, Dist BKS=0.25%
    Exec 5: Solution=95390399.000000, Time=600.000000 sec, Dist BKS=0.26%
    Exec 6: Solution=95399006.000000, Time=600.000000 sec, Dist BKS=0.26%
    Exec 7: Solution=95387197.000000, Time=600.000000 sec, Dist BKS=0.27%
    Exec 8: Solution=95377336.000000, Time=600.000000 sec, Dist BKS=0.28%
    Exec 9: Solution=95379147.000000, Time=600.000000 sec, Dist BKS=0.28%
    Exec 10: Solution=95393062.000000, Time=600.000000 sec, Dist BKS=0.26%
    Exec 11: Solution=95393113.000000, Time=600.000000 sec, Dist BKS=0.26%
    Exec 12: Solution=95401359.000000, Time=600.000000 sec, Dist BKS=0.25%
    Exec 13: Solution=95369446.000000, Time=600.000000 sec, Dist BKS=0.29%
    Exec 14: Solution=95386011.000000, Time=600.000000 sec, Dist BKS=0.27%
    Exec 15: Solution=95404458.000000, Time=600.000000 sec, Dist BKS=0.25%
