START SOLUTION
	Parameters used:
	instance = instances/MDG-c/MDG-c_9_n3000_m400.txt
	solution_Size = 400
	meta_Heuristic = grasp

EXEC_PROGRESS 1/15

Quantidade de iterações: 212
Quantidade de minerações: 0
EXEC_PROGRESS 2/15

Quantidade de iterações: 215
Quantidade de minerações: 0
EXEC_PROGRESS 3/15

Quantidade de iterações: 217
Quantidade de minerações: 0
EXEC_PROGRESS 4/15

Quantidade de iterações: 213
Quantidade de minerações: 0
EXEC_PROGRESS 5/15

Quantidade de iterações: 210
Quantidade de minerações: 0
EXEC_PROGRESS 6/15

Quantidade de iterações: 219
Quantidade de minerações: 0
EXEC_PROGRESS 7/15

Quantidade de iterações: 214
Quantidade de minerações: 0
EXEC_PROGRESS 8/15

Quantidade de iterações: 210
Quantidade de minerações: 0
EXEC_PROGRESS 9/15

Quantidade de iterações: 213
Quantidade de minerações: 0
EXEC_PROGRESS 10/15

Quantidade de iterações: 218
Quantidade de minerações: 0
EXEC_PROGRESS 11/15

Quantidade de iterações: 209
Quantidade de minerações: 0
EXEC_PROGRESS 12/15

Quantidade de iterações: 208
Quantidade de minerações: 0
EXEC_PROGRESS 13/15

Quantidade de iterações: 210
Quantidade de minerações: 0
EXEC_PROGRESS 14/15

Quantidade de iterações: 211
Quantidade de minerações: 0
EXEC_PROGRESS 15/15

Quantidade de iterações: 215
Quantidade de minerações: 0

Execution Summary:
  Instance: instances/MDG-c/MDG-c_9_n3000_m400.txt
  Matrix Size (N): 3000
  Solution Size (M): 400
  Number of Executions: 15
  ------------------------------------
  Average Solution: 43296306.200000
  Best Solution Benefit: 43352768.000000
  Average Time per Execution: 600.000000 sec
  Best Solution Time: 600.000000 sec
  BKS: 43448137.000000
  Distance to BKS: 95369.000000
  Percentage Distance to BKS: 0.22%
  Average Percentage Distance to BKS: 0.35%

  Details per Execution:
    Exec 1: Solution=43334944.000000, Time=600.000000 sec, Dist BKS=0.26%
    Exec 2: Solution=43288264.000000, Time=600.000000 sec, Dist BKS=0.37%
    Exec 3: Solution=43274322.000000, Time=600.000000 sec, Dist BKS=0.40%
    Exec 4: Solution=43302267.000000, Time=600.000000 sec, Dist BKS=0.34%
    Exec 5: Solution=43261249.000000, Time=600.000000 sec, Dist BKS=0.43%
    Exec 6: Solution=43295505.000000, Time=600.000000 sec, Dist BKS=0.35%
    Exec 7: Solution=43285854.000000, Time=600.000000 sec, Dist BKS=0.37%
    Exec 8: Solution=43272628.000000, Time=600.000000 sec, Dist BKS=0.40%
    Exec 9: Solution=43352768.000000, Time=600.000000 sec, Dist BKS=0.22%
    Exec 10: Solution=43311038.000000, Time=600.000000 sec, Dist BKS=0.32%
    Exec 11: Solution=43311496.000000, Time=600.000000 sec, Dist BKS=0.31%
    Exec 12: Solution=43266590.000000, Time=600.000000 sec, Dist BKS=0.42%
    Exec 13: Solution=43342441.000000, Time=600.000000 sec, Dist BKS=0.24%
    Exec 14: Solution=43279352.000000, Time=600.000000 sec, Dist BKS=0.39%
    Exec 15: Solution=43265875.000000, Time=600.000000 sec, Dist BKS=0.42%
