START SOLUTION
	Parameters used:
	instance = instances/MDG-c/MDG-c_16_n3000_m600.txt
	solution_Size = 600
	meta_Heuristic = grasp

EXEC_PROGRESS 1/15

Quantidade de iterações: 123
Quantidade de minerações: 0
EXEC_PROGRESS 2/15

Quantidade de iterações: 110
Quantidade de minerações: 0
EXEC_PROGRESS 3/15

Quantidade de iterações: 129
Quantidade de minerações: 0
EXEC_PROGRESS 4/15

Quantidade de iterações: 124
Quantidade de minerações: 0
EXEC_PROGRESS 5/15

Quantidade de iterações: 124
Quantidade de minerações: 0
EXEC_PROGRESS 6/15

Quantidade de iterações: 122
Quantidade de minerações: 0
EXEC_PROGRESS 7/15

Quantidade de iterações: 126
Quantidade de minerações: 0
EXEC_PROGRESS 8/15

Quantidade de iterações: 126
Quantidade de minerações: 0
EXEC_PROGRESS 9/15

Quantidade de iterações: 126
Quantidade de minerações: 0
EXEC_PROGRESS 10/15

Quantidade de iterações: 126
Quantidade de minerações: 0
EXEC_PROGRESS 11/15

Quantidade de iterações: 125
Quantidade de minerações: 0
EXEC_PROGRESS 12/15

Quantidade de iterações: 127
Quantidade de minerações: 0
EXEC_PROGRESS 13/15

Quantidade de iterações: 127
Quantidade de minerações: 0
EXEC_PROGRESS 14/15

Quantidade de iterações: 125
Quantidade de minerações: 0
EXEC_PROGRESS 15/15

Quantidade de iterações: 125
Quantidade de minerações: 0

Execution Summary:
  Instance: instances/MDG-c/MDG-c_16_n3000_m600.txt
  Matrix Size (N): 3000
  Solution Size (M): 600
  Number of Executions: 15
  ------------------------------------
  Average Solution: 95448850.133333
  Best Solution Benefit: 95481364.000000
  Average Time per Execution: 600.000000 sec
  Best Solution Time: 600.000000 sec
  BKS: 95638929.000000
  Distance to BKS: 157565.000000
  Percentage Distance to BKS: 0.16%
  Average Percentage Distance to BKS: 0.20%

  Details per Execution:
    Exec 1: Solution=95459250.000000, Time=600.000000 sec, Dist BKS=0.19%
    Exec 2: Solution=95446251.000000, Time=600.000000 sec, Dist BKS=0.20%
    Exec 3: Solution=95444474.000000, Time=600.000000 sec, Dist BKS=0.20%
    Exec 4: Solution=95450910.000000, Time=600.000000 sec, Dist BKS=0.20%
    Exec 5: Solution=95414911.000000, Time=600.000000 sec, Dist BKS=0.23%
    Exec 6: Solution=95462357.000000, Time=600.000000 sec, Dist BKS=0.18%
    Exec 7: Solution=95466248.000000, Time=600.000000 sec, Dist BKS=0.18%
    Exec 8: Solution=95420747.000000, Time=600.000000 sec, Dist BKS=0.23%
    Exec 9: Solution=95441923.000000, Time=600.000000 sec, Dist BKS=0.20%
    Exec 10: Solution=95451689.000000, Time=600.000000 sec, Dist BKS=0.19%
    Exec 11: Solution=95481364.000000, Time=600.000000 sec, Dist BKS=0.16%
    Exec 12: Solution=95417528.000000, Time=600.000000 sec, Dist BKS=0.23%
    Exec 13: Solution=95452079.000000, Time=600.000000 sec, Dist BKS=0.19%
    Exec 14: Solution=95465407.000000, Time=600.000000 sec, Dist BKS=0.18%
    Exec 15: Solution=95457614.000000, Time=600.000000 sec, Dist BKS=0.19%
