START SOLUTION
	Parameters used:
	instance = instances/MDG-c/MDG-c_3_n3000_m300.txt
	solution_Size = 300
	meta_Heuristic = mdm-grasp

EXEC_PROGRESS 1/15
ITER 187 DATA_MINING TOOK 0.058725
ITER 259 DATA_MINING TOOK 0.203396

Total iterations: 436
Mining operations: 2
EXEC_PROGRESS 2/15
ITER 69 DATA_MINING TOOK 0.175583
ITER 175 DATA_MINING TOOK 2.520796
ITER 292 DATA_MINING TOOK 13.017968
ITER 412 DATA_MINING TOOK 140.515855

Total iterations: 413
Mining operations: 4
EXEC_PROGRESS 3/15
ITER 149 DATA_MINING TOOK 0.115942
ITER 304 DATA_MINING TOOK 0.730595
ITER 361 DATA_MINING TOOK 2.047409

Total iterations: 417
Mining operations: 3
EXEC_PROGRESS 4/15
ITER 123 DATA_MINING TOOK 0.103827
ITER 308 DATA_MINING TOOK 0.547631
ITER 353 DATA_MINING TOOK 1.584200

Total iterations: 423
Mining operations: 3
EXEC_PROGRESS 5/15
ITER 138 DATA_MINING TOOK 0.106541
ITER 245 DATA_MINING TOOK 0.868330
ITER 341 DATA_MINING TOOK 2.353387

Total iterations: 441
Mining operations: 3
EXEC_PROGRESS 6/15
ITER 100 DATA_MINING TOOK 0.110754
ITER 163 DATA_MINING TOOK 0.779537
ITER 273 DATA_MINING TOOK 2.237907
ITER 369 DATA_MINING TOOK 52.595319

Total iterations: 406
Mining operations: 4
EXEC_PROGRESS 7/15
ITER 128 DATA_MINING TOOK 0.072297
ITER 333 DATA_MINING TOOK 0.501923
ITER 395 DATA_MINING TOOK 1.572733

Total iterations: 407
Mining operations: 3
EXEC_PROGRESS 8/15
ITER 107 DATA_MINING TOOK 0.133108
ITER 290 DATA_MINING TOOK 1.106453
ITER 392 DATA_MINING TOOK 9.659390

Total iterations: 428
Mining operations: 3
EXEC_PROGRESS 9/15
ITER 118 DATA_MINING TOOK 0.131762
ITER 275 DATA_MINING TOOK 0.909547
ITER 344 DATA_MINING TOOK 4.567638

Total iterations: 427
Mining operations: 3
EXEC_PROGRESS 10/15
ITER 107 DATA_MINING TOOK 0.083921
ITER 210 DATA_MINING TOOK 0.324998
ITER 255 DATA_MINING TOOK 0.545623
ITER 345 DATA_MINING TOOK 9.443798

Total iterations: 443
Mining operations: 4
EXEC_PROGRESS 11/15
ITER 125 DATA_MINING TOOK 0.083989
ITER 363 DATA_MINING TOOK 0.717171

Total iterations: 425
Mining operations: 2
EXEC_PROGRESS 12/15
ITER 109 DATA_MINING TOOK 0.124174
ITER 174 DATA_MINING TOOK 0.590422
ITER 331 DATA_MINING TOOK 2.712029
ITER 447 DATA_MINING TOOK 5.145622

Total iterations: 449
Mining operations: 4
EXEC_PROGRESS 13/15
ITER 135 DATA_MINING TOOK 0.155590
ITER 311 DATA_MINING TOOK 2.283225

Total iterations: 427
Mining operations: 2
EXEC_PROGRESS 14/15
ITER 136 DATA_MINING TOOK 0.144333
ITER 250 DATA_MINING TOOK 2.471538
ITER 343 DATA_MINING TOOK 7.423731

Total iterations: 446
Mining operations: 3
EXEC_PROGRESS 15/15
ITER 263 DATA_MINING TOOK 0.144795

Total iterations: 409
Mining operations: 1

Execution Summary:
  Instance: instances/MDG-c/MDG-c_3_n3000_m300.txt
  Matrix Size (N): 3000
  Solution Size (M): 300
  Number of Executions: 15
  ------------------------------------
  Average Solution: 24830609.066667
  Best Solution Benefit: 24860388.000000
  Average Time per Execution: 600.000000 sec
  Best Solution Time: 600.000000 sec
  BKS: 24905218.000000
  Distance to BKS: 44830.000000
  Percentage Distance to BKS: 0.18%
  Average Percentage Distance to BKS: 0.30%

  Details per Execution:
    Exec 1: Solution=24818221.000000, Time=600.000000 sec, Dist BKS=0.35%
    Exec 2: Solution=24860388.000000, Time=600.000000 sec, Dist BKS=0.18%
    Exec 3: Solution=24820764.000000, Time=600.000000 sec, Dist BKS=0.34%
    Exec 4: Solution=24822294.000000, Time=600.000000 sec, Dist BKS=0.33%
    Exec 5: Solution=24821352.000000, Time=600.000000 sec, Dist BKS=0.34%
    Exec 6: Solution=24843978.000000, Time=600.000000 sec, Dist BKS=0.25%
    Exec 7: Solution=24804831.000000, Time=600.000000 sec, Dist BKS=0.40%
    Exec 8: Solution=24828172.000000, Time=600.000000 sec, Dist BKS=0.31%
    Exec 9: Solution=24855212.000000, Time=600.000000 sec, Dist BKS=0.20%
    Exec 10: Solution=24832749.000000, Time=600.000000 sec, Dist BKS=0.29%
    Exec 11: Solution=24835348.000000, Time=600.000000 sec, Dist BKS=0.28%
    Exec 12: Solution=24844389.000000, Time=600.000000 sec, Dist BKS=0.24%
    Exec 13: Solution=24818161.000000, Time=600.000000 sec, Dist BKS=0.35%
    Exec 14: Solution=24842513.000000, Time=600.000000 sec, Dist BKS=0.25%
    Exec 15: Solution=24810764.000000, Time=600.000000 sec, Dist BKS=0.38%
