START SOLUTION
	Parameters used:
	instance = instances/MDG-c/MDG-c_2_n3000_m300.txt
	solution_Size = 300
	meta_Heuristic = mdm-grasp

EXEC_PROGRESS 1/15
ITER 93 DATA_MINING TOOK 0.079354
ITER 188 DATA_MINING TOOK 0.250770
ITER 220 DATA_MINING TOOK 0.244397
ITER 312 DATA_MINING TOOK 3.225366

Total iterations: 369
Mining operations: 4
EXEC_PROGRESS 2/15
ITER 65 DATA_MINING TOOK 0.107072
ITER 233 DATA_MINING TOOK 0.589421
ITER 266 DATA_MINING TOOK 3.835234
ITER 344 DATA_MINING TOOK 22.105868

Total iterations: 356
Mining operations: 4
EXEC_PROGRESS 3/15
ITER 93 DATA_MINING TOOK 0.123632
ITER 132 DATA_MINING TOOK 0.235733
ITER 206 DATA_MINING TOOK 1.071249
ITER 305 DATA_MINING TOOK 76.505367

Total iterations: 324
Mining operations: 4
EXEC_PROGRESS 4/15
ITER 90 DATA_MINING TOOK 0.187790
ITER 215 DATA_MINING TOOK 1.491934
ITER 307 DATA_MINING TOOK 9.582366
ITER 410 DATA_MINING TOOK 5.246216

Total iterations: 437
Mining operations: 4
EXEC_PROGRESS 5/15
ITER 84 DATA_MINING TOOK 0.079057
ITER 150 DATA_MINING TOOK 0.176830
ITER 298 DATA_MINING TOOK 21.528644

Total iterations: 425
Mining operations: 3
EXEC_PROGRESS 6/15
ITER 112 DATA_MINING TOOK 0.042886
ITER 248 DATA_MINING TOOK 0.143029
ITER 321 DATA_MINING TOOK 0.485753
ITER 351 DATA_MINING TOOK 0.789370
ITER 409 DATA_MINING TOOK 10.860023

Total iterations: 410
Mining operations: 5
EXEC_PROGRESS 7/15
ITER 105 DATA_MINING TOOK 0.088885
ITER 219 DATA_MINING TOOK 0.448131
ITER 336 DATA_MINING TOOK 2.249901

Total iterations: 429
Mining operations: 3
EXEC_PROGRESS 8/15
ITER 150 DATA_MINING TOOK 0.051662
ITER 259 DATA_MINING TOOK 0.265663
ITER 307 DATA_MINING TOOK 0.401002
ITER 362 DATA_MINING TOOK 0.822319

Total iterations: 414
Mining operations: 4
EXEC_PROGRESS 9/15
ITER 105 DATA_MINING TOOK 0.088202
ITER 188 DATA_MINING TOOK 0.264496
ITER 231 DATA_MINING TOOK 2.082042
ITER 363 DATA_MINING TOOK 15.491537

Total iterations: 417
Mining operations: 4
EXEC_PROGRESS 10/15
ITER 177 DATA_MINING TOOK 0.120668
ITER 321 DATA_MINING TOOK 1.208423

Total iterations: 410
Mining operations: 2
EXEC_PROGRESS 11/15
ITER 122 DATA_MINING TOOK 0.090532
ITER 199 DATA_MINING TOOK 0.250098
ITER 299 DATA_MINING TOOK 0.576365
ITER 353 DATA_MINING TOOK 0.546311
ITER 384 DATA_MINING TOOK 0.874915

Total iterations: 389
Mining operations: 5
EXEC_PROGRESS 12/15
ITER 103 DATA_MINING TOOK 0.079930
ITER 222 DATA_MINING TOOK 0.646259
ITER 264 DATA_MINING TOOK 2.711799

Total iterations: 375
Mining operations: 3
EXEC_PROGRESS 13/15
ITER 103 DATA_MINING TOOK 0.102849
ITER 202 DATA_MINING TOOK 0.781560
ITER 258 DATA_MINING TOOK 7.863074

Total iterations: 395
Mining operations: 3
EXEC_PROGRESS 14/15
ITER 49 DATA_MINING TOOK 0.109043
ITER 212 DATA_MINING TOOK 0.347867
ITER 359 DATA_MINING TOOK 2.283261

Total iterations: 366
Mining operations: 3
EXEC_PROGRESS 15/15
ITER 59 DATA_MINING TOOK 0.156951
ITER 128 DATA_MINING TOOK 0.247933
ITER 268 DATA_MINING TOOK 2.593054
ITER 389 DATA_MINING TOOK 8.530071

Total iterations: 390
Mining operations: 4

Execution Summary:
  Instance: instances/MDG-c/MDG-c_2_n3000_m300.txt
  Matrix Size (N): 3000
  Solution Size (M): 300
  Number of Executions: 15
  ------------------------------------
  Average Solution: 24845345.600000
  Best Solution Benefit: 24867703.000000
  Average Time per Execution: 600.000000 sec
  Best Solution Time: 600.000000 sec
  BKS: 24912546.000000
  Distance to BKS: 44843.000000
  Percentage Distance to BKS: 0.18%
  Average Percentage Distance to BKS: 0.27%

  Details per Execution:
    Exec 1: Solution=24856812.000000, Time=600.000000 sec, Dist BKS=0.22%
    Exec 2: Solution=24835615.000000, Time=600.000000 sec, Dist BKS=0.31%
    Exec 3: Solution=24865913.000000, Time=600.000000 sec, Dist BKS=0.19%
    Exec 4: Solution=24856737.000000, Time=600.000000 sec, Dist BKS=0.22%
    Exec 5: Solution=24848795.000000, Time=600.000000 sec, Dist BKS=0.26%
    Exec 6: Solution=24824002.000000, Time=600.000000 sec, Dist BKS=0.36%
    Exec 7: Solution=24846869.000000, Time=600.000000 sec, Dist BKS=0.26%
    Exec 8: Solution=24843853.000000, Time=600.000000 sec, Dist BKS=0.28%
    Exec 9: Solution=24867703.000000, Time=600.000000 sec, Dist BKS=0.18%
    Exec 10: Solution=24843566.000000, Time=600.000000 sec, Dist BKS=0.28%
    Exec 11: Solution=24824100.000000, Time=600.000000 sec, Dist BKS=0.36%
    Exec 12: Solution=24824399.000000, Time=600.000000 sec, Dist BKS=0.35%
    Exec 13: Solution=24849706.000000, Time=600.000000 sec, Dist BKS=0.25%
    Exec 14: Solution=24860186.000000, Time=600.000000 sec, Dist BKS=0.21%
    Exec 15: Solution=24831928.000000, Time=600.000000 sec, Dist BKS=0.32%
