START SOLUTION
	Parameters used:
	instance = instances/MDG-c/MDG-c_4_n3000_m300.txt
	solution_Size = 300
	meta_Heuristic = mdm-grasp

EXEC_PROGRESS 1/15
ITER 111 DATA_MINING TOOK 0.159386
ITER 177 DATA_MINING TOOK 0.422659
ITER 257 DATA_MINING TOOK 1.839094
ITER 312 DATA_MINING TOOK 4.967693

Total iterations: 368
Mining operations: 4
EXEC_PROGRESS 2/15
ITER 88 DATA_MINING TOOK 0.172777
ITER 123 DATA_MINING TOOK 1.091677
ITER 170 DATA_MINING TOOK 3.630997
ITER 338 DATA_MINING TOOK 177.220372

Total iterations: 339
Mining operations: 4
EXEC_PROGRESS 3/15
ITER 90 DATA_MINING TOOK 0.136508
ITER 211 DATA_MINING TOOK 0.746306
ITER 373 DATA_MINING TOOK 31.686645

Total iterations: 396
Mining operations: 3
EXEC_PROGRESS 4/15
ITER 58 DATA_MINING TOOK 0.171358
ITER 133 DATA_MINING TOOK 0.428398
ITER 240 DATA_MINING TOOK 1.148538
ITER 380 DATA_MINING TOOK 177.337710

Total iterations: 381
Mining operations: 4
EXEC_PROGRESS 5/15
ITER 68 DATA_MINING TOOK 0.184657
ITER 187 DATA_MINING TOOK 2.137747
ITER 365 DATA_MINING TOOK 28.012567

Total iterations: 436
Mining operations: 3
EXEC_PROGRESS 6/15
ITER 133 DATA_MINING TOOK 0.078572
ITER 269 DATA_MINING TOOK 0.705357
ITER 391 DATA_MINING TOOK 35.061515

Total iterations: 392
Mining operations: 3
EXEC_PROGRESS 7/15
ITER 138 DATA_MINING TOOK 0.053009
ITER 274 DATA_MINING TOOK 0.344269
ITER 351 DATA_MINING TOOK 1.381624

Total iterations: 404
Mining operations: 3
EXEC_PROGRESS 8/15
ITER 118 DATA_MINING TOOK 0.104948
ITER 227 DATA_MINING TOOK 1.093500
ITER 424 DATA_MINING TOOK 4.940287

Total iterations: 425
Mining operations: 3
EXEC_PROGRESS 9/15
ITER 132 DATA_MINING TOOK 0.206500
ITER 279 DATA_MINING TOOK 4.252889

Total iterations: 429
Mining operations: 2
EXEC_PROGRESS 10/15
ITER 148 DATA_MINING TOOK 0.166925
ITER 270 DATA_MINING TOOK 2.308910
ITER 355 DATA_MINING TOOK 3.021774

Total iterations: 384
Mining operations: 3
EXEC_PROGRESS 11/15
ITER 147 DATA_MINING TOOK 0.205011
ITER 221 DATA_MINING TOOK 0.582724
ITER 307 DATA_MINING TOOK 8.279602

Total iterations: 366
Mining operations: 3
EXEC_PROGRESS 12/15
ITER 210 DATA_MINING TOOK 0.128282
ITER 305 DATA_MINING TOOK 0.803027

Total iterations: 357
Mining operations: 2
EXEC_PROGRESS 13/15
ITER 91 DATA_MINING TOOK 0.070683
ITER 166 DATA_MINING TOOK 0.357902
ITER 255 DATA_MINING TOOK 6.928342

Total iterations: 385
Mining operations: 3
EXEC_PROGRESS 14/15
ITER 116 DATA_MINING TOOK 0.156993
ITER 176 DATA_MINING TOOK 2.088560
ITER 265 DATA_MINING TOOK 13.105438
ITER 359 DATA_MINING TOOK 45.703155

Total iterations: 365
Mining operations: 4
EXEC_PROGRESS 15/15
ITER 86 DATA_MINING TOOK 0.235321
ITER 269 DATA_MINING TOOK 5.574093
ITER 360 DATA_MINING TOOK 55.492158

Total iterations: 361
Mining operations: 3

Execution Summary:
  Instance: instances/MDG-c/MDG-c_4_n3000_m300.txt
  Matrix Size (N): 3000
  Solution Size (M): 300
  Number of Executions: 15
  ------------------------------------
  Average Solution: 24842360.400000
  Best Solution Benefit: 24857671.000000
  Average Time per Execution: 600.000000 sec
  Best Solution Time: 600.000000 sec
  BKS: 24909710.000000
  Distance to BKS: 52039.000000
  Percentage Distance to BKS: 0.21%
  Average Percentage Distance to BKS: 0.27%

  Details per Execution:
    Exec 1: Solution=24847442.000000, Time=600.000000 sec, Dist BKS=0.25%
    Exec 2: Solution=24848020.000000, Time=600.000000 sec, Dist BKS=0.25%
    Exec 3: Solution=24834867.000000, Time=600.000000 sec, Dist BKS=0.30%
    Exec 4: Solution=24848799.000000, Time=600.000000 sec, Dist BKS=0.24%
    Exec 5: Solution=24857399.000000, Time=600.000000 sec, Dist BKS=0.21%
    Exec 6: Solution=24822923.000000, Time=600.000000 sec, Dist BKS=0.35%
    Exec 7: Solution=24837324.000000, Time=600.000000 sec, Dist BKS=0.29%
    Exec 8: Solution=24829646.000000, Time=600.000000 sec, Dist BKS=0.32%
    Exec 9: Solution=24851433.000000, Time=600.000000 sec, Dist BKS=0.23%
    Exec 10: Solution=24832742.000000, Time=600.000000 sec, Dist BKS=0.31%
    Exec 11: Solution=24841260.000000, Time=600.000000 sec, Dist BKS=0.27%
    Exec 12: Solution=24821553.000000, Time=600.000000 sec, Dist BKS=0.35%
    Exec 13: Solution=24847076.000000, Time=600.000000 sec, Dist BKS=0.25%
    Exec 14: Solution=24857251.000000, Time=600.000000 sec, Dist BKS=0.21%
    Exec 15: Solution=24857671.000000, Time=600.000000 sec, Dist BKS=0.21%
