START SOLUTION
	Parameters used:
	instance = instances/MDG-c/MDG-c_1_n3000_m300.txt
	solution_Size = 300
	meta_Heuristic = mdm-grasp

EXEC_PROGRESS 1/15
ITER 78 DATA_MINING TOOK 0.139206
ITER 188 DATA_MINING TOOK 0.667872
ITER 408 DATA_MINING TOOK 20.354295

Total iterations: 459
Mining operations: 3
EXEC_PROGRESS 2/15
ITER 61 DATA_MINING TOOK 0.139834
ITER 144 DATA_MINING TOOK 3.021394
ITER 297 DATA_MINING TOOK 22.679976
ITER 416 DATA_MINING TOOK 55.559490

Total iterations: 442
Mining operations: 4
EXEC_PROGRESS 3/15
ITER 91 DATA_MINING TOOK 0.157964
ITER 172 DATA_MINING TOOK 4.852076
ITER 456 DATA_MINING TOOK 22.616353

Total iterations: 456
Mining operations: 3
EXEC_PROGRESS 4/15
ITER 192 DATA_MINING TOOK 0.385494
ITER 285 DATA_MINING TOOK 1.908349

Total iterations: 417
Mining operations: 2
EXEC_PROGRESS 5/15
ITER 73 DATA_MINING TOOK 0.253558
ITER 163 DATA_MINING TOOK 4.245797
ITER 274 DATA_MINING TOOK 13.703584
ITER 408 DATA_MINING TOOK 41.695084

Total iterations: 429
Mining operations: 4
EXEC_PROGRESS 6/15
ITER 98 DATA_MINING TOOK 0.207558
ITER 249 DATA_MINING TOOK 2.233564

Total iterations: 449
Mining operations: 2
EXEC_PROGRESS 7/15
ITER 78 DATA_MINING TOOK 0.084371
ITER 250 DATA_MINING TOOK 4.121293
ITER 399 DATA_MINING TOOK 64.878609

Total iterations: 400
Mining operations: 3
EXEC_PROGRESS 8/15
ITER 66 DATA_MINING TOOK 0.390275
ITER 253 DATA_MINING TOOK 29.173201
ITER 385 DATA_MINING TOOK 503.789364

Total iterations: 386
Mining operations: 3
EXEC_PROGRESS 9/15
ITER 128 DATA_MINING TOOK 0.072220
ITER 270 DATA_MINING TOOK 0.762355
ITER 314 DATA_MINING TOOK 3.927982

Total iterations: 426
Mining operations: 3
EXEC_PROGRESS 10/15
ITER 152 DATA_MINING TOOK 0.136303
ITER 256 DATA_MINING TOOK 3.461434
ITER 360 DATA_MINING TOOK 25.716620

Total iterations: 428
Mining operations: 3
EXEC_PROGRESS 11/15
ITER 136 DATA_MINING TOOK 0.064721
ITER 298 DATA_MINING TOOK 1.611409

Total iterations: 428
Mining operations: 2
EXEC_PROGRESS 12/15
ITER 82 DATA_MINING TOOK 0.186568
ITER 189 DATA_MINING TOOK 1.556213
ITER 241 DATA_MINING TOOK 14.633077
ITER 393 DATA_MINING TOOK 24.722780

Total iterations: 454
Mining operations: 4
EXEC_PROGRESS 13/15
ITER 113 DATA_MINING TOOK 0.245464
ITER 266 DATA_MINING TOOK 1.606835

Total iterations: 438
Mining operations: 2
EXEC_PROGRESS 14/15
ITER 91 DATA_MINING TOOK 0.077521
ITER 234 DATA_MINING TOOK 0.587176
ITER 304 DATA_MINING TOOK 2.347010
ITER 389 DATA_MINING TOOK 8.566649

Total iterations: 420
Mining operations: 4
EXEC_PROGRESS 15/15
ITER 77 DATA_MINING TOOK 0.194591
ITER 147 DATA_MINING TOOK 3.792420
ITER 366 DATA_MINING TOOK 18.051729

Total iterations: 457
Mining operations: 3

Execution Summary:
  Instance: instances/MDG-c/MDG-c_1_n3000_m300.txt
  Matrix Size (N): 3000
  Solution Size (M): 300
  Number of Executions: 15
  ------------------------------------
  Average Solution: 24866605.800000
  Best Solution Benefit: 24883969.000000
  Average Time per Execution: 600.000000 sec
  Best Solution Time: 600.000000 sec
  BKS: 24926344.000000
  Distance to BKS: 42375.000000
  Percentage Distance to BKS: 0.17%
  Average Percentage Distance to BKS: 0.24%

  Details per Execution:
    Exec 1: Solution=24868426.000000, Time=600.000000 sec, Dist BKS=0.23%
    Exec 2: Solution=24881742.000000, Time=600.000000 sec, Dist BKS=0.18%
    Exec 3: Solution=24864703.000000, Time=600.000000 sec, Dist BKS=0.25%
    Exec 4: Solution=24852708.000000, Time=600.000000 sec, Dist BKS=0.30%
    Exec 5: Solution=24873117.000000, Time=600.000000 sec, Dist BKS=0.21%
    Exec 6: Solution=24869586.000000, Time=600.000000 sec, Dist BKS=0.23%
    Exec 7: Solution=24863058.000000, Time=600.000000 sec, Dist BKS=0.25%
    Exec 8: Solution=24857918.000000, Time=600.000000 sec, Dist BKS=0.27%
    Exec 9: Solution=24868287.000000, Time=600.000000 sec, Dist BKS=0.23%
    Exec 10: Solution=24875450.000000, Time=600.000000 sec, Dist BKS=0.20%
    Exec 11: Solution=24863125.000000, Time=600.000000 sec, Dist BKS=0.25%
    Exec 12: Solution=24883969.000000, Time=600.000000 sec, Dist BKS=0.17%
    Exec 13: Solution=24848238.000000, Time=600.000000 sec, Dist BKS=0.31%
    Exec 14: Solution=24863631.000000, Time=600.000000 sec, Dist BKS=0.25%
    Exec 15: Solution=24865129.000000, Time=600.000000 sec, Dist BKS=0.25%
