START SOLUTION
	Parameters used:
	instance = instances/MDG-c/MDG-c_18_n3000_m600.txt
	solution_Size = 600
	meta_Heuristic = mdm-grasp

EXEC_PROGRESS 1/15
ITER 50 DATA_MINING TOOK 932.271770

Total iterations: 51
Mining operations: 1
EXEC_PROGRESS 2/15
ITER 52 DATA_MINING TOOK 1249.291139

Total iterations: 53
Mining operations: 1
EXEC_PROGRESS 3/15
ITER 49 DATA_MINING TOOK 965.914186

Total iterations: 50
Mining operations: 1
EXEC_PROGRESS 4/15
ITER 56 DATA_MINING TOOK 1137.477824

Total iterations: 57
Mining operations: 1
EXEC_PROGRESS 5/15
ITER 37 DATA_MINING TOOK 912.513095

Total iterations: 38
Mining operations: 1
EXEC_PROGRESS 6/15
ITER 43 DATA_MINING TOOK 2036.555304

Total iterations: 44
Mining operations: 1
EXEC_PROGRESS 7/15
ITER 74 DATA_MINING TOOK 2837.167442

Total iterations: 75
Mining operations: 1
EXEC_PROGRESS 8/15
ITER 49 DATA_MINING TOOK 1166.638737

Total iterations: 50
Mining operations: 1
EXEC_PROGRESS 9/15
ITER 44 DATA_MINING TOOK 1529.112388

Total iterations: 45
Mining operations: 1
EXEC_PROGRESS 10/15
ITER 62 DATA_MINING TOOK 1116.569886

Total iterations: 63
Mining operations: 1
EXEC_PROGRESS 11/15
ITER 42 DATA_MINING TOOK 945.232057

Total iterations: 43
Mining operations: 1
EXEC_PROGRESS 12/15
ITER 72 DATA_MINING TOOK 2166.552000

Total iterations: 73
Mining operations: 1
EXEC_PROGRESS 13/15
ITER 49 DATA_MINING TOOK 1821.052942

Total iterations: 50
Mining operations: 1
EXEC_PROGRESS 14/15
ITER 45 DATA_MINING TOOK 1102.175703

Total iterations: 46
Mining operations: 1
EXEC_PROGRESS 15/15
ITER 39 DATA_MINING TOOK 2800.639182

Total iterations: 40
Mining operations: 1

Execution Summary:
  Instance: instances/MDG-c/MDG-c_18_n3000_m600.txt
  Matrix Size (N): 3000
  Solution Size (M): 600
  Number of Executions: 15
  ------------------------------------
  Average Solution: 95325088.800000
  Best Solution Benefit: 95360237.000000
  Average Time per Execution: 600.000000 sec
  Best Solution Time: 600.000000 sec
  BKS: 95629207.000000
  Distance to BKS: 268970.000000
  Percentage Distance to BKS: 0.28%
  Average Percentage Distance to BKS: 0.32%

  Details per Execution:
    Exec 1: Solution=95331150.000000, Time=600.000000 sec, Dist BKS=0.31%
    Exec 2: Solution=95332256.000000, Time=600.000000 sec, Dist BKS=0.31%
    Exec 3: Solution=95315879.000000, Time=600.000000 sec, Dist BKS=0.33%
    Exec 4: Solution=95329620.000000, Time=600.000000 sec, Dist BKS=0.31%
    Exec 5: Solution=95350867.000000, Time=600.000000 sec, Dist BKS=0.29%
    Exec 6: Solution=95348007.000000, Time=600.000000 sec, Dist BKS=0.29%
    Exec 7: Solution=95331027.000000, Time=600.000000 sec, Dist BKS=0.31%
    Exec 8: Solution=95311421.000000, Time=600.000000 sec, Dist BKS=0.33%
    Exec 9: Solution=95306542.000000, Time=600.000000 sec, Dist BKS=0.34%
    Exec 10: Solution=95300302.000000, Time=600.000000 sec, Dist BKS=0.34%
    Exec 11: Solution=95360237.000000, Time=600.000000 sec, Dist BKS=0.28%
    Exec 12: Solution=95305670.000000, Time=600.000000 sec, Dist BKS=0.34%
    Exec 13: Solution=95331241.000000, Time=600.000000 sec, Dist BKS=0.31%
    Exec 14: Solution=95318372.000000, Time=600.000000 sec, Dist BKS=0.33%
    Exec 15: Solution=95303741.000000, Time=600.000000 sec, Dist BKS=0.34%
