START SOLUTION
	Parameters used:
	instance = instances/MDG-c/MDG-c_16_n3000_m600.txt
	solution_Size = 600
	meta_Heuristic = mdm-grasp

EXEC_PROGRESS 1/15
ITER 44 DATA_MINING TOOK 1515.846581

Total iterations: 45
Mining operations: 1
EXEC_PROGRESS 2/15
ITER 50 DATA_MINING TOOK 1102.309607

Total iterations: 51
Mining operations: 1
EXEC_PROGRESS 3/15
ITER 37 DATA_MINING TOOK 1394.899065

Total iterations: 38
Mining operations: 1
EXEC_PROGRESS 4/15
ITER 33 DATA_MINING TOOK 2989.757476

Total iterations: 34
Mining operations: 1
EXEC_PROGRESS 5/15
ITER 31 DATA_MINING TOOK 1353.246831

Total iterations: 32
Mining operations: 1
EXEC_PROGRESS 6/15
ITER 51 DATA_MINING TOOK 1244.618335

Total iterations: 52
Mining operations: 1
EXEC_PROGRESS 7/15
ITER 24 DATA_MINING TOOK 2240.050536

Total iterations: 25
Mining operations: 1
EXEC_PROGRESS 8/15
ITER 28 DATA_MINING TOOK 1338.755282

Total iterations: 29
Mining operations: 1
EXEC_PROGRESS 9/15
ITER 57 DATA_MINING TOOK 2542.608613

Total iterations: 58
Mining operations: 1
EXEC_PROGRESS 10/15
ITER 43 DATA_MINING TOOK 2427.505393

Total iterations: 44
Mining operations: 1
EXEC_PROGRESS 11/15
ITER 32 DATA_MINING TOOK 1505.559824

Total iterations: 33
Mining operations: 1
EXEC_PROGRESS 12/15
ITER 23 DATA_MINING TOOK 3154.188523

Total iterations: 24
Mining operations: 1
EXEC_PROGRESS 13/15
ITER 41 DATA_MINING TOOK 3380.019166

Total iterations: 42
Mining operations: 1
EXEC_PROGRESS 14/15
ITER 75 DATA_MINING TOOK 1516.804123

Total iterations: 76
Mining operations: 1
EXEC_PROGRESS 15/15
ITER 58 DATA_MINING TOOK 1543.464957

Total iterations: 59
Mining operations: 1

Execution Summary:
  Instance: instances/MDG-c/MDG-c_16_n3000_m600.txt
  Matrix Size (N): 3000
  Solution Size (M): 600
  Number of Executions: 15
  ------------------------------------
  Average Solution: 95428768.066667
  Best Solution Benefit: 95466778.000000
  Average Time per Execution: 600.000000 sec
  Best Solution Time: 600.000000 sec
  BKS: 95638929.000000
  Distance to BKS: 172151.000000
  Percentage Distance to BKS: 0.18%
  Average Percentage Distance to BKS: 0.22%

  Details per Execution:
    Exec 1: Solution=95383537.000000, Time=600.000000 sec, Dist BKS=0.27%
    Exec 2: Solution=95460379.000000, Time=600.000000 sec, Dist BKS=0.19%
    Exec 3: Solution=95436566.000000, Time=600.000000 sec, Dist BKS=0.21%
    Exec 4: Solution=95410397.000000, Time=600.000000 sec, Dist BKS=0.24%
    Exec 5: Solution=95386544.000000, Time=600.000000 sec, Dist BKS=0.26%
    Exec 6: Solution=95459376.000000, Time=600.000000 sec, Dist BKS=0.19%
    Exec 7: Solution=95407414.000000, Time=600.000000 sec, Dist BKS=0.24%
    Exec 8: Solution=95396624.000000, Time=600.000000 sec, Dist BKS=0.25%
    Exec 9: Solution=95466778.000000, Time=600.000000 sec, Dist BKS=0.18%
    Exec 10: Solution=95462941.000000, Time=600.000000 sec, Dist BKS=0.18%
    Exec 11: Solution=95427289.000000, Time=600.000000 sec, Dist BKS=0.22%
    Exec 12: Solution=95424398.000000, Time=600.000000 sec, Dist BKS=0.22%
    Exec 13: Solution=95459532.000000, Time=600.000000 sec, Dist BKS=0.19%
    Exec 14: Solution=95419994.000000, Time=600.000000 sec, Dist BKS=0.23%
    Exec 15: Solution=95429752.000000, Time=600.000000 sec, Dist BKS=0.22%
