START SOLUTION
	Parameters used:
	instance = instances/MDG-c/MDG-c_5_n3000_m300.txt
	solution_Size = 300
	meta_Heuristic = mdm-grasp

EXEC_PROGRESS 1/15
ITER 93 DATA_MINING TOOK 0.115389
ITER 215 DATA_MINING TOOK 0.923993
ITER 310 DATA_MINING TOOK 4.446932

Total iterations: 388
Mining operations: 3
EXEC_PROGRESS 2/15
ITER 103 DATA_MINING TOOK 0.090526
ITER 149 DATA_MINING TOOK 0.352102
ITER 245 DATA_MINING TOOK 31.279842

Total iterations: 372
Mining operations: 3
EXEC_PROGRESS 3/15
ITER 152 DATA_MINING TOOK 0.131795
ITER 332 DATA_MINING TOOK 0.638850

Total iterations: 388
Mining operations: 2
EXEC_PROGRESS 4/15
ITER 147 DATA_MINING TOOK 0.106106
ITER 315 DATA_MINING TOOK 1.782643

Total iterations: 399
Mining operations: 2
EXEC_PROGRESS 5/15
ITER 42 DATA_MINING TOOK 0.083214
ITER 125 DATA_MINING TOOK 0.666911
ITER 196 DATA_MINING TOOK 1.860414
ITER 329 DATA_MINING TOOK 5.784747

Total iterations: 432
Mining operations: 4
EXEC_PROGRESS 6/15
ITER 52 DATA_MINING TOOK 0.103025
ITER 210 DATA_MINING TOOK 0.386729
ITER 262 DATA_MINING TOOK 0.833317
ITER 331 DATA_MINING TOOK 7.424147

Total iterations: 405
Mining operations: 4
EXEC_PROGRESS 7/15
ITER 97 DATA_MINING TOOK 0.075566
ITER 255 DATA_MINING TOOK 0.529667
ITER 367 DATA_MINING TOOK 3.985256

Total iterations: 390
Mining operations: 3
EXEC_PROGRESS 8/15
ITER 122 DATA_MINING TOOK 0.130723
ITER 277 DATA_MINING TOOK 1.161403

Total iterations: 391
Mining operations: 2
EXEC_PROGRESS 9/15
ITER 92 DATA_MINING TOOK 0.114870
ITER 225 DATA_MINING TOOK 0.531250
ITER 337 DATA_MINING TOOK 9.788496

Total iterations: 394
Mining operations: 3
EXEC_PROGRESS 10/15
ITER 127 DATA_MINING TOOK 0.150832
ITER 266 DATA_MINING TOOK 0.357873
ITER 310 DATA_MINING TOOK 1.626755

Total iterations: 391
Mining operations: 3
EXEC_PROGRESS 11/15
ITER 111 DATA_MINING TOOK 0.109297
ITER 188 DATA_MINING TOOK 0.385299
ITER 327 DATA_MINING TOOK 3.216160

Total iterations: 396
Mining operations: 3
EXEC_PROGRESS 12/15
ITER 114 DATA_MINING TOOK 0.080850
ITER 194 DATA_MINING TOOK 0.580422
ITER 366 DATA_MINING TOOK 18.070285

Total iterations: 388
Mining operations: 3
EXEC_PROGRESS 13/15
ITER 87 DATA_MINING TOOK 0.080551
ITER 232 DATA_MINING TOOK 0.584761

Total iterations: 384
Mining operations: 2
EXEC_PROGRESS 14/15
ITER 69 DATA_MINING TOOK 0.173169
ITER 129 DATA_MINING TOOK 0.685789
ITER 172 DATA_MINING TOOK 1.722547
ITER 298 DATA_MINING TOOK 11.210989

Total iterations: 416
Mining operations: 4
EXEC_PROGRESS 15/15
ITER 91 DATA_MINING TOOK 0.143122
ITER 221 DATA_MINING TOOK 0.636618
ITER 283 DATA_MINING TOOK 2.412309

Total iterations: 398
Mining operations: 3

Execution Summary:
  Instance: instances/MDG-c/MDG-c_5_n3000_m300.txt
  Matrix Size (N): 3000
  Solution Size (M): 300
  Number of Executions: 15
  ------------------------------------
  Average Solution: 24825229.066667
  Best Solution Benefit: 24846944.000000
  Average Time per Execution: 600.000000 sec
  Best Solution Time: 600.000000 sec
  BKS: 24899703.000000
  Distance to BKS: 52759.000000
  Percentage Distance to BKS: 0.21%
  Average Percentage Distance to BKS: 0.30%

  Details per Execution:
    Exec 1: Solution=24837841.000000, Time=600.000000 sec, Dist BKS=0.25%
    Exec 2: Solution=24833602.000000, Time=600.000000 sec, Dist BKS=0.27%
    Exec 3: Solution=24805525.000000, Time=600.000000 sec, Dist BKS=0.38%
    Exec 4: Solution=24809250.000000, Time=600.000000 sec, Dist BKS=0.36%
    Exec 5: Solution=24841918.000000, Time=600.000000 sec, Dist BKS=0.23%
    Exec 6: Solution=24835952.000000, Time=600.000000 sec, Dist BKS=0.26%
    Exec 7: Solution=24804596.000000, Time=600.000000 sec, Dist BKS=0.38%
    Exec 8: Solution=24827837.000000, Time=600.000000 sec, Dist BKS=0.29%
    Exec 9: Solution=24837400.000000, Time=600.000000 sec, Dist BKS=0.25%
    Exec 10: Solution=24812038.000000, Time=600.000000 sec, Dist BKS=0.35%
    Exec 11: Solution=24821294.000000, Time=600.000000 sec, Dist BKS=0.31%
    Exec 12: Solution=24830840.000000, Time=600.000000 sec, Dist BKS=0.28%
    Exec 13: Solution=24802738.000000, Time=600.000000 sec, Dist BKS=0.39%
    Exec 14: Solution=24846944.000000, Time=600.000000 sec, Dist BKS=0.21%
    Exec 15: Solution=24830661.000000, Time=600.000000 sec, Dist BKS=0.28%
